#"Step","Time (ps)","Potential Energy (kJ/mole)","Total Energy (kJ/mole)","Temperature (K)","Speed (ns/day)"
25000,50.00000000001514,-7049.710537121253,-5503.7818938980745,296.07047501455946,0
50000,99.99999999994834,-6947.159490031783,-5373.645625881214,301.3534934120491,1.89e+03
75000,149.99999999998812,-6886.6363093087,-5331.6746299150755,297.80044833611703,1.9e+03
100000,200.00000000022686,-7007.1354482969655,-5514.7417272744715,285.8176668301032,1.9e+03
125000,250.0000000004656,-6954.8853359289,-5437.083521674766,290.68372986948214,1.9e+03
150000,300.00000000070435,-7120.008045670061,-5533.008798487475,303.9361635615055,1.89e+03
175000,350.0000000009431,-6884.721954783891,-5304.615301957213,302.61611965522195,1.89e+03
200000,400.00000000118183,-7032.905055591369,-5395.365618087688,313.615431890796,1.89e+03
225000,450.0000000014206,-7095.558946878391,-5631.900479885723,280.3143983916993,1.89e+03
250000,500.0000000016593,-6925.85071864044,-5432.149295672201,286.0681130185163,1.88e+03
275000,550.000000000818,-6902.548449632834,-5282.238310747877,310.31574102306087,1.88e+03
300000,599.9999999996356,-7159.203591169215,-5434.274270065904,330.352015731344,1.88e+03
325000,649.9999999984533,-7098.035333575726,-5562.271408035294,294.12376628003153,1.88e+03
350000,699.999999997271,-7005.648116811791,-5450.606471787569,297.8157630547747,1.88e+03
375000,749.9999999960886,-7088.495773391971,-5442.83904459097,315.17002517733886,1.88e+03
400000,799.9999999949063,-7009.18010082857,-5395.041019538175,309.13388314018067,1.88e+03
425000,849.9999999937239,-6909.682750385888,-5224.446535350854,322.7501404313717,1.88e+03
450000,899.9999999925416,-7069.508955231611,-5484.631045518996,303.5298929388908,1.88e+03
475000,949.9999999913592,-7156.46187189948,-5588.397108944296,300.3099019200405,1.88e+03
500000,999.9999999901769,-7139.342740532057,-5451.054597256698,323.3346343197439,1.88e+03
525000,1049.9999999889947,-7087.33865057316,-5477.166578683826,308.37413632850973,1.88e+03
550000,1099.9999999878123,-7094.096557381072,-5534.957849124702,298.6004172900294,1.88e+03
575000,1149.99999998663,-7008.319986804358,-5603.353165222712,269.0739938540116,1.88e+03
600000,1199.9999999854476,-6986.652182034333,-5400.639977073692,303.74712892475736,1.88e+03
625000,1249.9999999842653,-6965.455187306487,-5419.913379448995,295.99638975132734,1.88e+03
650000,1299.999999983083,-7068.095200701118,-5406.26318260295,318.2678561197331,1.88e+03
675000,1349.9999999819006,-7078.494297232999,-5500.46907086574,302.2174926401592,1.88e+03
700000,1399.9999999807183,-7119.520912784081,-5538.9379691355125,302.70733709303846,1.88e+03
725000,1449.999999979536,-6969.494049464029,-5446.089876724472,291.7566726247977,1.88e+03
750000,1499.9999999783536,-7155.2406694778165,-5589.133201183356,299.93504816305483,1.88e+03
775000,1549.9999999771712,-7199.403358372202,-5548.880640792003,316.10194115909405,1.88e+03
800000,1599.9999999759889,-7072.088563269676,-5561.7960236546505,289.2455816605324,1.88e+03
825000,1649.9999999748065,-7038.725392534934,-5439.935651510989,306.1942348687228,1.88e+03
850000,1699.9999999736242,-7067.126378218848,-5604.424013225746,280.131289310685,1.88e+03
875000,1749.9999999724419,-6963.74045130736,-5369.491126647468,305.3246712989151,1.87e+03
900000,1799.9999999712595,-7069.244734372522,-5550.130890591692,290.93500486002245,1.87e+03
925000,1849.9999999700772,-7098.7622304937595,-5551.256076168171,296.37259404410116,1.87e+03
950000,1899.9999999688948,-7085.136964786947,-5551.950326088274,293.63017393808644,1.87e+03
975000,1949.9999999677125,-7040.327384103089,-5504.42783291092,294.1497407978786,1.87e+03
1000000,1999.9999999665301,-7067.371866954635,-5494.72132741353,301.1881527099821,1.87e+03
1025000,2049.999999965348,-6975.887315488637,-5403.0246250534465,301.22878305618997,1.88e+03
1050000,2099.9999999641655,-7105.304689629887,-5514.287381516657,304.7056875712899,1.87e+03
1075000,2149.999999962983,-7280.297165769076,-5741.6924483265675,294.6678241261372,1.87e+03
1100000,2199.9999999618008,-7016.687299300153,-5404.164409070243,308.8243562696554,1.88e+03
1125000,2249.9999999606184,-6995.221004490561,-5386.587441795273,308.0794867986676,1.88e+03
1150000,2299.999999959436,-6964.936781547634,-5444.570289837099,291.17490730907775,1.88e+03
1175000,2349.9999999582537,-7028.525120259138,-5453.3552301713125,301.6706493092692,1.88e+03
1200000,2399.9999999570714,-7033.79208039611,-5367.125217023604,319.1938076138527,1.88e+03
1225000,2449.999999955889,-7010.238625778933,-5482.856704938288,292.5184760721561,1.88e+03
1250000,2499.9999999547067,-6889.416246635553,-5186.376691113512,326.1597696519315,1.88e+03
1275000,2549.9999999535244,-7226.139405092689,-5677.0750114631155,296.67102221084724,1.88e+03
1300000,2599.999999952342,-7185.7301709901285,-5576.312669362488,308.22962385260024,1.88e+03
1325000,2649.9999999511597,-7033.057959072041,-5416.018750639443,309.68930464967804,1.88e+03
1350000,2699.9999999499773,-7040.479116843521,-5519.991260719842,291.1981505678187,1.88e+03
1375000,2749.999999948795,-7195.08083964734,-5579.609231681752,309.38908366798194,1.88e+03
1400000,2799.9999999476127,-6988.402774562609,-5388.55313840949,306.397222021937,1.88e+03
1425000,2849.9999999464303,-7028.653569956509,-5419.60524506724,308.15892050366324,1.88e+03
1450000,2899.999999945248,-7024.410451493024,-5502.91122489547,291.3918444604369,1.88e+03
1475000,2949.9999999440656,-7129.969569113424,-5621.057347114551,288.9812283903627,1.88e+03
1500000,2999.9999999428833,-6914.3456930343755,-5313.821403229596,306.52642916742394,1.88e+03
1525000,3049.999999941701,-6981.2947234713865,-5388.763576576082,304.99561231605014,1.89e+03
1550000,3099.9999999405186,-7018.293851925225,-5449.060037862004,300.5337942182975,1.89e+03
1575000,3149.9999999393362,-7075.32702065908,-5645.13614887149,273.9048096610685,1.89e+03
1600000,3199.999999938154,-6994.208221126035,-5481.135638234591,289.7780051569326,1.89e+03
1625000,3249.9999999369716,-6976.461910055476,-5459.98895784304,290.4292311785892,1.89e+03
1650000,3299.999999935789,-6993.346889518212,-5403.344378402071,304.51133744375414,1.89e+03
1675000,3349.999999934607,-7101.911121562585,-5536.548552664348,299.79238781515033,1.89e+03
1700000,3399.9999999334245,-7097.3209127289965,-5556.651978354673,295.0631552368031,1.89e+03
1725000,3449.999999932242,-7130.001288119668,-5540.278914199912,304.4576866150652,1.89e+03
1750000,3499.99999993106,-7083.1092524078995,-5512.052727850949,300.88287291870085,1.89e+03
1775000,3549.9999999298775,-6999.409775750874,-5398.80920649288,306.54103792316846,1.89e+03
1800000,3599.999999928695,-7193.291920522751,-5669.087552294441,291.9099230736449,1.89e+03
1825000,3649.999999927513,-7034.226616559838,-5449.690047566513,303.4645206402757,1.89e+03
1850000,3699.9999999263305,-7107.6277380440115,-5531.028210376988,301.94444815440175,1.89e+03
1875000,3749.999999925148,-7112.972665667677,-5604.138006607296,288.9663738263154,1.89e+03
1900000,3799.999999923966,-7016.905435032621,-5313.252271049409,326.2772856507252,1.89e+03
1925000,3849.9999999227834,-7107.07057812235,-5598.311184845257,288.9519592048462,1.89e+03
1950000,3899.999999921601,-7057.949358541275,-5413.019697780199,315.03077982413834,1.89e+03
1975000,3949.9999999204188,-7087.600477866681,-5498.797021859758,304.2816988913467,1.89e+03
2000000,3999.9999999192364,-6971.267941369948,-5479.762210575211,285.64760226102163,1.89e+03
2025000,4049.999999918054,-7020.52049579808,-5525.446609234416,286.330962115995,1.89e+03
2050000,4099.999999917781,-7142.229906132922,-5620.938038269634,291.35213189076455,1.89e+03
2075000,4149.999999927967,-7025.094824820068,-5436.601770961235,304.22225183223867,1.89e+03
2100000,4199.999999938153,-6977.206677003555,-5487.123303343555,285.37519773939783,1.89e+03
2125000,4249.99999994834,-7112.380372497237,-5535.015425149451,302.0910384704956,1.89e+03
2150000,4299.999999958526,-7034.450223138301,-5420.493562211863,309.0989466739692,1.9e+03
2175000,4349.9999999687125,-6992.415947342126,-5349.446238622545,314.6554171355206,1.9e+03
2200000,4399.999999978899,-7096.142604501294,-5558.118463877462,294.5566342240408,1.9e+03
2225000,4449.999999989085,-7136.252414548115,-5537.644280210622,306.1594542349856,1.9e+03
2250000,4499.9999999992715,-7001.520954695027,-5393.223977996191,308.01502510679717,1.9e+03
2275000,4550.000000009458,-7046.583778884506,-5390.212393907184,317.2220560764667,1.9e+03
2300000,4600.000000019644,-7123.87183566199,-5560.832983687562,299.34735823603773,1.9e+03
2325000,4650.0000000298305,-7132.62373892908,-5624.45971003657,288.8379372434041,1.9e+03
2350000,4700.000000040017,-7109.142983456139,-5558.9139057970715,296.89407814254594,1.9e+03
2375000,4750.000000050203,-7090.0520894395695,-5591.140497508606,287.06594510246276,1.9e+03
2400000,4800.0000000603895,-7133.10028444416,-5517.1543103210115,309.4799325012807,1.9e+03
2425000,4850.000000070576,-7061.859753509283,-5614.907446301342,277.1148971179401,1.9e+03
2450000,4900.000000080762,-6935.254908421413,-5386.934955314644,296.52844974466444,1.9e+03
2475000,4950.000000090949,-7019.979383210819,-5421.454396274353,306.143530155549,1.89e+03
2500000,5000.000000101135,-7059.820901412994,-5453.471258942303,307.6420789346267,1.89e+03
2525000,5050.000000111321,-7192.961114385333,-5659.067797736307,293.76551425755116,1.89e+03
2550000,5100.000000121508,-7097.380205110038,-5465.268986027558,312.57583978963874,1.89e+03
2575000,5150.000000131694,-7056.502401404158,-5455.418657099438,306.63357380199204,1.89e+03
2600000,5200.00000014188,-7065.809186684994,-5436.516145224105,312.03611294599835,1.89e+03
2625000,5250.000000152067,-7005.244047670076,-5444.253326328697,298.95510791318037,1.89e+03
2650000,5300.000000162253,-7116.576054741698,-5641.428934942915,282.5146622321389,1.89e+03
2675000,5350.000000172439,-7022.273787484646,-5420.280053729282,306.80785158000685,1.89e+03
2700000,5400.000000182626,-7031.860772071526,-5540.8515996893275,285.55250325000515,1.89e+03
2725000,5450.000000192812,-6952.23591656007,-5412.459910865511,294.8921448738532,1.89e+03
2750000,5500.000000202998,-6992.027960276166,-5480.414598448455,289.4985405934262,1.89e+03
2775000,5550.000000213185,-7075.971050797452,-5503.771162867564,301.1018455979534,1.89e+03
2800000,5600.000000223371,-7086.593765107706,-5467.47304532848,310.0879479220217,1.89e+03
2825000,5650.000000233557,-6930.876713614194,-5321.482952691459,308.2250771215405,1.89e+03
2850000,5700.000000243744,-6908.015109293549,-5371.035421293468,294.35660456174065,1.89e+03
2875000,5750.00000025393,-7023.063516647513,-5528.788988378108,286.177872003508,1.89e+03
2900000,5800.000000264116,-6966.180460073515,-5407.162001726908,298.5773874768101,1.89e+03
2925000,5850.000000274303,-7074.050444522141,-5603.225190290557,281.68695469399404,1.89e+03
2950000,5900.000000284489,-7064.864921058602,-5530.280782640806,293.8978178603897,1.89e+03
2975000,5950.000000294675,-7071.97272662756,-5434.011313554844,313.6962470744181,1.89e+03
3000000,6000.000000304862,-6985.9308800251565,-5433.682200342402,297.28086477277924,1.89e+03
3025000,6050.000000315048,-7077.403757626602,-5518.118823507864,298.62842192059253,1.89e+03
3050000,6100.000000325234,-7152.9770266987925,-5562.546620577519,304.5932862956504,1.89e+03
3075000,6150.000000335421,-7044.362747338781,-5522.730009563511,291.4174140221237,1.89e+03
3100000,6200.000000345607,-7069.203562045385,-5436.134630966724,312.75925721118614,1.89e+03
3125000,6250.000000355793,-7117.412340864023,-5515.099751137283,306.8689176837498,1.89e+03
3150000,6300.00000036598,-7077.9993368890755,-5560.174782753589,290.6880849265563,1.89e+03
3175000,6350.000000376166,-7107.691324613473,-5486.186578508132,310.5445277324252,1.89e+03
3200000,6400.000000386352,-7134.624608843105,-5655.063925325074,283.3599314575932,1.89e+03
3225000,6450.000000396539,-7078.148564928874,-5408.308508065731,319.8015257696709,1.89e+03
3250000,6500.000000406725,-7021.6712251604895,-5526.5593572375465,286.3382361639486,1.89e+03
3275000,6550.0000004169115,-7084.131388345855,-5432.10216314899,316.3904618664594,1.89e+03
3300000,6600.000000427098,-7163.149148680943,-5671.939480696111,285.59090141836185,1.89e+03
3325000,6650.000000437284,-7036.85532249433,-5551.296942886769,284.50858779306134,1.89e+03
3350000,6700.0000004474705,-7178.993767710165,-5654.061456193162,292.0493360512179,1.88e+03
3375000,6750.000000457657,-6993.93749155688,-5533.79959073837,279.6401527180244,1.88e+03
3400000,6800.000000467843,-7019.387945853675,-5339.978345162776,321.6342490322719,1.88e+03
3425000,6850.0000004780295,-7161.96955376886,-5674.686350447707,284.8389195832369,1.88e+03
3450000,6900.000000488216,-7009.329877315439,-5448.182293241954,298.98514967727505,1.88e+03
3475000,6950.000000498402,-7171.309489105227,-5574.038192955953,305.9034279823261,1.88e+03
3500000,7000.0000005085885,-7053.837890275416,-5552.736022414363,287.48541856126513,1.88e+03
3525000,7050.000000518775,-7144.114629662917,-5587.16259433596,298.18163386444826,1.88e+03
3550000,7100.000000528961,-7121.877662933131,-5572.094328107805,296.80871114123016,1.88e+03
3575000,7150.000000539148,-7094.526466838475,-5488.98104756644,307.48805711383466,1.88e+03
3600000,7200.000000549334,-7106.054237077241,-5375.652311480219,331.40010848719186,1.88e+03
3625000,7250.00000055952,-7059.865580465712,-5574.656063152375,284.441774990531,1.88e+03
3650000,7300.000000569707,-7016.792149156818,-5367.993247597749,315.7718023584118,1.88e+03
3675000,7350.000000579893,-7037.539716793162,-5534.886762913383,287.7824767575578,1.88e+03
3700000,7400.000000590079,-6987.12099773722,-5375.2628076956735,308.69705537425256,1.88e+03
3725000,7450.000000600266,-7130.746494569425,-5651.027676353737,283.39021682377535,1.88e+03
3750000,7500.000000610452,-7069.644704025235,-5476.948882372752,305.0271502099848,1.88e+03
3775000,7550.000000620638,-7069.035537836447,-5427.028102967857,314.47112604459215,1.88e+03
3800000,7600.000000630825,-7035.574832076445,-5428.969841405702,307.6909822674,1.88e+03
3825000,7650.000000641011,-7105.440944688548,-5427.318883125858,321.387664351304,1.88e+03
3850000,7700.000000651197,-7082.560914995816,-5466.021560719366,309.59357445016525,1.88e+03
3875000,7750.000000661384,-7022.503190297046,-5465.226955825398,298.2437232727718,1.88e+03
3900000,7800.00000067157,-7282.289856515848,-5670.530729328146,308.67808322678485,1.88e+03
3925000,7850.000000681756,-7054.887221737852,-5449.978062333016,307.3662030024303,1.88e+03
3950000,7900.000000691943,-6939.872428187941,-5228.99372079839,327.66109471457213,1.88e+03
3975000,7950.000000702129,-7131.097689174515,-5500.247316287185,312.3343672394309,1.88e+03
4000000,8000.000000712315,-7118.810558668041,-5555.645058447009,299.37161343481176,1.88e+03
4025000,8050.000000722502,-7170.785093215237,-5547.474866705949,310.89030659043993,1.88e+03
4050000,8100.000000732688,-7068.9459403160945,-5476.832621733236,304.91559139950743,1.88e+03
4075000,8150.000000742874,-6995.162836470887,-5533.493230442895,279.9334991741765,1.88e+03
4100000,8200.00000075306,-7043.522740099409,-5336.476893761733,326.9270394932862,1.88e+03
4125000,8250.000000763246,-7106.019486000057,-5530.314724511436,301.7730858805815,1.88e+03
4150000,8300.000000773432,-7042.8933650250765,-5384.805889817252,317.5507152626071,1.88e+03
4175000,8350.000000783619,-7056.519055798093,-5386.143878969979,319.904009945065,1.88e+03
4200000,8400.000000793805,-6976.049794812422,-5534.868568749013,276.0096412296433,1.88e+03
4225000,8450.000000803991,-7054.571207547971,-5546.091102634003,288.8984709415306,1.88e+03
4250000,8500.000000814178,-7052.23273649322,-5516.996944062118,294.0226202011126,1.88e+03
4275000,8550.000000824364,-6984.664827181213,-5414.965293169859,300.62298716188644,1.88e+03
4300000,8600.00000083455,-7086.8808355158435,-5453.674486295702,312.7855750199685,1.88e+03
4325000,8650.000000844737,-7066.223276037597,-5578.0163462480195,285.01582822354766,1.88e+03
4350000,8700.000000854923,-7085.560643678599,-5573.473900170415,289.5892008833531,1.88e+03
4375000,8750.00000086511,-7019.64598456192,-5493.077432354567,292.36270275190856,1.88e+03
4400000,8800.000000875296,-7083.120797992745,-5352.588261764015,331.4251225471494,1.88e+03
4425000,8850.000000885482,-7182.5860327890305,-5640.74332912677,295.28795114323793,1.88e+03
4450000,8900.000000895669,-7118.268959719802,-5601.068301295749,290.56859875204685,1.88e+03
4475000,8950.000000905855,-7147.112080257272,-5644.115261136192,287.84833254319136,1.88e+03
4500000,9000.000000916041,-7078.438849431293,-5519.866498200396,298.4919507095734,1.88e+03
4525000,9050.000000926228,-6972.454124701397,-5375.177713225459,305.90440765056746,1.88e+03
4550000,9100.000000936414,-7029.703094014166,-5449.642178566134,302.6073602034314,1.88e+03
4575000,9150.0000009466,-6980.297966490135,-5398.235208675105,302.99074557060186,1.88e+03
4600000,9200.000000956787,-7055.889726209616,-5492.991781195467,299.3203722617203,1.88e+03
4625000,9250.000000966973,-7198.266120584551,-5559.091696113208,313.9285584832039,1.88e+03
4650000,9300.00000097716,-7151.387184257075,-5611.132959983527,294.9837315085036,1.88e+03
4675000,9350.000000987346,-7029.864933728013,-5471.498851313709,298.4524468768596,1.88e+03
4700000,9400.000000997532,-7105.806929347081,-5608.088239499615,286.83748495454125,1.88e+03
4725000,9450.000001007718,-7108.974687128011,-5553.466831241376,297.90505001643146,1.88e+03
4750000,9500.000001017905,-7017.683130175714,-5420.5576359629795,305.87550454045277,1.88e+03
4775000,9550.000001028091,-7097.607596834969,-5492.205672569735,307.46057548652124,1.88e+03
4800000,9600.000001038277,-7030.358977665766,-5590.358145141481,275.7835766713828,1.88e+03
4825000,9650.000001048464,-7030.515478047041,-5480.694976327632,296.815829205854,1.88e+03
4850000,9700.00000105865,-7058.335867026328,-5542.714323359089,290.2661725966082,1.88e+03
4875000,9750.000001068836,-7070.6370358968725,-5482.357690628338,304.1813231618749,1.88e+03
4900000,9800.000001079023,-6980.059945485297,-5517.835540829765,280.0397521334665,1.88e+03
4925000,9850.000001089209,-7142.6479614244545,-5631.446469092598,289.4196608871627,1.88e+03
4950000,9900.000001099395,-7168.607955140078,-5676.260869779183,285.80873534251936,1.88e+03
4975000,9950.000001109582,-7187.594690734637,-5620.746842735357,300.0768429165566,1.88e+03
5000000,10000.000001119768,-7155.141349091173,-5592.671243331752,299.23843408693284,1.88e+03
5025000,10050.000001129954,-7082.0199991604295,-5437.73194732706,314.90790128066067,1.88e+03
5050000,10100.00000114014,-7116.196041699265,-5498.484968245931,309.8179777269945,1.88e+03
5075000,10150.000001150327,-6985.487082056827,-5542.314275712661,276.3910612404168,1.88e+03
5100000,10200.000001160513,-7131.480971648971,-5487.841487521978,314.78369001790423,1.88e+03
5125000,10250.0000011707,-7036.6262917812,-5543.3578858710935,285.98518321017593,1.88e+03
5150000,10300.000001180886,-7164.012312507443,-5696.660928850482,281.0216519869925,1.88e+03
5175000,10350.000001191072,-7012.4912357830035,-5465.469070726133,296.27990222852515,1.88e+03
5200000,10400.000001201259,-6952.714947295139,-5408.330254820878,295.774783338469,1.88e+03
5225000,10450.000001211445,-7006.7222275789245,-5374.1792214799225,312.6585340250078,1.88e+03
5250000,10500.000001221631,-7188.888403121964,-5738.963165019739,277.68426172989325,1.88e+03
5275000,10550.000001231818,-7057.800024452772,-5487.93090468616,300.6554655918161,1.88e+03
5300000,10600.000001242004,-7105.172868292549,-5518.951336906708,303.78721833924186,1.88e+03
5325000,10650.00000125219,-7035.848154415661,-5419.120660259239,309.62960629670374,1.88e+03
5350000,10700.000001262377,-7066.018134637508,-5498.438785599734,300.21693726107236,1.88e+03
5375000,10750.000001272563,-7060.817577762368,-5462.792646131308,306.0477614326818,1.88e+03
5400000,10800.00000128275,-7181.105375999677,-5663.427295206741,290.66003289951357,1.88e+03
5425000,10850.000001292936,-7106.446097398812,-5556.644390054094,296.8122297774669,1.88e+03
5450000,10900.000001303122,-7089.592002907139,-5532.626112200074,298.18428739505487,1.88e+03
5475000,10950.000001313309,-6992.535701107179,-5431.467030368758,298.9700364903243,1.88e+03
5500000,11000.000001323495,-7135.843221978406,-5570.35550459779,299.816355784686,1.88e+03
5525000,11050.000001333681,-7024.233243709636,-5418.048916789385,307.6104183183616,1.88e+03
5550000,11100.000001343868,-7273.55462006501,-5721.573515947533,297.22961970072396,1.88e+03
5575000,11150.000001354054,-7034.94092940491,-5443.710787313861,304.7464487391407,1.88e+03
5600000,11200.00000136424,-7197.639870968994,-5642.604597008304,297.8145428925022,1.88e+03
5625000,11250.000001374427,-7127.206893387494,-5583.884897141693,295.5712597291902,1.88e+03
5650000,11300.000001384613,-7111.991293302039,-5566.353683112692,296.01473745581166,1.88e+03
5675000,11350.0000013948,-7111.79453984807,-5480.117088241571,312.4927662640767,1.88e+03
5700000,11400.000001404986,-7166.218217837232,-5468.289850740767,325.1808939504669,1.88e+03
5725000,11450.000001415172,-6973.014689854314,-5402.896597754595,300.7031478423854,1.88e+03
5750000,11500.000001425358,-7076.552404600161,-5518.301248127578,298.4304366900983,1.88e+03
5775000,11550.000001435545,-7109.065152855868,-5646.569739800393,280.09165464918453,1.88e+03
5800000,11600.000001445731,-6999.152576693275,-5522.661452741289,282.7720608836255,1.88e+03
5825000,11650.000001455917,-7182.004995267785,-5585.199186346516,305.81427960842603,1.88e+03
5850000,11700.000001466104,-7130.746850077685,-5555.233291889923,301.73646733912557,1.88e+03
5875000,11750.00000147629,-7181.662302742829,-5657.336827472792,291.93311704157406,1.88e+03
5900000,11800.000001486476,-7037.420886055967,-5446.966430519684,304.5978921497155,1.88e+03
5925000,11850.000001496663,-7014.592163624118,-5530.566250932681,284.21509545770044,1.88e+03
5950000,11900.000001506849,-7090.773624447569,-5585.223334592229,288.3373637132535,1.88e+03
5975000,11950.000001517035,-7185.897710521793,-5635.307370958881,296.96326567196064,1.87e+03
6000000,12000.000001527222,-6977.978922009341,-5338.512608893188,313.98445990536777,1.87e+03
6025000,12050.000001537408,-7135.523091340148,-5637.148998894294,286.9630052102668,1.87e+03
6050000,12100.000001547594,-7221.904066173546,-5671.967966873885,296.8379680223158,1.87e+03
6075000,12150.00000155778,-7204.89167025566,-5710.165677793699,286.26433473807737,1.87e+03
6100000,12200.000001567967,-7149.327933730801,-5587.3157493696735,299.150734692458,1.87e+03
6125000,12250.000001578153,-7248.64975614246,-5657.30060579048,304.7692407564173,1.87e+03
6150000,12300.00000158834,-7065.920908975507,-5451.825355636032,309.1255468297293,1.87e+03
6175000,12350.000001598526,-7141.588571657534,-5745.789180634945,267.318281821518,1.87e+03
6200000,12400.000001608712,-7119.015775358243,-5576.028908505834,295.5070770004931,1.87e+03
6225000,12450.000001618899,-7098.634000794587,-5446.350142971851,316.4392281551406,1.87e+03
6250000,12500.000001629085,-7142.481334553665,-5378.298618828606,337.86967913873406,1.87e+03
6275000,12550.000001639271,-6996.263804748854,-5339.299106782688,317.3356851622656,1.87e+03
6300000,12600.000001649458,-7123.289419493634,-5453.79607560475,319.7351245968663,1.87e+03
6325000,12650.000001659644,-7041.385871292391,-5368.183735817968,320.4454184977354,1.87e+03
6350000,12700.00000166983,-7021.913506244746,-5470.91777677554,297.0409044314523,1.87e+03
6375000,12750.000001680017,-7064.230458459293,-5498.210848932542,299.91822178028224,1.87e+03
6400000,12800.000001690203,-7009.046913309225,-5460.006854235946,296.666361747589,1.87e+03
6425000,12850.00000170039,-7047.47823396492,-5508.684630345367,294.70399890070166,1.87e+03
6450000,12900.000001710576,-6954.691034714849,-5412.494952002984,295.3556289778748,1.87e+03
6475000,12950.000001720762,-7124.865261036406,-5604.462151527274,291.1819202129866,1.87e+03
6500000,13000.000001730948,-7082.230759699996,-5387.352969198893,324.59665892408566,1.87e+03
6525000,13050.000001741135,-7114.611177615268,-5475.0825969047255,313.99638516228697,1.87e+03
6550000,13100.000001751321,-7138.648134825444,-5637.2338333374955,287.54525468160045,1.87e+03
6575000,13150.000001761508,-7091.703816947105,-5444.29550996531,315.5054808830637,1.87e+03
6600000,13200.000001771694,-7108.087565831047,-5639.6852140331775,281.22292947678346,1.87e+03
6625000,13250.00000178188,-6995.396318603717,-5465.079263652639,293.08060198535185,1.87e+03
6650000,13300.000001792067,-7185.434970571809,-5573.406152941346,308.72973333227003,1.87e+03
6675000,13350.000001802253,-7137.162596643247,-5377.3064544382305,337.0410699510591,1.87e+03
6700000,13400.00000181244,-7177.358356069102,-5628.0455733474055,296.7185927612834,1.87e+03
6725000,13450.000001822626,-7087.395856053577,-5438.676744120127,315.75652134756973,1.87e+03
6750000,13500.000001832812,-7032.168715565439,-5474.171683864302,298.3817676637981,1.87e+03
6775000,13550.000001842998,-7138.248483198478,-5624.318595221066,289.9421930223608,1.87e+03
6800000,13600.000001853185,-7038.461215175308,-5491.574441394324,296.2539725974647,1.87e+03
6825000,13650.000001863371,-6907.38475261946,-5278.158719540983,312.0232797510785,1.87e+03
6850000,13700.000001873557,-7077.618522387883,-5474.580436925808,307.00786191505296,1.87e+03
6875000,13750.000001883744,-7089.670584454869,-5414.715427713582,320.78115057791007,1.87e+03
6900000,13800.00000189393,-7037.470008543114,-5419.77611741944,309.81468703144606,1.87e+03
6925000,13850.000001904116,-7166.522694233915,-5512.254992590261,316.8191665080448,1.87e+03
6950000,13900.000001914303,-7000.599587972663,-5537.813658112795,280.14729334159995,1.87e+03
6975000,13950.000001924489,-7020.829506580871,-5427.740872661081,305.10238014707346,1.87e+03
7000000,14000.000001934675,-7106.347980195261,-5496.65481196392,308.2824184900895,1.87e+03
7025000,14050.000001944862,-7025.081509373632,-5581.057619316912,276.5540576116644,1.87e+03
7050000,14100.000001955048,-7095.168533202156,-5567.898530252683,292.49704197599186,1.87e+03
7075000,14150.000001965234,-7050.269953100024,-5574.10068352693,282.71042053608323,1.87e+03
7100000,14200.00000197542,-7053.5782947571615,-5526.070083234095,292.5426627915743,1.87e+03
7125000,14250.000001985607,-7058.267787089655,-5606.450428330836,278.0466336052308,1.87e+03
7150000,14300.000001995793,-6921.500314428484,-5304.441011392719,309.69315309296235,1.87e+03
7175000,14350.00000200598,-7124.4874302601165,-5527.503265139844,305.8484377209575,1.87e+03
7200000,14400.000002016166,-7226.278369457731,-5660.125595777056,299.9437248812694,1.87e+03
7225000,14450.000002026352,-7028.219398241309,-5472.491752271738,297.9471433915323,1.87e+03
7250000,14500.000002036539,-7136.778385847805,-5512.574140993495,311.0615256420067,1.87e+03
7275000,14550.000002046725,-7107.925613963211,-5607.64367881264,287.3283881134909,1.87e+03
7300000,14600.000002056911,-7146.001502024552,-5539.227533494663,307.72334427533855,1.87e+03
7325000,14650.000002067098,-7153.377671545621,-5617.714054621253,294.1045555488399,1.87e+03
7350000,14700.000002077284,-7175.632183240053,-5729.639326875962,276.9311466787867,1.87e+03
7375000,14750.00000208747,-7080.682537823909,-5463.623142162488,309.69317083228185,1.87e+03
7400000,14800.000002097657,-6990.853240456996,-5458.9046831422265,293.39306121943287,1.87e+03
7425000,14850.000002107843,-7030.452888598206,-5430.405465720686,306.43510139606065,1.87e+03
7450000,14900.00000211803,-7065.248450392155,-5472.5004071895455,305.03715148605914,1.87e+03
7475000,14950.000002128216,-7131.807105465371,-5543.743329142752,304.1400382031574,1.87e+03
7500000,15000.000002138402,-7000.110176971348,-5441.383296361346,298.52154559862316,1.87e+03
7525000,15050.000002148588,-7167.79230421015,-5637.887474774067,293.00165409563346,1.87e+03
7550000,15100.000002158775,-7195.967157669577,-5506.121298953378,323.63296215817866,1.87e+03
7575000,15150.000002168961,-7020.817563245712,-5483.202997676084,294.4781939406658,1.87e+03
7600000,15200.000002179147,-7155.871421009836,-5639.285371202476,290.45089120720627,1.87e+03
7625000,15250.000002189334,-7025.065159305434,-5515.335743812129,289.1377342337182,1.87e+03
7650000,15300.00000219952,-7124.056075518246,-5545.128240114793,302.39035694878663,1.87e+03
7675000,15350.000002209707,-7069.061164762258,-5495.395328456978,301.38259855104207,1.87e+03
7700000,15400.000002219893,-7005.647502408372,-5494.887791485813,289.3350525630484,1.87e+03
7725000,15450.00000223008,-7156.765425397545,-5522.544460750877,312.9798903737889,1.87e+03
7750000,15500.000002240266,-7079.84952433824,-5474.806909567428,307.3917618752611,1.87e+03
7775000,15550.000002250452,-7106.604727652841,-5590.198216543644,290.416506626856,1.87e+03
7800000,15600.000002260638,-7162.911997629516,-5682.732524745695,283.4784396838728,1.87e+03
7825000,15650.000002270825,-7220.999338819594,-5610.4110196459515,308.4538544524537,1.87e+03
7850000,15700.00000228101,-7167.432754911164,-5560.929011197752,307.67159182859666,1.87e+03
7875000,15750.000002291197,-7131.217574328348,-5495.603173626558,313.2467560383529,1.87e+03
7900000,15800.000002301384,-7061.697669404099,-5504.902476535537,298.1515959830991,1.87e+03
7925000,15850.00000231157,-7116.011472161755,-5525.416207912046,304.62485930816297,1.87e+03
7950000,15900.000002321756,-7140.517327930148,-5603.8146101599905,294.30356025863017,1.87e+03
7975000,15950.000002331943,-7003.064561998752,-5459.983505148303,295.525115916832,1.87e+03
8000000,16000.000002342129,-7057.58748291751,-5476.481765685307,302.8074567356301,1.87e+03
8025000,16050.000002352315,-7007.347623417698,-5406.199747367454,306.6458560741681,1.87e+03
8050000,16100.000002362502,-7011.3740947783635,-5560.789055441581,277.8106243959757,1.87e+03
8075000,16150.000002372688,-7088.723397023743,-5439.673404565173,315.8198903488978,1.87e+03
8100000,16200.000002382874,-7155.856805244011,-5506.2269075190925,315.93095163780265,1.87e+03
8125000,16250.00000239306,-7078.187272256017,-5355.339411697636,329.9533821883517,1.87e+03
8150000,16300.000002403247,-7125.22895214597,-5505.0520278940085,310.2902282545106,1.87e+03
8175000,16350.000002413433,-7082.7146164443375,-5400.8966373828935,322.09549265519576,1.87e+03
8200000,16400.000002423618,-7124.5352464119815,-5599.322487585335,292.1030462716389,1.87e+03
8225000,16450.000002433804,-7113.124947944681,-5511.2854050663755,306.7783215196034,1.87e+03
8250000,16500.00000244399,-7048.352536019217,-5429.63981337633,310.00980983557787,1.87e+03
8275000,16550.000002454177,-6926.666739817677,-5372.85953251052,297.5793481575739,1.87e+03
8300000,16600.000002464363,-7135.904624988243,-5619.53918702675,290.4086404511406,1.87e+03
8325000,16650.00000247455,-7089.338722447037,-5527.309142639132,299.1540662034001,1.87e+03
8350000,16700.000002484736,-7008.155391233625,-5406.794011896235,306.68674542563946,1.87e+03
8375000,16750.000002494922,-7147.681559809051,-5617.923313676378,292.97358100929796,1.87e+03
8400000,16800.00000250511,-7140.2331380660335,-5587.324167395801,297.4073212345102,1.87e+03
8425000,16850.000002515295,-7032.6790228227355,-5558.633045686287,282.30377550555835,1.87e+03
8450000,16900.00000252548,-7049.107083863826,-5548.426635120694,287.40470994708045,1.87e+03
8475000,16950.000002535668,-7087.488729466281,-5443.314516623659,314.88609926268686,1.87e+03
8500000,17000.000002545854,-7145.613628011937,-5573.333101467543,301.11728920397366,1.87e+03
8525000,17050.00000255604,-7091.9108662918115,-5577.538252719697,290.02698217333443,1.87e+03
8550000,17100.000002566227,-7116.843467536944,-5582.467959051775,293.8578618355592,1.87e+03
8575000,17150.000002576413,-7034.303100364521,-5484.41330444176,296.8291001726556,1.87e+03
8600000,17200.0000025866,-7116.425431891856,-5537.66939587349,302.35745457274686,1.87e+03
8625000,17250.000002596786,-7130.464528268631,-5521.973554039371,308.0521787886543,1.87e+03
8650000,17300.000002606972,-7015.739403891754,-5407.516268544449,308.00088328717334,1.87e+03
8675000,17350.00000261716,-7153.768164959662,-5581.996656000958,301.0198040586878,1.87e+03
8700000,17400.000002627345,-7105.4113942535405,-5609.141584698527,286.56000081689604,1.87e+03
8725000,17450.00000263753,-7103.646081015647,-5575.773340567829,292.61247600862083,1.87e+03
8750000,17500.000002647717,-7068.648660816909,-5501.6003542564085,300.11523399088037,1.87e+03
8775000,17550.000002657904,-6981.712616912745,-5508.383381015466,282.16650790263674,1.87e+03
8800000,17600.00000266809,-7065.820616772033,-5520.774106227899,295.9015322613117,1.87e+03
8825000,17650.000002678276,-7134.379941854269,-5608.643246509491,292.20338863509835,1.87e+03
8850000,17700.000002688463,-7009.762176051016,-5416.698805492228,305.0975418026097,1.87e+03
8875000,17750.00000269865,-7053.021227924657,-5309.938660467977,333.82865761546924,1.87e+03
8900000,17800.000002708835,-7123.032596358122,-5667.743454386267,278.71153654854385,1.87e+03
8925000,17850.00000271902,-7082.021943093336,-5512.170045554005,300.65216725522447,1.87e+03
8950000,17900.000002729208,-7091.726129624517,-5531.420892634363,298.82382651259843,1.87e+03
8975000,17950.000002739394,-7164.744495761128,-5542.052784179921,310.7718509234444,1.87e+03
9000000,18000.00000274958,-7123.518236687828,-5557.17152100546,299.98086792847175,1.87e+03
9025000,18050.000002759767,-7109.312255990416,-5658.84788158181,277.78751509998096,1.87e+03
9050000,18100.000002769953,-7046.527600155717,-5402.942912531521,314.77319559651977,1.87e+03
9075000,18150.00000278014,-6968.983453453191,-5406.343948798353,299.2708767301641,1.87e+03
9100000,18200.000002790326,-6986.346303619989,-5404.9074967519455,302.87124881758564,1.87e+03
9125000,18250.000002800512,-7022.770592251878,-5466.44646471306,298.06137931200544,1.87e+03
9150000,18300.0000028107,-6981.611660944585,-5344.021730567453,313.6251020971752,1.87e+03
9175000,18350.000002820885,-7038.98073524053,-5436.733028568995,306.85649152355217,1.87e+03
9200000,18400.00000283107,-7051.876440798036,-5366.07424660937,322.8585346432254,1.87e+03
9225000,18450.000002841258,-7151.052513352348,-5599.210412762362,297.20299826473916,1.87e+03
9250000,18500.000002851444,-7107.914794226472,-5555.578447906018,297.2976543595305,1.87e+03
9275000,18550.00000286163,-6995.709407957243,-5305.3788097051265,323.7257976621239,1.87e+03
9300000,18600.000002871817,-7039.326458583246,-5315.2881456953855,330.181373168541,1.87e+03
9325000,18650.000002882003,-7231.697966905596,-5712.503825689588,290.95038312465346,1.87e+03
9350000,18700.00000289219,-7144.29043945444,-5531.09800739461,308.95258441815065,1.87e+03
9375000,18750.000002902376,-7097.278514682292,-5613.465524904119,284.1743172572652,1.87e+03
9400000,18800.000002912562,-7115.390434799095,-5584.35366974433,293.21843817410837,1.87e+03
9425000,18850.00000292275,-7093.631572575314,-5466.656103871327,311.5922600747648,1.87e+03
9450000,18900.000002932935,-6966.0279161729895,-5421.101228201182,295.87858429016086,1.87e+03
9475000,18950.00000294312,-7209.861119431489,-5676.343118239485,293.6936352441646,1.87e+03
9500000,19000.000002953308,-7137.198930414051,-5533.991482535455,307.0402975719821,1.87e+03
9525000,19050.000002963494,-6996.721884994012,-5365.171434036145,312.46844357458355,1.87e+03
9550000,19100.00000297368,-7005.233320569301,-5530.125958454473,282.50704798912335,1.87e+03
9575000,19150.000002983867,-7054.227012235535,-5479.879316548807,301.51318571096266,1.87e+03
9600000,19200.000002994053,-7070.492461204212,-5514.052419360172,298.0835787864498,1.87e+03
9625000,19250.00000300424,-7174.748988933679,-5774.855882677028,268.10229486069454,1.87e+03
9650000,19300.000003014426,-7045.988275563864,-5497.513462312562,296.5581079806726,1.87e+03
9675000,19350.000003024612,-7085.268964314919,-5585.89146550324,287.15517384668107,1.87e+03
9700000,19400.0000030348,-7084.778383440868,-5519.966916852714,299.68684276076283,1.87e+03
9725000,19450.000003044985,-7186.743337593256,-5507.817660496072,321.541569794527,1.87e+03
9750000,19500.00000305517,-7083.462191418857,-5438.8867501384,314.96294103329495,1.87e+03
9775000,19550.000003065357,-7122.098794001421,-5625.457528738149,286.6311406256273,1.87e+03
9800000,19600.000003075544,-7045.061750841593,-5376.706956717166,319.5170738019163,1.87e+03
9825000,19650.00000308573,-7175.905284993294,-5669.081220586824,288.581312253872,1.87e+03
9850000,19700.000003095916,-7175.473987999105,-5613.389116983453,299.16465536882714,1.87e+03
9875000,19750.000003106103,-7111.240648492419,-5520.447690623627,304.662720851104,1.87e+03
9900000,19800.00000311629,-7055.148072945929,-5486.637112620836,300.3953559724239,1.87e+03
9925000,19850.000003126475,-7164.368566941487,-5614.040007486361,296.9131305242608,1.87e+03
9950000,19900.00000313666,-7074.7066419260955,-5526.77634072428,296.4538250683603,1.87e+03
9975000,19950.000003146848,-7121.253457837197,-5648.390686575326,282.07717233932453,1.87e+03
10000000,20000.000003157034,-7131.531179481174,-5676.811947045604,278.60238960449635,1.87e+03
10025000,20050.00000316722,-6984.422493994985,-5360.556863608804,310.99667546482357,1.87e+03
10050000,20100.000003177407,-7042.442664252685,-5416.922187707145,311.3136054153909,1.87e+03
10075000,20150.000003187593,-6939.705534950877,-5344.086843868244,305.58692723745884,1.87e+03
10100000,20200.00000319778,-7097.911510544027,-5589.843945465686,288.81946285429945,1.87e+03
10125000,20250.000003207966,-7126.305476211079,-5635.941194403339,285.42899621780833,1.87e+03
10150000,20300.000003218152,-7004.4600207373915,-5478.950648640066,292.1598525364885,1.87e+03
10175000,20350.00000322834,-7105.144652599543,-5585.957658551856,290.9490143256928,1.87e+03
10200000,20400.000003238525,-7075.987210961655,-5458.448473065836,309.7849726652156,1.87e+03
10225000,20450.00000324871,-7025.902552724335,-5465.005901321567,298.93709199017445,1.87e+03
10250000,20500.000003258898,-7064.893593734615,-5535.094082019852,292.9814840393275,1.87e+03
10275000,20550.000003269084,-7031.035265310551,-5462.723356172307,300.357234433179,1.87e+03
10300000,20600.00000327927,-7085.479254870293,-5552.064379272799,293.67388501579114,1.87e+03
10325000,20650.000003289457,-7025.987534181273,-5506.205848648029,291.06290741602896,1.87e+03
10350000,20700.000003299643,-7012.228322235471,-5318.5473001753035,324.3674583058402,1.87e+03
10375000,20750.00000330983,-7067.638095520547,-5445.2139115327855,310.7206150387753,1.87e+03
10400000,20800.000003320016,-7021.588887295071,-5402.581371476844,310.0662675225717,1.87e+03
10425000,20850.000003330202,-7145.967017842578,-5595.122243193892,297.0119941285006,1.87e+03
10450000,20900.00000334039,-7059.3906750769665,-5464.259652005478,305.49353088288456,1.87e+03
10475000,20950.000003350575,-6943.034830108833,-5441.051776978527,287.6541798701312,1.87e+03
10500000,21000.00000336076,-6987.0306945185475,-5370.2617542325,309.63754390452266,1.87e+03
10525000,21050.000003370948,-7034.129333113494,-5450.419724193413,303.3061443382541,1.87e+03
10550000,21100.000003381134,-7148.621630994751,-5608.235087796901,295.00907273427305,1.87e+03
10575000,21150.00000339132,-7063.557757131377,-5487.943578522508,301.7557377860535,1.87e+03
10600000,21200.000003401507,-6975.919711622061,-5455.058221210607,291.26970760995516,1.87e+03
10625000,21250.000003411693,-6985.733666453978,-5518.367088274373,281.02456198517166,1.87e+03
10650000,21300.00000342188,-7035.941296760559,-5412.512016987241,310.9131072265419,1.87e+03
10675000,21350.000003432066,-7082.195603155372,-5582.143787104035,287.2843165637989,1.87e+03
10700000,21400.000003442252,-7015.873826703024,-5365.167967035262,316.13701584711237,1.87e+03
10725000,21450.00000345244,-7134.8173886493105,-5674.607897398653,279.65386344998177,1.87e+03
10750000,21500.000003462625,-7066.467412341404,-5502.520080572736,299.52134689030123,1.87e+03
10775000,21550.00000347281,-7031.307095519969,-5429.004507662054,306.8670021632201,1.87e+03
10800000,21600.000003482997,-7192.894052089611,-5580.282415615653,308.8413526185788,1.87e+03
10825000,21650.000003493184,-7136.859819195042,-5597.258887892017,294.85861528082097,1.87e+03
10850000,21700.00000350337,-7050.284734759679,-5454.514472414024,305.615955599174,1.87e+03
10875000,21750.000003513556,-7119.487987030802,-5519.87733072166,306.3514534955338,1.87e+03
10900000,21800.000003523743,-7140.006662896572,-5571.276420569286,300.43735204180035,1.87e+03
10925000,21850.00000353393,-7016.868158497842,-5348.370682880235,319.5443996281417,1.87e+03
10950000,21900.000003544115,-7160.4888596346345,-5698.351984128434,280.0229888779733,1.87e+03
10975000,21950.0000035543,-7068.123963815849,-5400.01424156988,319.47013855184116,1.87e+03
11000000,22000.000003564488,-7106.613691369607,-5411.312768547076,324.6776956446021,1.87e+03
11025000,22050.000003574674,-7097.158670811976,-5500.572467172591,305.7722216257319,1.87e+03
11050000,22100.00000358486,-6993.941828670711,-5488.206996841952,288.37270650217846,1.87e+03
11075000,22150.000003595047,-7135.367227820178,-5522.925721626694,308.80876990321536,1.87e+03
11100000,22200.000003605233,-7155.111720916564,-5633.866438988491,291.34320992659207,1.87e+03
11125000,22250.00000361542,-7154.214826103034,-5627.620095685129,292.3677163049384,1.87e+03
11150000,22300.000003625606,-7228.044037064598,-5792.227440541314,274.98222743329234,1.87e+03
11175000,22350.000003635792,-7155.77263195009,-5643.550948941602,289.6150439920426,1.87e+03
11200000,22400.00000364598,-7014.597548355243,-5408.340143728498,307.6244138875423,1.87e+03
11225000,22450.000003656165,-7090.458036383188,-5443.963186419509,315.3305390094886,1.87e+03
11250000,22500.00000366635,-7169.548940665012,-5532.045228300698,313.60858994564626,1.87e+03
11275000,22550.000003676538,-7139.503323279473,-5555.357224882122,303.38973917132773,1.87e+03
11300000,22600.000003686724,-7097.6016880561365,-5509.941538950512,304.0627370273315,1.87e+03
11325000,22650.00000369691,-6955.785461841328,-5424.028734655051,293.35632263029174,1.87e+03
11350000,22700.000003707097,-7120.561218278333,-5551.714181395344,300.4597200985264,1.87e+03
11375000,22750.000003717283,-7191.1692853137365,-5634.151617394844,298.1942035731189,1.87e+03
11400000,22800.00000372747,-7129.474986714873,-5577.918902591814,297.1482214601329,1.87e+03
11425000,22850.000003737656,-7076.264903787191,-5458.423647461621,309.8429098640568,1.87e+03
11450000,22900.000003747842,-7085.454175782401,-5482.236501561615,307.04225608281206,1.87e+03
11475000,22950.00000375803,-7028.479233267155,-5556.113909967976,281.9819029649877,1.87e+03
11500000,23000.000003768215,-7137.391778600262,-5557.692313928261,302.5381365019219,1.87e+03
11525000,23050.0000037784,-7118.134175935425,-5573.888273438906,295.7482028007335,1.87e+03
11550000,23100.000003788587,-7089.34940833804,-5555.836287084359,293.69270065661834,1.87e+03
11575000,23150.000003798774,-7070.870602582948,-5439.016883247728,312.52652440058625,1.87e+03
11600000,23200.00000380896,-7088.803248695581,-5544.819494792813,295.6979970819789,1.87e+03
11625000,23250.000003819147,-7046.512061526279,-5572.38848848239,282.31863638369515,1.87e+03
11650000,23300.000003829333,-7132.745764559657,-5578.805247394041,297.60487916334915,1.87e+03
11675000,23350.00000383952,-7103.567453339227,-5626.328134462044,282.91535237892043,1.87e+03
11700000,23400.000003849706,-7064.552806674005,-5472.494189243024,304.90511523937465,1.87e+03
11725000,23450.000003859892,-7015.430215638275,-5405.663454734733,308.29651268357736,1.87e+03
11750000,23500.00000387008,-7020.872871355355,-5436.75427225619,303.3844726085323,1.87e+03
11775000,23550.000003880265,-7032.062390601948,-5350.610065857247,322.0254639072819,1.87e+03
11800000,23600.00000389045,-7050.150660689941,-5448.10445254808,306.8179012783577,1.87e+03
11825000,23650.000003900637,-7064.480468801133,-5472.595112454272,304.8719329241999,1.87e+03
11850000,23700.000003910824,-7195.055494373417,-5663.635787274179,293.2917778030149,1.87e+03
11875000,23750.00000392101,-7085.330526769343,-5501.026128064318,303.42005625452146,1.87e+03
11900000,23800.000003931196,-7197.647285862042,-5662.476849021015,294.0101035428029,1.87e+03
11925000,23850.000003941383,-7112.450893309469,-5516.855316559962,305.58250046678063,1.87e+03
11950000,23900.00000395157,-6924.393998118923,-5383.469070074423,295.1121821876019,1.87e+03
11975000,23950.000003961755,-7162.763435617097,-5556.615889089747,307.6033742749996,1.87e+03
12000000,24000.00000397194,-7159.951210470472,-5516.408513074885,314.76515378489745,1.87e+03
12025000,24050.000003982128,-7137.4653126154135,-5597.357681696498,294.9556564971954,1.87e+03
12050000,24100.000003992314,-7090.175061703201,-5603.580069461884,284.70711596978396,1.87e+03
12075000,24150.0000040025,-6957.913393816926,-5390.209268365857,300.24083397332817,1.87e+03
12100000,24200.000004012687,-7039.239216827944,-5403.7901221597185,313.2150972447243,1.87e+03
12125000,24250.000004022873,-6995.705449342346,-5474.126595441953,291.4070943838269,1.87e+03
12150000,24300.00000403306,-6970.174354723118,-5355.853944875223,309.16861050770046,1.87e+03
12175000,24350.000004043246,-6922.5106383926095,-5308.97871468727,309.017602589067,1.87e+03
12200000,24400.000004053432,-6949.374372031769,-5449.848673247476,287.1835565514596,1.87e+03
12225000,24450.00000406362,-6972.8896155038165,-5517.970690791181,278.64063392294327,1.87e+03
12250000,24500.000004073805,-7178.347056971606,-5628.068710903748,296.90351384403056,1.87e+03
12275000,24550.00000408399,-7033.734351997451,-5396.796982283308,313.5001261182941,1.87e+03
12300000,24600.000004094178,-7071.006937816631,-5530.034404474871,295.1212993761829,1.87e+03
12325000,24650.000004104364,-7106.864984809115,-5661.553331915178,276.80068513654544,1.87e+03
12350000,24700.00000411455,-7034.069870485635,-5325.478880054829,327.2229597141996,1.87e+03
12375000,24750.000004124737,-7043.081855268986,-5490.0962552812725,297.4219969949511,1.87e+03
12400000,24800.000004134923,-7111.141975714182,-5437.638252695948,320.50317741678134,1.87e+03
12425000,24850.00000414511,-7013.58556605591,-5474.501768088879,294.75957583737403,1.87e+03
12450000,24900.000004155296,-6958.4917524234,-5444.593847767483,289.936067696183,1.87e+03
12475000,24950.000004165482,-7003.556784115903,-5527.126076820122,282.7604901114687,1.87e+03
12500000,25000.00000417567,-7100.486795733744,-5488.087328513385,308.8007187562257,1.87e+03
12525000,25050.000004185855,-7056.720404367108,-5531.24320593978,292.15369075547693,1.87e+03
12550000,25100.00000419604,-7128.810803185403,-5654.383248269954,282.37685385544154,1.87e+03
12575000,25150.000004206227,-7096.06908346154,-5570.768749275946,292.11981837702467,1.87e+03
12600000,25200.000004216414,-7073.359588610234,-5534.401856550725,294.7354321660041,1.87e+03
12625000,25250.0000042266,-7051.241113828339,-5455.066986589959,305.69330229376754,1.87e+03
12650000,25300.000004236786,-7233.125870631003,-5698.233640189235,293.95682249316206,1.87e+03
12675000,25350.000004246973,-7142.759038061321,-5615.692444982656,292.4580856778879,1.87e+03
12700000,25400.00000425716,-7057.072070027424,-5670.19789443838,265.6089579244543,1.87e+03
12725000,25450.000004267346,-7121.452598048403,-5387.233320107529,332.13119353868944,1.87e+03
12750000,25500.000004277532,-7137.844549300195,-5628.123074407459,289.1362134795794,1.87e+03
12775000,25550.00000428772,-6992.174310685696,-5421.319997110124,300.844146227419,1.87e+03
12800000,25600.000004297905,-6970.604838623391,-5414.401768800387,298.0381947907906,1.87e+03
12825000,25650.00000430809,-7070.260227213256,-5621.324350061484,277.4947830189284,1.87e+03
12850000,25700.000004318277,-7133.675431870603,-5578.051891526351,297.92720547132166,1.87e+03
12875000,25750.000004328464,-7125.565391862741,-5447.034945673529,321.46587664841934,1.87e+03
12900000,25800.00000433865,-7110.160368433038,-5438.9270991277435,320.06834860871464,1.87e+03
12925000,25850.000004348836,-7181.763793297605,-5506.348401056413,320.8692931604754,1.87e+03
12950000,25900.000004359023,-7072.050497059853,-5519.099221223667,297.4154233617555,1.87e+03
12975000,25950.00000436921,-7010.769358914477,-5414.358389339556,305.7386614527369,1.87e+03
13000000,26000.000004379395,-7055.037125406423,-5520.520223456171,293.88494098345797,1.87e+03
13025000,26050.00000438958,-7081.49271661851,-5555.202189054821,292.3094565114198,1.87e+03
13050000,26100.000004399768,-7012.646413990422,-5573.117971647445,275.6931062696698,1.87e+03
13075000,26150.000004409954,-6979.636764002988,-5408.699551371865,300.8600227446586,1.87e+03
13100000,26200.00000442014,-7108.519089125509,-5552.39041719646,298.02394638424244,1.87e+03
13125000,26250.000004430327,-7089.800712413141,-5493.4983098515695,305.71786910416745,1.87e+03
13150000,26300.000004440513,-7087.543031561569,-5612.072142983452,282.5766692184976,1.87e+03
13175000,26350.0000044507,-7081.201190734401,-5501.424496663838,302.55292718764827,1.87e+03
13200000,26400.000004460886,-7168.164594129894,-5538.347202841507,312.1365344649226,1.87e+03
13225000,26450.000004471072,-7119.436506179936,-5516.938993054696,306.9043335217806,1.87e+03
13250000,26500.00000448126,-7083.930654597243,-5571.368114128954,289.6803237386066,1.87e+03
13275000,26550.000004491445,-7121.321022247899,-5647.403319152979,282.2792089406178,1.87e+03
13300000,26600.00000450163,-7139.173834581108,-5557.654626133305,302.8866470275973,1.87e+03
13325000,26650.000004511818,-7044.891812368884,-5583.766762002086,279.8292079095129,1.87e+03
13350000,26700.000004522004,-7042.208570992294,-5391.232468525643,316.1887717377787,1.87e+03
13375000,26750.00000453219,-7068.065589427204,-5621.675987830023,277.0071298427807,1.87e+03
13400000,26800.000004542377,-7183.406448370963,-5587.562980702993,305.62997560885964,1.87e+03
13425000,26850.000004552563,-7042.714339823374,-5419.682396613733,310.8370108131245,1.87e+03
13450000,26900.00000456275,-7030.824197359638,-5321.230559425832,327.4149830160424,1.87e+03
13475000,26950.000004572936,-7112.425215044543,-5537.964981347984,301.53473856993446,1.87e+03
13500000,27000.000004583122,-7044.801149510506,-5480.450900647051,299.5985120661766,1.87e+03
13525000,27050.00000459331,-7154.26853628412,-5539.81154369182,309.19476832435794,1.87e+03
13550000,27100.000004603495,-7120.233233381803,-5644.252396607986,282.674332590734,1.87e+03
13575000,27150.00000461368,-7041.67438791467,-5522.537655541696,290.9393883976316,1.87e+03
13600000,27200.000004623867,-7090.065666417664,-5513.558581934849,301.92674378131795,1.87e+03
13625000,27250.000004634054,-6964.092664905046,-5454.60629770327,289.0911865334478,1.87e+03
13650000,27300.00000464424,-7080.198795984831,-5556.3671491825335,291.8385408593807,1.87e+03
13675000,27350.000004654426,-7126.1231119389095,-5609.013361751529,290.5511883463774,1.87e+03
13700000,27400.000004664613,-7067.601482662238,-5533.435535878929,293.81772736176777,1.87e+03
13725000,27450.0000046748,-7137.99199029623,-5525.861227613172,308.749257467669,1.87e+03
13750000,27500.000004684985,-7147.736051180861,-5592.584252057492,297.8368593560833,1.87e+03
13775000,27550.00000469517,-7092.661309036697,-5471.451424306538,310.48805698405266,1.87e+03
13800000,27600.000004705358,-7004.400955150065,-5449.570813470669,297.7752567247803,1.87e+03
13825000,27650.000004715544,-7071.466449689822,-5468.291625584352,307.03404958890206,1.87e+03
13850000,27700.00000472573,-6995.295554213719,-5264.217596464754,331.52957963790004,1.87e+03
13875000,27750.000004735917,-7113.987608103216,-5502.226611638745,308.67844122368393,1.87e+03
13900000,27800.000004746104,-7160.130609345359,-5579.180411739952,302.77767219804383,1.87e+03
13925000,27850.00000475629,-7152.373195792501,-5622.730170860038,292.95151427573455,1.87e+03
13950000,27900.000004766476,-6969.0564326640415,-5378.847639875556,304.55084373855345,1.87e+03
13975000,27950.000004776663,-7007.106386181393,-5529.283760279195,283.0270651599291,1.87e+03
14000000,28000.00000478685,-7114.48512316517,-5487.87327173468,311.52262145375875,1.87e+03
14025000,28050.000004797035,-7141.63289374692,-5630.512905268772,289.4040515737648,1.87e+03
14050000,28100.00000480722,-7035.056993361795,-5455.605824151461,302.49058388324045,1.87e+03
14075000,28150.000004817408,-7061.442378708216,-5331.467512204441,331.3183197260151,1.87e+03
14100000,28200.000004827594,-7010.74500931317,-5406.751984384224,307.19074835215076,1.87e+03
14125000,28250.00000483778,-7000.868105121726,-5479.249215856684,291.41476180721105,1.87e+03
14150000,28300.000004847967,-7086.612682900113,-5459.102168379743,311.69473004949856,1.87e+03
14175000,28350.000004858153,-7122.201707277245,-5481.949050500372,314.13505750388873,1.87e+03
14200000,28400.00000486834,-7123.559195464957,-5616.371363308662,288.65097969354196,1.87e+03
14225000,28450.000004878526,-7203.836320122355,-5626.940173076349,302.00125558909065,1.87e+03
14250000,28500.000004888712,-6913.226386501984,-5381.6889469314265,293.314325485834,1.87e+03
14275000,28550.0000048989,-6975.366276576501,-5455.713566365022,291.03820654451886,1.87e+03
14300000,28600.000004909085,-7141.807106989939,-5595.708135610385,296.10309562637576,1.87e+03
14325000,28650.00000491927,-7084.299828389951,-5501.841165051834,303.0665679164747,1.87e+03
14350000,28700.000004929458,-7068.7845147808675,-5412.260398382322,317.25130662734426,1.87e+03
14375000,28750.000004939644,-7160.644344270826,-5484.220872354379,321.062356811643,1.87e+03
14400000,28800.00000494983,-7090.7005147235295,-5475.825477400531,309.27483068851524,1.87e+03
14425000,28850.000004960017,-7090.0084669475345,-5422.229412006098,319.40681038572336,1.87e+03
14450000,28900.000004970203,-7124.056000641202,-5558.251833150296,299.87696112690713,1.87e+03
14475000,28950.00000498039,-7136.327792770893,-5456.083731985422,321.7940617103433,1.87e+03
14500000,29000.000004990576,-7022.228288389116,-5333.4380339069885,323.4307967811548,1.87e+03
14525000,29050.000005000762,-7101.341535912563,-5610.033575728916,285.6097259728593,1.87e+03
14550000,29100.00000501095,-7173.047643129273,-5588.528338036105,303.46121432265085,1.87e+03
14575000,29150.000005021135,-7035.346967625705,-5490.572778528725,295.84937827569973,1.87e+03
14600000,29200.00000503132,-6971.602323185175,-5465.482510696669,288.44643655906196,1.87e+03
14625000,29250.000005041507,-6962.108978043804,-5372.5755102752355,304.4215080151276,1.87e+03
14650000,29300.000005051694,-7158.234500293932,-5585.625761580283,301.1801471717606,1.87e+03
14675000,29350.00000506188,-7037.58264059224,-5472.961451622413,299.6504015025653,1.87e+03
14700000,29400.000005072066,-7118.690329010543,-5569.033867628821,296.78441281356845,1.87e+03
14725000,29450.000005082253,-7078.085101437489,-5520.684673294061,298.2675083805508,1.87e+03
14750000,29500.00000509244,-7122.592146154223,-5545.323356826342,302.0726226459655,1.87e+03
14775000,29550.000005102625,-7093.721560823456,-5496.883050990126,305.82054236486675,1.87e+03
14800000,29600.00000511281,-7135.3798785860545,-5486.083092490024,315.8671553438209,1.87e+03
14825000,29650.000005122998,-7222.973627452154,-5694.967256497004,292.6380684238695,1.87e+03
14850000,29700.000005133184,-6973.136849149215,-5386.295504857521,303.9059225900885,1.87e+03
14875000,29750.00000514337,-7143.2598339041515,-5585.149094544635,298.403544529488,1.87e+03
14900000,29800.000005153557,-7017.867662305762,-5468.04978114833,296.8153273256197,1.87e+03
14925000,29850.000005163743,-7014.926051249234,-5508.9601740388935,288.41695545000294,1.87e+03
14950000,29900.00000517393,-6946.469407252971,-5349.90849262402,305.7673783689848,1.87e+03
14975000,29950.000005184116,-7005.2314086824235,-5502.40807362971,287.81510752290734,1.87e+03
15000000,30000.000005194303,-6994.2351398696255,-5401.162888139216,305.09924269140055,1.87e+03
