#"Step","Time (ps)","Potential Energy (kJ/mole)","Total Energy (kJ/mole)","Temperature (K)","Speed (ns/day)"
25000,50.00000000001514,-7115.4296847298765,-5540.4029920016865,301.6432246862287,0
50000,99.99999999994834,-7099.6640022452875,-5534.3408549159185,299.7848379436399,1.91e+03
75000,149.99999999998812,-7162.529923699454,-5675.450193648989,284.79995114302494,1.92e+03
100000,200.00000000022686,-7196.976245425589,-5631.719937145217,299.77203717882253,1.91e+03
125000,250.0000000004656,-7043.829722046037,-5492.898153186281,297.028616631365,1.91e+03
150000,300.00000000070435,-7081.773394644162,-5533.811470603045,296.4598813563359,1.91e+03
175000,350.0000000009431,-7095.279104641422,-5589.91775465375,288.30117865606155,1.91e+03
200000,400.00000000118183,-7198.571273957796,-5614.819800561544,303.31416206623936,1.92e+03
225000,450.0000000014206,-7106.64317293251,-5424.184906405421,322.21811811719914,1.91e+03
250000,500.0000000016593,-7015.4975613485185,-5364.8125285404,316.133027164805,1.91e+03
275000,550.000000000818,-6909.333222035948,-5263.972186551686,315.1133950986289,1.91e+03
300000,599.9999999996356,-7241.6052647669985,-5645.486556357916,305.68268868673806,1.91e+03
325000,649.9999999984533,-6946.607222312315,-5516.348291174258,273.9178441334618,1.91e+03
350000,699.999999997271,-7094.051771435238,-5483.234043498187,308.4977899612836,1.91e+03
375000,749.9999999960886,-7041.43983028042,-5447.641323009144,305.2383324378187,1.91e+03
400000,799.9999999949063,-7072.323499713602,-5358.5362930854735,328.21811961667237,1.91e+03
425000,849.9999999937239,-7056.752458386324,-5460.366484688653,305.73387433576147,1.91e+03
450000,899.9999999925416,-7070.935032145575,-5553.7765493695115,290.5605214295979,1.91e+03
475000,949.9999999913592,-7082.719565655916,-5586.60940863191,286.52942476094444,1.91e+03
500000,999.9999999901769,-7075.930551127891,-5529.656985713578,296.1365332232741,1.91e+03
525000,1049.9999999889947,-7154.995100119094,-5495.0598901577,317.9045865157135,1.91e+03
550000,1099.9999999878123,-7150.667695840981,-5701.132167033207,277.609626062567,1.91e+03
575000,1149.99999998663,-7092.9155785575695,-5480.798030274794,308.7467266951226,1.91e+03
600000,1199.9999999854476,-7077.339587854574,-5557.216113496325,291.12836553417543,1.91e+03
625000,1249.9999999842653,-7096.501842484901,-5598.724923168567,286.84863684475505,1.91e+03
650000,1299.999999983083,-7142.891112843758,-5515.479336376749,311.67582010660493,1.91e+03
675000,1349.9999999819006,-7093.972847683636,-5443.302177556678,316.1302764777975,1.91e+03
700000,1399.9999999807183,-7001.636072900629,-5436.732057556202,299.7045673526138,1.91e+03
725000,1449.999999979536,-7118.78285646021,-5570.061059118122,296.60540945050474,1.92e+03
750000,1499.9999999783536,-6962.259960953832,-5365.338078976494,305.83650948623927,1.92e+03
775000,1549.9999999771712,-7186.963436679104,-5666.214790376518,291.2480961280402,1.92e+03
800000,1599.9999999759889,-7122.580193859312,-5586.307143788708,294.22127190692464,1.92e+03
825000,1649.9999999748065,-7058.712853778143,-5613.141252062258,276.850469563227,1.92e+03
850000,1699.9999999736242,-7178.364458759536,-5610.543807981097,300.26315046845014,1.92e+03
875000,1749.9999999724419,-7056.128737410819,-5506.70343117548,296.7401428439994,1.92e+03
900000,1799.9999999712595,-7146.732141766443,-5590.993545813345,297.94924049144595,1.92e+03
925000,1849.9999999700772,-7079.365667702856,-5548.986451923475,293.0925067948289,1.92e+03
950000,1899.9999999688948,-7147.3130755666025,-5580.265261287054,300.1151397110726,1.92e+03
975000,1949.9999999677125,-7130.21694462347,-5473.53060643379,317.28237473839147,1.92e+03
1000000,1999.9999999665301,-7262.347309187784,-5791.163457020717,281.7556320301461,1.92e+03
1025000,2049.999999965348,-7164.193000544745,-5573.947653330302,304.55784450557087,1.92e+03
1050000,2099.9999999641655,-7167.951392764683,-5565.367854723211,306.92080869217307,1.92e+03
1075000,2149.999999962983,-7071.5548240516355,-5338.498630282493,331.9084440057689,1.92e+03
1100000,2199.9999999618008,-7172.063178507865,-5597.1815371970915,301.6154449809722,1.92e+03
1125000,2249.9999999606184,-6993.960473925439,-5510.979573562173,284.01495860290186,1.92e+03
1150000,2299.999999959436,-7013.662694297768,-5489.139418900851,291.9709989824904,1.92e+03
1175000,2349.9999999582537,-7040.1964707657735,-5543.20558238585,286.69809913802504,1.92e+03
1200000,2399.9999999570714,-7071.689147829812,-5552.100085504218,291.0260169393321,1.92e+03
1225000,2449.999999955889,-7132.074803881007,-5593.39143518928,294.68288711938635,1.92e+03
1250000,2499.9999999547067,-7100.829500237985,-5445.809889496251,316.9631693278465,1.92e+03
1275000,2549.9999999535244,-7030.462870145517,-5485.688418177091,295.84942861985667,1.92e+03
1300000,2599.999999952342,-7068.2121601576155,-5485.913738676172,303.0358789950744,1.92e+03
1325000,2649.9999999511597,-7150.268560936854,-5609.644067517149,295.05464407129637,1.92e+03
1350000,2699.9999999499773,-7151.408297288731,-5554.1209222749185,305.9065073463591,1.92e+03
1375000,2749.999999948795,-7164.148267883725,-5615.701243519201,296.5527859569528,1.92e+03
1400000,2799.9999999476127,-7180.779801390054,-5555.721263006061,311.2251367454323,1.92e+03
1425000,2849.9999999464303,-7081.505896483481,-5531.374397505906,296.875390238219,1.92e+03
1450000,2899.999999945248,-7222.388349686778,-5716.749881237213,288.35425134800494,1.92e+03
1475000,2949.9999999440656,-7081.891406035927,-5502.14115922848,302.5478621066768,1.92e+03
1500000,2999.9999999428833,-7108.0902035806685,-5505.853303176334,306.8544219476523,1.92e+03
1525000,3049.999999941701,-7098.842815118361,-5577.204529257672,291.41847657070394,1.92e+03
1550000,3099.9999999405186,-7152.452204709484,-5607.2317047726765,295.9348540594182,1.92e+03
1575000,3149.9999999393362,-6995.502919382804,-5527.3032249849275,281.1841172890772,1.92e+03
1600000,3199.999999938154,-7159.491081116912,-5552.643515657992,307.7374392840786,1.92e+03
1625000,3249.9999999369716,-7170.525640941185,-5612.964590648915,298.29827013408584,1.92e+03
1650000,3299.999999935789,-7100.122910878465,-5683.162570087274,271.37094782082755,1.92e+03
1675000,3349.999999934607,-7203.085210464805,-5525.94902514382,321.19885301873245,1.93e+03
1700000,3399.9999999334245,-7044.681386164876,-5528.097590667414,290.4504594702013,1.93e+03
1725000,3449.999999932242,-7184.7296201616355,-5529.318388667129,317.0381710705256,1.93e+03
1750000,3499.99999993106,-7097.124975162472,-5407.805281235037,323.5321930446569,1.93e+03
1775000,3549.9999999298775,-7176.103328247789,-5533.5331029127665,314.5789095709929,1.93e+03
1800000,3599.999999928695,-7106.6398826682025,-5507.374489735481,306.28532994428826,1.93e+03
1825000,3649.999999927513,-6948.071704367603,-5395.672989751211,297.3095989024337,1.93e+03
1850000,3699.9999999263305,-7131.964892907232,-5603.747190123706,292.6785419056743,1.93e+03
1875000,3749.999999925148,-7094.034484003334,-5565.936551190887,292.6556040085177,1.93e+03
1900000,3799.999999923966,-7156.874440700645,-5595.706196706962,298.9891063879638,1.93e+03
1925000,3849.9999999227834,-7149.249503730297,-5597.826597231597,297.1227157793383,1.93e+03
1950000,3899.999999921601,-7107.695846488292,-5611.892873225668,286.4705940752281,1.93e+03
1975000,3949.9999999204188,-7128.30183189428,-5495.230497363986,312.7597175112588,1.93e+03
2000000,3999.9999999192364,-7211.542425075921,-5644.538437314252,300.10674622019314,1.93e+03
2025000,4049.999999918054,-7191.3890933106195,-5547.761288696705,314.7814532012178,1.93e+03
2050000,4099.999999917781,-7120.907026045639,-5490.5084736641165,312.2478362650794,1.93e+03
2075000,4149.999999927967,-7194.508274045507,-5705.738349433834,285.12365088738096,1.93e+03
2100000,4199.999999938153,-7244.6030834716075,-5807.2056698773295,275.2849796095792,1.93e+03
2125000,4249.99999994834,-7061.121426651816,-5571.504710805605,285.2858251792843,1.93e+03
2150000,4299.999999958526,-7087.170473234693,-5625.21066543242,279.98907753320253,1.93e+03
2175000,4349.9999999687125,-7256.993786037274,-5744.99072058453,289.57317517496665,1.93e+03
2200000,4399.999999978899,-7179.457730785969,-5645.51920297217,293.7741729308275,1.93e+03
2225000,4449.999999989085,-7112.474153559038,-5505.618472420523,307.73899356869794,1.93e+03
2250000,4499.9999999992715,-7133.466734551359,-5612.682338846142,291.2549427199996,1.93e+03
2275000,4550.000000009458,-7212.841063896001,-5612.980596491456,306.39929638272264,1.93e+03
2300000,4600.000000019644,-6929.2781450374305,-5344.761804037103,303.46064665067007,1.93e+03
2325000,4650.0000000298305,-7233.457687836972,-5678.723937396681,297.75679623498087,1.93e+03
2350000,4700.000000040017,-7091.817702692284,-5438.123509399626,316.70933033245666,1.93e+03
2375000,4750.000000050203,-7089.381475728164,-5447.950220513769,314.36077827100075,1.93e+03
2400000,4800.0000000603895,-7136.152829091834,-5573.54772052812,299.26428931936584,1.93e+03
2425000,4850.000000070576,-7179.274991093534,-5540.724234499966,313.80911594254485,1.93e+03
2450000,4900.000000080762,-7082.181474312004,-5499.791062219793,303.05349669298437,1.93e+03
2475000,4950.000000090949,-7090.148103447163,-5618.982913368947,281.7520579366488,1.93e+03
2500000,5000.000000101135,-6979.632560571274,-5432.5613958962285,296.2892864522356,1.93e+03
2525000,5050.000000111321,-7101.159591829834,-5540.722673092429,298.84904570860095,1.93e+03
2550000,5100.000000121508,-7197.612827208564,-5590.714576356873,307.7471463610384,1.93e+03
2575000,5150.000000131694,-7093.458642245883,-5579.732134979996,289.90324230873387,1.93e+03
2600000,5200.00000014188,-7136.549879614071,-5674.750265234733,279.9583978876507,1.93e+03
2625000,5250.000000152067,-7125.803902726995,-5616.477735293006,289.0605056727535,1.93e+03
2650000,5300.000000162253,-7117.055935348573,-5530.985755711127,303.75823201814757,1.93e+03
2675000,5350.000000172439,-7164.870038080221,-5660.461560752659,288.1186880460688,1.93e+03
2700000,5400.000000182626,-7307.084720118064,-5785.659928879208,291.377588878781,1.93e+03
2725000,5450.000000192812,-7187.532424032677,-5566.305273594924,310.4913636478311,1.93e+03
2750000,5500.000000202998,-7091.940736789836,-5633.154280722481,279.3813290710311,1.93e+03
2775000,5550.000000213185,-7239.53466412234,-5651.807541706031,304.075563505445,1.93e+03
2800000,5600.000000223371,-7195.881170344346,-5604.223895159651,304.8282516725974,1.93e+03
2825000,5650.000000233557,-7140.605665743138,-5445.24401717308,324.6893256127735,1.93e+03
2850000,5700.000000243744,-7138.880611774922,-5375.157758279352,337.7816080435234,1.93e+03
2875000,5750.00000025393,-7161.30088089945,-5605.133203514726,298.03141656330956,1.93e+03
2900000,5800.000000264116,-7115.251006330398,-5551.454296250064,299.49250038758066,1.93e+03
2925000,5850.000000274303,-7332.362960172785,-5789.773019407672,295.43105919997777,1.93e+03
2950000,5900.000000284489,-7023.317393745167,-5468.810012096088,297.7134429302623,1.93e+03
2975000,5950.000000294675,-7111.7274106636905,-5512.027417510946,306.36856295387594,1.93e+03
3000000,6000.000000304862,-7091.6711596475125,-5644.818980010792,277.0957210597803,1.93e+03
3025000,6050.000000315048,-7273.345779528827,-5712.809686865964,298.8680391280889,1.93e+03
3050000,6100.000000325234,-7095.251174767185,-5516.853342382654,302.28885275177265,1.93e+03
3075000,6150.000000335421,-7227.5765002377575,-5541.000995614289,323.006636167037,1.93e+03
3100000,6200.000000345607,-7095.987854187263,-5551.573418584598,295.78047963124,1.93e+03
3125000,6250.000000355793,-7048.651818866791,-5451.699556311894,305.84232786088967,1.93e+03
3150000,6300.00000036598,-7211.955290890874,-5666.24040865327,296.02953630964834,1.92e+03
3175000,6350.000000376166,-7136.799594340406,-5594.693790511282,295.338339103718,1.92e+03
3200000,6400.000000386352,-7144.843232890576,-5469.710231969,320.8152106305311,1.92e+03
3225000,6450.000000396539,-7253.337056865868,-5678.890523588779,301.5321147168103,1.92e+03
3250000,6500.000000406725,-7207.595117697557,-5677.183352415237,293.0987405539606,1.92e+03
3275000,6550.0000004169115,-7274.124995438441,-5711.05216952073,299.35386479865946,1.92e+03
3300000,6600.000000427098,-7044.034057316687,-5540.116277893341,288.0247114176993,1.92e+03
3325000,6650.000000437284,-7096.152664513988,-5524.057986612197,301.08169616665106,1.92e+03
3350000,6700.0000004474705,-7071.312392752505,-5484.811462582049,303.8407277500689,1.92e+03
3375000,6750.000000457657,-7134.921118945954,-5513.453349955485,310.5374460136067,1.92e+03
3400000,6800.000000467843,-7131.486365883831,-5528.892999771904,306.922690927489,1.92e+03
3425000,6850.0000004780295,-7190.859054889346,-5588.742453911081,306.831382651255,1.92e+03
3450000,6900.000000488216,-7191.357658972902,-5737.142027256465,278.5059418772453,1.92e+03
3475000,6950.000000498402,-7130.366972604411,-5520.748804268039,308.26805479055736,1.92e+03
3500000,7000.0000005085885,-7140.182319017583,-5645.496919319919,286.2565605635964,1.92e+03
3525000,7050.000000518775,-7217.126615266692,-5639.196849753362,302.19921033425067,1.92e+03
3550000,7100.000000528961,-7294.186229082213,-5785.67708149628,288.90403308550265,1.92e+03
3575000,7150.000000539148,-7031.531001477966,-5548.45547967032,284.03308014823136,1.92e+03
3600000,7200.000000549334,-7168.733759193836,-5616.900873661732,297.20123343129984,1.92e+03
3625000,7250.00000055952,-7190.680953955596,-5694.783299745135,286.48872701643734,1.92e+03
3650000,7300.000000569707,-7120.311033628913,-5657.977234089065,280.0607030327886,1.92e+03
3675000,7350.000000579893,-7033.220628468716,-5523.475858415967,289.14067488154706,1.92e+03
3700000,7400.000000590079,-7187.704980560167,-5695.886829082476,285.7074359023817,1.92e+03
3725000,7450.000000600266,-7149.241212783476,-5494.342605751797,316.9399951496128,1.92e+03
3750000,7500.000000610452,-7183.8730714678195,-5686.086264512412,286.8505304884302,1.92e+03
3775000,7550.000000620638,-7222.68549554719,-5692.150826951357,293.12227853714785,1.92e+03
3800000,7600.000000630825,-7172.540251654682,-5508.105999187657,318.7662263188129,1.92e+03
3825000,7650.000000641011,-7152.917270187436,-5576.3167162464515,301.94464470255457,1.92e+03
3850000,7700.000000651197,-7186.020451211361,-5697.450399099326,285.0853720533806,1.92e+03
3875000,7750.000000661384,-7100.0251978411225,-5585.300532760268,290.0944057623075,1.92e+03
3900000,7800.00000067157,-7168.232231146481,-5703.708496012117,280.4801113117941,1.92e+03
3925000,7850.000000681756,-7146.704114682941,-5405.607162642666,333.4483799732194,1.92e+03
3950000,7900.000000691943,-7241.589583058724,-5608.137468296003,312.83264311800315,1.92e+03
3975000,7950.000000702129,-7213.255502756754,-5643.5549614341735,300.6231800783672,1.92e+03
4000000,8000.000000712315,-7034.312542761085,-5470.570582827203,299.4820148441901,1.92e+03
4025000,8050.000000722502,-7127.146191670708,-5538.062288949899,304.3354089976705,1.92e+03
4050000,8100.000000732688,-7166.446423335277,-5693.450939001428,282.10258905078354,1.92e+03
4075000,8150.000000742874,-7095.25978677513,-5565.847208854408,292.907379925465,1.92e+03
4100000,8200.00000075306,-7048.972067943825,-5451.525460066523,305.9370030291567,1.92e+03
4125000,8250.000000763246,-7252.926093349004,-5766.638186299279,284.64830416178535,1.93e+03
4150000,8300.000000773432,-7200.291636254782,-5610.3003633186645,304.5091851495247,1.93e+03
4175000,8350.000000783619,-7090.478102613303,-5570.811071462365,291.0409492373118,1.93e+03
4200000,8400.000000793805,-7144.436226593177,-5592.730685280984,297.1768449423195,1.93e+03
4225000,8450.000000803991,-7031.460081009955,-5436.92031163901,305.3802961842835,1.93e+03
4250000,8500.000000814178,-7136.133551779189,-5488.614456995089,315.52669854883237,1.93e+03
4275000,8550.000000824364,-7151.131346213768,-5648.084964899405,287.85782450918356,1.93e+03
4300000,8600.00000083455,-7139.186823320727,-5568.209115225029,300.86777828466046,1.93e+03
4325000,8650.000000844737,-7102.045437888969,-5606.662844905655,286.3900844155309,1.93e+03
4350000,8700.000000854923,-7170.373193288349,-5644.032769131158,292.3190125204923,1.93e+03
4375000,8750.00000086511,-7062.59709134959,-5479.835357133324,303.12461091816834,1.93e+03
4400000,8800.000000875296,-7061.677083828346,-5377.192726035581,322.60614754280124,1.93e+03
4425000,8850.000000885482,-7138.7634953882225,-5428.396822002788,327.56303187610473,1.93e+03
4450000,8900.000000895669,-7188.944303197556,-5659.932437513548,292.8306370157659,1.93e+03
4475000,8950.000000905855,-7096.721364523848,-5600.53475191825,286.54406724813737,1.93e+03
4500000,9000.000000916041,-7149.443869210883,-5522.976612046984,311.4949293003199,1.93e+03
4525000,9050.000000926228,-7225.088331685583,-5714.608063918153,289.28153465454653,1.93e+03
4550000,9100.000000936414,-7195.135071518931,-5588.763906831586,307.64620078910946,1.93e+03
4575000,9150.0000009466,-7124.94531061483,-5492.682040801923,312.60495997715907,1.93e+03
4600000,9200.000000956787,-7195.05546977497,-5497.24122429923,325.1590378042564,1.93e+03
4625000,9250.000000966973,-7023.085989469699,-5447.998588841952,301.65485123622335,1.93e+03
4650000,9300.00000097716,-7083.141307291826,-5465.329546510184,309.83726098773917,1.93e+03
4675000,9350.000000987346,-7184.998625892285,-5639.078782079146,296.0687897844413,1.93e+03
4700000,9400.000000997532,-7175.924751103118,-5577.177714672331,306.18605624467244,1.93e+03
4725000,9450.000001007718,-6969.968545787862,-5327.39978454536,314.57862917346637,1.93e+03
4750000,9500.000001017905,-7183.481985889979,-5541.3094615526425,314.50274336253636,1.93e+03
4775000,9550.000001028091,-7164.758744085121,-5573.179731421784,304.81326312705494,1.93e+03
4800000,9600.000001038277,-7210.157589996027,-5577.75869050065,312.6309352669572,1.93e+03
4825000,9650.000001048464,-7175.319497312286,-5601.723342514214,301.3692534092535,1.93e+03
4850000,9700.00000105865,-7262.13574468108,-5683.651819514881,302.3053409194998,1.93e+03
4875000,9750.000001068836,-7110.899540880083,-5541.236975485085,300.615907070672,1.93e+03
4900000,9800.000001079023,-7054.783230523031,-5481.49960638376,301.30939870573053,1.93e+03
4925000,9850.000001089209,-7205.687122316085,-5667.590883784786,294.57044214577445,1.93e+03
4950000,9900.000001099395,-7203.990543273924,-5552.967503612779,316.1977609738152,1.93e+03
4975000,9950.000001109582,-7161.006610995699,-5543.138650279799,309.848024189071,1.93e+03
5000000,10000.000001119768,-7181.437309715147,-5565.685834301345,309.4426828355097,1.93e+03
5025000,10050.000001129954,-7159.041147150796,-5546.406380755343,308.845782374683,1.93e+03
5050000,10100.00000114014,-7039.895117700293,-5354.6343157737365,322.7548492209294,1.93e+03
5075000,10150.000001150327,-7175.842928771346,-5635.087030875716,295.0798101653311,1.93e+03
5100000,10200.000001160513,-7319.818194455733,-5871.272419822247,277.42007204284323,1.93e+03
5125000,10250.0000011707,-7101.665919286166,-5340.021683892815,337.38351887453393,1.93e+03
5150000,10300.000001180886,-7218.077793999934,-5697.149844982551,291.28243551373816,1.93e+03
5175000,10350.000001191072,-7039.545809192807,-5519.640903774708,291.0865060277762,1.93e+03
5200000,10400.000001201259,-7130.220143274658,-5627.601974662684,287.7758148130962,1.93e+03
5225000,10450.000001211445,-7108.04154352545,-5596.24479295697,289.53366251954463,1.93e+03
5250000,10500.000001221631,-7176.055744039542,-5533.0216802071245,314.6677421861695,1.93e+03
5275000,10550.000001231818,-7116.850219022204,-5541.119420849606,301.7780723289708,1.93e+03
5300000,10600.000001242004,-6980.516929570094,-5380.6606215150705,306.3984997996501,1.93e+03
5325000,10650.00000125219,-7164.886610630988,-5564.576899945583,306.4853337765857,1.93e+03
5350000,10700.000001262377,-7126.997436664065,-5492.041228768813,313.1207014123926,1.93e+03
5375000,10750.000001272563,-7116.425725770349,-5536.537982156915,302.5741949809917,1.93e+03
5400000,10800.00000128275,-7132.324229900465,-5619.898196585291,289.6541803989106,1.93e+03
5425000,10850.000001292936,-7031.042195253196,-5397.989373319151,312.75617204802586,1.93e+03
5450000,10900.000001303122,-7204.033752035315,-5774.388241515243,273.8003641096931,1.93e+03
5475000,10950.000001313309,-7204.952289974993,-5655.652574236761,296.71609022145503,1.93e+03
5500000,11000.000001323495,-7119.647711599607,-5522.64601050673,305.85179614488067,1.93e+03
5525000,11050.000001333681,-7078.360068686641,-5580.808268470602,286.8055228761697,1.93e+03
5550000,11100.000001343868,-7190.604917497502,-5670.55307219434,291.1146474052972,1.93e+03
5575000,11150.000001354054,-7167.77700907974,-5646.334492669631,291.38098353732215,1.93e+03
5600000,11200.00000136424,-7105.137377787609,-5693.069934472379,270.43387838605406,1.93e+03
5625000,11250.000001374427,-7131.415048277563,-5624.218401613914,288.65266781504147,1.93e+03
5650000,11300.000001384613,-7107.259073902431,-5537.89755543424,300.55825168857393,1.93e+03
5675000,11350.0000013948,-7113.9615601753485,-5530.0905462433775,303.33705602279355,1.93e+03
5700000,11400.000001404986,-7216.526946992923,-5691.428590386115,292.0811363861348,1.93e+03
5725000,11450.000001415172,-7152.837850703958,-5488.645509581253,318.719896362422,1.93e+03
5750000,11500.000001425358,-7018.670465167491,-5457.834771016861,298.9254176851053,1.93e+03
5775000,11550.000001435545,-7212.965434999714,-5698.276512310549,290.0875605130572,1.93e+03
5800000,11600.000001445731,-7112.55053417427,-5554.088303446031,298.47086084253857,1.93e+03
5825000,11650.000001455917,-7161.678470256462,-5685.074209895219,282.79372834581864,1.93e+03
5850000,11700.000001466104,-7234.246281228592,-5617.82793400111,309.57039963247513,1.93e+03
5875000,11750.00000147629,-6975.724849195357,-5432.394138299873,295.5729287263216,1.93e+03
5900000,11800.000001486476,-7161.3032918639965,-5548.175722045324,308.9401622441816,1.93e+03
5925000,11850.000001496663,-7037.183339072152,-5441.969598736479,305.5093725841211,1.93e+03
5950000,11900.000001506849,-7109.247205168147,-5513.891336274439,305.53659251427445,1.93e+03
5975000,11950.000001517035,-7158.739044229011,-5663.595900826739,286.3442259268407,1.93e+03
6000000,12000.000001527222,-7058.812975328148,-5495.595619617858,299.3815446042769,1.93e+03
6025000,12050.000001537408,-7147.536463647639,-5530.897908978753,309.61257293850986,1.93e+03
6050000,12100.000001547594,-7219.825067527481,-5520.288090246043,325.48896896005164,1.93e+03
6075000,12150.00000155778,-7205.174732187703,-5596.555401783595,308.07676108346135,1.93e+03
6100000,12200.000001567967,-7172.964513215638,-5579.6511147445435,305.14542621376177,1.93e+03
6125000,12250.000001578153,-7072.815183746317,-5446.688375464631,311.42972780300835,1.93e+03
6150000,12300.00000158834,-7069.05245442015,-5458.357050763811,308.474362872294,1.93e+03
6175000,12350.000001598526,-7174.7612794212555,-5650.713169132836,291.87999713709485,1.93e+03
6200000,12400.000001608712,-7168.675572966799,-5544.6576471712615,311.02584251233793,1.93e+03
6225000,12450.000001618899,-7196.283773428746,-5643.289377340328,297.4236815912777,1.93e+03
6250000,12500.000001629085,-7144.555707964655,-5505.289613695364,313.9461147402419,1.93e+03
6275000,12550.000001639271,-7224.710068203495,-5535.025561475582,323.60206062852126,1.93e+03
6300000,12600.000001649458,-7169.969149972232,-5533.069309313683,313.4929386938517,1.93e+03
6325000,12650.000001659644,-7104.896189358116,-5533.051140434044,301.03388815796023,1.93e+03
6350000,12700.00000166983,-7230.251905877478,-5613.69506720656,309.59692299603614,1.93e+03
6375000,12750.000001680017,-7089.735063897396,-5544.019437517923,296.0296788249175,1.93e+03
6400000,12800.000001690203,-7054.195671661784,-5489.546744095834,299.6557138948071,1.93e+03
6425000,12850.00000170039,-7067.74547414664,-5392.497726939771,320.8371864101648,1.93e+03
6450000,12900.000001710576,-7188.809486039252,-5649.33864624254,294.83370064181867,1.93e+03
6475000,12950.000001720762,-7065.1937770525265,-5472.868812190222,304.9561251038057,1.93e+03
6500000,13000.000001730948,-7081.349438473429,-5482.895381291406,306.1299459541159,1.93e+03
6525000,13050.000001741135,-7163.87544373357,-5739.297930435415,272.82976022610313,1.93e+03
6550000,13100.000001751321,-7204.506023242901,-5595.65924152402,308.12032170904575,1.93e+03
6575000,13150.000001761508,-7099.054445011433,-5547.4290878408665,297.16148837524656,1.93e+03
6600000,13200.000001771694,-7104.732497499521,-5637.2222893560265,281.0520694589619,1.93e+03
6625000,13250.00000178188,-7086.804969051488,-5499.127570379662,304.0660405997708,1.93e+03
6650000,13300.000001792067,-7102.397682230234,-5552.268917774183,296.8748665328785,1.93e+03
6675000,13350.000001802253,-7094.5080449571715,-5488.021457022314,307.6683062180167,1.93e+03
6700000,13400.00000181244,-7107.6113929422145,-5581.860070128013,292.2061900333643,1.93e+03
6725000,13450.000001822626,-7090.4902783431535,-5519.313215571426,300.90595794701886,1.93e+03
6750000,13500.000001832812,-6999.21772341231,-5446.211289635225,297.4259870044141,1.93e+03
6775000,13550.000001842998,-7185.120040604877,-5635.345866720569,296.80695667205043,1.93e+03
6800000,13600.000001853185,-7109.723773627417,-5480.781344911651,311.96896490365515,1.93e+03
6825000,13650.000001863371,-7153.743892368206,-5633.232266219582,291.20270291414283,1.93e+03
6850000,13700.000001873557,-7059.2072447744595,-5476.420906429287,303.1293230089653,1.93e+03
6875000,13750.000001883744,-7116.354752606978,-5512.75877766646,307.1147068225536,1.93e+03
6900000,13800.00000189393,-7134.863013933,-5618.715593968887,290.3668864592413,1.93e+03
6925000,13850.000001904116,-7099.960429198811,-5499.303597433853,306.5518131081909,1.93e+03
6950000,13900.000001914303,-7192.226610969656,-5659.265386885483,293.58700337372505,1.93e+03
6975000,13950.000001924489,-7101.685034098727,-5465.67088307138,313.3233147264228,1.93e+03
7000000,14000.000001934675,-7067.740722026011,-5587.701238649738,283.45162941667286,1.93e+03
7025000,14050.000001944862,-7168.884115610834,-5584.629085717638,303.4106013242222,1.93e+03
7050000,14100.000001955048,-7094.815550431518,-5561.742551974216,293.60840998385027,1.93e+03
7075000,14150.000001965234,-7188.6343130869345,-5601.985486102311,303.8690523950748,1.93e+03
7100000,14200.00000197542,-7168.804970150692,-5618.764076655273,296.85803781496304,1.93e+03
7125000,14250.000001985607,-7083.377702477157,-5448.035913473785,313.19454646490414,1.93e+03
7150000,14300.000001995793,-7075.0772297088,-5417.731223628684,317.4087118669059,1.93e+03
7175000,14350.00000200598,-7228.0089857555695,-5666.056402485133,299.1393201143599,1.93e+03
7200000,14400.000002016166,-7176.246208920258,-5579.428265309581,305.8166035987818,1.93e+03
7225000,14450.000002026352,-7232.997433875376,-5648.226622191218,303.50938192481703,1.93e+03
7250000,14500.000002036539,-7201.6616809390225,-5589.438391950886,308.76697775975083,1.93e+03
7275000,14550.000002046725,-7175.290973479863,-5605.697102800825,300.6027509154546,1.93e+03
7300000,14600.000002056911,-7219.9572899675495,-5648.354270864565,300.9875355113415,1.93e+03
7325000,14650.000002067098,-7100.630362584349,-5543.785859467609,298.16103969750696,1.93e+03
7350000,14700.000002077284,-7192.7427496086,-5625.509972766992,300.1505630495617,1.93e+03
7375000,14750.00000208747,-7268.748433317956,-5679.636110355244,304.34085193616403,1.93e+03
7400000,14800.000002097657,-7184.023643383956,-5585.00972905487,306.2371677021558,1.93e+03
7425000,14850.000002107843,-7189.070069429299,-5683.711403045821,288.30066470221783,1.93e+03
7450000,14900.00000211803,-7151.247631358408,-5639.905926008296,289.4465139602979,1.93e+03
7475000,14950.000002128216,-7046.188913231527,-5462.751003844879,303.25410945923346,1.93e+03
7500000,15000.000002138402,-7159.659360100639,-5643.915066561784,290.28968119317653,1.93e+03
7525000,15050.000002148588,-7020.266468440202,-5485.554695728184,293.92226190331763,1.93e+03
7550000,15100.000002158775,-7188.864473486542,-5608.301759411185,302.7034628007958,1.93e+03
7575000,15150.000002168961,-7108.017420707254,-5537.391836929201,300.8003407515981,1.93e+03
7600000,15200.000002179147,-7154.351483015647,-5560.899297763677,305.172006139245,1.93e+03
7625000,15250.000002189334,-7082.090337992121,-5520.7858111381065,299.01520677194424,1.93e+03
7650000,15300.00000219952,-7074.937702980576,-5559.7807405641415,290.177197732075,1.93e+03
7675000,15350.000002209707,-7001.703716539658,-5499.1986986432985,287.75414461100297,1.93e+03
7700000,15400.000002219893,-7118.274026599145,-5548.59554358873,300.6189555528761,1.93e+03
7725000,15450.00000223008,-7033.762056471198,-5547.899911796955,284.5667637431477,1.93e+03
7750000,15500.000002240266,-7252.48523947126,-5753.344119202942,287.10990351164793,1.93e+03
7775000,15550.000002250452,-7210.839901015141,-5590.66462088084,310.28991337924225,1.93e+03
7800000,15600.000002260638,-7098.15360214463,-5456.507216131504,314.40197931740715,1.93e+03
7825000,15650.000002270825,-7160.002512065559,-5665.686944418054,286.1857317117951,1.93e+03
7850000,15700.00000228101,-7227.759473067443,-5548.873775073025,321.53391314620853,1.93e+03
7875000,15750.000002291197,-7120.534742238197,-5478.839075856213,314.4114173094392,1.93e+03
7900000,15800.000002301384,-7065.010242101145,-5472.047768224362,305.0782184472277,1.93e+03
7925000,15850.00000231157,-7146.174311940306,-5560.622747677667,303.6589087401671,1.93e+03
7950000,15900.000002321756,-7122.479788884847,-5518.400259813288,307.2073153021884,1.93e+03
7975000,15950.000002331943,-7044.2226745580565,-5493.109170807538,297.06346012156496,1.93e+03
8000000,16000.000002342129,-7204.514540532835,-5567.142893946798,313.5832972014571,1.93e+03
8025000,16050.000002352315,-7137.873512435222,-5634.093407107431,287.99834458954945,1.93e+03
8050000,16100.000002362502,-7174.887452764213,-5575.29197485224,306.3485465856451,1.93e+03
8075000,16150.000002372688,-7179.3329223933115,-5687.561455325403,285.69849507872806,1.93e+03
8100000,16200.000002382874,-7227.644637664841,-5663.876426811407,299.4870423221758,1.93e+03
8125000,16250.00000239306,-7143.232781733407,-5664.507782373992,283.19988435135167,1.93e+03
8150000,16300.000002403247,-7168.257210385192,-5631.859760777394,294.24509644127824,1.93e+03
8175000,16350.000002413433,-7176.224442636123,-5649.083495277259,292.4723257316927,1.93e+03
8200000,16400.000002423618,-7067.889863970065,-5461.643800450737,307.6222418810432,1.93e+03
8225000,16450.000002433804,-7061.298475729109,-5516.671544430315,295.82117601264605,1.93e+03
8250000,16500.00000244399,-7254.263278274467,-5821.571048683147,274.3838603574758,1.93e+03
8275000,16550.000002454177,-7087.8991254247085,-5517.5814642735795,300.7413685611153,1.93e+03
8300000,16600.000002464363,-6987.4504612238015,-5390.879391385826,305.7693232566567,1.93e+03
8325000,16650.00000247455,-7135.8531508212,-5653.963933470113,283.80588355315865,1.93e+03
8350000,16700.000002484736,-7091.02092658555,-5373.562392285745,328.92123856880005,1.93e+03
8375000,16750.000002494922,-6928.0860227615985,-5365.412755155986,299.27734288428945,1.93e+03
8400000,16800.00000250511,-7057.271939411758,-5510.531848816569,296.22588038202804,1.93e+03
8425000,16850.000002515295,-7212.166619385891,-5647.765287796495,299.60829523889987,1.93e+03
8450000,16900.00000252548,-7070.511667118156,-5337.670991189765,331.86716883452135,1.93e+03
8475000,16950.000002535668,-7098.987841925005,-5549.787296179547,296.69709755513986,1.93e+03
8500000,17000.000002545854,-7034.123809921366,-5468.409908581654,299.8596736910485,1.93e+03
8525000,17050.00000255604,-7056.779862919968,-5523.865060017358,293.5781129625562,1.93e+03
8550000,17100.000002566227,-7177.307891807632,-5623.39958330071,297.59871068143286,1.93e+03
8575000,17150.000002576413,-7015.53420069902,-5384.110921307453,312.44408815157766,1.93e+03
8600000,17200.0000025866,-7145.9570129598305,-5576.063871966233,300.6600660474161,1.93e+03
8625000,17250.000002596786,-7044.891738266371,-5451.2343701109985,305.21130200192374,1.93e+03
8650000,17300.000002606972,-7005.793284974741,-5428.885436584546,302.0034965867898,1.93e+03
8675000,17350.00000261716,-7244.471965366932,-5648.77147304854,305.60259350435535,1.93e+03
8700000,17400.000002627345,-7117.364894642508,-5601.7721352854605,290.2606599331171,1.93e+03
8725000,17450.00000263753,-7137.950778367897,-5525.40179837178,308.82935288415496,1.93e+03
8750000,17500.000002647717,-7169.635219609781,-5620.319554139491,296.7191448545182,1.93e+03
8775000,17550.000002657904,-7130.516900867764,-5580.376300355734,296.877133330076,1.93e+03
8800000,17600.00000266809,-7146.78855133798,-5477.332775203844,319.72792976090636,1.93e+03
8825000,17650.000002678276,-7081.383437290448,-5495.336462028573,303.75378800287695,1.93e+03
8850000,17700.000002688463,-7109.566480345965,-5527.481380311901,302.9950244688752,1.93e+03
8875000,17750.00000269865,-7191.397430651862,-5580.858627139374,308.44437139812055,1.93e+03
8900000,17800.000002708835,-7197.934218394642,-5688.561592664776,289.069403191917,1.93e+03
8925000,17850.00000271902,-6993.648267526392,-5501.040818309351,285.8585992549992,1.93e+03
8950000,17900.000002729208,-7146.661235898747,-5557.765028967848,304.29946220160036,1.93e+03
8975000,17950.000002739394,-7085.779478961106,-5579.72105543175,288.4346795750796,1.93e+03
9000000,18000.00000274958,-7067.334568854394,-5389.311930672037,321.3686231571505,1.93e+03
9025000,18050.000002759767,-7173.886467287673,-5604.319689754299,300.59756213747215,1.93e+03
9050000,18100.000002769953,-7136.6002905638925,-5614.899111086454,291.4305217210856,1.93e+03
9075000,18150.00000278014,-7049.576733689004,-5469.260160346658,302.65632284769225,1.93e+03
9100000,18200.000002790326,-7146.335691861324,-5566.897770472586,302.4880467099694,1.93e+03
9125000,18250.000002800512,-7071.156196651932,-5422.199202346099,315.8020796903159,1.93e+03
9150000,18300.0000028107,-7076.590198639222,-5524.275962995,297.29341980546917,1.93e+03
9175000,18350.000002820885,-7085.958860313703,-5423.52826802226,318.3824928117376,1.93e+03
9200000,18400.00000283107,-7120.329992988896,-5461.148194145437,317.76029603468396,1.93e+03
9225000,18450.000002841258,-7150.966282122736,-5599.54861793724,297.1217117911094,1.93e+03
9250000,18500.000002851444,-7118.783999149103,-5536.856561279637,302.96482960045796,1.93e+03
9275000,18550.00000286163,-7005.689266908066,-5503.398324585104,287.71314565740795,1.93e+03
9300000,18600.000002871817,-7046.867030377263,-5563.544240976185,284.08043591343034,1.93e+03
9325000,18650.000002882003,-7171.940979663296,-5646.343108483143,292.17680155001904,1.93e+03
9350000,18700.00000289219,-7108.643687368281,-5586.089108293647,291.5939616219027,1.93e+03
9375000,18750.000002902376,-7046.2363416266835,-5461.771908690371,303.4507054122839,1.93e+03
9400000,18800.000002912562,-7122.747364666579,-5578.0902559345695,295.8269554818514,1.93e+03
9425000,18850.00000292275,-7043.713416496315,-5497.905795588333,296.04729727313884,1.93e+03
9450000,18900.000002932935,-6945.95008021144,-5458.572454955661,284.85700291920386,1.93e+03
9475000,18950.00000294312,-7077.550956848969,-5494.038495274555,303.2683874155554,1.93e+03
9500000,19000.000002953308,-7132.936994255204,-5545.364622088375,304.04592631612667,1.93e+03
9525000,19050.000002963494,-7126.067003946466,-5665.452027633836,279.73152043333323,1.93e+03
9550000,19100.00000297368,-7115.885904257692,-5544.166553780031,301.00981486136874,1.93e+03
9575000,19150.000002983867,-7122.685873645146,-5598.999564196862,291.81070639261617,1.93e+03
9600000,19200.000002994053,-7086.56130830603,-5527.873343589432,298.5140925721875,1.93e+03
9625000,19250.00000300424,-7080.261930936705,-5493.906590513584,303.8128449458789,1.93e+03
9650000,19300.000003014426,-6996.16141272578,-5385.349095336559,308.4967537533879,1.93e+03
9675000,19350.000003024612,-7017.580739012625,-5512.16494210792,288.31160612608727,1.93e+03
9700000,19400.0000030348,-7160.438438578228,-5625.336826812538,293.9969224216449,1.93e+03
9725000,19450.000003044985,-6989.237148489033,-5469.197490346248,291.1123133658976,1.93e+03
9750000,19500.00000305517,-7048.365072492195,-5446.242314321755,306.8325618536845,1.93e+03
9775000,19550.000003065357,-7009.625408652678,-5567.245296906906,276.2392473340526,1.93e+03
9800000,19600.000003075544,-7133.069942769848,-5557.6284587181335,301.7226639700055,1.93e+03
9825000,19650.00000308573,-7065.247708812767,-5486.612786327404,302.33425936163286,1.93e+03
9850000,19700.000003095916,-7179.008091356009,-5626.548737175166,297.32121236514456,1.93e+03
9875000,19750.000003106103,-7264.973043193026,-5741.276337902464,291.8126973654693,1.93e+03
9900000,19800.00000311629,-7147.84251303466,-5622.311211263584,292.16405242563144,1.93e+03
9925000,19850.000003126475,-7190.762538501512,-5595.99475037027,305.42396548491354,1.93e+03
9950000,19900.00000313666,-7123.704733657691,-5602.348254169814,291.36450606758524,1.93e+03
9975000,19950.000003146848,-7020.163741956195,-5460.148579579914,298.76827250685835,1.93e+03
10000000,20000.000003157034,-7111.129377985717,-5519.644443171794,304.79524568900155,1.93e+03
10025000,20050.00000316722,-7011.197981906292,-5602.416386186243,269.8045851372387,1.93e+03
10050000,20100.000003177407,-7060.083158915086,-5531.914914692166,292.6690697870249,1.93e+03
10075000,20150.000003187593,-7155.902345037734,-5623.972789057598,293.38942215485173,1.93e+03
10100000,20200.00000319778,-7053.906872504128,-5461.39921583685,304.9911135553858,1.93e+03
10125000,20250.000003207966,-7219.844460305881,-5725.193469408304,286.2499707188249,1.93e+03
10150000,20300.000003218152,-7152.190171270577,-5639.55527693093,289.6941806815877,1.93e+03
10175000,20350.00000322834,-7204.491899223463,-5551.377246202581,316.59833894594806,1.93e+03
10200000,20400.000003238525,-7034.097154780278,-5448.542064395452,303.6595840499075,1.93e+03
10225000,20450.00000324871,-7094.033827082762,-5529.309742166022,299.67010774968935,1.93e+03
10250000,20500.000003258898,-7176.198244190215,-5658.967930217097,290.5742782719501,1.93e+03
10275000,20550.000003269084,-7082.728502109465,-5467.879336573782,309.2698758205182,1.93e+03
10300000,20600.00000327927,-7193.118153261299,-5579.3023919787565,309.07196210085823,1.93e+03
10325000,20650.000003289457,-7175.759142944135,-5601.659631159761,301.4656544577039,1.93e+03
10350000,20700.000003299643,-7126.405750862046,-5585.043894870258,295.19586099481467,1.93e+03
10375000,20750.00000330983,-7097.956335621227,-5461.470469859422,313.41365576907987,1.93e+03
10400000,20800.000003320016,-7142.8025059832335,-5628.594583745542,289.99544110458777,1.93e+03
10425000,20850.000003330202,-7162.450902316217,-5611.776948633864,296.97927913556356,1.93e+03
10450000,20900.00000334039,-6993.154300210557,-5483.867693064545,289.0529292342778,1.93e+03
10475000,20950.000003350575,-7111.796470097861,-5512.5263095088385,306.2862430280013,1.93e+03
10500000,21000.00000336076,-7209.84044802859,-5561.076437323965,315.76512019239203,1.93e+03
10525000,21050.000003370948,-7182.292374623754,-5456.805273988882,330.4588395822292,1.93e+03
10550000,21100.000003381134,-7139.990744065039,-5607.166841915869,293.5607039900476,1.93e+03
10575000,21150.00000339132,-7108.918873272927,-5594.770108028782,289.98411157831475,1.93e+03
10600000,21200.000003401507,-6999.842290991855,-5343.088029662382,317.2953831242258,1.93e+03
10625000,21250.000003411693,-7101.553085824018,-5549.179578955988,297.30477120869483,1.93e+03
10650000,21300.00000342188,-7181.432806347302,-5618.927274132964,299.24521882915326,1.93e+03
10675000,21350.000003432066,-7096.413802358123,-5524.925789152314,300.9655100118104,1.93e+03
10700000,21400.000003442252,-7144.687388134852,-5511.462971373301,312.7890352479623,1.93e+03
10725000,21450.00000345244,-6977.476866656116,-5507.885035291484,281.4507341570934,1.93e+03
10750000,21500.000003462625,-7127.887259975383,-5574.248659618126,297.54705718478766,1.93e+03
10775000,21550.00000347281,-7040.064908846256,-5516.390156424616,291.8084930340739,1.93e+03
10800000,21600.000003482997,-7157.672208452212,-5559.978611173678,305.98430551602553,1.93e+03
10825000,21650.000003493184,-7175.3300389609985,-5579.818324983236,305.56643938221794,1.93e+03
10850000,21700.00000350337,-7121.099200256418,-5553.840086651209,300.1556069680787,1.93e+03
10875000,21750.000003513556,-7076.43669744129,-5357.925203532916,329.122897457033,1.93e+03
10900000,21800.000003523743,-7212.554572703076,-5711.045094532179,287.56348256414486,1.93e+03
10925000,21850.00000353393,-7136.765111326125,-5560.539696833326,301.8727993977226,1.93e+03
10950000,21900.000003544115,-7095.09899835553,-5604.079990708486,285.55438686316387,1.93e+03
10975000,21950.0000035543,-7036.176677904163,-5357.787193224721,321.4388802269871,1.93e+03
11000000,22000.000003564488,-7118.348046369039,-5434.795758542059,322.4276409870642,1.93e+03
11025000,22050.000003574674,-7082.984956889634,-5542.854470342598,294.9600337216579,1.93e+03
11050000,22100.00000358486,-7037.735259431763,-5345.686216439768,324.0549077750987,1.93e+03
11075000,22150.000003595047,-7231.681745953041,-5762.704951509193,281.3329445850545,1.93e+03
11100000,22200.000003605233,-7066.228318914177,-5428.219758471785,313.70527656241984,1.93e+03
11125000,22250.00000361542,-7104.096989686495,-5612.2646614758005,285.71015097729344,1.93e+03
11150000,22300.000003625606,-7220.358862593859,-5687.070711043899,293.64961529990643,1.93e+03
11175000,22350.000003635792,-7150.156875146745,-5536.933466424307,308.9585169527816,1.93e+03
11200000,22400.00000364598,-7085.801382129097,-5571.292404224497,290.05309816055745,1.93e+03
11225000,22450.000003656165,-6954.306597008809,-5449.452035356266,288.20412044851037,1.93e+03
11250000,22500.00000366635,-7102.738612419581,-5584.2535183334785,290.8145890687768,1.93e+03
11275000,22550.000003676538,-7119.301582028402,-5640.311977661488,283.2505605132851,1.93e+03
11300000,22600.000003686724,-7122.108841478381,-5576.308442428486,296.04591416987324,1.93e+03
11325000,22650.00000369691,-7116.981719013685,-5433.949975371073,322.3279483106863,1.93e+03
11350000,22700.000003707097,-7155.733870942584,-5600.810023265156,297.7932029472472,1.93e+03
11375000,22750.000003717283,-7172.384766094739,-5595.8879500273,301.9247772127889,1.93e+03
11400000,22800.00000372747,-7189.2327144612555,-5676.319650727044,289.7474546442277,1.93e+03
11425000,22850.000003737656,-7186.394682840044,-5652.9070518828685,293.68781885031524,1.93e+03
11450000,22900.000003747842,-7143.857503087399,-5643.183947979979,287.4033897037376,1.93e+03
11475000,22950.00000375803,-7119.565148389861,-5490.106780970242,312.0677755556202,1.93e+03
11500000,23000.000003768215,-7110.034671358617,-5545.454827589829,299.64248322421207,1.93e+03
11525000,23050.0000037784,-7170.146878339103,-5499.506801372185,319.9547426294426,1.93e+03
11550000,23100.000003788587,-7137.3588135414075,-5511.880843522426,311.3054647243151,1.93e+03
11575000,23150.000003798774,-7173.840073532853,-5656.451130933992,290.604658233393,1.93e+03
11600000,23200.00000380896,-7138.106806647658,-5555.513937998503,303.0922704159807,1.93e+03
11625000,23250.000003819147,-7073.105769259014,-5576.805509809333,286.56583246690013,1.93e+03
11650000,23300.000003829333,-7060.0970014898485,-5619.4215563058915,275.9127759662373,1.93e+03
11675000,23350.00000383952,-7205.883854162883,-5663.74276097322,295.34509759013554,1.93e+03
11700000,23400.000003849706,-7196.0009188009,-5530.498648004527,318.97076919695974,1.93e+03
11725000,23450.000003859892,-7124.376613882832,-5546.500227434533,302.18898737524864,1.93e+03
11750000,23500.00000387008,-7084.88629786349,-5474.1956413149655,308.4734537239501,1.93e+03
11775000,23550.000003880265,-7262.72716739173,-5715.017872181251,296.41149882702774,1.93e+03
11800000,23600.00000389045,-7036.772570235333,-5398.871136377209,313.6847600794438,1.93e+03
11825000,23650.000003900637,-7176.3697784565675,-5528.230329795391,315.64550640446555,1.93e+03
11850000,23700.000003910824,-7117.752293998667,-5563.394034998201,297.6848835180257,1.93e+03
11875000,23750.00000392101,-7300.967744397849,-5679.332460258777,310.56952788868966,1.93e+03
11900000,23800.000003931196,-7207.327621613672,-5565.39631534297,314.45654618009604,1.93e+03
11925000,23850.000003941383,-7183.899888300008,-5596.639158821785,303.9862416733361,1.93e+03
11950000,23900.00000395157,-7080.485459298564,-5528.091286822354,297.30872900872475,1.93e+03
11975000,23950.000003961755,-7139.222653748765,-5524.746252583215,309.19848538175654,1.93e+03
12000000,24000.00000397194,-7133.64436692575,-5593.58629712918,294.9461647363049,1.93e+03
12025000,24050.000003982128,-7117.701210253996,-5572.1847372314905,295.99153771843316,1.93e+03
12050000,24100.000003992314,-7105.5688451520455,-5619.742254474206,284.5599545746586,1.93e+03
12075000,24150.0000040025,-7160.88845266986,-5548.09062196921,308.8770118408745,1.93e+03
12100000,24200.000004012687,-7095.413634948602,-5513.007100582793,303.0565843705582,1.93e+03
12125000,24250.000004022873,-7143.470045466301,-5567.036344372471,301.9126896689692,1.93e+03
12150000,24300.00000403306,-7224.2266338881855,-5609.6716042272,309.21354401728644,1.93e+03
12175000,24350.000004043246,-7035.771804040969,-5438.70663473048,305.8639513406714,1.93e+03
12200000,24400.000004053432,-7263.58283598199,-5652.45329020889,308.5575081476575,1.93e+03
12225000,24450.00000406362,-7166.0408298495895,-5650.409863053055,290.26797727910673,1.93e+03
12250000,24500.000004073805,-7152.892269484075,-5657.414844523007,286.4082462814252,1.93e+03
12275000,24550.00000408399,-7172.987420737956,-5631.327779507019,295.25289171068476,1.93e+03
12300000,24600.000004094178,-7131.405291021956,-5570.859124632042,298.86996841063785,1.93e+03
12325000,24650.000004104364,-7127.285424158925,-5585.3161601340935,295.31218951079046,1.93e+03
12350000,24700.00000411455,-7207.777120188536,-5652.130983159978,297.93153310383263,1.93e+03
12375000,24750.000004124737,-7049.743735554451,-5416.071077611148,312.87488072355006,1.93e+03
12400000,24800.000004134923,-7095.921411953095,-5545.3591153222205,296.9578949944423,1.93e+03
12425000,24850.00000414511,-7124.094244231128,-5547.094181121385,302.0211572051759,1.93e+03
12450000,24900.000004155296,-7179.294645600696,-5607.193044483593,301.0830220749683,1.93e+03
12475000,24950.000004165482,-7164.395634668738,-5665.407919637161,287.08052391414145,1.93e+03
12500000,25000.00000417567,-7222.922062311534,-5732.276724826301,285.48282295056595,1.93e+03
12525000,25050.000004185855,-7078.521177081369,-5452.900383818078,311.3328176981873,1.93e+03
12550000,25100.00000419604,-7235.265182074264,-5608.669578496613,311.5195097257181,1.93e+03
12575000,25150.000004206227,-7169.521900216821,-5629.319232657066,294.97385755939865,1.93e+03
12600000,25200.000004216414,-7211.062432346413,-5707.33135278923,287.9889553572226,1.93e+03
12625000,25250.0000042266,-7166.903761188163,-5582.715822293653,303.3977523069423,1.93e+03
12650000,25300.000004236786,-7141.351032176934,-5503.351586737191,313.70353089118464,1.93e+03
12675000,25350.000004246973,-7235.552937631381,-5787.115476213653,277.3993283006399,1.93e+03
12700000,25400.00000425716,-7189.553450327595,-5599.090931056768,304.59943648601285,1.93e+03
12725000,25450.000004267346,-7087.800098778051,-5593.1924214207165,286.2416754715051,1.93e+03
12750000,25500.000004277532,-7178.473514058546,-5602.637866589991,301.7981526742021,1.93e+03
12775000,25550.00000428772,-7274.586235032148,-5608.217422290494,319.1367260711557,1.93e+03
12800000,25600.000004297905,-7017.5646966476725,-5318.604775000884,325.3784534219579,1.93e+03
12825000,25650.00000430809,-7062.630669581608,-5593.497330186192,281.3629254890083,1.93e+03
12850000,25700.000004318277,-7224.4416665051995,-5753.926072048342,281.6276498114577,1.93e+03
12875000,25750.000004328464,-7191.500001326103,-5630.575162598974,298.94249032117085,1.93e+03
12900000,25800.00000433865,-7190.042292143433,-5615.03856568383,301.6388262723176,1.93e+03
12925000,25850.000004348836,-7155.126098571385,-5519.317407432625,313.283965816577,1.93e+03
12950000,25900.000004359023,-7060.51007029203,-5488.64003693341,301.03867308347225,1.93e+03
12975000,25950.00000436921,-7213.477177491627,-5651.687873387935,299.1080494986882,1.93e+03
13000000,26000.000004379395,-7242.260103833629,-5727.535822321517,290.09433230265563,1.93e+03
13025000,26050.00000438958,-7066.166823705818,-5582.9175189896405,284.06636240126664,1.93e+03
13050000,26100.000004399768,-7129.798676905469,-5557.567465021731,301.1078446445047,1.93e+03
13075000,26150.000004409954,-7243.262567897494,-5642.217513893924,306.6261639801415,1.93e+03
13100000,26200.00000442014,-7155.431753337874,-5625.708396080803,292.96689922225846,1.93e+03
13125000,26250.000004430327,-7150.913456783491,-5548.910872994023,306.8095465054567,1.93e+03
13150000,26300.000004440513,-7120.276723605864,-5546.6986374781245,301.36579296505283,1.93e+03
13175000,26350.0000044507,-7122.298597602378,-5549.903192818152,301.13929025504734,1.93e+03
13200000,26400.000004460886,-7069.16284832498,-5447.162794434608,310.6393872279364,1.93e+03
13225000,26450.000004471072,-7161.67904224224,-5719.860564823515,276.13168522714545,1.93e+03
13250000,26500.00000448126,-7178.693932382186,-5523.256978399676,317.04309734527635,1.93e+03
13275000,26550.000004491445,-7199.61478112789,-5544.358532857894,317.0084892627,1.93e+03
13300000,26600.00000450163,-7158.98837624652,-5620.217784392995,294.6995917732907,1.93e+03
13325000,26650.000004511818,-7107.317280754487,-5614.597738777189,285.8800668414369,1.93e+03
13350000,26700.000004522004,-6971.557460756246,-5376.324651468655,305.5130245985119,1.93e+03
13375000,26750.00000453219,-7096.784173312267,-5392.433470309699,326.4108757162866,1.93e+03
13400000,26800.000004542377,-7095.485112645375,-5410.206302863973,322.7582980179755,1.93e+03
13425000,26850.000004552563,-7164.533829923617,-5607.497701234796,298.1977391107686,1.93e+03
13450000,26900.00000456275,-7110.911708796084,-5535.402112444165,301.73570858313445,1.93e+03
13475000,26950.000004572936,-7116.33394643502,-5399.641189952957,328.77457966365046,1.93e+03
13500000,27000.000004583122,-7197.306800401958,-5629.602139448254,300.24093653079086,1.93e+03
13525000,27050.00000459331,-7192.816913328907,-5598.161717554185,305.40240221766675,1.93e+03
13550000,27100.000004603495,-7253.600814383001,-5723.172904482502,293.1018325108852,1.93e+03
13575000,27150.00000461368,-7131.14565671625,-5601.082779733231,293.0319227710354,1.93e+03
13600000,27200.000004623867,-7073.116992802017,-5489.25524901807,303.3352806386962,1.93e+03
13625000,27250.000004634054,-7287.216113504314,-5646.643379500609,314.19635749791195,1.93e+03
13650000,27300.00000464424,-7143.4172951744795,-5671.592374108948,281.8784071492419,1.93e+03
13675000,27350.000004654426,-7094.358373204368,-5480.761718155562,309.02999969399957,1.93e+03
13700000,27400.000004664613,-6994.47872629376,-5394.890486084161,306.3471604479412,1.93e+03
13725000,27450.0000046748,-7163.017571163209,-5615.005931609683,296.46940268543426,1.93e+03
13750000,27500.000004684985,-7075.599139082912,-5562.227992509938,289.83518495717783,1.93e+03
13775000,27550.00000469517,-7031.35631030375,-5571.662396794253,279.55512192824244,1.93e+03
13800000,27600.000004705358,-7060.401396000091,-5482.7253019242535,302.1506281287749,1.93e+03
13825000,27650.000004715544,-7220.355660190738,-5724.953320787884,286.3938661759885,1.93e+03
13850000,27700.00000472573,-7095.922721566775,-5514.381721399781,302.8908204961985,1.93e+03
13875000,27750.000004735917,-7211.359489783632,-5598.574286087085,308.87459356424876,1.93e+03
13900000,27800.000004746104,-7202.935249990532,-5627.743045674188,301.6749228469037,1.93e+03
13925000,27850.00000475629,-7017.138724047962,-5450.906694275153,299.9589037117728,1.93e+03
13950000,27900.000004766476,-7160.609172295604,-5425.80498853958,332.24321251400835,1.93e+03
13975000,27950.000004776663,-7060.616986205418,-5425.199578583986,313.20902865996976,1.93e+03
14000000,28000.00000478685,-7043.910593219638,-5431.334149905125,308.8346125562352,1.93e+03
14025000,28050.000004797035,-7048.6214410843995,-5381.719870620459,319.23875783866106,1.93e+03
14050000,28100.00000480722,-7038.401676444582,-5435.329276501972,307.01443369609603,1.93e+03
14075000,28150.000004817408,-7223.497318945506,-5689.5384065025155,293.7780769188118,1.93e+03
14100000,28200.000004827594,-7181.509694603506,-5545.18384153355,313.3830107364702,1.93e+03
14125000,28250.00000483778,-7040.667358916059,-5542.833014616685,286.8596346628503,1.93e+03
14150000,28300.000004847967,-7105.092898349077,-5511.037041304405,305.287619104437,1.93e+03
14175000,28350.000004858153,-7197.421283748548,-5716.429668909942,283.63397807523813,1.93e+03
14200000,28400.00000486834,-7215.008274206488,-5644.434098251373,300.79049531751326,1.93e+03
14225000,28450.000004878526,-7145.123409052019,-5687.4213471762705,279.1736499489583,1.93e+03
14250000,28500.000004888712,-7067.668262820183,-5469.87598160066,306.00320509551966,1.93e+03
14275000,28550.0000048989,-7103.336029676969,-5600.393731673224,287.8378908626013,1.93e+03
14300000,28600.000004909085,-7174.29525114861,-5634.031997931005,294.98546069811874,1.93e+03
14325000,28650.00000491927,-7082.819324141932,-5479.65513678384,307.03201247880463,1.93e+03
14350000,28700.000004929458,-7158.413308231682,-5634.630153034327,291.8292539284655,1.93e+03
14375000,28750.000004939644,-7109.869728861075,-5488.693541463468,310.48160339688405,1.93e+03
14400000,28800.00000494983,-7189.697421726187,-5670.270318765878,290.99499908710254,1.93e+03
14425000,28850.000004960017,-7209.005587873824,-5696.920267194415,289.5889283885047,1.93e+03
14450000,28900.000004970203,-7176.24657504607,-5462.085216232567,328.2897758446211,1.93e+03
14475000,28950.00000498039,-7171.376180400181,-5629.503254531329,295.2937391872727,1.93e+03
14500000,29000.000004990576,-7039.991629038575,-5473.573167636355,299.9946084005499,1.93e+03
14525000,29050.000005000762,-7132.8871386701,-5529.717507846057,307.0330549910559,1.93e+03
14550000,29100.00000501095,-7133.692500050986,-5545.884662013921,304.09102185941447,1.93e+03
14575000,29150.000005021135,-7204.632099491257,-5586.53923643279,309.89109664502655,1.93e+03
14600000,29200.00000503132,-7206.804784201934,-5634.795913223183,301.0652627454998,1.93e+03
14625000,29250.000005041507,-7186.611636236526,-5636.775864637219,296.81875363617263,1.93e+03
14650000,29300.000005051694,-7167.399731493135,-5510.499416007468,317.3233548702642,1.93e+03
14675000,29350.00000506188,-7212.181502935862,-5693.680610444044,290.81761472038465,1.93e+03
14700000,29400.000005072066,-7178.087082022345,-5608.168047082192,300.6650251592679,1.93e+03
14725000,29450.000005082253,-7261.755911334554,-5825.724815148566,275.02330760688585,1.93e+03
14750000,29500.00000509244,-7171.254253660799,-5503.056895292902,319.4869222943261,1.93e+03
14775000,29550.000005102625,-7154.242851657733,-5478.036448694372,321.0207845771595,1.93e+03
14800000,29600.00000511281,-7143.993033477129,-5626.9332424243285,290.5416203596716,1.93e+03
14825000,29650.000005122998,-7228.948667723114,-5599.540342950753,312.05819157487855,1.93e+03
14850000,29700.000005133184,-7166.753236836563,-5593.066853138877,301.38653371082864,1.93e+03
14875000,29750.00000514337,-7213.411912987576,-5485.217146996311,330.9774015299374,1.93e+03
14900000,29800.000005153557,-7076.283712507611,-5478.684695229633,305.9661919078625,1.93e+03
14925000,29850.000005163743,-7066.019683181918,-5491.838275977835,301.48133876235846,1.93e+03
14950000,29900.00000517393,-7240.115539037246,-5628.8154743341265,308.5901652957291,1.93e+03
14975000,29950.000005184116,-7216.868924763654,-5674.156585677094,295.45450046897207,1.93e+03
15000000,30000.000005194303,-7217.382569402958,-5675.990238825643,295.20169737351966,1.93e+03
