#"Step","Time (ps)","Potential Energy (kJ/mole)","Total Energy (kJ/mole)","Temperature (K)","Speed (ns/day)"
25000,50.00000000001514,-7093.670533886673,-5536.690453301117,298.18700498754134,0
50000,99.99999999994834,-6794.1651804400635,-5197.1740046351615,305.84978038107164,1.93e+03
75000,149.99999999998812,-7066.427086159783,-5503.0472498241625,299.4126622862819,1.94e+03
100000,200.00000000022686,-7027.06208532835,-5391.7723927538955,313.18456915157594,1.95e+03
125000,250.0000000004656,-7018.156559751707,-5451.254552219799,300.08721534779534,1.95e+03
150000,300.00000000070435,-6907.3301005720605,-5311.947896078179,305.54163620997616,1.96e+03
175000,350.0000000009431,-7021.2401335521545,-5425.770018668914,305.55847247913397,1.96e+03
200000,400.00000000118183,-7046.893228385213,-5414.726297964948,312.58650941680037,1.96e+03
225000,450.0000000014206,-7019.30503289544,-5424.511061822085,305.428979944114,1.96e+03
250000,500.0000000016593,-6923.971520339159,-5319.806140955712,307.22375703300963,1.96e+03
275000,550.000000000818,-6983.676577618237,-5431.199191154214,297.324665840614,1.96e+03
300000,599.9999999996356,-7033.253176695687,-5482.65550267905,296.9646703391216,1.96e+03
325000,649.9999999984533,-6930.194198341573,-5472.44646479973,279.1823968157264,1.95e+03
350000,699.999999997271,-6963.688798597898,-5358.702519253404,307.38097272499664,1.95e+03
375000,749.9999999960886,-6914.231926920305,-5213.039527618317,325.8060091974017,1.95e+03
400000,799.9999999949063,-6997.744109319086,-5355.107931075906,314.591540625429,1.95e+03
425000,849.9999999937239,-6986.693331586804,-5478.121420532963,288.91605331026415,1.95e+03
450000,899.9999999925416,-7012.160234895435,-5526.396477666381,284.5479209474209,1.95e+03
475000,949.9999999913592,-6947.810978777203,-5347.677891406729,306.4515075395342,1.95e+03
500000,999.9999999901769,-6937.898653564535,-5372.28986897567,299.8395421238564,1.95e+03
525000,1049.9999999889947,-7004.828081808329,-5341.7641550310145,318.5037866650453,1.95e+03
550000,1099.9999999878123,-6895.215040868913,-5321.183414074501,301.4526533781828,1.95e+03
575000,1149.99999998663,-7094.789446749842,-5527.030726588528,300.25128974815726,1.95e+03
600000,1199.9999999854476,-6965.162018514382,-5269.084430388424,324.82643968031226,1.95e+03
625000,1249.9999999842653,-7041.298782080182,-5444.56277884679,305.8009106840201,1.95e+03
650000,1299.999999983083,-7016.56157344332,-5437.889384785805,302.3413964396213,1.95e+03
675000,1349.9999999819006,-6905.355672215762,-5338.871694924837,300.0071557586537,1.94e+03
700000,1399.9999999807183,-7035.127646209047,-5514.284730472055,291.26615025773503,1.95e+03
725000,1449.999999979536,-7040.186190250695,-5537.455378429155,287.7973878195281,1.95e+03
750000,1499.9999999783536,-7058.49894671824,-5457.928723974015,306.5352260722878,1.95e+03
775000,1549.9999999771712,-6927.28603056907,-5329.413293478394,306.0186137032161,1.95e+03
800000,1599.9999999759889,-6960.557370165937,-5383.7337605278435,301.9873634958748,1.95e+03
825000,1649.9999999748065,-7005.530411330048,-5476.829432422596,292.77109714242556,1.94e+03
850000,1699.9999999736242,-7017.524350734968,-5476.731788757378,295.08683193325624,1.94e+03
875000,1749.9999999724419,-7108.727600110798,-5556.156095130018,297.342691067125,1.94e+03
900000,1799.9999999712595,-6999.085720111569,-5471.902396776695,292.4804414202152,1.94e+03
925000,1849.9999999700772,-7040.344752176535,-5555.9446236904705,284.2867638678556,1.94e+03
950000,1899.9999999688948,-6957.955348626818,-5318.3189371612625,314.01703650541174,1.94e+03
975000,1949.9999999677125,-6893.332333776676,-5321.226978628857,301.08374103289844,1.94e+03
1000000,1999.9999999665301,-7060.247261134755,-5508.088704358096,297.2636047706864,1.94e+03
1025000,2049.999999965348,-6925.0632411480265,-5411.285096901878,289.9131316301725,1.94e+03
1050000,2099.9999999641655,-6870.221864569984,-5334.425165827565,294.1300428811685,1.94e+03
1075000,2149.999999962983,-7080.331720890972,-5487.66445320369,305.02168166130554,1.94e+03
1100000,2199.9999999618008,-7036.346048727228,-5554.335991315412,283.8290263898852,1.94e+03
1125000,2249.9999999606184,-6997.900564177293,-5408.259130540101,304.44218523470596,1.94e+03
1150000,2299.999999959436,-7047.92587540201,-5470.845125814179,302.0366099778505,1.94e+03
1175000,2349.9999999582537,-7028.856957336834,-5453.978765402246,301.6147843693392,1.94e+03
1200000,2399.9999999570714,-6930.9998304949395,-5339.830723337066,304.7347595568897,1.94e+03
1225000,2449.999999955889,-7009.235664372602,-5445.297081604105,299.5196713144925,1.94e+03
1250000,2499.9999999547067,-7027.750124377037,-5429.191839040183,306.1499073407204,1.94e+03
1275000,2549.9999999535244,-7072.360070852529,-5477.86015213455,305.3726641361906,1.94e+03
1300000,2599.999999952342,-7051.021674384286,-5453.791364136049,305.89557851576603,1.93e+03
1325000,2649.9999999511597,-6990.099207129631,-5326.437146268662,318.61833906890047,1.93e+03
1350000,2699.9999999499773,-7118.361967582452,-5505.694013668556,308.8521383241592,1.93e+03
1375000,2749.999999948795,-6978.2633137906905,-5304.766021699541,320.5019457896651,1.93e+03
1400000,2799.9999999476127,-7028.684697711769,-5466.09311714881,299.2616984872295,1.93e+03
1425000,2849.9999999464303,-7127.812543493603,-5457.568950205634,319.8788095573202,1.93e+03
1450000,2899.999999945248,-7049.959889164955,-5317.652092936392,331.7651137063331,1.93e+03
1475000,2949.9999999440656,-7035.715407735968,-5526.947994388582,288.95349517872967,1.93e+03
1500000,2999.9999999428833,-6962.654881090724,-5335.061717075459,311.7105587718142,1.93e+03
1525000,3049.999999941701,-6990.011502716381,-5315.766378989476,320.64516770912405,1.93e+03
1550000,3099.9999999405186,-7058.117215752447,-5500.376513735985,298.33267636075857,1.93e+03
1575000,3149.9999999393362,-6874.7293099957715,-5266.861318255789,307.9328675110384,1.93e+03
1600000,3199.999999938154,-6922.0785513607925,-5343.878881704626,302.25090136677557,1.93e+03
1625000,3249.9999999369716,-7030.687918806949,-5427.893236985031,306.9612461597413,1.93e+03
1650000,3299.999999935789,-7103.750743987612,-5575.3591933014,292.71183660614713,1.93e+03
1675000,3349.999999934607,-6968.206659986739,-5413.076561485455,297.83270333405943,1.93e+03
1700000,3399.9999999334245,-7063.912929937456,-5483.486368397167,302.67738737622267,1.93e+03
1725000,3449.999999932242,-7051.340675120082,-5467.057031249782,303.4160813661571,1.93e+03
1750000,3499.99999993106,-7012.554716838466,-5414.392449927754,306.0740633720768,1.93e+03
1775000,3549.9999999298775,-6860.350199346275,-5327.306481822901,293.60280220883743,1.93e+03
1800000,3599.999999928695,-6915.344076552778,-5303.499625969741,308.6944240445173,1.93e+03
1825000,3649.999999927513,-7181.53132623301,-5632.792407394578,296.608688495484,1.93e+03
1850000,3699.9999999263305,-7194.4916207606675,-5598.0062101183885,305.7529181276941,1.93e+03
1875000,3749.999999925148,-7116.089448040955,-5451.230955210685,318.8474752473564,1.93e+03
1900000,3799.999999923966,-6966.032216218767,-5423.185654094498,295.4802063634236,1.93e+03
1925000,3849.9999999227834,-7096.740687093282,-5449.822197461986,315.41167289505046,1.93e+03
1950000,3899.999999921601,-6992.77767090457,-5360.160460384657,312.6727453783219,1.93e+03
1975000,3949.9999999204188,-6902.009696209552,-5282.12901217668,310.2334934351071,1.93e+03
2000000,3999.9999999192364,-6967.558284783063,-5432.423975623012,294.003184504389,1.93e+03
2025000,4049.999999918054,-7076.633120613543,-5437.385077787539,313.94265759530055,1.93e+03
2050000,4099.999999917781,-7092.519871295927,-5637.062223961342,278.74380806573504,1.93e+03
2075000,4149.999999927967,-7086.491081775039,-5539.811115883012,296.2143655236269,1.93e+03
2100000,4199.999999938153,-7028.199677262411,-5491.028658585734,294.3932474977214,1.93e+03
2125000,4249.99999994834,-7077.20625722456,-5474.079827536112,307.024781271054,1.93e+03
2150000,4299.999999958526,-7056.101234098529,-5454.727286667336,306.68915241998474,1.93e+03
2175000,4349.9999999687125,-7051.156172370027,-5582.902482126883,281.1944583715246,1.93e+03
2200000,4399.999999978899,-7121.456132096799,-5609.7381837391495,289.5185706146917,1.93e+03
2225000,4449.999999989085,-7045.911949242801,-5519.6304822262655,292.30772126929764,1.93e+03
2250000,4499.9999999992715,-7145.447850297188,-5519.87289678391,311.3240386406152,1.93e+03
2275000,4550.000000009458,-7125.333590393233,-5526.642418649989,306.17535724853843,1.93e+03
2300000,4600.000000019644,-7073.098067275083,-5530.222977839344,295.4856698074804,1.93e+03
2325000,4650.0000000298305,-6970.1227471338325,-5467.455867045004,287.7851438530581,1.93e+03
2350000,4700.000000040017,-7062.868080258881,-5555.182549373475,288.7462970937258,1.93e+03
2375000,4750.000000050203,-7174.996872448948,-5640.464373831784,293.88792799880434,1.93e+03
2400000,4800.0000000603895,-7149.584760594116,-5599.876017385495,296.79442563362494,1.93e+03
2425000,4850.000000070576,-7122.542286631315,-5545.0298576565865,302.1192836003963,1.93e+03
2450000,4900.000000080762,-7011.786669840227,-5462.915437353791,296.6340287107565,1.93e+03
2475000,4950.000000090949,-7201.900060103694,-5645.7379014061435,298.0303596449711,1.93e+03
2500000,5000.000000101135,-7054.923626788865,-5334.516088805541,329.4860207307882,1.93e+03
2525000,5050.000000111321,-7042.66556799321,-5485.897656206915,298.1463712122012,1.93e+03
2550000,5100.000000121508,-7099.808307338715,-5611.088992082817,285.1139583727424,1.93e+03
2575000,5150.000000131694,-7051.893326234038,-5409.607227283175,314.52449474797294,1.93e+03
2600000,5200.00000014188,-7005.886604731634,-5446.022116194896,298.7394160163335,1.93e+03
2625000,5250.000000152067,-7021.255925733259,-5361.614434395221,317.8483346228987,1.93e+03
2650000,5300.000000162253,-6922.603944566099,-5477.2366346048275,276.8113443700334,1.93e+03
2675000,5350.000000172439,-7055.582533687695,-5475.826260962538,302.54901616791165,1.93e+03
2700000,5400.000000182626,-6894.66096208511,-5351.1800487261135,295.6016949406716,1.93e+03
2725000,5450.000000192812,-7172.651849929841,-5538.29596390229,313.00573001231464,1.93e+03
2750000,5500.000000202998,-7029.52763331752,-5491.920227505313,294.47682273068773,1.93e+03
2775000,5550.000000213185,-7047.888701931544,-5538.4287383570345,289.0861298094513,1.93e+03
2800000,5600.000000223371,-7121.101381741857,-5441.977552572023,321.5795191387815,1.93e+03
2825000,5650.000000233557,-7011.731397910031,-5401.858661856931,308.3168086480821,1.93e+03
2850000,5700.000000243744,-6980.325264040584,-5426.101184919718,297.6591858890539,1.93e+03
2875000,5750.00000025393,-7071.087718678799,-5551.519875871752,291.0219530564593,1.93e+03
2900000,5800.000000264116,-6906.681506184885,-5321.671777537242,303.55513840858356,1.93e+03
2925000,5850.000000274303,-7074.598849004235,-5440.252914433699,313.003824146466,1.93e+03
2950000,5900.000000284489,-7019.4485188209,-5454.69615451499,299.675523712594,1.93e+03
2975000,5950.000000294675,-7241.49143848203,-5659.395134701412,302.99717016853543,1.93e+03
3000000,6000.000000304862,-7088.289008968939,-5514.047963112659,301.492760534096,1.93e+03
3025000,6050.000000315048,-7018.658906107234,-5556.736562025553,279.9819026214754,1.93e+03
3050000,6100.000000325234,-6987.10828334934,-5409.845575538512,302.0714579365526,1.93e+03
3075000,6150.000000335421,-7101.954058519605,-5527.999299744565,301.43793190244793,1.93e+03
3100000,6200.000000345607,-7076.484279393777,-5545.439582470175,293.2199572559784,1.93e+03
3125000,6250.000000355793,-7017.735399176576,-5418.836279233831,306.21518271038906,1.93e+03
3150000,6300.00000036598,-7107.355111531943,-5548.630197753746,298.5211689183481,1.93e+03
3175000,6350.000000376166,-7105.71220369052,-5481.136428051101,311.13267982917586,1.93e+03
3200000,6400.000000386352,-7121.4884397288215,-5575.289366122397,296.1222668306804,1.93e+03
3225000,6450.000000396539,-7096.991177658386,-5450.9446773759655,315.24467275448075,1.93e+03
3250000,6500.000000406725,-7105.760306728708,-5533.846498463021,301.04705669004153,1.93e+03
3275000,6550.0000004169115,-7149.401145590398,-5689.5063078751955,279.5936021810574,1.93e+03
3300000,6600.000000427098,-7193.08898261988,-5572.609991327566,310.34807900494195,1.93e+03
3325000,6650.000000437284,-7074.024383632929,-5507.961166913271,299.9265732668627,1.93e+03
3350000,6700.0000004474705,-7056.428467674588,-5529.920507847228,292.3510983257889,1.93e+03
3375000,6750.000000457657,-7063.090373026809,-5509.924846157237,297.4564559187916,1.93e+03
3400000,6800.000000467843,-7026.860898430714,-5331.18794464189,324.7489456246017,1.93e+03
3425000,6850.0000004780295,-7025.305524479059,-5535.298911547203,285.36049681167805,1.93e+03
3450000,6900.000000488216,-7013.560740207081,-5479.433852237811,293.81024696370645,1.93e+03
3475000,6950.000000498402,-7053.551151241527,-5552.618477666546,287.4530151040509,1.93e+03
3500000,7000.0000005085885,-7024.469627957099,-5421.962695183902,306.9061375375464,1.93e+03
3525000,7050.000000518775,-7054.280397175842,-5567.463840496962,284.7495491626503,1.93e+03
3550000,7100.000000528961,-7028.318539714013,-5425.1804558505955,307.0270132350804,1.93e+03
3575000,7150.000000539148,-7111.748496054396,-5564.1917008333585,296.3822925991002,1.93e+03
3600000,7200.000000549334,-7091.6735306311575,-5495.610955078457,305.67193833191044,1.93e+03
3625000,7250.00000055952,-7175.8326553598545,-5593.230690349759,303.09401251702536,1.93e+03
3650000,7300.000000569707,-7133.701115454576,-5516.309335142907,309.7568278980318,1.93e+03
3675000,7350.000000579893,-7139.041448463442,-5667.052745041537,281.90977413391056,1.93e+03
3700000,7400.000000590079,-7024.1158476619385,-5512.290150248792,289.53920631103085,1.93e+03
3725000,7450.000000600266,-7035.646215932107,-5407.5828974020915,311.8006010070251,1.93e+03
3750000,7500.000000610452,-6992.217899472934,-5421.04517220366,300.9051276277952,1.93e+03
3775000,7550.000000620638,-7117.894986289706,-5516.974701513852,306.60226864404115,1.93e+03
3800000,7600.000000630825,-7105.201396134006,-5589.257426379478,290.32792243560584,1.93e+03
3825000,7650.000000641011,-7085.361425908151,-5610.526622077861,282.45484864530124,1.93e+03
3850000,7700.000000651197,-6880.249614364144,-5302.18564659232,302.22491224914455,1.93e+03
3875000,7750.000000661384,-7220.957255958078,-5710.244741992803,289.3260135782134,1.93e+03
3900000,7800.00000067157,-7025.154408361116,-5507.908655361624,290.57723509656967,1.93e+03
3925000,7850.000000681756,-7094.421575442536,-5495.288228519176,306.2600409861678,1.93e+03
3950000,7900.000000691943,-6935.423747703658,-5485.860471051112,277.6149402260753,1.93e+03
3975000,7950.000000702129,-7096.793732177894,-5495.977228195228,306.58239293446593,1.93e+03
4000000,8000.000000712315,-7055.904691486623,-5470.637963431893,303.60435797435605,1.93e+03
4025000,8050.000000722502,-6990.928993127582,-5465.680888137713,292.109815636694,1.93e+03
4050000,8100.000000732688,-7112.628862007963,-5500.79391473593,308.6926040059177,1.93e+03
4075000,8150.000000742874,-7111.49382412146,-5492.649422370218,310.0350285261888,1.93e+03
4100000,8200.00000075306,-7107.584455398725,-5571.3824779366905,294.20766034660335,1.93e+03
4125000,8250.000000763246,-7159.969068765583,-5616.235913330773,295.6500034001416,1.93e+03
4150000,8300.000000773432,-6952.818426035847,-5418.641581614653,293.81981443663983,1.93e+03
4175000,8350.000000783619,-7140.612615816263,-5666.220241749134,282.3701161508786,1.93e+03
4200000,8400.000000793805,-7083.083045354729,-5408.438697938298,320.7216255378299,1.93e+03
4225000,8450.000000803991,-7046.120174534423,-5459.294611991885,303.90290012848305,1.93e+03
4250000,8500.000000814178,-7001.325266188795,-5346.039523280279,317.0141379656172,1.93e+03
4275000,8550.000000824364,-7058.256987776044,-5552.283324696643,288.4184465705418,1.93e+03
4300000,8600.00000083455,-7033.81188657311,-5518.534972594825,290.20017040681756,1.93e+03
4325000,8650.000000844737,-7101.203200509916,-5435.855131720239,318.94123700504986,1.93e+03
4350000,8700.000000854923,-7057.398410672134,-5463.780226098347,305.2037977088481,1.93e+03
4375000,8750.00000086511,-7093.158176198564,-5599.091494096364,286.1380660825012,1.93e+03
4400000,8800.000000875296,-7080.973437697731,-5559.386677836906,291.40860850381625,1.93e+03
4425000,8850.000000885482,-6946.836945947774,-5426.289453211463,291.2095719489463,1.93e+03
4450000,8900.000000895669,-7021.286201961283,-5474.800633207507,296.1771353103723,1.93e+03
4475000,8950.000000905855,-7077.949872918114,-5567.214190033459,289.33045080304674,1.93e+03
4500000,9000.000000916041,-7076.377550278315,-5572.342823137649,288.0471088073658,1.93e+03
4525000,9050.000000926228,-7104.2185169259465,-5531.342998921808,301.2312397442449,1.93e+03
4550000,9100.000000936414,-7103.446998647519,-5501.52803552411,306.7935317880699,1.93e+03
4575000,9150.0000009466,-7134.681599076244,-5530.0339086444665,307.31612744209036,1.93e+03
4600000,9200.000000956787,-7134.510992090289,-5487.923109259278,315.34835631647974,1.93e+03
4625000,9250.000000966973,-7032.883477179939,-5430.156752814484,306.94823120170685,1.93e+03
4650000,9300.00000097716,-7128.968824934999,-5613.823025195102,290.1750598979912,1.93e+03
4675000,9350.000000987346,-7118.201811634451,-5600.255960901253,290.71131519753897,1.93e+03
4700000,9400.000000997532,-7136.72205044632,-5660.20342733609,282.7773274196197,1.93e+03
4725000,9450.000001007718,-6978.686154205762,-5421.7815061382635,298.1725584336522,1.93e+03
4750000,9500.000001017905,-7120.601706833707,-5530.6518970949655,304.5012442729542,1.93e+03
4775000,9550.000001028091,-7144.957091344048,-5490.993846276775,316.76085812260584,1.93e+03
4800000,9600.000001038277,-7031.208339591356,-5450.074511095388,302.81284049978564,1.93e+03
4825000,9650.000001048464,-6950.537501801692,-5358.267494762662,304.94559978692644,1.93e+03
4850000,9700.00000105865,-7233.516882323229,-5745.376264604449,285.0031283836254,1.93e+03
4875000,9750.000001068836,-7153.535063221962,-5554.075522177536,306.3225124649094,1.93e+03
4900000,9800.000001079023,-7183.933380600829,-5698.0186813106375,284.5768288067433,1.93e+03
4925000,9850.000001089209,-7027.973038962089,-5402.875002016137,311.2327013623717,1.93e+03
4950000,9900.000001099395,-7135.241728329218,-5699.553246342773,274.9576914160933,1.93e+03
4975000,9950.000001109582,-7024.986377435837,-5447.621848282646,302.0909583794302,1.93e+03
5000000,10000.000001119768,-7078.997517205129,-5462.626336879798,309.56136640368686,1.93e+03
5025000,10050.000001129954,-6989.258994638038,-5482.474307206761,288.5737709227755,1.93e+03
5050000,10100.00000114014,-7125.007146496918,-5584.140167367875,295.10108402792866,1.93e+03
5075000,10150.000001150327,-7008.651041487027,-5482.568084001723,292.2697034659118,1.93e+03
5100000,10200.000001160513,-7086.964723998973,-5580.027660222596,288.6029534708009,1.93e+03
5125000,10250.0000011707,-7059.095978041868,-5354.572196572467,326.4440230572812,1.93e+03
5150000,10300.000001180886,-7025.391849874739,-5366.7741696834555,317.65225813911445,1.93e+03
5175000,10350.000001191072,-6828.591269481394,-5286.710273101718,295.29528482133793,1.93e+03
5200000,10400.000001201259,-7049.307739675632,-5506.209373459888,295.5284309417703,1.93e+03
5225000,10450.000001211445,-7061.86092301855,-5468.395377875007,305.1745647757393,1.93e+03
5250000,10500.000001221631,-7168.592988425689,-5630.093651597021,294.6476420248911,1.93e+03
5275000,10550.000001231818,-7049.993961549322,-5438.1848524463185,308.68765557636914,1.93e+03
5300000,10600.000001242004,-7136.560767505929,-5536.679093466437,306.40335779817644,1.93e+03
5325000,10650.00000125219,-7000.8459511987,-5497.3741341673,287.9393023674169,1.93e+03
5350000,10700.000001262377,-7072.593412171107,-5490.952800038485,302.90989780750255,1.93e+03
5375000,10750.000001272563,-7078.135563261698,-5486.773009839768,304.771807662273,1.93e+03
5400000,10800.00000128275,-6953.557216742392,-5418.0215719606,294.08004680245807,1.93e+03
5425000,10850.000001292936,-7242.015666051166,-5700.124482028922,295.29723592056064,1.93e+03
5450000,10900.000001303122,-6993.520502281063,-5454.16777320984,294.8110805171749,1.93e+03
5475000,10950.000001313309,-7117.0251515760865,-5549.705511305754,300.1671988087324,1.93e+03
5500000,11000.000001323495,-7109.68274735137,-5498.478499480533,308.5718148141772,1.93e+03
5525000,11050.000001333681,-7042.5278227654935,-5426.680139770893,309.4611081517568,1.93e+03
5550000,11100.000001343868,-7146.617023873978,-5679.343582408479,281.0067247898343,1.93e+03
5575000,11150.000001354054,-7074.806124847932,-5487.4903765728695,303.99677866764455,1.93e+03
5600000,11200.00000136424,-7197.53133800787,-5678.7811826705365,290.8653526088043,1.93e+03
5625000,11250.000001374427,-7182.731102025429,-5688.163324054856,286.23403409009785,1.93e+03
5650000,11300.000001384613,-7082.4946717390685,-5379.111180055603,326.2256390199221,1.93e+03
5675000,11350.0000013948,-7118.598568327487,-5570.044354577967,296.5733144672895,1.93e+03
5700000,11400.000001404986,-6975.823947055158,-5467.705610817109,288.82918635702237,1.93e+03
5725000,11450.000001415172,-6988.399463878701,-5289.8522396676135,325.29941515174977,1.93e+03
5750000,11500.000001425358,-7087.325032078979,-5502.780044177514,303.4661329980928,1.93e+03
5775000,11550.000001435545,-6985.541086395892,-5506.59329747931,283.2425521745451,1.93e+03
5800000,11600.000001445731,-7070.346265189994,-5452.0509091474,309.9298773444206,1.93e+03
5825000,11650.000001455917,-7108.092734954971,-5504.9952281921,307.0192420604623,1.93e+03
5850000,11700.000001466104,-7231.727069602817,-5657.469415965353,301.49594119426797,1.93e+03
5875000,11750.00000147629,-6997.898288685759,-5312.739731237799,322.7352677405821,1.93e+03
5900000,11800.000001486476,-7162.645612893572,-5530.590161417658,312.5651593860903,1.93e+03
5925000,11850.000001496663,-7134.541086435809,-5586.731603957319,296.43068631809354,1.93e+03
5950000,11900.000001506849,-7036.369769415494,-5495.006265607564,295.1961765784025,1.93e+03
5975000,11950.000001517035,-7155.62194513289,-5485.766480322969,319.80447664204235,1.93e+03
6000000,12000.000001527222,-7040.924783752256,-5538.738630616434,287.6930768239926,1.93e+03
6025000,12050.000001537408,-6969.083400938876,-5404.138732930786,299.71235299879754,1.93e+03
6050000,12100.000001547594,-7043.0569210422345,-5481.38882347325,299.08483647623524,1.93e+03
6075000,12150.00000155778,-7161.434976392434,-5614.899410625934,296.1867105513585,1.93e+03
6100000,12200.000001567967,-7138.8215339549115,-5559.401532516091,302.4846147481464,1.93e+03
6125000,12250.000001578153,-7070.667769476742,-5519.002180143029,297.1691934887431,1.93e+03
6150000,12300.00000158834,-6978.431703988621,-5359.5888110040505,310.0347395728358,1.93e+03
6175000,12350.000001598526,-6980.730795183758,-5326.617894505445,316.78951960581435,1.93e+03
6200000,12400.000001608712,-7093.777077547309,-5616.878238772601,282.8501449024209,1.93e+03
6225000,12450.000001618899,-7054.9021177597115,-5548.810437455779,288.44104878823157,1.93e+03
6250000,12500.000001629085,-7021.436249957728,-5365.869926191376,317.06787376268903,1.93e+03
6275000,12550.000001639271,-7078.706697068871,-5589.530111756156,285.20153302473256,1.93e+03
6300000,12600.000001649458,-7055.447445500469,-5521.495005741265,293.77683729460813,1.93e+03
6325000,12650.000001659644,-7193.121152946844,-5668.535727206422,291.98290178395814,1.93e+03
6350000,12700.00000166983,-7185.431668896631,-5684.367292794878,287.4782382796697,1.93e+03
6375000,12750.000001680017,-6982.676830583528,-5410.536605144282,301.09041926076617,1.93e+03
6400000,12800.000001690203,-7019.920801206206,-5406.467236723689,309.0025955236217,1.93e+03
6425000,12850.00000170039,-7094.057389682264,-5546.8853671631905,296.30860236951384,1.93e+03
6450000,12900.000001710576,-7124.144686126863,-5550.459551994693,301.386294398712,1.93e+03
6475000,12950.000001720762,-7075.792598757692,-5523.061201207234,297.37331309438537,1.93e+03
6500000,13000.000001730948,-7140.518671736585,-5463.607866395651,321.1556890874313,1.93e+03
6525000,13050.000001741135,-7150.288358454877,-5609.8348097283615,295.02190538265404,1.93e+03
6550000,13100.000001751321,-6984.513419983115,-5424.122801829698,298.8401783938288,1.93e+03
6575000,13150.000001761508,-7041.191317509944,-5413.579362364078,311.71415757890486,1.93e+03
6600000,13200.000001771694,-6999.34009538988,-5480.337519536102,290.91369524255697,1.93e+03
6625000,13250.00000178188,-6897.676711595983,-5309.248764242688,304.20978287766843,1.93e+03
6650000,13300.000001792067,-7160.409771477088,-5483.936230913592,321.0719457717674,1.93e+03
6675000,13350.000001802253,-6905.696775086594,-5401.086768761248,288.1572841264021,1.93e+03
6700000,13400.00000181244,-7079.3663119821285,-5511.7060647327735,300.232430584154,1.93e+03
6725000,13450.000001822626,-7057.474680454159,-5522.474256786095,293.97754325543235,1.93e+03
6750000,13500.000001832812,-7092.149766155998,-5546.520131273819,296.0132100547949,1.93e+03
6775000,13550.000001842998,-7070.519748082348,-5548.822466831787,291.42977514724555,1.93e+03
6800000,13600.000001853185,-7049.83651726687,-5490.143406710897,298.70659434607416,1.93e+03
6825000,13650.000001863371,-7123.3184796275855,-5512.243380287099,308.5470807704061,1.93e+03
6850000,13700.000001873557,-7132.910449055121,-5599.462004705594,293.68031397769914,1.93e+03
6875000,13750.000001883744,-7048.717533317509,-5562.418893281622,284.6503597031748,1.93e+03
6900000,13800.00000189393,-7078.4599248668665,-5569.906973648422,288.9124221934618,1.93e+03
6925000,13850.000001904116,-7084.717282922324,-5540.276502624134,295.7855250688495,1.93e+03
6950000,13900.000001914303,-7027.263639240968,-5467.663786484629,298.6887339608892,1.93e+03
6975000,13950.000001924489,-7081.315849838234,-5472.594686889236,308.09626367180505,1.93e+03
7000000,14000.000001934675,-7202.281753242913,-5678.613939015464,291.8071642570576,1.93e+03
7025000,14050.000001944862,-7028.232919936997,-5606.852590116255,272.2174475976931,1.93e+03
7050000,14100.000001955048,-7113.706533231483,-5566.847598788134,296.24864091158537,1.93e+03
7075000,14150.000001965234,-6969.342495970423,-5412.70350508437,298.1216807632977,1.93e+03
7100000,14200.00000197542,-7037.31639029953,-5452.9179230591235,303.4380719087861,1.93e+03
7125000,14250.000001985607,-7074.877130678026,-5420.582978568328,316.82423220242896,1.93e+03
7150000,14300.000001995793,-7021.0689835718085,-5569.536005613873,277.992170057271,1.93e+03
7175000,14350.00000200598,-7011.654206322154,-5445.0610127670925,300.0280724493071,1.93e+03
7200000,14400.000002016166,-7101.5909219127825,-5473.066683615514,311.88887463791497,1.93e+03
7225000,14450.000002026352,-7103.773172011173,-5620.295982332915,284.1100060773623,1.93e+03
7250000,14500.000002036539,-6923.818157039385,-5303.78666437534,310.2623757404214,1.93e+03
7275000,14550.000002046725,-7112.105993368972,-5585.329273786383,292.40257018947665,1.93e+03
7300000,14600.000002056911,-7194.1538898139515,-5722.042132858098,281.9333408867538,1.93e+03
7325000,14650.000002067098,-6978.080353588526,-5383.188300525711,305.44776424010144,1.93e+03
7350000,14700.000002077284,-7118.315280432919,-5588.103631483778,293.0604150218721,1.93e+03
7375000,14750.00000208747,-7049.677477737278,-5472.075257236793,302.1364801377655,1.93e+03
7400000,14800.000002097657,-7127.503662495454,-5612.35784239764,290.17506379686324,1.93e+03
7425000,14850.000002107843,-6977.735678595877,-5368.659671075007,308.1642221777886,1.93e+03
7450000,14900.00000211803,-7180.226289068079,-5625.662244742456,297.7242947542671,1.93e+03
7475000,14950.000002128216,-6995.973453050374,-5541.88638067604,278.4813206726049,1.93e+03
7500000,15000.000002138402,-7082.628013993389,-5568.863384223377,289.9105433882205,1.93e+03
7525000,15050.000002148588,-7034.991418898207,-5459.4697621118175,301.7380183524618,1.93e+03
7550000,15100.000002158775,-7135.431825705413,-5540.460316793586,305.4629813272958,1.93e+03
7575000,15150.000002168961,-7135.7302256637995,-5457.9870788613025,321.31509601282835,1.93e+03
7600000,15200.000002179147,-7110.126458812336,-5461.637139191551,315.71251238281985,1.93e+03
7625000,15250.000002189334,-7199.036565745231,-5643.236993801476,297.96091838524603,1.93e+03
7650000,15300.00000219952,-6985.023840289521,-5404.165388485553,302.7601013851015,1.93e+03
7675000,15350.000002209707,-7010.402636959562,-5359.753255650057,316.12619932305716,1.93e+03
7700000,15400.000002219893,-6931.82392434363,-5380.8318665829365,297.04020123956303,1.93e+03
7725000,15450.00000223008,-7051.336755680737,-5583.131857933786,281.18511381504175,1.93e+03
7750000,15500.000002240266,-7059.998938831471,-5535.483379628335,291.9695212059008,1.93e+03
7775000,15550.000002250452,-7111.393092177793,-5566.987082659505,295.7788658990569,1.93e+03
7800000,15600.000002260638,-7084.620875993366,-5589.374341058214,286.3640270867369,1.93e+03
7825000,15650.000002270825,-7050.1945842543855,-5513.104502340007,294.37774679155075,1.93e+03
7850000,15700.00000228101,-7044.49507407906,-5514.936147192554,292.9354081323344,1.93e+03
7875000,15750.000002291197,-7024.024064372947,-5460.965716159521,299.3510920828529,1.93e+03
7900000,15800.000002301384,-7129.547898178079,-5589.245081077677,294.9930378250608,1.93e+03
7925000,15850.00000231157,-7032.240737380759,-5543.31206353515,285.15405394725406,1.93e+03
7950000,15900.000002321756,-7072.068620309815,-5555.480530439097,290.4512819125148,1.93e+03
7975000,15950.000002331943,-7072.818441985586,-5480.914763342453,304.87544194189275,1.93e+03
8000000,16000.000002342129,-7139.379814705586,-5576.985612055669,299.2238974071292,1.93e+03
8025000,16050.000002352315,-7124.462116463594,-5564.987224287978,298.6648019775761,1.93e+03
8050000,16100.000002362502,-7063.167814246151,-5505.5894871675655,298.30157891961966,1.93e+03
8075000,16150.000002372688,-7090.841396601645,-5476.0497418509285,309.25886156995875,1.93e+03
8100000,16200.000002382874,-7171.219412208967,-5663.288714940812,288.7932504429094,1.93e+03
8125000,16250.00000239306,-7099.018764404275,-5519.496319203937,302.50423439441397,1.93e+03
8150000,16300.000002403247,-7004.077393088152,-5387.658015327965,309.57059699624693,1.93e+03
8175000,16350.000002413433,-7102.684412666053,-5401.9147842969605,325.72504168866607,1.93e+03
8200000,16400.000002423618,-7031.0405172238925,-5498.283733842403,293.54784965455354,1.93e+03
8225000,16450.000002433804,-6965.400596896303,-5292.099841435198,320.4643058289397,1.93e+03
8250000,16500.00000244399,-6967.162924958211,-5309.676432194459,317.4356173514119,1.93e+03
8275000,16550.000002454177,-7111.703904429438,-5666.534452052345,276.77345142510995,1.93e+03
8300000,16600.000002464363,-7159.184810184475,-5615.596413631509,295.6222797202048,1.93e+03
8325000,16650.00000247455,-7078.239241356851,-5470.626758910712,307.8839333261843,1.93e+03
8350000,16700.000002484736,-7112.382684560876,-5551.699964150339,298.89612072622396,1.93e+03
8375000,16750.000002494922,-7001.915465359127,-5358.054596386885,314.8260888159219,1.93e+03
8400000,16800.00000250511,-7056.668881552463,-5537.656533451846,290.91556678674266,1.93e+03
8425000,16850.000002515295,-7011.056353382584,-5440.074179244235,300.8686336044547,1.93e+03
8450000,16900.00000252548,-7032.453439962006,-5485.309387806781,296.3032455899838,1.93e+03
8475000,16950.000002535668,-7111.354973186546,-5348.103193867722,337.6913896780848,1.93e+03
8500000,17000.000002545854,-7041.087630341295,-5513.621317078078,292.5346385934652,1.93e+03
8525000,17050.00000255604,-7064.73627501776,-5589.5753437296335,282.51730735695014,1.93e+03
8550000,17100.000002566227,-7046.174635245513,-5410.3257130818,313.29167071209105,1.93e+03
8575000,17150.000002576413,-7251.559661292247,-5762.99952062662,285.0834738502138,1.93e+03
8600000,17200.0000025866,-7179.2429665726795,-5598.6233588388495,302.7143588615961,1.93e+03
8625000,17250.000002596786,-7122.021120328565,-5491.571571584813,312.2576028977476,1.93e+03
8650000,17300.000002606972,-7007.445210711611,-5428.670108913744,302.36110597956844,1.93e+03
8675000,17350.00000261716,-7164.456047273696,-5692.280912792496,281.94547871350073,1.93e+03
8700000,17400.000002627345,-7019.170756515026,-5322.125334129276,325.01179567994933,1.93e+03
8725000,17450.00000263753,-7235.206161889971,-5670.320185838816,299.7011125345978,1.93e+03
8750000,17500.000002647717,-7095.2234525563035,-5511.737030970943,303.26340033419046,1.93e+03
8775000,17550.000002657904,-7062.46632017274,-5504.178855937951,298.43739021699616,1.93e+03
8800000,17600.00000266809,-7094.636419203642,-5624.423921476948,281.56960185868286,1.93e+03
8825000,17650.000002678276,-7206.346210601612,-5695.569725006044,289.3382651857189,1.93e+03
8850000,17700.000002688463,-6908.096529739229,-5404.19852317834,288.0209245929931,1.93e+03
8875000,17750.00000269865,-7023.5367631442405,-5526.495095055827,286.7078242779786,1.93e+03
8900000,17800.000002708835,-7107.559017679171,-5591.471795934647,290.3553575212487,1.93e+03
8925000,17850.00000271902,-7065.931437926822,-5487.3550985994025,302.32303973420943,1.93e+03
8950000,17900.000002729208,-7131.5319125994165,-5440.127397031497,323.931470292106,1.93e+03
8975000,17950.000002739394,-7122.956514697479,-5564.0676186879855,298.55257418231463,1.93e+03
9000000,18000.00000274958,-7232.58904379159,-5688.469251093498,295.7240507235415,1.93e+03
9025000,18050.000002759767,-7170.266543251546,-5547.292221131051,310.8259754375209,1.93e+03
9050000,18100.000002769953,-7040.3465927686775,-5515.543420179351,292.02460384651505,1.93e+03
9075000,18150.00000278014,-7061.212151493828,-5503.08743772436,298.40622085624506,1.93e+03
9100000,18200.000002790326,-6970.619831798539,-5316.413458922856,316.8074210516523,1.93e+03
9125000,18250.000002800512,-7001.969965757131,-5408.847571692029,305.1088457639071,1.93e+03
9150000,18300.0000028107,-7096.531491909692,-5523.40867651339,301.27860121638565,1.93e+03
9175000,18350.000002820885,-7097.212599423247,-5451.906559447098,315.1028625644906,1.93e+03
9200000,18400.00000283107,-7179.976487101041,-5701.283590677778,283.1937361170217,1.93e+03
9225000,18450.000002841258,-6986.430590288376,-5482.044749729234,288.11435273679797,1.93e+03
9250000,18500.000002851444,-7220.695139492974,-5492.392361077979,330.99808766557584,1.93e+03
9275000,18550.00000286163,-7107.349995651453,-5524.739847014231,303.09557981470215,1.93e+03
9300000,18600.000002871817,-7026.089176690367,-5329.941957312461,324.83977519740114,1.93e+03
9325000,18650.000002882003,-7100.87308771851,-5536.343910094507,299.63277983355476,1.93e+03
9350000,18700.00000289219,-7052.920457921686,-5511.510192837444,295.20513212324636,1.93e+03
9375000,18750.000002902376,-6956.71731916908,-5418.9558285232015,294.50633248205804,1.93e+03
9400000,18800.000002912562,-7127.4324739573385,-5602.7947322290165,291.9929211464018,1.93e+03
9425000,18850.00000292275,-7025.3704145354795,-5315.76946443909,327.4163834140873,1.93e+03
9450000,18900.000002932935,-7089.680694187142,-5595.297138920112,286.1987524465463,1.93e+03
9475000,18950.00000294312,-7088.2752849172975,-5451.505402747369,313.46804952990067,1.93e+03
9500000,19000.000002953308,-7004.986144061843,-5516.816183162661,285.00874807985,1.93e+03
9525000,19050.000002963494,-7077.82009127376,-5466.76961049907,308.54236591471,1.93e+03
9550000,19100.00000297368,-7073.586348350069,-5461.366510564116,308.7663167984093,1.93e+03
9575000,19150.000002983867,-7048.974673618396,-5418.219933541999,312.31605200095964,1.93e+03
9600000,19200.000002994053,-7032.293162488182,-5420.456708136878,308.6928926361062,1.93e+03
9625000,19250.00000300424,-7004.6316666848115,-5363.947957881511,314.2176109767026,1.93e+03
9650000,19300.000003014426,-7099.0957077743205,-5656.020642010714,276.37234232978574,1.93e+03
9675000,19350.000003024612,-7059.73961739432,-5456.212936766393,307.10143583483097,1.93e+03
9700000,19400.0000030348,-7156.8288392132245,-5577.220033295833,302.5207738761245,1.93e+03
9725000,19450.000003044985,-7063.1899309204455,-5530.343087521682,293.5650976124145,1.93e+03
9750000,19500.00000305517,-7009.9773527472935,-5488.0877832290325,291.4666014774951,1.93e+03
9775000,19550.000003065357,-7039.073562425316,-5437.324273554563,306.7610364094498,1.93e+03
9800000,19600.000003075544,-7145.671884917268,-5522.732211671795,310.81933961449516,1.93e+03
9825000,19650.00000308573,-7098.257960776779,-5341.8113784655625,336.38808378525334,1.93e+03
9850000,19700.000003095916,-7001.923974033688,-5491.069432386976,289.3532141888577,1.93e+03
9875000,19750.000003106103,-7163.443515498997,-5644.63720705922,290.87610684108205,1.93e+03
9900000,19800.00000311629,-7037.999504958361,-5560.851814953394,282.8978039598257,1.93e+03
9925000,19850.000003126475,-6996.726332544173,-5335.522399640756,318.14756759103875,1.93e+03
9950000,19900.00000313666,-7108.401720065042,-5502.223435906373,307.60926103125166,1.93e+03
9975000,19950.000003146848,-7097.361824999116,-5545.788148531292,297.15159068024155,1.93e+03
10000000,20000.000003157034,-7058.9518701380175,-5429.574034249608,312.05235245779255,1.93e+03
10025000,20050.00000316722,-7103.952812879895,-5466.861334663511,313.5296404025803,1.93e+03
10050000,20100.000003177407,-6929.718461857013,-5417.821955542879,289.5527673670618,1.93e+03
10075000,20150.000003187593,-6958.7359138908705,-5299.456239303543,317.7790408312864,1.93e+03
10100000,20200.00000319778,-7070.255786302983,-5516.928222067251,297.4874887094572,1.93e+03
10125000,20250.000003207966,-7010.378376863242,-5453.253707277995,298.21469613228317,1.93e+03
10150000,20300.000003218152,-7092.245035142747,-5453.216859522639,313.90054944989873,1.93e+03
10175000,20350.00000322834,-7097.921936954992,-5521.340460769709,301.94099100209576,1.93e+03
10200000,20400.000003238525,-7195.893891190936,-5559.40888826681,313.4134905216331,1.93e+03
10225000,20450.00000324871,-6995.962267430284,-5430.701635532119,299.77286522194044,1.93e+03
10250000,20500.000003258898,-7143.637958771374,-5601.416956025796,295.36040156957966,1.93e+03
10275000,20550.000003269084,-7159.588709008421,-5594.113243527115,299.8140093467281,1.93e+03
10300000,20600.00000327927,-6968.867583988258,-5360.279519185007,308.0707732124571,1.93e+03
10325000,20650.000003289457,-7008.307028439631,-5465.639870836596,295.44584748013733,1.93e+03
10350000,20700.000003299643,-6893.517288785775,-5375.862213482884,290.65562697405556,1.93e+03
10375000,20750.00000330983,-7073.259944647558,-5492.124371399924,302.8131746481027,1.93e+03
10400000,20800.000003320016,-7079.919645483449,-5486.647449655888,305.1375352374891,1.93e+03
10425000,20850.000003330202,-6912.875726726842,-5460.543824264658,278.1451770919169,1.93e+03
10450000,20900.00000334039,-7057.133764202506,-5446.835588940651,308.3982871750361,1.93e+03
10475000,20950.000003350575,-7203.019339733093,-5627.494117348651,301.7387012224727,1.93e+03
10500000,21000.00000336076,-7085.0817765703105,-5611.625055527034,282.190923381254,1.93e+03
10525000,21050.000003370948,-7253.123289027904,-5688.295983042582,299.68987626290044,1.93e+03
10550000,21100.000003381134,-7017.3778858029045,-5551.460628651341,280.7469934394941,1.93e+03
10575000,21150.00000339132,-6950.342874710251,-5400.3050881063,296.8574427947227,1.93e+03
10600000,21200.000003401507,-7025.618952321567,-5397.795631654893,311.75463751335815,1.93e+03
10625000,21250.000003411693,-7126.126191241758,-5523.574607890935,306.91468884926763,1.93e+03
10650000,21300.00000342188,-7072.5208425511155,-5607.185679597042,280.63551293467935,1.93e+03
10675000,21350.000003432066,-7115.811663733538,-5521.987220939136,305.2432995122598,1.93e+03
10700000,21400.000003442252,-7165.178705383159,-5506.712060768869,317.6233323699847,1.93e+03
10725000,21450.00000345244,-7073.548393843039,-5533.585840715974,294.927871740806,1.93e+03
10750000,21500.000003462625,-7050.548320149544,-5570.805232378528,283.3948648382914,1.93e+03
10775000,21550.00000347281,-7097.313253250333,-5523.208896566758,301.4665823346885,1.93e+03
10800000,21600.000003482997,-7121.642331948407,-5529.297644552697,304.95990228968003,1.93e+03
10825000,21650.000003493184,-7020.766777764835,-5461.255369580854,298.67179538700003,1.93e+03
10850000,21700.00000350337,-6959.720813323094,-5394.666935558596,299.73326844311475,1.93e+03
10875000,21750.000003513556,-6994.3854112584895,-5373.6701136320435,310.3933355107334,1.93e+03
10900000,21800.000003523743,-7148.786849022246,-5657.739805821657,285.55975612758084,1.93e+03
10925000,21850.00000353393,-6979.543057643092,-5363.66743639194,309.4664587822173,1.93e+03
10950000,21900.000003544115,-7021.102982855542,-5477.577473796741,295.61023574239766,1.93e+03
10975000,21950.0000035543,-7162.259184151697,-5671.168102188314,285.5681902668127,1.93e+03
11000000,22000.000003564488,-7028.892097578908,-5381.9319742382895,315.4196464274318,1.93e+03
11025000,22050.000003574674,-7101.528600526464,-5418.108096323825,322.4024022799424,1.93e+03
11050000,22100.00000358486,-7192.26763328804,-5589.475810571052,306.96069859465257,1.93e+03
11075000,22150.000003595047,-7129.273225249299,-5610.506474892307,290.8685308249365,1.93e+03
11100000,22200.000003605233,-7091.484754757192,-5509.25546808155,303.0226385554954,1.93e+03
11125000,22250.00000361542,-7165.345333714595,-5529.230535129319,313.34259037049327,1.93e+03
11150000,22300.000003625606,-7138.5007259281065,-5587.499761200235,297.0419070686224,1.93e+03
11175000,22350.000003635792,-7190.343167480367,-5537.059502998697,316.6307073891471,1.93e+03
11200000,22400.00000364598,-7144.382797023996,-5656.422940464169,284.9685096821541,1.93e+03
11225000,22450.000003656165,-7122.507636157371,-5653.9431410407,281.253982559103,1.93e+03
11250000,22500.00000366635,-6945.567136343499,-5474.560367318055,281.7217177288057,1.93e+03
11275000,22550.000003676538,-7233.144055002888,-5774.556733579189,279.34319154845053,1.93e+03
11300000,22600.000003686724,-7285.274892671492,-5730.100520559787,297.84118245043084,1.93e+03
11325000,22650.00000369691,-7200.266391998962,-5707.153361427436,285.9554263061294,1.93e+03
11350000,22700.000003707097,-7121.96465300719,-5596.919545104369,292.07093839339285,1.93e+03
11375000,22750.000003717283,-7112.540569881712,-5612.010713113175,287.37586913502406,1.93e+03
11400000,22800.00000372747,-7059.121995677575,-5494.445145525355,299.6610615241539,1.93e+03
11425000,22850.000003737656,-7140.159569700947,-5680.58942426325,279.53141832978065,1.93e+03
11450000,22900.000003747842,-7211.346482065724,-5668.789986301046,295.42465393851285,1.93e+03
11475000,22950.00000375803,-7145.421218497283,-5660.577324717068,284.37175213818114,1.93e+03
11500000,23000.000003768215,-7170.102032941853,-5615.348869314225,297.7605141760525,1.93e+03
11525000,23050.0000037784,-7013.412665205478,-5465.524623418512,296.44573170319535,1.93e+03
11550000,23100.000003788587,-7062.908051431956,-5605.006972386397,279.2117649733871,1.93e+03
11575000,23150.000003798774,-7070.914325485082,-5459.011757031128,308.705554561909,1.93e+03
11600000,23200.00000380896,-7161.395834518231,-5530.3032666743775,312.3807515121709,1.93e+03
11625000,23250.000003819147,-7158.890639944721,-5675.852239635385,284.0259707776364,1.93e+03
11650000,23300.000003829333,-7057.90363947554,-5471.794975790862,303.76560233901887,1.93e+03
11675000,23350.00000383952,-7054.1286843968455,-5407.088947602731,315.4348936984473,1.93e+03
11700000,23400.000003849706,-7109.053734575544,-5527.417190496062,302.9091187091715,1.93e+03
11725000,23450.000003859892,-7091.362401822694,-5592.02445477306,287.1475990410602,1.93e+03
11750000,23500.00000387008,-7105.765902985895,-5576.060602024081,292.96344114808596,1.93e+03
11775000,23550.000003880265,-7149.049934176899,-5597.197809178751,297.20491810191874,1.93e+03
11800000,23600.00000389045,-7062.3445520125415,-5529.606126087117,293.54433390318883,1.93e+03
11825000,23650.000003900637,-7117.777595895928,-5590.283315620775,292.5399947310495,1.93e+03
11850000,23700.000003910824,-7060.2038904654955,-5625.158734548333,274.8344840120798,1.93e+03
11875000,23750.00000392101,-7093.770723713532,-5439.37281538911,316.8441032048285,1.93e+03
11900000,23800.000003931196,-6973.154427283618,-5445.953638872036,292.4837862664213,1.93e+03
11925000,23850.000003941383,-7053.359139891289,-5469.985272782656,303.2418443215401,1.93e+03
11950000,23900.00000395157,-7094.907076646292,-5492.004975448761,306.9818187170213,1.93e+03
11975000,23950.000003961755,-7180.098660975921,-5713.660184099401,280.84681549288007,1.93e+03
12000000,24000.00000397194,-7015.13222416497,-5493.85929924026,291.3485040099773,1.93e+03
12025000,24050.000003982128,-7078.894734651984,-5520.6265925692705,298.4336897106577,1.93e+03
12050000,24100.000003992314,-7032.609633404767,-5419.296285306996,308.9757418057489,1.93e+03
12075000,24150.0000040025,-7047.225924829236,-5510.951604005611,294.22151527679296,1.93e+03
12100000,24200.000004012687,-7008.313963999625,-5446.763846039357,299.06224146258586,1.93e+03
12125000,24250.000004022873,-7021.230229097009,-5470.034336858047,297.0792388569006,1.93e+03
12150000,24300.00000403306,-7119.414987529243,-5543.108124230578,301.8883981685635,1.93e+03
12175000,24350.000004043246,-7041.894638664497,-5565.431394788851,282.7667213956215,1.93e+03
12200000,24400.000004053432,-7192.5927197534875,-5566.4823411359,311.4265812551546,1.93e+03
12225000,24450.00000406362,-7203.146724143171,-5668.801850347681,293.8519947943055,1.93e+03
12250000,24500.000004073805,-7004.749699378364,-5442.75279957288,299.14780745149557,1.93e+03
12275000,24550.00000408399,-7065.520678583905,-5591.140409489266,282.36779785179596,1.93e+03
12300000,24600.000004094178,-7145.488281368985,-5542.73873486644,306.9526020120923,1.93e+03
12325000,24650.000004104364,-7070.249713942749,-5664.169272921202,269.28727008639265,1.93e+03
12350000,24700.00000411455,-7036.349028202303,-5421.284303672259,309.3111588733511,1.93e+03
12375000,24750.000004124737,-7162.749752763073,-5565.827613995703,305.8365586657063,1.93e+03
12400000,24800.000004134923,-7123.0498246804345,-5588.903809099898,293.8139102123163,1.93e+03
12425000,24850.00000414511,-7174.658532730315,-5517.373834484304,317.396970419689,1.93e+03
12450000,24900.000004155296,-7001.342024069605,-5500.39410506059,287.45593485258917,1.93e+03
12475000,24950.000004165482,-7142.079302022094,-5650.294622273727,285.7010255218999,1.93e+03
12500000,25000.00000417567,-7180.154765683895,-5569.942295905475,308.3818731812188,1.93e+03
12525000,25050.000004185855,-7024.497958864776,-5423.203694782674,306.6738917628259,1.93e+03
12550000,25100.00000419604,-6998.21602358798,-5331.088375074709,319.2820554615811,1.93e+03
12575000,25150.000004206227,-7058.5139699252395,-5555.926401684517,287.7699543443794,1.93e+03
12600000,25200.000004216414,-7206.590251058105,-5704.456691008662,287.6830043926841,1.93e+03
12625000,25250.0000042266,-7074.53506751771,-5523.410435966238,297.0655912764073,1.93e+03
12650000,25300.000004236786,-7161.255790431928,-5644.268549833658,290.52772576781615,1.93e+03
12675000,25350.000004246973,-7101.835308953785,-5579.46979732997,291.55775213046246,1.93e+03
12700000,25400.00000425716,-7081.786281241283,-5448.10898294431,312.87576942673917,1.93e+03
12725000,25450.000004267346,-7184.108800490629,-5470.975033882272,328.0929752266671,1.93e+03
12750000,25500.000004277532,-7130.3559180854445,-5512.0174992778275,309.9381245642077,1.93e+03
12775000,25550.00000428772,-7100.032134580557,-5568.882834302351,293.23999049944115,1.93e+03
12800000,25600.000004297905,-7167.968173330186,-5689.338982124754,283.18153553183515,1.93e+03
12825000,25650.00000430809,-7082.230160325159,-5483.389666055724,306.2039549405816,1.93e+03
12850000,25700.000004318277,-7203.92366318287,-5667.936887707958,294.16644566646215,1.93e+03
12875000,25750.000004328464,-7076.478066290618,-5526.621923838582,296.8226549857403,1.93e+03
12900000,25800.00000433865,-7053.668190348633,-5423.161163688568,312.2686108534252,1.93e+03
12925000,25850.000004348836,-7081.581830561041,-5517.521963977641,299.54289913735965,1.93e+03
12950000,25900.000004359023,-7096.072445732985,-5483.564528676853,308.8214886633836,1.93e+03
12975000,25950.00000436921,-7088.02381690241,-5533.499081884614,297.7167663825717,1.93e+03
13000000,26000.000004379395,-7012.145044856448,-5525.674862382703,284.6832128696417,1.93e+03
13025000,26050.00000438958,-7052.792632368529,-5586.842020055186,280.75338149539516,1.93e+03
13050000,26100.000004399768,-7032.185917013282,-5522.196765884475,289.1874778317286,1.93e+03
13075000,26150.000004409954,-7010.549135036483,-5482.910112663463,292.5677151965818,1.93e+03
13100000,26200.00000442014,-7135.041969306345,-5600.71234381317,293.84907449644464,1.93e+03
13125000,26250.000004430327,-7025.716443036249,-5380.313912658758,315.1213420454707,1.93e+03
13150000,26300.000004440513,-7120.966901017879,-5480.26660157513,314.2207883539532,1.93e+03
13175000,26350.0000044507,-6984.830829278911,-5559.2595892963,273.0200750461248,1.93e+03
13200000,26400.000004460886,-7024.945514336583,-5417.7977562713395,307.7949310499112,1.93e+03
13225000,26450.000004471072,-7107.471282895285,-5576.968756953616,293.1161226961727,1.93e+03
13250000,26500.00000448126,-7061.652902395239,-5582.384148215904,283.3040222418881,1.93e+03
13275000,26550.000004491445,-7028.45149271997,-5450.684352107753,302.16806502108716,1.93e+03
13300000,26600.00000450163,-7020.243739909416,-5426.321586267733,305.2620127284844,1.93e+03
13325000,26650.000004511818,-7160.454377611433,-5640.754914179643,291.0471605465078,1.93e+03
13350000,26700.000004522004,-6993.999629386385,-5486.293184936028,288.7503023815096,1.93e+03
13375000,26750.00000453219,-7125.692651473973,-5606.614725983185,290.9281259233776,1.93e+03
13400000,26800.000004542377,-7130.374892177567,-5474.7300798701335,317.0829055946839,1.93e+03
13425000,26850.000004552563,-7166.44797714038,-5666.129923648901,287.3353053631302,1.93e+03
13450000,26900.00000456275,-7200.089436220194,-5522.047950618231,321.3722327445013,1.93e+03
13475000,26950.000004572936,-6947.040301965517,-5372.108307982992,301.62508833644597,1.93e+03
13500000,27000.000004583122,-7077.660798490802,-5521.200636776046,298.0874320688806,1.93e+03
13525000,27050.00000459331,-7107.21564285247,-5465.047586080984,314.5018877510248,1.93e+03
13550000,27100.000004603495,-7020.456509110548,-5388.346825522338,312.5755457175158,1.93e+03
13575000,27150.00000461368,-7205.490928806264,-5735.060473744323,281.61134423279725,1.93e+03
13600000,27200.000004623867,-6984.677212693201,-5394.949882075918,304.45863590324706,1.93e+03
13625000,27250.000004634054,-7190.882389053986,-5699.839398028917,285.5589800700725,1.93e+03
13650000,27300.00000464424,-7033.953634956126,-5434.301601141654,306.3593779606838,1.93e+03
13675000,27350.000004654426,-7098.134633519538,-5550.851170294246,296.3299450769995,1.93e+03
13700000,27400.000004664613,-6922.710629129271,-5536.73622800852,265.43663648167535,1.93e+03
13725000,27450.0000046748,-7126.345091752685,-5510.5003530760805,309.4605442669802,1.93e+03
13750000,27500.000004684985,-7105.856056140321,-5568.175891623068,294.49075720590355,1.93e+03
13775000,27550.00000469517,-7081.21541528695,-5574.449442015013,288.57018685693276,1.93e+03
13800000,27600.000004705358,-7065.939489940149,-5458.6504355455,307.82199159474817,1.93e+03
13825000,27650.000004715544,-7156.773623446825,-5551.38250393172,307.45850620116516,1.93e+03
13850000,27700.00000472573,-7300.127424686834,-5733.9874312008815,299.9412772661492,1.93e+03
13875000,27750.000004735917,-7065.753261671129,-5605.136317351685,279.73189733864183,1.93e+03
13900000,27800.000004746104,-7096.8466933250165,-5516.7332871955,302.6174130225374,1.93e+03
13925000,27850.00000475629,-7097.1227375043,-5585.9255548398705,289.4188355157668,1.93e+03
13950000,27900.000004766476,-7023.004029398322,-5452.661476734978,300.7461356904893,1.93e+03
13975000,27950.000004776663,-7024.52769717291,-5381.627706912911,314.64206491675156,1.93e+03
14000000,28000.00000478685,-7195.754083448765,-5609.263933530204,303.8386631565232,1.93e+03
14025000,28050.000004797035,-7158.365874777845,-5492.355112928151,319.06815350273445,1.93e+03
14050000,28100.00000480722,-7095.609359658991,-5505.012772132533,304.6251127371794,1.93e+03
14075000,28150.000004817408,-7112.879984518053,-5463.655318256084,315.85334322278806,1.93e+03
14100000,28200.000004827594,-7286.6268668596795,-5639.160160397712,315.5166653332069,1.93e+03
14125000,28250.00000483778,-7257.780902945968,-5723.770300351312,293.7879764234391,1.93e+03
14150000,28300.000004847967,-7216.242027045844,-5689.92376457152,292.31476819783063,1.93e+03
14175000,28350.000004858153,-7195.58489176326,-5573.596403015734,310.63717231500965,1.93e+03
14200000,28400.00000486834,-7142.012650110479,-5582.900675954256,298.59529727510215,1.93e+03
14225000,28450.000004878526,-7260.419120299721,-5591.249768075149,319.6730749244091,1.93e+03
14250000,28500.000004888712,-7178.191007884137,-5519.741031693732,317.6201400957496,1.93e+03
14275000,28550.0000048989,-7253.61988701898,-5568.769342897395,322.6762781796793,1.93e+03
14300000,28600.000004909085,-7161.497078095302,-5613.810000645655,296.40724376452386,1.93e+03
14325000,28650.00000491927,-7082.438148081589,-5457.0398115185435,311.290213622507,1.93e+03
14350000,28700.000004929458,-7253.1954974757155,-5679.6644358625035,301.3567870058097,1.93e+03
14375000,28750.000004939644,-7224.833410183705,-5653.691980972962,300.8991335406188,1.93e+03
14400000,28800.00000494983,-7170.174263715163,-5603.67607027436,300.00987838253786,1.93e+03
14425000,28850.000004960017,-7118.129527925262,-5619.517935538928,287.0084903110841,1.93e+03
14450000,28900.000004970203,-7138.170406657795,-5463.784282214117,320.6721716393347,1.93e+03
14475000,28950.00000498039,-7163.154238059101,-5598.122675742265,299.72899467199454,1.93e+03
14500000,29000.000004990576,-7195.89003716845,-5514.5348097725655,322.00686818598996,1.93e+03
14525000,29050.000005000762,-7211.056186424283,-5602.806952257704,308.00588163548247,1.93e+03
14550000,29100.00000501095,-7161.694293791593,-5571.03795155764,304.6365567353938,1.93e+03
14575000,29150.000005021135,-7219.160586955785,-5632.740354439859,303.825272836924,1.93e+03
14600000,29200.00000503132,-7110.4283294095485,-5464.442595997815,315.2330349105555,1.93e+03
14625000,29250.000005041507,-7167.91084298317,-5498.3674315681765,319.7447133423125,1.93e+03
14650000,29300.000005051694,-7229.97357382293,-5739.262027260512,285.4955030655365,1.93e+03
14675000,29350.00000506188,-7236.338165417995,-5658.183954233045,302.24219533029344,1.93e+03
14700000,29400.000005072066,-7124.602841932201,-5578.625052207348,296.0798873688488,1.93e+03
14725000,29450.000005082253,-7214.369610141921,-5612.1585697771825,306.8494693295346,1.93e+03
14750000,29500.00000509244,-7190.4600958970295,-5624.044485302187,299.9940624245772,1.93e+03
14775000,29550.000005102625,-7097.124227761927,-5642.170826257281,278.6472367892736,1.93e+03
14800000,29600.00000511281,-7155.131515480381,-5543.2306538192415,308.7052276833289,1.93e+03
14825000,29650.000005122998,-7285.292217571436,-5732.26095105311,297.4307428781907,1.93e+03
14850000,29700.000005133184,-7023.2515335943435,-5494.2644894450295,292.82588328822504,1.93e+03
14875000,29750.00000514337,-7090.693075410836,-5558.089487982826,293.51851013819527,1.93e+03
14900000,29800.000005153557,-7229.541015491769,-5654.613002941388,301.6243258274446,1.93e+03
14925000,29850.000005163743,-7058.142718729197,-5502.049656557654,298.0171265365955,1.93e+03
14950000,29900.00000517393,-7146.514321442617,-5560.098716867854,303.8243865109319,1.93e+03
14975000,29950.000005184116,-7111.369356929774,-5413.164603641741,325.2338264007347,1.93e+03
15000000,30000.000005194303,-7156.676864548488,-5548.772069248782,307.9399159912237,1.93e+03
