#"Step","Time (ps)","Potential Energy (kJ/mole)","Total Energy (kJ/mole)","Temperature (K)","Speed (ns/day)"
25000,50.00000000001514,-6997.619039183469,-5367.383910082613,312.21653804924824,0
50000,99.99999999994834,-7092.338549566288,-5423.833943296596,319.54576526397443,1.92e+03
75000,149.99999999998812,-7064.227556541774,-5405.63604750243,317.6472459379235,1.92e+03
100000,200.00000000022686,-7019.946216754902,-5512.087800960904,288.7794073651694,1.93e+03
125000,250.0000000004656,-7081.781402244172,-5560.926573593814,291.26843177437195,1.93e+03
150000,300.00000000070435,-7086.223878420977,-5510.837098844302,301.71218717343316,1.93e+03
175000,350.0000000009431,-7018.3808522336685,-5516.423385879543,287.6492795864012,1.93e+03
200000,400.00000000118183,-7088.043398188733,-5418.312814572947,319.7805598625519,1.93e+03
225000,450.0000000014206,-7026.5951379931985,-5464.506201508719,299.16543397222034,1.94e+03
250000,500.0000000016593,-7009.494393251221,-5443.3329144161935,299.9453920598909,1.93e+03
275000,550.000000000818,-7106.964900014536,-5508.252545936113,306.1794140101915,1.93e+03
300000,599.9999999996356,-7070.929857428165,-5471.273764058691,306.3601554314829,1.93e+03
325000,649.9999999984533,-7038.366843747444,-5409.374256079541,311.9785711586726,1.93e+03
350000,699.999999997271,-7132.836155374006,-5640.244939728829,285.85549026199755,1.93e+03
375000,749.9999999960886,-6978.364715843561,-5457.98059259203,291.1782840359019,1.93e+03
400000,799.9999999949063,-6952.886939560469,-5350.389374964654,306.90434337923267,1.93e+03
425000,849.9999999937239,-7177.967077482249,-5603.584165364616,301.5199302301693,1.93e+03
450000,899.9999999925416,-6965.931520659602,-5471.134373239356,286.2779620697082,1.93e+03
475000,949.9999999913592,-7003.159571674986,-5414.327968273228,304.28708957518967,1.93e+03
500000,999.9999999901769,-7143.918584170024,-5543.782031557059,306.45217118982293,1.93e+03
525000,1049.9999999889947,-7113.641292273913,-5488.900892275307,311.1642080710755,1.93e+03
550000,1099.9999999878123,-6999.127069697019,-5270.630026398987,331.03529254980623,1.93e+03
575000,1149.99999998663,-7110.219775768832,-5493.116758530954,309.70152507354584,1.93e+03
600000,1199.9999999854476,-7025.902304468004,-5496.524526240291,292.9007152183424,1.93e+03
625000,1249.9999999842653,-7076.7727944987255,-5426.083462449823,316.1338505393294,1.94e+03
650000,1299.999999983083,-7064.287859330487,-5436.1220002314285,311.8202391935078,1.94e+03
675000,1349.9999999819006,-7052.761956531815,-5521.061486779943,293.34554841674674,1.94e+03
700000,1399.9999999807183,-6958.978057018998,-5347.902917694518,308.54708842799107,1.94e+03
725000,1449.999999979536,-7099.503837252564,-5516.211044712052,303.2263172233132,1.94e+03
750000,1499.9999999783536,-7136.0058089621325,-5635.416781626473,287.3872012608578,1.94e+03
775000,1549.9999999771712,-7088.257389211758,-5477.313846330153,308.5218855691638,1.94e+03
800000,1599.9999999759889,-7017.856666846261,-5410.824604999811,307.77277334256445,1.93e+03
825000,1649.9999999748065,-6994.02126762923,-5397.133857638365,305.8299075402475,1.93e+03
850000,1699.9999999736242,-7081.537144751072,-5560.9213439782625,291.2226540487587,1.93e+03
875000,1749.9999999724419,-6998.449011495968,-5571.476719652898,273.2883992612589,1.93e+03
900000,1799.9999999712595,-7099.266509453465,-5441.540521416412,317.4814845909127,1.93e+03
925000,1849.9999999700772,-6992.741413725618,-5477.098559529439,290.2702539094514,1.93e+03
950000,1899.9999999688948,-6975.325506773448,-5462.632559843915,289.7052986966,1.93e+03
975000,1949.9999999677125,-7048.679549034019,-5485.580833794041,299.35882302488494,1.93e+03
1000000,1999.9999999665301,-7197.390838029377,-5549.223675949808,315.6508139747624,1.93e+03
1025000,2049.999999965348,-7061.455342429375,-5492.143654164332,300.54870839433414,1.93e+03
1050000,2099.9999999641655,-7190.148366427873,-5539.581350081364,316.11042509322743,1.93e+03
1075000,2149.999999962983,-7132.056976422296,-5631.247969594882,287.4293309108276,1.93e+03
1100000,2199.9999999618008,-7126.8518481147785,-5500.465817099144,311.47937317203025,1.93e+03
1125000,2249.9999999606184,-7088.969743121817,-5561.1443501088415,292.6034082048863,1.93e+03
1150000,2299.999999959436,-7029.07611022282,-5559.313959089588,281.4833531625145,1.93e+03
1175000,2349.9999999582537,-7032.58594815242,-5563.703932193591,281.3147929638891,1.93e+03
1200000,2399.9999999570714,-7081.9509923612,-5552.920900823818,292.8341275630753,1.93e+03
1225000,2449.999999955889,-7136.9503808818545,-5535.19519257225,306.76216624792625,1.93e+03
1250000,2499.9999999547067,-7113.925455772493,-5607.787966787156,288.4498218956596,1.93e+03
1275000,2549.9999999535244,-7074.050489003714,-5521.394367388542,297.3588965286435,1.93e+03
1300000,2599.999999952342,-7177.009718395979,-5516.448113013779,318.024551425218,1.93e+03
1325000,2649.9999999511597,-7228.474426080048,-5607.14026268327,310.5118583697255,1.93e+03
1350000,2699.9999999499773,-7071.372908489771,-5586.822772858314,284.3154926756093,1.93e+03
1375000,2749.999999948795,-6976.876607119524,-5394.246754655739,303.0993534179118,1.93e+03
1400000,2799.9999999476127,-7095.845203808007,-5456.308388239088,313.9979622715809,1.93e+03
1425000,2849.9999999464303,-6861.361365334299,-5275.0530663526915,303.80383574484296,1.93e+03
1450000,2899.999999945248,-7050.038408442209,-5525.560174162969,291.9623728759982,1.93e+03
1475000,2949.9999999440656,-7022.051940241373,-5397.591789274198,311.1105358241566,1.93e+03
1500000,2999.9999999428833,-7097.579908107675,-5545.189063301495,297.30809170579954,1.93e+03
1525000,3049.999999941701,-7138.230179908011,-5596.275422193957,295.3094113163757,1.93e+03
1550000,3099.9999999405186,-6951.5312821897805,-5361.536480665303,304.50986093157735,1.93e+03
1575000,3149.9999999393362,-7021.457442500378,-5463.281295469571,298.4160711621972,1.93e+03
1600000,3199.999999938154,-7151.03920106349,-5489.097030021463,318.2889521997853,1.93e+03
1625000,3249.9999999369716,-7061.635699805689,-5448.269063038577,308.9859474525062,1.93e+03
1650000,3299.999999935789,-7034.871276534518,-5370.762294286265,318.7039317823852,1.93e+03
1675000,3349.999999934607,-6991.190368398211,-5407.973519199061,303.21177283845435,1.93e+03
1700000,3399.9999999334245,-7039.127180380336,-5414.517159194883,311.139238408141,1.93e+03
1725000,3449.999999932242,-7055.775292081364,-5566.725126388599,285.17732161168044,1.93e+03
1750000,3499.99999993106,-7146.992930498279,-5643.969197883776,287.853486914848,1.93e+03
1775000,3549.9999999298775,-7012.441201635076,-5302.0312521003,327.57131996245903,1.93e+03
1800000,3599.999999928695,-6976.663409119646,-5368.362392000077,308.0157989130726,1.93e+03
1825000,3649.999999927513,-7064.987464702735,-5458.812591230548,307.608607829326,1.93e+03
1850000,3699.9999999263305,-7056.646396949082,-5499.2884585110705,298.2593709109976,1.93e+03
1875000,3749.999999925148,-7154.873635024476,-5493.232048827142,318.23138531392647,1.93e+03
1900000,3799.999999923966,-6986.755159887777,-5372.711809787143,309.1155490605641,1.93e+03
1925000,3849.9999999227834,-7009.120373109876,-5439.892041431261,300.5327442524913,1.93e+03
1950000,3899.999999921601,-7035.6390911193885,-5395.071170992033,314.19543556230764,1.93e+03
1975000,3949.9999999204188,-6964.231920539905,-5335.384426693856,311.95078333227684,1.93e+03
2000000,3999.9999999192364,-7047.17952706608,-5518.319191969956,292.801616444001,1.93e+03
2025000,4049.999999918054,-6965.18666832388,-5277.11483544727,323.2932073607514,1.93e+03
2050000,4099.999999917781,-7048.932117339518,-5427.232447519398,310.581858793648,1.93e+03
2075000,4149.999999927967,-7002.604648753953,-5318.647287964658,322.50521904662986,1.93e+03
2100000,4199.999999938153,-6962.864987840607,-5521.352906963107,276.0730053068911,1.93e+03
2125000,4249.99999994834,-7141.885507837732,-5616.056339168694,292.2210987804921,1.93e+03
2150000,4299.999999958526,-7097.811278621119,-5652.961019102886,276.7123208019353,1.93e+03
2175000,4349.9999999687125,-7068.613485495629,-5491.393526146056,302.0632709110484,1.93e+03
2200000,4399.999999978899,-7110.4488940545725,-5530.497903069392,302.5863078812077,1.93e+03
2225000,4449.999999989085,-7131.97676042078,-5640.2466508044545,285.6905744541964,1.92e+03
2250000,4499.9999999992715,-6987.178371793134,-5418.27521757116,300.47046748151996,1.92e+03
2275000,4550.000000009458,-7001.312184214948,-5394.9617013718,307.6422398796182,1.92e+03
2300000,4600.000000019644,-7164.504481485538,-5603.104835635696,299.03342360646707,1.92e+03
2325000,4650.0000000298305,-7013.0198316169335,-5528.875089174149,284.2378532874886,1.92e+03
2350000,4700.000000040017,-6992.1972690008915,-5537.59937649579,278.579151034586,1.92e+03
2375000,4750.000000050203,-7171.9305498006115,-5654.0212503886,290.7043150251357,1.92e+03
2400000,4800.0000000603895,-6953.291669882534,-5393.625582918456,298.70141888876947,1.92e+03
2425000,4850.000000070576,-7090.892394574449,-5460.333610609976,312.2785232188948,1.92e+03
2450000,4900.000000080762,-7107.760170343882,-5494.432903188084,308.97840753171215,1.92e+03
2475000,4950.000000090949,-7076.342412926525,-5440.8916076486175,313.2154248542964,1.92e+03
2500000,5000.000000101135,-7126.79925263647,-5552.0575013218095,301.58865377183037,1.92e+03
2525000,5050.000000111321,-7081.238359971952,-5529.914815267756,297.10368637987284,1.92e+03
2550000,5100.000000121508,-6875.064387144466,-5298.654613477192,301.9081071776771,1.92e+03
2575000,5150.000000131694,-6940.204420845625,-5425.097741801152,290.1675676486379,1.92e+03
2600000,5200.00000014188,-7057.154928519684,-5426.454490472056,312.3056522793928,1.92e+03
2625000,5250.000000152067,-7032.816274261249,-5475.572050083432,298.23759278095287,1.92e+03
2650000,5300.000000162253,-7103.058347740696,-5574.384656595732,292.76587109215654,1.92e+03
2675000,5350.000000172439,-6980.413933086097,-5405.216759519845,301.6758745390709,1.92e+03
2700000,5400.000000182626,-7132.678044637997,-5488.4466525213575,314.8970500235086,1.92e+03
2725000,5450.000000192812,-6955.284474466009,-5358.661164324162,305.77932812437797,1.92e+03
2750000,5500.000000202998,-6943.571249267776,-5319.383944807545,311.0582812810565,1.92e+03
2775000,5550.000000213185,-6994.064877212126,-5515.002521437702,283.264493590904,1.92e+03
2800000,5600.000000223371,-7045.372596601532,-5474.767087746856,300.7964960773137,1.92e+03
2825000,5650.000000233557,-7024.5080766239635,-5417.65333070401,307.7388144591348,1.92e+03
2850000,5700.000000243744,-6923.19580452845,-5300.344297688019,310.8024543141708,1.92e+03
2875000,5750.00000025393,-7035.867131005064,-5522.579511603155,289.81918814560294,1.92e+03
2900000,5800.000000264116,-7062.403657393109,-5446.800139520929,309.41434656020857,1.92e+03
2925000,5850.000000274303,-6977.002317595498,-5375.6891123152245,306.677519310297,1.92e+03
2950000,5900.000000284489,-6970.121589514721,-5492.40849661738,283.0060878082771,1.92e+03
2975000,5950.000000294675,-6991.157839045668,-5393.430207800498,305.9908235740956,1.92e+03
3000000,6000.000000304862,-7055.680493773924,-5506.65138211748,296.6642651392387,1.92e+03
3025000,6050.000000315048,-7004.1840944634305,-5506.394488783244,286.8510664897381,1.92e+03
3050000,6100.000000325234,-7039.869057105785,-5493.689098181159,296.11860605827377,1.92e+03
3075000,6150.000000335421,-6991.712623842481,-5564.536477522034,273.3274407087509,1.92e+03
3100000,6200.000000345607,-6966.019745606876,-5453.67728544127,289.6381747817045,1.92e+03
3125000,6250.000000355793,-6976.879014563981,-5455.491639870239,291.37042300192536,1.92e+03
3150000,6300.00000036598,-7028.054689490316,-5395.781799798173,312.6068023404709,1.92e+03
3175000,6350.000000376166,-7055.0820385377665,-5548.969095339561,288.4451209782612,1.92e+03
3200000,6400.000000386352,-6900.456183548324,-5337.337304236131,299.36268477262155,1.92e+03
3225000,6450.000000396539,-6973.231401833045,-5312.431265168152,318.0702340448411,1.92e+03
3250000,6500.000000406725,-7087.61395435533,-5610.02863654639,282.9816168009744,1.92e+03
3275000,6550.0000004169115,-6994.327020622547,-5343.505738265384,316.15912116913245,1.92e+03
3300000,6600.000000427098,-7031.911712441294,-5409.928103642498,310.63623772547027,1.92e+03
3325000,6650.000000437284,-7056.358303389643,-5486.483692651031,300.6565172022481,1.92e+03
3350000,6700.0000004474705,-7063.035935251641,-5543.6233194539245,290.9922245598764,1.92e+03
3375000,6750.000000457657,-6926.037427950118,-5420.0787048407665,288.415585323324,1.92e+03
3400000,6800.000000467843,-7063.97899970374,-5541.26876303304,291.62377258284755,1.92e+03
3425000,6850.0000004780295,-7052.818922062263,-5432.130461210687,310.3881958319271,1.92e+03
3450000,6900.000000488216,-6997.119414780565,-5421.838092045975,301.6919904732386,1.92e+03
