#"Step","Time (ps)","Potential Energy (kJ/mole)","Total Energy (kJ/mole)","Temperature (K)","Speed (ns/day)"
25000,50.00000000001514,-6908.650549947991,-5271.833896980255,313.4770068982657,0
50000,99.99999999994834,-7000.905678746722,-5446.340680604874,297.72447742558506,1.96e+03
75000,149.99999999998812,-7044.871675118033,-5321.478717659782,330.05777710902333,1.98e+03
100000,200.00000000022686,-6957.136051231342,-5372.968550173107,303.39383812893635,1.98e+03
125000,250.0000000004656,-7085.025943652855,-5539.537870773331,295.98609862921023,1.99e+03
150000,300.00000000070435,-7009.799241182608,-5395.468805968147,309.17053052843005,1.98e+03
175000,350.0000000009431,-6975.445232281096,-5410.807750628697,299.6535218162289,1.98e+03
200000,400.00000000118183,-7048.753282780461,-5417.059732998726,312.4958493264224,1.98e+03
225000,450.0000000014206,-7102.49911150311,-5639.900102216605,280.111495012105,1.98e+03
250000,500.0000000016593,-6908.826953942321,-5343.494701214867,299.78658177544474,1.98e+03
275000,550.000000000818,-7007.597614565566,-5455.094282400484,297.32963486429463,1.98e+03
300000,599.9999999996356,-6919.499505622335,-5302.093270932649,309.7595961464786,1.98e+03
325000,649.9999999984533,-7109.71931796828,-5553.1923987835125,298.1002172099954,1.98e+03
350000,699.999999997271,-6934.908152489157,-5342.898903106014,304.8956604553924,1.98e+03
375000,749.9999999960886,-7063.583518075316,-5468.920270096733,305.40394434565104,1.98e+03
400000,799.9999999949063,-7145.957780692607,-5558.720434076513,303.9817634749872,1.98e+03
425000,849.9999999937239,-7037.846476643714,-5432.00333900754,307.54507502205274,1.99e+03
450000,899.9999999925416,-7102.134092162555,-5427.165907810889,320.7836455771523,1.99e+03
475000,949.9999999913592,-6965.569957451197,-5458.548154421782,288.6191824157846,1.99e+03
500000,999.9999999901769,-6948.010079988588,-5345.141777768826,306.97534566314073,1.99e+03
525000,1049.9999999889947,-7167.38438249298,-5630.821999885971,294.2766837927617,1.99e+03
550000,1099.9999999878123,-7155.168867089654,-5602.60193954526,297.34181441361875,1.99e+03
575000,1149.99999998663,-7042.501998937432,-5501.496749347474,295.12756506974335,1.99e+03
600000,1199.9999999854476,-7143.786997658422,-5573.191401555765,300.7945976241013,1.99e+03
625000,1249.9999999842653,-6935.476551291661,-5408.792731179322,292.3847784301959,1.99e+03
650000,1299.999999983083,-7027.833515389934,-5480.981760539129,296.24726590285894,1.99e+03
675000,1349.9999999819006,-7034.536480013758,-5575.272424946388,279.4727970462322,1.99e+03
700000,1399.9999999807183,-7174.097018689539,-5578.238727542604,305.6328145461406,1.99e+03
725000,1449.999999979536,-7098.814767308294,-5520.946101976624,302.1875086558537,1.99e+03
750000,1499.9999999783536,-7137.613006866066,-5550.085121248197,304.0374064185621,1.99e+03
775000,1549.9999999771712,-7049.690841617687,-5491.309969750735,298.4552792975471,1.99e+03
800000,1599.9999999759889,-6955.0941713812335,-5301.265340772434,316.73511556796495,1.99e+03
825000,1649.9999999748065,-7109.372209037925,-5474.455004799232,313.11323157788564,1.99e+03
850000,1699.9999999736242,-6984.563117808471,-5464.165430373898,291.180881797535,1.99e+03
875000,1749.9999999724419,-7030.090702410295,-5451.6914679910715,302.2891212642161,1.99e+03
900000,1799.9999999712595,-7120.838221757883,-5466.783147223039,316.7784449589732,1.99e+03
925000,1849.9999999700772,-7025.974015963979,-5415.539779389572,308.42434512901394,1.99e+03
950000,1899.9999999688948,-7078.841907879971,-5419.478321263168,317.7951113495054,1.99e+03
975000,1949.9999999677125,-6920.927648183064,-5382.475930326631,294.63852221732986,1.99e+03
1000000,1999.9999999665301,-7071.056385411345,-5586.368966490423,284.34178465803774,1.98e+03
1025000,2049.999999965348,-7089.423171210671,-5399.167230450802,323.71149953828115,1.98e+03
1050000,2099.9999999641655,-7119.498467005437,-5433.729449139677,322.8521808378768,1.98e+03
1075000,2149.999999962983,-7110.475634368962,-5503.429819663172,307.77540723877655,1.98e+03
1100000,2199.9999999618008,-6998.131598665943,-5327.115621479556,320.0267336343472,1.98e+03
1125000,2249.9999999606184,-7156.570462022933,-5586.362010762385,300.7204530911015,1.98e+03
1150000,2299.999999959436,-7069.230944223338,-5477.9076043795685,304.76429762436527,1.98e+03
1175000,2349.9999999582537,-7121.117593842243,-5462.093429837773,317.73010639956505,1.98e+03
1200000,2399.9999999570714,-7102.70125081361,-5524.22221136344,302.30440522542904,1.98e+03
1225000,2449.999999955889,-7013.394766068985,-5446.974853735896,299.99488627740595,1.98e+03
1250000,2499.9999999547067,-7118.273752030563,-5546.21941285519,301.073970644555,1.98e+03
1275000,2549.9999999535244,-6951.059110739324,-5444.716841785317,288.4890405897846,1.98e+03
1300000,2599.999999952342,-7002.380520629733,-5470.668947378895,293.3476749173636,1.98e+03
1325000,2649.9999999511597,-6941.338412422794,-5391.3854884740895,296.8411902162096,1.98e+03
1350000,2699.9999999499773,-7081.875215258006,-5499.204452572018,303.10718839074417,1.98e+03
1375000,2749.999999948795,-7033.457064537917,-5430.553747521605,306.9820515660895,1.98e+03
1400000,2799.9999999476127,-7062.438522291057,-5554.762468226175,288.7444821284838,1.98e+03
1425000,2849.9999999464303,-6992.12731977363,-5388.336242459716,307.152072099807,1.98e+03
1450000,2899.999999945248,-7125.801152148205,-5564.007797487904,299.10882524614874,1.97e+03
1475000,2949.9999999440656,-7112.577075943564,-5581.529685209413,293.22047316450505,1.97e+03
1500000,2999.9999999428833,-7153.961228350177,-5516.472443705804,313.6057310445235,1.97e+03
1525000,3049.999999941701,-7050.84385371972,-5486.912453731592,299.5182956952457,1.97e+03
1550000,3099.9999999405186,-7099.264222083604,-5451.065923747519,315.65677707422196,1.97e+03
1575000,3149.9999999393362,-6997.164288012904,-5491.881834642814,288.2860686707805,1.97e+03
1600000,3199.999999938154,-7098.073238415493,-5479.211039623548,310.0384369488983,1.97e+03
1625000,3249.9999999369716,-7050.356197821715,-5513.054018443652,294.4183669049676,1.98e+03
1650000,3299.999999935789,-7141.006273490628,-5625.678923162372,290.20982978803113,1.98e+03
1675000,3349.999999934607,-7099.6710226139185,-5497.981567389956,306.74957729307664,1.98e+03
1700000,3399.9999999334245,-6999.049830330892,-5498.128727890757,287.4507990435586,1.98e+03
1725000,3449.999999932242,-6967.682988275988,-5406.520809243764,298.9879448492161,1.98e+03
1750000,3499.99999993106,-7085.328760697992,-5420.867497715195,318.77139927182736,1.98e+03
1775000,3549.9999999298775,-7059.464721580148,-5465.578899525782,305.25505463869035,1.98e+03
1800000,3599.999999928695,-7059.000609025506,-5529.923083270754,292.84321198707494,1.98e+03
1825000,3649.999999927513,-7019.069587679206,-5482.909179138688,294.19969922214045,1.98e+03
1850000,3699.9999999263305,-7081.907984918509,-5549.824199142021,293.4189596689326,1.98e+03
1875000,3749.999999925148,-7005.300281453556,-5365.568865209254,314.03523146550623,1.98e+03
1900000,3799.999999923966,-7069.627077388952,-5492.095624844991,302.1229269232649,1.98e+03
1925000,3849.9999999227834,-7039.558354308516,-5439.3020408344,306.47510734228024,1.98e+03
1950000,3899.999999921601,-7082.446060894154,-5436.110255830944,315.3000793246661,1.98e+03
1975000,3949.9999999204188,-7100.947285117344,-5481.279066852804,310.1928027853607,1.98e+03
2000000,3999.9999999192364,-6945.93817380136,-5399.516417967116,296.1649140985585,1.98e+03
2025000,4049.999999918054,-6994.458986259327,-5369.383095543515,311.22845999915864,1.98e+03
2050000,4099.999999917781,-7045.659532199762,-5544.505741240675,287.49536267891045,1.98e+03
2075000,4149.999999927967,-7004.966657479234,-5480.225740901307,292.0126808079268,1.98e+03
2100000,4199.999999938153,-7097.747816519957,-5574.115706960852,291.8003262324418,1.98e+03
2125000,4249.99999994834,-7067.4826249891685,-5480.19567031073,303.9912642256505,1.98e+03
2150000,4299.999999958526,-6989.909777477854,-5407.534484532509,303.05060113049257,1.98e+03
2175000,4349.9999999687125,-7149.015634665779,-5575.232412000708,301.40507994787475,1.98e+03
2200000,4399.999999978899,-7116.111317420802,-5570.459693751941,296.0174212650254,1.98e+03
2225000,4449.999999989085,-7073.482469128802,-5452.951215109792,310.3580881669988,1.98e+03
2250000,4499.9999999992715,-7142.726414866915,-5534.359843785303,308.02835356284004,1.98e+03
2275000,4550.000000009458,-7143.686729693513,-5555.4595710226995,304.17132857975486,1.98e+03
2300000,4600.000000019644,-7171.109869777605,-5525.920850736348,315.0804511524681,1.98e+03
2325000,4650.0000000298305,-7049.692159633894,-5514.266206421993,294.05903908302355,1.98e+03
2350000,4700.000000040017,-7139.208393324972,-5599.071011920278,294.9613541990234,1.98e+03
2375000,4750.000000050203,-7099.865001045667,-5648.142341806731,278.02849710717294,1.98e+03
2400000,4800.0000000603895,-7082.175859820679,-5529.135049344208,297.43257070137906,1.98e+03
2425000,4850.000000070576,-7141.278969861695,-5608.148055500176,293.61950182133427,1.98e+03
2450000,4900.000000080762,-7118.552981534005,-5536.60048989516,302.9696278047178,1.98e+03
2475000,4950.000000090949,-7069.740860126725,-5442.108575128769,311.71805107618343,1.98e+03
2500000,5000.000000101135,-7063.287836930134,-5430.648010337276,312.6770767240729,1.98e+03
2525000,5050.000000111321,-6994.194101303192,-5374.984735976785,310.1049249858579,1.98e+03
2550000,5100.000000121508,-7052.990406834644,-5551.302100509376,287.59773106380425,1.98e+03
2575000,5150.000000131694,-7221.138401224832,-5558.12674430546,318.49377613723846,1.98e+03
2600000,5200.00000014188,-7027.737993950922,-5588.110224302793,275.7121290638635,1.98e+03
2625000,5250.000000152067,-7089.540897289997,-5523.004743027688,300.0171484971738,1.98e+03
2650000,5300.000000162253,-7176.418103624936,-5599.822199098269,301.94375426410403,1.97e+03
2675000,5350.000000172439,-7179.701892258951,-5476.459582562775,326.1986003734598,1.97e+03
2700000,5400.000000182626,-7109.62788484649,-5611.14523644407,286.9837954412821,1.97e+03
2725000,5450.000000192812,-6990.413846264773,-5484.23943719572,288.45689269208447,1.97e+03
2750000,5500.000000202998,-7045.07210572967,-5412.27599476403,312.70700772295135,1.97e+03
2775000,5550.000000213185,-7056.72054019885,-5297.098646482773,336.9962075560867,1.97e+03
2800000,5600.000000223371,-7072.278565158298,-5556.821531946194,290.23466616918654,1.97e+03
2825000,5650.000000233557,-7105.593631061208,-5508.52620896781,305.86438278523303,1.97e+03
2850000,5700.000000243744,-6982.8472642220395,-5406.770410724489,301.84434755123874,1.97e+03
2875000,5750.00000025393,-7072.131428546809,-5482.660148715637,304.4095980138181,1.97e+03
2900000,5800.000000264116,-7106.344627214987,-5541.299403776619,299.7316109989244,1.97e+03
2925000,5850.000000274303,-7064.945095296592,-5535.752083735692,292.86532939697844,1.97e+03
2950000,5900.000000284489,-7040.056386171495,-5565.634645488944,282.37574033529074,1.97e+03
2975000,5950.000000294675,-7175.104728270691,-5593.689007596366,302.8668274360617,1.97e+03
3000000,6000.000000304862,-7098.386998578439,-5562.08494567214,294.2268264216032,1.97e+03
3025000,6050.000000315048,-7015.261960978844,-5447.309499618787,300.28839433832894,1.97e+03
3050000,6100.000000325234,-7069.756801182751,-5539.1602246178045,293.1341349199782,1.97e+03
3075000,6150.000000335421,-6933.313810561473,-5429.023143970875,288.096125374106,1.97e+03
3100000,6200.000000345607,-6977.932609827786,-5326.74722575236,316.22885256918926,1.97e+03
3125000,6250.000000355793,-7112.933957468019,-5504.000662083805,308.13689048283925,1.97e+03
3150000,6300.00000036598,-7139.676950672514,-5487.434580459346,316.4312826032383,1.97e+03
3175000,6350.000000376166,-7021.296517692701,-5474.778133034875,296.1834200896489,1.97e+03
3200000,6400.000000386352,-6998.136200091454,-5278.63149911005,329.3131127630171,1.97e+03
3225000,6450.000000396539,-6963.387766458446,-5436.7799524532775,292.3702220246642,1.97e+03
3250000,6500.000000406725,-7032.88223486417,-5344.083506473722,323.4324196724006,1.97e+03
3275000,6550.0000004169115,-7042.643321635403,-5506.346337284858,294.2258557107516,1.97e+03
3300000,6600.000000427098,-7075.108720849181,-5512.852794436118,299.19741525912843,1.97e+03
3325000,6650.000000437284,-6970.376954748508,-5496.164688540961,282.33562256686093,1.97e+03
3350000,6700.0000004474705,-6981.177204053346,-5420.108003098468,298.97013803539824,1.97e+03
3375000,6750.000000457657,-7106.695390477466,-5702.261839889214,268.97186378674235,1.96e+03
3400000,6800.000000467843,-7175.830902804773,-5584.566207611935,304.7530662200347,1.96e+03
3425000,6850.0000004780295,-7186.150627847744,-5613.429858160357,301.20160292507524,1.96e+03
3450000,6900.000000488216,-7147.883510642319,-5586.890135069172,298.955616241727,1.96e+03
3475000,6950.000000498402,-7069.502780369139,-5459.069690497147,308.42412551685396,1.96e+03
3500000,7000.0000005085885,-7106.432960994581,-5570.859153581361,294.08735556697593,1.96e+03
3525000,7050.000000518775,-7165.403734925909,-5585.846957449969,302.51080958350184,1.96e+03
3550000,7100.000000528961,-7124.778081505334,-5507.299316087347,309.7734869604405,1.96e+03
3575000,7150.000000539148,-6987.576491862547,-5413.8465141242805,301.39488267852465,1.96e+03
3600000,7200.000000549334,-6935.637057956528,-5250.564074556885,322.7188789187272,1.96e+03
3625000,7250.00000055952,-7046.292960982256,-5463.161841159886,303.195354268673,1.96e+03
3650000,7300.000000569707,-7047.521143700376,-5413.270335978058,312.985605808083,1.96e+03
3675000,7350.000000579893,-7072.306600914375,-5517.843999898649,297.7048667107543,1.96e+03
3700000,7400.000000590079,-7090.179676687013,-5512.312882791839,302.18715024533157,1.96e+03
3725000,7450.000000600266,-7157.09114566087,-5681.799114266558,282.54241515923,1.96e+03
3750000,7500.000000610452,-7121.484684791825,-5498.882466122792,310.75471157543274,1.96e+03
3775000,7550.000000620638,-7113.458647339419,-5609.091740991312,288.1107265274775,1.96e+03
3800000,7600.000000630825,-7091.665610162454,-5464.623972263205,311.6049325516986,1.96e+03
3825000,7650.000000641011,-7048.9887791133315,-5460.388552729239,304.2427771136617,1.96e+03
3850000,7700.000000651197,-7040.508747976296,-5486.985469657142,297.5249711391282,1.96e+03
3875000,7750.000000661384,-7020.86141500389,-5482.493125590488,294.6225443137791,1.96e+03
3900000,7800.00000067157,-7105.949063343003,-5544.740651307439,298.9967992211952,1.96e+03
3925000,7850.000000681756,-7111.166974866743,-5506.413029421979,307.3364770049923,1.96e+03
3950000,7900.000000691943,-7100.263961925604,-5581.6613740059465,290.8370910485832,1.96e+03
3975000,7950.000000702129,-6986.674391958533,-5444.715236109576,295.3102536307319,1.96e+03
4000000,8000.000000712315,-7091.153095310351,-5401.659534796137,323.5654913234374,1.96e+03
4025000,8050.000000722502,-7101.177418021812,-5489.322381953838,308.69645133702363,1.96e+03
4050000,8100.000000732688,-7050.693991660268,-5470.467039435377,302.6391589462841,1.96e+03
4075000,8150.000000742874,-7070.615912651874,-5501.082532254513,300.5911660428225,1.96e+03
4100000,8200.00000075306,-7060.642640789867,-5465.947131344412,305.41012294119173,1.96e+03
4125000,8250.000000763246,-7123.952465310731,-5419.400996969733,326.4493255434351,1.95e+03
4150000,8300.000000773432,-7128.472011269766,-5524.865566382615,307.1167119875959,1.95e+03
4175000,8350.000000783619,-7106.813659255022,-5567.645099072721,294.77580917999836,1.95e+03
4200000,8400.000000793805,-7094.361539545736,-5492.974981273388,306.69156760114305,1.95e+03
4225000,8450.000000803991,-7052.150298834726,-5531.567617642175,291.21631111054967,1.95e+03
4250000,8500.000000814178,-6959.347079411804,-5402.930119698318,298.0791581830879,1.95e+03
4275000,8550.000000824364,-6962.616428169507,-5477.631925674058,284.39868099372245,1.95e+03
4300000,8600.00000083455,-7140.105966720688,-5719.378157339843,272.0924793221883,1.95e+03
4325000,8650.000000844737,-7082.602490172144,-5550.80660094478,293.3638227980116,1.95e+03
4350000,8700.000000854923,-6958.093708677282,-5380.5434994958,302.1265191243702,1.95e+03
4375000,8750.00000086511,-7031.565040539885,-5393.6373485919785,313.68978893064525,1.95e+03
4400000,8800.000000875296,-7099.5767191347095,-5576.458203459661,291.7019646515994,1.95e+03
4425000,8850.000000885482,-7164.81547176787,-5618.7471779136395,296.09722038139955,1.95e+03
4450000,8900.000000895669,-7105.406818263577,-5643.001556441851,280.0743892218854,1.95e+03
4475000,8950.000000905855,-7071.501371931387,-5500.87745136674,300.80002221918375,1.95e+03
4500000,9000.000000916041,-7097.2482145513695,-5502.689035824615,305.38401339155524,1.95e+03
4525000,9050.000000926228,-7059.323033716975,-5408.647131544131,316.13127849966787,1.95e+03
4550000,9100.000000936414,-7042.365101667503,-5497.0668649710815,295.94974191303675,1.95e+03
4575000,9150.0000009466,-7109.638225667849,-5536.706689482362,301.2419681369389,1.95e+03
4600000,9200.000000956787,-7041.225875830851,-5499.063313508906,295.3492092780979,1.95e+03
4625000,9250.000000966973,-7099.479680123592,-5547.267003942368,297.27396951674837,1.95e+03
4650000,9300.00000097716,-7051.85792196631,-5454.076011524326,306.00121892297176,1.95e+03
4675000,9350.000000987346,-7036.993541356536,-5423.686705304972,308.97449464300166,1.95e+03
4700000,9400.000000997532,-7067.668850377354,-5528.149819666926,294.842929985474,1.95e+03
4725000,9450.000001007718,-7128.090343146339,-5551.2452827941615,301.9914716564527,1.95e+03
4750000,9500.000001017905,-7081.29924159518,-5628.000107839912,278.33041761362387,1.95e+03
4775000,9550.000001028091,-7058.25365755265,-5452.5474745752135,307.5188459777527,1.95e+03
4800000,9600.000001038277,-7131.204220538941,-5513.515470484741,309.81370243303786,1.95e+03
4825000,9650.000001048464,-7136.673170204718,-5561.47141613681,301.67675177962604,1.95e+03
4850000,9700.00000105865,-6938.508973293826,-5386.814520581451,297.17472129513214,1.95e+03
4875000,9750.000001068836,-7028.181821834001,-5402.099018786996,311.42130008495525,1.95e+03
4900000,9800.000001079023,-7024.53937956922,-5454.650777555218,300.65919675901085,1.95e+03
4925000,9850.000001089209,-7103.108623302632,-5485.848950350377,309.7315271903787,1.95e+03
4950000,9900.000001099395,-7074.185150603686,-5395.402080293459,321.51425827575815,1.95e+03
4975000,9950.000001109582,-7008.879060279123,-5469.85344337616,294.7484332174667,1.95e+03
5000000,10000.000001119768,-7036.68932954889,-5455.785449102815,302.76880170882396,1.95e+03
5025000,10050.000001129954,-7074.045938242621,-5514.670925747281,298.6456733945634,1.95e+03
5050000,10100.00000114014,-7038.847028324831,-5431.049018797083,307.9194647793472,1.95e+03
5075000,10150.000001150327,-7081.365030827164,-5506.161077364386,301.67717299951005,1.95e+03
5100000,10200.000001160513,-7031.005727305861,-5514.331356321345,290.46780614890747,1.95e+03
5125000,10250.0000011707,-7137.680638281436,-5711.954503507095,273.0497399176348,1.95e+03
5150000,10300.000001180886,-7041.354857421305,-5406.238395338378,313.1513926953803,1.95e+03
5175000,10350.000001191072,-6975.356853162283,-5427.436097856752,296.45199687398673,1.95e+03
5200000,10400.000001201259,-7157.3683372420155,-5509.70122651736,315.5550460084789,1.95e+03
5225000,10450.000001211445,-7077.013200143516,-5488.328518639301,304.25895164257133,1.95e+03
5250000,10500.000001221631,-7092.326820871224,-5596.955682148271,286.38789073840314,1.95e+03
5275000,10550.000001231818,-7096.294721367671,-5525.363274460116,300.85891851483314,1.95e+03
5300000,10600.000001242004,-7179.381658164748,-5625.929760377099,297.5113006065572,1.95e+03
5325000,10650.00000125219,-6998.931951118068,-5431.412250416046,300.20551363477665,1.95e+03
5350000,10700.000001262377,-7000.568263274408,-5483.308028914892,290.5800085125097,1.95e+03
5375000,10750.000001272563,-7036.90603266325,-5446.467859792673,304.5947737544447,1.95e+03
5400000,10800.00000128275,-7036.446342234414,-5479.306787265066,298.2175469254042,1.94e+03
5425000,10850.000001292936,-7056.156092706945,-5574.990149681526,283.6673647579315,1.94e+03
5450000,10900.000001303122,-7149.132740654071,-5463.644544087524,322.79839899237135,1.94e+03
5475000,10950.000001313309,-7079.979353670482,-5553.3602643061495,292.37238143930347,1.94e+03
5500000,11000.000001323495,-7086.833367853069,-5613.396602060198,282.1871016262897,1.94e+03
5525000,11050.000001333681,-7027.971517572854,-5435.916215609345,304.90448027343774,1.94e+03
5550000,11100.000001343868,-7046.667350266696,-5522.6925719717,291.86595286783177,1.94e+03
5575000,11150.000001354054,-7041.667559218363,-5495.883574519383,296.04277055474347,1.94e+03
5600000,11200.00000136424,-7018.6106164040775,-5403.870590942577,309.2489737214802,1.94e+03
5625000,11250.000001374427,-6978.203575597339,-5446.261207128914,293.3918759547152,1.94e+03
5650000,11300.000001384613,-6996.054270625128,-5428.222100276517,300.26535665346887,1.94e+03
5675000,11350.0000013948,-7136.755694128971,-5580.798499518466,297.99110568918314,1.94e+03
5700000,11400.000001404986,-7190.44219044629,-5555.962161793519,313.02950534384723,1.94e+03
5725000,11450.000001415172,-7039.389706785566,-5499.9946324735265,294.819190319408,1.94e+03
5750000,11500.000001425358,-7000.82601142218,-5413.279481721818,304.0409770635488,1.94e+03
5775000,11550.000001435545,-7156.799227827529,-5593.659660355881,299.3666468915872,1.94e+03
5800000,11600.000001445731,-7064.027958858805,-5430.122207220033,312.91952195679386,1.94e+03
5825000,11650.000001455917,-7115.400256394325,-5598.92070871508,290.4304943177384,1.94e+03
5850000,11700.000001466104,-7038.5742125585675,-5526.81885905014,289.525734309347,1.94e+03
5875000,11750.00000147629,-7070.967244197103,-5543.3273801767045,292.5678763857418,1.94e+03
5900000,11800.000001486476,-7042.6416635907935,-5484.911593957331,298.33064008651087,1.94e+03
5925000,11850.000001496663,-7029.461023366338,-5423.412445441578,307.58442017817976,1.94e+03
5950000,11900.000001506849,-6928.133139913285,-5353.056238987854,301.65284037248415,1.94e+03
5975000,11950.000001517035,-7158.185419724673,-5589.250677596955,300.47651707915145,1.94e+03
6000000,12000.000001527222,-7074.726148531502,-5586.646454377531,284.9914605302276,1.94e+03
6025000,12050.000001537408,-7141.057699220408,-5552.704395055932,304.19548749316465,1.94e+03
6050000,12100.000001547594,-7163.238868042248,-5593.526088683324,300.62552386134155,1.94e+03
6075000,12150.00000155778,-7146.544792990458,-5556.450232123083,304.52896646802526,1.94e+03
6100000,12200.000001567967,-6947.644251626616,-5385.970287709271,299.0859599773447,1.94e+03
6125000,12250.000001578153,-7053.891976751758,-5508.450356955838,295.9772021082815,1.94e+03
6150000,12300.00000158834,-7093.937882403621,-5506.971812340378,303.9298096036262,1.94e+03
6175000,12350.000001598526,-7185.9534899009395,-5639.333487538821,296.2028815325246,1.94e+03
6200000,12400.000001608712,-7042.610501456022,-5451.638880825929,304.69693767530083,1.94e+03
6225000,12450.000001618899,-7151.968929691394,-5517.611298391442,313.00606426036114,1.94e+03
6250000,12500.000001629085,-7091.074532544701,-5581.348971039671,289.13699613229016,1.94e+03
6275000,12550.000001639271,-6960.673471055314,-5330.989063436529,312.1110659296181,1.94e+03
6300000,12600.000001649458,-7116.724123476975,-5501.204552923242,309.39826928357786,1.94e+03
6325000,12650.000001659644,-7051.287249713365,-5404.251801153489,315.43407243185555,1.94e+03
6350000,12700.00000166983,-7152.907399892054,-5619.110707565649,293.7470091284679,1.94e+03
6375000,12750.000001680017,-7101.729041670412,-5614.442722683769,284.83951628384506,1.94e+03
6400000,12800.000001690203,-6988.42190135186,-5468.993983341432,290.99515518245465,1.94e+03
6425000,12850.00000170039,-6972.733386359062,-5413.374299822921,298.6426233143894,1.94e+03
6450000,12900.000001710576,-7048.27794391467,-5435.977843546343,308.7816883881612,1.94e+03
6475000,12950.000001720762,-7161.570273438686,-5659.79181652284,287.6149963679256,1.94e+03
6500000,13000.000001730948,-6971.4988493501205,-5382.45925441761,304.3269233356796,1.94e+03
6525000,13050.000001741135,-6905.06683082418,-5304.077924787819,306.61541073134475,1.94e+03
6550000,13100.000001751321,-7031.397501630035,-5289.359726325712,333.6285629279195,1.94e+03
6575000,13150.000001761508,-7044.075695111545,-5444.484083722116,306.3478060837008,1.94e+03
6600000,13200.000001771694,-7092.512059525829,-5542.2122311743115,296.90762805069534,1.94e+03
6625000,13250.00000178188,-7142.048024039679,-5557.000463955676,303.5623837438598,1.94e+03
6650000,13300.000001792067,-7111.023518495156,-5527.4244095219565,303.28498180148,1.94e+03
6675000,13350.000001802253,-7020.009523719686,-5289.345629863242,331.45027966898977,1.94e+03
6700000,13400.00000181244,-7034.391627576415,-5507.50375296052,292.4238581859542,1.94e+03
6725000,13450.000001822626,-6971.37545897388,-5410.667777303517,298.90090121339966,1.94e+03
6750000,13500.000001832812,-7112.557675286374,-5501.338036414773,308.5747624411114,1.94e+03
6775000,13550.000001842998,-6975.890196368949,-5412.7341707846535,299.3697988878003,1.94e+03
6800000,13600.000001853185,-7006.891642769217,-5483.601583795747,291.734817982878,1.94e+03
6825000,13650.000001863371,-7050.862636645659,-5513.796376586478,294.3731845188901,1.94e+03
6850000,13700.000001873557,-6979.609665936778,-5416.56141544522,299.3491582049064,1.94e+03
6875000,13750.000001883744,-6944.4831502588495,-5361.698496715616,303.1290003419959,1.94e+03
6900000,13800.00000189393,-7000.456811340756,-5451.98078982635,296.5583393827059,1.94e+03
6925000,13850.000001904116,-7126.007623900047,-5605.883735380064,291.12844485288264,1.94e+03
6950000,13900.000001914303,-7007.234353635478,-5514.5429006583145,285.874687341129,1.94e+03
6975000,13950.000001924489,-7163.02958242232,-5655.15240513518,288.78300049620503,1.94e+03
7000000,14000.000001934675,-7111.7077421149925,-5651.350991699299,279.6820659748096,1.94e+03
7025000,14050.000001944862,-6911.504561434222,-5273.0465823626,313.79134753834734,1.94e+03
7050000,14100.000001955048,-6980.94974519207,-5234.223150047908,334.52654817667207,1.94e+03
7075000,14150.000001965234,-7022.532550852422,-5416.358396369544,307.6084701311809,1.94e+03
7100000,14200.00000197542,-7034.155108453272,-5399.097460794147,313.14012877678414,1.94e+03
7125000,14250.000001985607,-7012.156351039792,-5507.677434392606,288.13217832125855,1.94e+03
7150000,14300.000001995793,-7154.063685296293,-5666.631889904188,284.8673773812233,1.94e+03
7175000,14350.00000200598,-7042.805896849152,-5441.504335734104,306.67528926329925,1.94e+03
7200000,14400.000002016166,-7148.711498858456,-5583.986338928057,299.67031363228705,1.94e+03
7225000,14450.000002026352,-7033.059191907735,-5537.654101751844,286.39439298992784,1.94e+03
7250000,14500.000002036539,-7114.051692434413,-5542.273600151747,301.0210648722844,1.94e+03
7275000,14550.000002046725,-7021.503415658173,-5523.030152951344,286.9819979279468,1.94e+03
7300000,14600.000002056911,-7015.981019547025,-5443.8924903955585,301.0805185809732,1.94e+03
7325000,14650.000002067098,-7037.19018604117,-5425.1156938874665,308.73848074622794,1.94e+03
7350000,14700.000002077284,-7082.688621381265,-5489.697231695004,305.08375629497044,1.94e+03
7375000,14750.00000208747,-7021.032539777351,-5413.168996917468,307.93201547815187,1.94e+03
7400000,14800.000002097657,-7156.472364561558,-5630.168160424116,292.31207579770154,1.94e+03
7425000,14850.000002107843,-7024.018976602177,-5452.354766628016,300.99925455825553,1.94e+03
7450000,14900.00000211803,-7008.525542033691,-5550.283023124023,279.27715625984706,1.94e+03
7475000,14950.000002128216,-7073.548152198131,-5583.077308038414,285.4494046411252,1.94e+03
7500000,15000.000002138402,-7085.708120334048,-5533.431028685747,297.2863061262158,1.94e+03
7525000,15050.000002148588,-7040.0566887855,-5517.747905884671,291.54688765749034,1.94e+03
7550000,15100.000002158775,-7072.5488998822675,-5497.168536911135,301.7109582891253,1.94e+03
7575000,15150.000002168961,-7021.367965289728,-5450.706043708145,300.80730003189814,1.94e+03
7600000,15200.000002179147,-7113.248649217875,-5619.234759235814,286.127955532991,1.94e+03
7625000,15250.000002189334,-7120.173810312141,-5542.444701294959,302.1607813521695,1.94e+03
7650000,15300.00000219952,-6903.572210083325,-5458.746236410557,276.7076696675933,1.94e+03
7675000,15350.000002209707,-7086.608850717979,-5525.337388247704,299.00887440476635,1.94e+03
7700000,15400.000002219893,-7111.317645704602,-5625.470776720997,284.56383819997785,1.94e+03
7725000,15450.00000223008,-7009.737133429242,-5406.1717508005495,307.10884789734814,1.94e+03
7750000,15500.000002240266,-7031.676017673653,-5532.249567362495,287.164548854879,1.94e+03
7775000,15550.000002250452,-7043.255888032701,-5460.230150382562,303.1751718689695,1.94e+03
7800000,15600.000002260638,-7057.803743255083,-5511.038825920854,296.2306351062859,1.94e+03
7825000,15650.000002270825,-6981.962580046988,-5437.6386452498355,295.76314725526333,1.94e+03
7850000,15700.00000228101,-7053.097642798922,-5452.143710874292,306.60871262020027,1.94e+03
7875000,15750.000002291197,-6950.752079211165,-5362.860861890921,304.1069903480543,1.94e+03
7900000,15800.000002301384,-6850.1633608750035,-5252.886680044538,305.9044592363399,1.94e+03
7925000,15850.00000231157,-7094.7841005723385,-5419.950334368057,320.75790231602485,1.94e+03
7950000,15900.000002321756,-7056.777126853479,-5420.455317993334,313.3822362045246,1.94e+03
7975000,15950.000002331943,-6898.419122711853,-5314.569596374775,303.3329407989409,1.94e+03
8000000,16000.000002342129,-7083.02543526481,-5481.638774592255,306.6915872124478,1.94e+03
8025000,16050.000002352315,-6981.444758724123,-5421.744092226292,298.7080414318144,1.94e+03
8050000,16100.000002362502,-6925.008418793491,-5366.688664490313,298.44357429019254,1.94e+03
8075000,16150.000002372688,-6926.068749059496,-5363.485769797332,299.2600511982532,1.94e+03
8100000,16200.000002382874,-7033.621189801958,-5435.376041550186,306.0899364967034,1.94e+03
8125000,16250.00000239306,-7066.152675022155,-5566.966394187353,287.1185524945292,1.94e+03
8150000,16300.000002403247,-7045.6925517623085,-5468.027061474552,302.1485973309189,1.94e+03
8175000,16350.000002413433,-6934.6917164716115,-5334.766308071052,306.41173363952765,1.94e+03
8200000,16400.000002423618,-7128.940607722952,-5598.0159134477535,293.19697479733026,1.94e+03
8225000,16450.000002433804,-7077.182527253545,-5607.913804825457,281.3888535413591,1.94e+03
8250000,16500.00000244399,-7065.06561428792,-5403.973012531841,318.1262458658602,1.94e+03
8275000,16550.000002454177,-7050.856668518066,-5501.00504704064,296.82178914558244,1.94e+03
8300000,16600.000002464363,-7086.4403276622525,-5510.723855004662,301.7753287598857,1.94e+03
8325000,16650.00000247455,-6978.746144187649,-5341.434775912647,313.57175292465024,1.94e+03
8350000,16700.000002484736,-7090.3216077157995,-5477.68564586369,308.8460113240733,1.94e+03
8375000,16750.000002494922,-7072.986310856411,-5517.0654878938,297.984139927137,1.94e+03
8400000,16800.00000250511,-7166.274253833364,-5565.541048807319,306.5664398296682,1.94e+03
8425000,16850.000002515295,-7084.304290259765,-5557.176837262985,292.4697413419089,1.94e+03
8450000,16900.00000252548,-7041.73883124663,-5555.885063183819,284.5651594858385,1.94e+03
8475000,16950.000002535668,-6953.674991486042,-5440.372286777373,289.82207722716413,1.94e+03
8500000,17000.000002545854,-6998.314102576861,-5438.385081195807,298.7517751054507,1.94e+03
8525000,17050.00000255604,-7154.825275925659,-5564.205276950516,304.6295964103189,1.94e+03
8550000,17100.000002566227,-7075.207449930259,-5544.834683194077,293.09127169818237,1.94e+03
8575000,17150.000002576413,-7041.366837885702,-5441.4385888977595,306.4122776582048,1.94e+03
8600000,17200.0000025866,-7056.678504922436,-5559.648115258417,286.7056642762978,1.94e+03
8625000,17250.000002596786,-7101.800252625168,-5510.522794666849,304.7555104971719,1.94e+03
8650000,17300.000002606972,-6958.299157225156,-5346.5195760303295,308.68200050177137,1.94e+03
8675000,17350.00000261716,-7034.6289104863545,-5277.781677063878,336.46481498843366,1.94e+03
8700000,17400.000002627345,-7001.384842213273,-5390.198215663121,308.5684400447087,1.94e+03
8725000,17450.00000263753,-7115.731751283813,-5463.4614374117355,316.43663426833825,1.94e+03
8750000,17500.000002647717,-7100.865030330891,-5381.584910621836,329.27010179722953,1.94e+03
8775000,17550.000002657904,-7094.512747347986,-5525.71112462424,300.45102254850764,1.94e+03
8800000,17600.00000266809,-7137.735148346485,-5610.555241185551,292.47978716735224,1.94e+03
8825000,17650.000002678276,-7099.545138130452,-5571.699636782147,292.6072592781029,1.94e+03
8850000,17700.000002688463,-6946.519294562049,-5349.703074222155,305.816273564403,1.94e+03
8875000,17750.00000269865,-7090.3470518307,-5533.272814750001,298.2050374875307,1.94e+03
8900000,17800.000002708835,-7026.283452579982,-5515.18981028407,289.39900585142584,1.94e+03
8925000,17850.00000271902,-7072.810057147852,-5437.501523344779,313.1881775532518,1.94e+03
8950000,17900.000002729208,-7075.280498784591,-5608.826521378949,280.84978409627587,1.94e+03
8975000,17950.000002739394,-7022.721575213611,-5500.424609139088,291.5446245430878,1.94e+03
9000000,18000.00000274958,-7058.564868844195,-5443.992921445836,309.21678403910903,1.94e+03
9025000,18050.000002759767,-7100.2250411923615,-5454.689034288445,315.1469049708719,1.94e+03
9050000,18100.000002769953,-7083.2584619522095,-5486.734193163052,305.7603600947311,1.94e+03
9075000,18150.00000278014,-7110.873073050595,-5492.389073950701,309.96600555760045,1.94e+03
9100000,18200.000002790326,-7101.0191803832495,-5558.308650721676,295.45415393466243,1.94e+03
9125000,18250.000002800512,-7158.468981024582,-5634.633941416719,291.8391906368202,1.94e+03
9150000,18300.0000028107,-6975.868205499082,-5363.20695984041,308.85085358419457,1.94e+03
9175000,18350.000002820885,-7063.761832475275,-5477.809998989486,303.73556680556413,1.94e+03
9200000,18400.00000283107,-7069.792551020505,-5462.688574876184,307.78654610007436,1.94e+03
9225000,18450.000002841258,-7021.157550647822,-5412.68921745937,308.0478426611517,1.94e+03
9250000,18500.000002851444,-7082.800582648559,-5523.964640524515,298.5424326521168,1.94e+03
9275000,18550.00000286163,-7106.632583913211,-5489.328483965017,309.7400356825713,1.94e+03
9300000,18600.000002871817,-6965.291964374869,-5367.734728776355,305.95819003679276,1.94e+03
9325000,18650.000002882003,-7002.395102297098,-5425.960202593761,301.9129192221816,1.94e+03
9350000,18700.00000289219,-7071.924685552191,-5464.343959188967,307.87785151988965,1.94e+03
9375000,18750.000002902376,-7075.892270810213,-5539.824350064807,294.1819863053433,1.94e+03
9400000,18800.000002912562,-7119.338165722285,-5623.13582166358,286.5470800772317,1.94e+03
9425000,18850.00000292275,-6873.6225172603845,-5284.370148978362,304.367672892224,1.94e+03
9450000,18900.000002932935,-6983.844586857779,-5363.420223207803,310.33761692308127,1.94e+03
9475000,18950.00000294312,-7093.764871780274,-5610.40398677281,284.08773184156274,1.94e+03
9500000,19000.000002953308,-7026.183190523087,-5483.316373811478,295.4840854462787,1.94e+03
9525000,19050.000002963494,-6921.456637541177,-5386.190612911918,294.02841015869456,1.94e+03
9550000,19100.00000297368,-7256.278604949864,-5609.415154416445,315.4011320127631,1.94e+03
9575000,19150.000002983867,-6925.641503133773,-5305.300117250614,310.32172533135446,1.94e+03
9600000,19200.000002994053,-7042.930376751445,-5495.647773503217,296.3297803774068,1.94e+03
9625000,19250.00000300424,-6993.251442815109,-5402.950440104567,304.5685034381418,1.94e+03
9650000,19300.000003014426,-7248.063490919129,-5713.185173641364,293.9541578960003,1.94e+03
9675000,19350.000003024612,-7053.017851426147,-5435.412110674443,309.7978048017156,1.94e+03
9700000,19400.0000030348,-7062.4624501554,-5450.5207328055185,308.71305221211685,1.94e+03
9725000,19450.000003044985,-7033.185180096844,-5438.69698369289,305.37041912242694,1.94e+03
9750000,19500.00000305517,-7092.692332461793,-5449.605474572657,314.67785310656603,1.94e+03
9775000,19550.000003065357,-7020.334331814205,-5410.354281068118,308.3373611569368,1.94e+03
9800000,19600.000003075544,-7146.566286402425,-5690.14630358901,278.9281109593968,1.94e+03
9825000,19650.00000308573,-7124.910519614642,-5498.220874227187,311.5375202616002,1.94e+03
9850000,19700.000003095916,-7072.979051983984,-5461.5702107960915,308.61099776148257,1.94e+03
9875000,19750.000003106103,-7116.2984932462605,-5497.386812332518,310.047913579899,1.94e+03
9900000,19800.00000311629,-7065.687058880343,-5536.623109324102,292.84061192428453,1.94e+03
9925000,19850.000003126475,-7115.910164222089,-5534.703895476601,302.8267139855895,1.94e+03
9950000,19900.00000313666,-7048.311797566256,-5417.490250411138,312.3288466429493,1.94e+03
9975000,19950.000003146848,-7082.203018876207,-5506.742751590222,301.7262612648207,1.94e+03
10000000,20000.000003157034,-7060.34866957267,-5568.452568169354,285.7223645807577,1.94e+03
10025000,20050.00000316722,-7154.584810595994,-5823.094520498709,255.00204320198083,1.94e+03
10050000,20100.000003177407,-7112.038201038264,-5523.11750541927,304.3041521836047,1.94e+03
10075000,20150.000003187593,-7166.709729772592,-5584.186758677492,303.07888389770744,1.94e+03
10100000,20200.00000319778,-7059.746732353043,-5512.322439790088,296.35691618532366,1.94e+03
10125000,20250.000003207966,-7085.0546356805935,-5556.590788824831,292.72568249829385,1.94e+03
10150000,20300.000003218152,-7087.850842300332,-5557.660382423417,293.05635696996507,1.94e+03
10175000,20350.00000322834,-7063.09925497703,-5435.656955503378,311.68166575874125,1.94e+03
10200000,20400.000003238525,-6980.124601166515,-5433.9702672292315,296.11369845648505,1.94e+03
10225000,20450.00000324871,-7096.537768440221,-5665.890428669837,273.99223070283983,1.94e+03
10250000,20500.000003258898,-7176.410446752489,-5589.100921989192,303.99558676393497,1.94e+03
10275000,20550.000003269084,-7115.342396468913,-5540.633366113618,301.58238717600483,1.94e+03
10300000,20600.00000327927,-7048.736815362942,-5418.733046977115,312.1722287099404,1.94e+03
10325000,20650.000003289457,-7137.70240082588,-5500.246885605723,313.5993594087599,1.94e+03
10350000,20700.000003299643,-7087.691823482942,-5532.560231465886,297.8329893666171,1.94e+03
10375000,20750.00000330983,-7130.760181957327,-5680.4108975531735,277.7654734925387,1.94e+03
10400000,20800.000003320016,-7015.235480378437,-5366.394643319658,315.7798336885601,1.94e+03
10425000,20850.000003330202,-7076.537898657065,-5524.228119728688,297.2925662719098,1.94e+03
10450000,20900.00000334039,-7072.237851907951,-5528.565313486413,295.6383942563481,1.94e+03
10475000,20950.000003350575,-6958.8424264639625,-5388.433490335989,300.7588492034915,1.94e+03
10500000,21000.00000336076,-7136.400093922968,-5488.771791396921,315.54761360734796,1.94e+03
10525000,21050.000003370948,-7075.128767303008,-5455.9530267012115,310.0984853042908,1.94e+03
10550000,21100.000003381134,-7243.254973655958,-5724.065241641847,290.94953869078756,1.94e+03
10575000,21150.00000339132,-7040.871273916231,-5554.0706458357,284.74649857703616,1.94e+03
10600000,21200.000003401507,-7072.486216616239,-5487.153827465625,303.6169331419963,1.94e+03
10625000,21250.000003411693,-7137.205639578434,-5563.343177791902,301.4202555282183,1.94e+03
10650000,21300.00000342188,-7166.891523397707,-5637.459238629576,292.91115410721574,1.94e+03
10675000,21350.000003432066,-7087.900803041165,-5453.13500904266,313.0842340546614,1.94e+03
10700000,21400.000003442252,-7062.901715716326,-5562.388153155587,287.3727485292549,1.94e+03
10725000,21450.00000345244,-7140.691031932642,-5575.0267060967435,299.85017917587305,1.94e+03
10750000,21500.000003462625,-7067.479108781601,-5479.722407323545,304.081228372953,1.94e+03
10775000,21550.00000347281,-7192.713300523161,-5628.322144819406,299.6063463913195,1.94e+03
10800000,21600.000003482997,-7132.956162782022,-5544.787209584536,304.1601812850773,1.94e+03
10825000,21650.000003493184,-7075.492231145714,-5478.561517712961,305.83820085356814,1.94e+03
10850000,21700.00000350337,-7089.768897541954,-5478.20829389916,308.64006273955204,1.94e+03
10875000,21750.000003513556,-6958.315493671702,-5490.560902525007,281.09887277822247,1.94e+03
10900000,21800.000003523743,-7109.50945838988,-5606.050500824619,287.93683957053105,1.94e+03
10925000,21850.00000353393,-7122.773743019689,-5536.764533230984,303.74655530062415,1.94e+03
10950000,21900.000003544115,-7114.631694869476,-5615.721826733932,287.0656149676076,1.94e+03
10975000,21950.0000035543,-6939.153824377245,-5399.681327410088,294.8340180169077,1.94e+03
11000000,22000.000003564488,-6964.395515612732,-5438.230371708215,292.2854435017037,1.94e+03
11025000,22050.000003574674,-7100.717630625715,-5522.845556746525,302.1881614481335,1.94e+03
11050000,22100.00000358486,-7102.650176516754,-5568.356001310951,293.8422851899216,1.94e+03
11075000,22150.000003595047,-7090.2060995729125,-5581.772482942729,288.8895676791949,1.94e+03
11100000,22200.000003605233,-7141.352574884891,-5568.84053715574,301.1616273606812,1.94e+03
11125000,22250.00000361542,-7051.609716118859,-5504.470837254856,296.30225482058694,1.94e+03
11150000,22300.000003625606,-7121.221895464242,-5542.177762062601,302.4126299066737,1.94e+03
11175000,22350.000003635792,-7007.583590454711,-5405.368040690644,306.85033295283773,1.94e+03
11200000,22400.00000364598,-7069.353944078137,-5484.7219009706605,303.4828054857327,1.94e+03
11225000,22450.000003656165,-7080.817454797538,-5539.2675185840135,295.2318814158311,1.94e+03
11250000,22500.00000366635,-6940.0039623351095,-5417.171501442179,291.6471805090109,1.94e+03
11275000,22550.000003676538,-7049.580198077087,-5584.7660088343655,280.53573799689894,1.94e+03
11300000,22600.000003686724,-7009.598685570352,-5468.947591058747,295.0597386129812,1.94e+03
11325000,22650.00000369691,-6974.5967779807015,-5450.646565903824,291.86124803756707,1.94e+03
11350000,22700.000003707097,-7025.186725977814,-5475.645777380501,296.76229023688927,1.94e+03
11375000,22750.000003717283,-6997.401961525506,-5385.046846010055,308.79222468349,1.94e+03
11400000,22800.00000372747,-7031.4228239435015,-5479.2945029863695,297.2578141195533,1.94e+03
11425000,22850.000003737656,-7029.87579823882,-5454.671576390833,301.677224399642,1.94e+03
11450000,22900.000003747842,-7019.509672774982,-5563.716332862166,278.8080986534871,1.94e+03
11475000,22950.00000375803,-7044.328952154316,-5492.40081361399,297.2194759313753,1.94e+03
11500000,23000.000003768215,-7194.737017424598,-5677.875308451841,290.50368442013934,1.94e+03
11525000,23050.0000037784,-7001.39024765108,-5496.7760699671035,288.1580830094142,1.94e+03
11550000,23100.000003788587,-7116.906110496792,-5512.360544532789,307.29656894576704,1.94e+03
11575000,23150.000003798774,-7174.5502935303175,-5627.093240431711,296.36319036065174,1.94e+03
11600000,23200.00000380896,-6992.260277585819,-5461.74322320673,293.11890512819946,1.94e+03
11625000,23250.000003819147,-7038.177385390673,-5464.609064454042,301.36392277215435,1.95e+03
11650000,23300.000003829333,-7101.62878673521,-5550.595639349476,297.0480705709564,1.95e+03
11675000,23350.00000383952,-7018.837609737867,-5450.660261979428,300.33146374071396,1.95e+03
11700000,23400.000003849706,-7043.792588889248,-5576.485921965976,281.01308800530904,1.95e+03
11725000,23450.000003859892,-6969.060855834188,-5413.531332219496,297.9091997387141,1.95e+03
11750000,23500.00000387008,-7170.669712092917,-5573.067594510607,305.9667856665591,1.95e+03
11775000,23550.000003880265,-6973.431537601299,-5380.305015014927,305.1096364428682,1.95e+03
11800000,23600.00000389045,-7060.214482671808,-5472.118299822534,304.1462445800056,1.95e+03
11825000,23650.000003900637,-6886.982366991497,-5362.049433212393,292.0494552245293,1.95e+03
11850000,23700.000003910824,-7169.065218451699,-5628.5781268920055,295.02832938067996,1.95e+03
11875000,23750.00000392101,-7033.567388799497,-5548.209440640092,284.4702019113304,1.95e+03
11900000,23800.000003931196,-7206.201000816426,-5728.695242710133,282.96637982412034,1.95e+03
11925000,23850.000003941383,-7106.15209751403,-5487.111122475291,310.0726755074123,1.95e+03
11950000,23900.00000395157,-7088.586991689081,-5440.561803318404,315.6236237007381,1.95e+03
11975000,23950.000003961755,-7176.298519861676,-5631.489395158733,295.8560690123635,1.95e+03
12000000,24000.00000397194,-7005.539712713617,-5429.892904214833,301.76198694059826,1.95e+03
12025000,24050.000003982128,-7044.738999182131,-5425.373354239652,310.1348550737491,1.95e+03
12050000,24100.000003992314,-7047.111137935201,-5491.193290619318,297.9835700423988,1.95e+03
12075000,24150.0000040025,-7097.660661882406,-5572.546537623872,292.08415614785343,1.95e+03
12100000,24200.000004012687,-7055.035671741278,-5455.381011231235,306.35988101560093,1.95e+03
12125000,24250.000004022873,-7130.359336041885,-5489.3480086635245,314.28035526154844,1.95e+03
12150000,24300.00000403306,-7042.387855342447,-5545.034681034514,286.76748278472,1.95e+03
12175000,24350.000004043246,-7033.9538748100895,-5420.726348358683,308.95930556484143,1.95e+03
12200000,24400.000004053432,-7056.942167221149,-5487.037075487833,300.66235480841465,1.95e+03
12225000,24450.00000406362,-7099.000741841768,-5571.994778431296,292.4464741104714,1.95e+03
12250000,24500.000004073805,-6968.4781386469895,-5342.689388928409,311.36498409067707,1.95e+03
12275000,24550.00000408399,-7142.785465871093,-5499.402851947236,314.7344951967895,1.95e+03
12300000,24600.000004094178,-7001.310711074986,-5419.05563291361,303.027578044434,1.95e+03
12325000,24650.000004104364,-7004.392831329033,-5485.627878006083,290.86818666369413,1.95e+03
12350000,24700.00000411455,-7040.882648981125,-5432.316668233854,308.06654375660696,1.95e+03
12375000,24750.000004124737,-6986.032995740276,-5496.290503314389,285.3099134396667,1.95e+03
12400000,24800.000004134923,-7118.053854733312,-5658.142646070235,279.59673748379913,1.95e+03
12425000,24850.00000414511,-7197.0987946652795,-5708.609454168935,285.06991446644633,1.95e+03
12450000,24900.000004155296,-7075.28594154737,-5576.057063108273,287.12671062847255,1.95e+03
12475000,24950.000004165482,-7053.725139031906,-5543.3525432475235,289.2609137188349,1.95e+03
12500000,25000.00000417567,-6971.354931415381,-5472.212707334906,287.1101149096263,1.95e+03
12525000,25050.000004185855,-7034.936271422963,-5411.03226815087,311.0040244964942,1.95e+03
12550000,25100.00000419604,-6966.722338216419,-5304.038607336297,318.4309729680007,1.95e+03
12575000,25150.000004206227,-7005.3390180008355,-5496.24580873051,289.0158903960544,1.95e+03
12600000,25200.000004216414,-6935.778149377319,-5294.728166208258,314.2877584740866,1.95e+03
12625000,25250.0000042266,-6994.962676163277,-5376.745738050244,309.9148590356803,1.95e+03
12650000,25300.000004236786,-6939.021055322186,-5409.944777529832,292.8429729819815,1.95e+03
12675000,25350.000004246973,-6922.392976497951,-5320.65374021943,306.7591111745625,1.95e+03
12700000,25400.00000425716,-7052.108599090489,-5526.566730717402,292.16607610175015,1.95e+03
12725000,25450.000004267346,-7018.3569136680035,-5389.962850225078,311.8639440364094,1.95e+03
12750000,25500.000004277532,-6973.102272280316,-5506.8261835673,280.81571551881837,1.95e+03
12775000,25550.00000428772,-7024.653322738591,-5451.448579720505,301.29429168826147,1.95e+03
12800000,25600.000004297905,-7086.153674527369,-5513.194370352163,301.24728615853206,1.95e+03
12825000,25650.00000430809,-7150.532896421975,-5562.8102113468385,304.07471368245075,1.95e+03
12850000,25700.000004318277,-7122.3900830810735,-5548.64141652944,301.39846189020125,1.95e+03
12875000,25750.000004328464,-7142.385262556219,-5618.721469870738,291.8063940663726,1.95e+03
12900000,25800.00000433865,-7067.251900533856,-5529.650741724918,294.4756263279733,1.95e+03
12925000,25850.000004348836,-7181.448828261541,-5696.653528955345,284.362445506165,1.94e+03
12950000,25900.000004359023,-7160.762866859273,-5619.1807404778865,295.2380463564521,1.94e+03
12975000,25950.00000436921,-7066.231569689849,-5443.055485478492,310.8646161589688,1.94e+03
13000000,26000.000004379395,-7094.34886356918,-5503.51612465055,304.67033956906596,1.94e+03
13025000,26050.00000438958,-7281.133173462906,-5711.016455206498,300.70288472904974,1.94e+03
13050000,26100.000004399768,-7085.3343498471395,-5516.946529260391,300.37177271003696,1.94e+03
13075000,26150.000004409954,-7114.141824229344,-5486.763211043501,311.66946879896176,1.94e+03
13100000,26200.00000442014,-7066.510683715309,-5392.163488600616,320.66471603976686,1.94e+03
13125000,26250.000004430327,-7231.4541927212695,-5529.717425280869,325.91026454840335,1.94e+03
13150000,26300.000004440513,-7114.544028750915,-5601.723399000935,289.72975203308897,1.94e+03
13175000,26350.0000044507,-7178.556183024664,-5451.877580471397,330.6870315757643,1.94e+03
13200000,26400.000004460886,-7067.028459525508,-5472.383205836514,305.4004981465722,1.94e+03
13225000,26450.000004471072,-7112.711777633293,-5493.680100189323,310.0708948668171,1.94e+03
13250000,26500.00000448126,-7089.474155521734,-5488.78535448297,306.55793574400786,1.94e+03
13275000,26550.000004491445,-7104.241816810046,-5544.993630299392,298.6213841560563,1.94e+03
13300000,26600.00000450163,-7083.68063627436,-5605.370167536268,283.1204949962859,1.94e+03
13325000,26650.000004511818,-7103.343213196995,-5590.869752343035,289.66326354385296,1.94e+03
13350000,26700.000004522004,-7193.258476346773,-5615.426898401828,302.1804058181821,1.94e+03
13375000,26750.00000453219,-7137.559281778258,-5478.0918839220485,317.81499289002653,1.94e+03
13400000,26800.000004542377,-7028.391613660113,-5428.543939919784,306.396846187975,1.94e+03
13425000,26850.000004552563,-6939.973695030261,-5365.210218130498,301.5928145746783,1.94e+03
13450000,26900.00000456275,-7153.084822554332,-5575.12903708994,302.2041935780146,1.94e+03
13475000,26950.000004572936,-7242.954377478807,-5789.173734575413,278.4226344457748,1.94e+03
13500000,27000.000004583122,-7164.999328870395,-5582.478177849553,303.0785353238892,1.94e+03
13525000,27050.00000459331,-7108.819210072072,-5684.390143967403,272.8013301745074,1.94e+03
13550000,27100.000004603495,-7126.736240182456,-5649.227724261228,282.9669079905278,1.94e+03
13575000,27150.00000461368,-7227.064741474473,-5665.017491537145,299.1574503205354,1.94e+03
13600000,27200.000004623867,-7046.988214066107,-5506.084556087846,295.1081086240241,1.94e+03
13625000,27250.000004634054,-7130.49561344232,-5590.096474270681,295.011485068089,1.94e+03
13650000,27300.00000464424,-7145.045805694748,-5721.752929196845,272.58373138813636,1.94e+03
13675000,27350.000004654426,-7194.47216436323,-5585.559917537823,308.13285934153686,1.94e+03
13700000,27400.000004664613,-7028.66690610474,-5458.8529633039025,300.64489830558426,1.94e+03
13725000,27450.0000046748,-7125.77333905427,-5595.649744635077,293.0435511474476,1.94e+03
13750000,27500.000004684985,-7191.630384429295,-5542.478779935183,315.8393507061154,1.94e+03
13775000,27550.00000469517,-7208.6765971806635,-5720.684295552203,284.9747234404179,1.94e+03
13800000,27600.000004705358,-7104.160146843919,-5557.844302647484,296.1446302975868,1.94e+03
13825000,27650.000004715544,-7078.038093905558,-5471.152197921075,307.74478020305355,1.94e+03
13850000,27700.00000472573,-7046.940036097372,-5463.219674617121,303.30820362838443,1.94e+03
13875000,27750.000004735917,-7064.829033454504,-5503.121711359973,299.0923486107452,1.94e+03
13900000,27800.000004746104,-7143.382688110583,-5680.3508745509025,280.19438406866607,1.94e+03
13925000,27850.00000475629,-7147.407786096983,-5572.770205675732,301.5687033517191,1.94e+03
13950000,27900.000004766476,-7178.748585241027,-5730.454637368985,277.3718431228289,1.94e+03
13975000,27950.000004776663,-7143.024562507504,-5554.128218481721,304.29948845750016,1.94e+03
14000000,28000.00000478685,-7075.925099617143,-5441.1933846626725,313.07770736353666,1.94e+03
14025000,28050.000004797035,-7041.221895103449,-5522.621137611462,290.83674049191814,1.94e+03
14050000,28100.00000480722,-6992.162537563342,-5410.172224343082,302.976871252612,1.94e+03
14075000,28150.000004817408,-7061.947900313458,-5435.526876409492,311.48607487919907,1.94e+03
14100000,28200.000004827594,-7127.69725372887,-5501.493492429281,311.44446555734385,1.94e+03
14125000,28250.00000483778,-7175.922489806347,-5568.708217361781,307.80766963520585,1.94e+03
14150000,28300.000004847967,-7153.605877362793,-5547.876298219174,307.52332672404424,1.94e+03
14175000,28350.000004858153,-7094.8475321500955,-5534.120469693771,298.90461294908096,1.94e+03
14200000,28400.00000486834,-7077.842880444872,-5629.666417677005,277.3493428148409,1.94e+03
14225000,28450.000004878526,-7029.450283195094,-5355.195004406066,320.6471125686619,1.94e+03
14250000,28500.000004888712,-7110.907974143542,-5459.411807750374,316.288372436968,1.94e+03
14275000,28550.0000048989,-7072.134625920841,-5519.117925880326,297.42795316081055,1.94e+03
14300000,28600.000004909085,-7026.543562178338,-5376.200106410955,316.06760960679026,1.94e+03
14325000,28650.00000491927,-6991.516627336466,-5346.029407100351,315.13756153062076,1.94e+03
14350000,28700.000004929458,-7051.879164782204,-5564.397340646998,284.8769586990926,1.94e+03
14375000,28750.000004939644,-7132.642904898194,-5621.1224858518235,289.48074053936716,1.94e+03
14400000,28800.00000494983,-7083.448757767592,-5564.972081622719,290.812976896139,1.94e+03
14425000,28850.000004960017,-7097.317419029642,-5413.022335610219,322.5698984223329,1.94e+03
14450000,28900.000004970203,-7174.7463607216705,-5629.251384451621,295.9874207407586,1.94e+03
14475000,28950.00000498039,-7208.407224856141,-5552.536647100778,317.12614334935216,1.94e+03
14500000,29000.000004990576,-7050.105735158901,-5411.815083714854,313.7593015765907,1.94e+03
14525000,29050.000005000762,-7143.774360900434,-5652.66213127805,285.57224038741384,1.94e+03
14550000,29100.00000501095,-7095.823413582542,-5469.275216806711,311.5104305522419,1.94e+03
14575000,29150.000005021135,-7194.874703967194,-5659.472395196837,294.0545107879629,1.94e+03
14600000,29200.00000503132,-6922.81091211467,-5390.192032459805,293.52143884831963,1.94e+03
14625000,29250.000005041507,-7119.285954091953,-5573.385711436595,296.0650358439728,1.94e+03
14650000,29300.000005051694,-7239.709079632927,-5723.1369210218845,290.44823081721324,1.94e+03
14675000,29350.00000506188,-7242.675954687101,-5610.3280786034375,312.62116345387307,1.94e+03
14700000,29400.000005072066,-6978.693085544785,-5370.547145970014,307.9860990413785,1.94e+03
14725000,29450.000005082253,-7187.245529426856,-5515.677421436544,320.13247566203046,1.94e+03
14750000,29500.00000509244,-7130.245186024294,-5502.490082753504,311.7415727726975,1.94e+03
14775000,29550.000005102625,-7162.507160001793,-5645.314345735789,290.5670964682188,1.94e+03
14800000,29600.00000511281,-7098.160759804685,-5546.609426905707,297.1473115234572,1.94e+03
14825000,29650.000005122998,-7115.810697464793,-5550.325531842463,299.81586708147756,1.94e+03
14850000,29700.000005133184,-7118.232681676947,-5564.1122377500305,297.6393380641007,1.94e+03
14875000,29750.00000514337,-7154.77928045919,-5527.945580189749,311.56510911411584,1.94e+03
14900000,29800.000005153557,-7093.378801015982,-5575.336473560195,290.7297920588161,1.94e+03
14925000,29850.000005163743,-6975.409508805786,-5424.907912427678,296.94626990893204,1.94e+03
14950000,29900.00000517393,-7022.823528541966,-5462.238294331353,298.8774505336212,1.94e+03
14975000,29950.000005184116,-7024.661579064816,-5453.22366799596,300.9559146378248,1.94e+03
15000000,30000.000005194303,-7077.917287757258,-5517.924942088112,298.7639027363976,1.94e+03
