#"Step","Time (ps)","Potential Energy (kJ/mole)","Total Energy (kJ/mole)","Temperature (K)","Speed (ns/day)"
25000,50.00000000001514,-6916.572021855952,-5352.493180133852,299.5465331849937,0
50000,99.99999999994834,-6951.59047614585,-5362.504759073374,304.33575647551953,1.96e+03
75000,149.99999999998812,-7067.160219175672,-5506.421168421401,298.90690890309105,1.95e+03
100000,200.00000000022686,-7024.810192912351,-5503.603271927183,291.3358631822014,1.94e+03
125000,250.0000000004656,-7082.617272513427,-5507.970424965249,301.57047815722746,1.94e+03
150000,300.00000000070435,-7157.653979082285,-5610.674968491622,296.27163744647004,1.95e+03
175000,350.0000000009431,-7144.504363030119,-5667.641784002913,282.84320057111967,1.94e+03
200000,400.00000000118183,-6977.661100293917,-5354.645679078052,310.83384658263634,1.94e+03
225000,450.0000000014206,-7015.5242044304505,-5582.4092100168755,274.46482669592416,1.94e+03
250000,500.0000000016593,-7007.733378045015,-5418.37900998072,304.387207509246,1.93e+03
275000,550.000000000818,-7027.797626033834,-5416.217285099016,308.64384275194146,1.93e+03
300000,599.9999999996356,-6971.107775156533,-5478.745061775696,285.8117283624805,1.93e+03
325000,649.9999999984533,-7107.001601115395,-5565.2133549497685,295.2775216470467,1.92e+03
350000,699.999999997271,-7099.285286745663,-5573.127331656493,292.2840667266605,1.92e+03
375000,749.9999999960886,-7171.66186279662,-5651.255388978871,291.1825645327968,1.93e+03
400000,799.9999999949063,-7027.480932428221,-5435.275304517172,304.93327013698706,1.93e+03
425000,849.9999999937239,-7069.943251482134,-5548.707405606608,291.3414027690805,1.93e+03
450000,899.9999999925416,-7209.661971805231,-5569.475601436079,314.122362578863,1.93e+03
475000,949.9999999913592,-7141.674550013453,-5511.432232484234,312.2179147501776,1.92e+03
500000,999.9999999901769,-7171.623924074412,-5588.74698243632,303.14667501294696,1.92e+03
525000,1049.9999999889947,-6970.909078958833,-5476.293874988591,286.2431169402745,1.92e+03
550000,1099.9999999878123,-7045.288264700892,-5533.741237985807,289.485836340619,1.92e+03
575000,1149.99999998663,-7251.472763540555,-5647.313510093829,307.22258381650795,1.92e+03
600000,1199.9999999854476,-7258.219821617293,-5766.254597029793,285.7356027946077,1.92e+03
625000,1249.9999999842653,-7076.916383880502,-5528.46793965771,296.5530578829006,1.91e+03
650000,1299.999999983083,-7146.463656758196,-5546.252748142828,306.46641157345783,1.92e+03
675000,1349.9999999819006,-7084.670383391944,-5491.926579437505,305.036339601096,1.92e+03
700000,1399.9999999807183,-7058.524099353899,-5471.871471165194,303.86978038747156,1.92e+03
725000,1449.999999979536,-7064.382802303822,-5362.036253307717,326.0270476325671,1.92e+03
750000,1499.9999999783536,-6973.580314085753,-5443.50250262406,293.0347829665654,1.92e+03
775000,1549.9999999771712,-7127.225373535391,-5563.6992627147,299.44067622888326,1.92e+03
800000,1599.9999999759889,-7143.821080438261,-5637.8223895482915,288.423239803267,1.92e+03
825000,1649.9999999748065,-7014.799607068771,-5456.572691984307,298.4257940700609,1.92e+03
850000,1699.9999999736242,-7103.574341509557,-5522.476364394111,302.80597437740147,1.92e+03
875000,1749.9999999724419,-6998.256922099423,-5435.758383169615,299.2438795014412,1.91e+03
900000,1799.9999999712595,-7156.6321816167565,-5534.406703663558,310.6825596018061,1.91e+03
925000,1849.9999999700772,-7053.899751397694,-5456.0056100524025,306.02271296605005,1.91e+03
950000,1899.9999999688948,-7154.661026619971,-5664.907610239218,285.31200555466836,1.91e+03
975000,1949.9999999677125,-7156.406139388892,-5453.087267858355,326.21326320978574,1.91e+03
1000000,1999.9999999665301,-7000.936471918553,-5461.4354138109275,294.8394879397676,1.92e+03
1025000,2049.999999965348,-7142.648095750858,-5610.143233731853,293.4996026169017,1.91e+03
1050000,2099.9999999641655,-7166.927376642204,-5639.497808851247,292.52760123797384,1.91e+03
1075000,2149.999999962983,-7092.476962143193,-5537.530203969848,297.79759067978506,1.91e+03
1100000,2199.9999999618008,-7148.417149038514,-5557.751410302428,304.638356318358,1.91e+03
1125000,2249.9999999606184,-7235.2286523012335,-5660.315756417237,301.6214307400053,1.91e+03
1150000,2299.999999959436,-7135.349025502731,-5547.882447494785,304.02566501427947,1.91e+03
1175000,2349.9999999582537,-7095.732747830871,-5558.660415104648,294.37434753338215,1.91e+03
1200000,2399.9999999570714,-7145.35040685515,-5609.881508422222,294.067263791224,1.91e+03
1225000,2449.999999955889,-7219.106283261941,-5680.010311040475,294.76190740507553,1.91e+03
1250000,2499.9999999547067,-7054.210221222869,-5399.266575325215,316.9486208248677,1.91e+03
1275000,2549.9999999535244,-7264.837564828042,-5719.507890383648,295.9557627530128,1.91e+03
1300000,2599.999999952342,-7058.242417832551,-5505.955908025239,297.28810985682406,1.91e+03
1325000,2649.9999999511597,-6992.66064031559,-5456.059409367658,294.28412388179885,1.91e+03
1350000,2699.9999999499773,-7116.7749470358585,-5670.675303253154,276.9515982060245,1.91e+03
1375000,2749.999999948795,-7232.398087472466,-5769.402490304756,280.1874480406539,1.91e+03
1400000,2799.9999999476127,-7132.341379799242,-5609.058967557954,291.73335350931416,1.91e+03
1425000,2849.9999999464303,-7219.28218278287,-5581.193527227588,313.72061607904226,1.91e+03
1450000,2899.999999945248,-7119.686707743369,-5612.389479348687,288.6719308521907,1.91e+03
1475000,2949.9999999440656,-7071.835534887077,-5551.31399514528,291.20460152845016,1.91e+03
1500000,2999.9999999428833,-7160.143791820463,-5661.299085613145,287.05313539869155,1.91e+03
1525000,3049.999999941701,-7173.480737122074,-5544.4495668629725,311.98596035231583,1.91e+03
1550000,3099.9999999405186,-7066.571226027902,-5473.830739389213,305.035704281184,1.91e+03
1575000,3149.9999999393362,-7164.937184885465,-5523.917414775478,314.28197218195015,1.91e+03
1600000,3199.999999938154,-7004.422570591057,-5525.598585633679,283.2188417030619,1.91e+03
1625000,3249.9999999369716,-7037.988866147665,-5396.168736958478,314.43525396102825,1.91e+03
1650000,3299.999999935789,-6976.7074067060485,-5352.9737891168115,310.9713928674211,1.91e+03
1675000,3349.999999934607,-7026.560579033864,-5359.268602122996,319.3135270220236,1.91e+03
1700000,3399.9999999334245,-7094.596472583973,-5547.884594868237,296.220477156816,1.91e+03
1725000,3449.999999932242,-7169.726241050143,-5599.351211415661,300.7523555586015,1.91e+03
1750000,3499.99999993106,-7005.741190371413,-5352.479328529406,316.6265318290979,1.91e+03
1775000,3549.9999999298775,-7128.887843443932,-5577.496394313583,297.11669118174063,1.91e+03
1800000,3599.999999928695,-7243.222931507309,-5674.336512617547,300.46726239325216,1.91e+03
1825000,3649.999999927513,-7116.706886670711,-5610.140733764685,288.5319180073892,1.91e+03
1850000,3699.9999999263305,-7145.297164555368,-5529.391244497299,309.4722614964601,1.91e+03
1875000,3749.999999925148,-7093.365593869326,-5513.27642563425,302.6127710715963,1.91e+03
1900000,3799.999999923966,-7046.683810494663,-5510.769568175971,294.15255438751433,1.91e+03
1925000,3849.9999999227834,-7018.112958366962,-5426.46328350007,304.826796088142,1.91e+03
1950000,3899.999999921601,-6964.051365324571,-5335.713747108056,311.8531338576414,1.91e+03
1975000,3949.9999999204188,-7200.870183903003,-5682.69166599671,290.7558747448122,1.91e+03
2000000,3999.9999999192364,-7001.6908610444825,-5454.621847273964,296.288874519041,1.91e+03
2025000,4049.999999918054,-7232.874391112417,-5639.994924261929,305.06232125183465,1.91e+03
2050000,4099.999999917781,-7091.15030245182,-5521.434847960505,300.62603619269737,1.91e+03
2075000,4149.999999927967,-7205.453562908866,-5572.929063966752,312.65498960350106,1.91e+03
2100000,4199.999999938153,-7171.426539758146,-5631.595206504443,294.9027410011642,1.91e+03
2125000,4249.99999994834,-7140.172261448707,-5545.286043198648,305.4466467785732,1.91e+03
2150000,4299.999999958526,-7186.091500976856,-5550.173056339206,313.30498539642207,1.91e+03
2175000,4349.9999999687125,-7097.022308302521,-5623.915199059164,282.12396703619476,1.91e+03
2200000,4399.999999978899,-6950.882010434023,-5477.437207825521,282.18864080717765,1.91e+03
2225000,4449.999999989085,-7140.652764578297,-5549.6024640823025,304.7120061491101,1.91e+03
2250000,4499.9999999992715,-7121.150326403871,-5591.788532790351,292.897653904783,1.91e+03
2275000,4550.000000009458,-7024.766444047471,-5393.411117188346,312.4310741365733,1.91e+03
2300000,4600.000000019644,-7224.45119190337,-5621.528016085449,306.98585484954083,1.91e+03
2325000,4650.0000000298305,-7115.454489809132,-5573.485775917764,295.3120841512859,1.91e+03
2350000,4700.000000040017,-7068.151643992231,-5428.278036714245,314.0624633607623,1.91e+03
2375000,4750.000000050203,-7021.2328676694715,-5374.124914181687,315.44795830462283,1.91e+03
2400000,4800.0000000603895,-7098.035240856296,-5610.750455497771,284.8392225691206,1.91e+03
2425000,4850.000000070576,-7034.413586011062,-5380.979333866945,316.6595473753571,1.91e+03
2450000,4900.000000080762,-7123.100545010636,-5567.271339743147,297.96659364863734,1.91e+03
2475000,4950.000000090949,-7057.3482335886,-5517.3607156489015,294.93265290840225,1.91e+03
2500000,5000.000000101135,-7107.445510045087,-5414.912292341542,324.1476351059927,1.91e+03
2525000,5050.000000111321,-7107.698997176513,-5493.448567819108,309.1552081057514,1.91e+03
2550000,5100.000000121508,-6907.278617040922,-5247.273082148228,317.91805488367885,1.91e+03
2575000,5150.000000131694,-7033.988704184825,-5386.770598995785,315.46905414669635,1.91e+03
2600000,5200.00000014188,-7094.231769406587,-5442.842728068252,316.2678562469035,1.91e+03
2625000,5250.000000152067,-7121.668339139892,-5532.386032590313,304.3734065573161,1.91e+03
2650000,5300.000000162253,-7200.18585793593,-5666.295919788957,293.7648672194668,1.91e+03
2675000,5350.000000172439,-6993.857673142571,-5401.2371456096025,305.0127301616677,1.91e+03
2700000,5400.000000182626,-7107.563381572947,-5626.58295600589,283.6318351477769,1.91e+03
2725000,5450.000000192812,-7007.019170279088,-5505.250222213095,287.6131752685462,1.91e+03
2750000,5500.000000202998,-7064.856309314175,-5419.720591592917,315.0702430829041,1.91e+03
2775000,5550.000000213185,-7081.138859818422,-5464.667381188736,309.5805751600184,1.91e+03
2800000,5600.000000223371,-7077.560442122634,-5384.300502888564,324.28681409700846,1.91e+03
2825000,5650.000000233557,-7116.929035201643,-5544.542371117326,301.13761626887384,1.91e+03
2850000,5700.000000243744,-7060.534433018897,-5475.29086637734,303.59992218708345,1.91e+03
2875000,5750.00000025393,-7089.467504753493,-5505.929697042882,303.27324161281524,1.91e+03
2900000,5800.000000264116,-7045.16035242476,-5405.7086099595,313.9816693887746,1.91e+03
2925000,5850.000000274303,-6992.8046830682615,-5414.876971653412,302.19881694098814,1.91e+03
2950000,5900.000000284489,-7143.76430610908,-5540.089769454529,307.12975266835895,1.91e+03
2975000,5950.000000294675,-7177.9520386143895,-5791.482188199721,265.5315230784394,1.91e+03
3000000,6000.000000304862,-7004.718295740557,-5521.439629436115,284.07198562289625,1.91e+03
3025000,6050.000000315048,-6959.819756791771,-5525.515596088753,274.69257137853293,1.91e+03
3050000,6100.000000325234,-7046.739251027833,-5544.483196883472,287.7064640038556,1.91e+03
3075000,6150.000000335421,-7023.313530580126,-5418.794154887436,307.29155308290524,1.91e+03
3100000,6200.000000345607,-7141.935069230356,-5554.469591962855,304.02545420458415,1.91e+03
3125000,6250.000000355793,-7016.529647659549,-5478.662300177644,294.5266057875971,1.91e+03
3150000,6300.00000036598,-7160.515674916927,-5567.322288569684,305.12244194041114,1.91e+03
3175000,6350.000000376166,-7036.3290987538685,-5430.538682281816,307.53497806177364,1.91e+03
3200000,6400.000000386352,-7133.82427002104,-5520.458832447207,308.985717787492,1.91e+03
3225000,6450.000000396539,-7157.237945669156,-5625.973818472376,293.2619817216595,1.91e+03
3250000,6500.000000406725,-7130.914565856938,-5516.511623142175,309.184416893852,1.91e+03
3275000,6550.0000004169115,-6978.740554265419,-5349.199763260043,312.083561012662,1.91e+03
3300000,6600.000000427098,-7066.605648187878,-5627.909864622454,275.5336385731004,1.91e+03
3325000,6650.000000437284,-7125.358805682616,-5655.397751129265,281.52144640202766,1.91e+03
3350000,6700.0000004474705,-7102.942461089757,-5614.130570036894,285.13168814332545,1.91e+03
3375000,6750.000000457657,-7010.08139800927,-5428.358685978525,302.9256212730987,1.91e+03
3400000,6800.000000467843,-7072.440721741792,-5482.554508778356,304.4890644562747,1.91e+03
3425000,6850.0000004780295,-7131.439918137746,-5497.590666835178,312.9087012236044,1.91e+03
3450000,6900.000000488216,-7076.2620071053025,-5424.3565104222525,316.366765843995,1.91e+03
3475000,6950.000000498402,-6988.879936647001,-5387.159838897523,306.7554458350207,1.91e+03
3500000,7000.0000005085885,-7134.913830354571,-5596.15602777758,294.6971424188557,1.91e+03
3525000,7050.000000518775,-7070.670227005879,-5474.196080801374,305.75076080467846,1.9e+03
3550000,7100.000000528961,-7110.80322244644,-5545.872653455579,299.70965280772026,1.9e+03
3575000,7150.000000539148,-7091.723604922421,-5550.155633958433,295.2353353638254,1.9e+03
3600000,7200.000000549334,-7115.542422164201,-5460.819359931772,316.9063754658531,1.9e+03
3625000,7250.00000055952,-7180.223295335561,-5506.836009531221,320.48087779682254,1.9e+03
3650000,7300.000000569707,-7041.275305328379,-5519.708094807358,291.4048644873329,1.9e+03
3675000,7350.000000579893,-7004.878034218992,-5405.495846015598,306.3076981379427,1.9e+03
3700000,7400.000000590079,-7105.862553984863,-5595.885581447923,289.18514543333816,1.9e+03
3725000,7450.000000600266,-7043.088847641755,-5516.324098244107,292.40027770440184,1.9e+03
3750000,7500.000000610452,-7092.44362459719,-5580.993050183157,289.4673641564636,1.9e+03
3775000,7550.000000620638,-7162.322996346384,-5472.285532502373,323.6696576560304,1.9e+03
3800000,7600.000000630825,-7092.065817163864,-5508.408047111467,303.2962163520907,1.9e+03
3825000,7650.000000641011,-6908.7841445819895,-5302.833222942207,307.56571741152345,1.9e+03
3850000,7700.000000651197,-7115.915031050145,-5597.266561964445,290.84587803799826,1.9e+03
3875000,7750.000000661384,-7086.612910102737,-5446.075083542233,314.18967215487515,1.9e+03
3900000,7800.00000067157,-7065.34015930298,-5488.17833183457,302.052137710467,1.9e+03
3925000,7850.000000681756,-7202.0598770489,-5757.001919709406,276.7520983122813,1.9e+03
3950000,7900.000000691943,-7010.637255762495,-5474.424224935031,294.2097772458325,1.9e+03
3975000,7950.000000702129,-7127.1787226336955,-5568.0399113576,298.600437019982,1.9e+03
4000000,8000.000000712315,-7148.68909955249,-5565.896902754532,303.1304449979438,1.9e+03
4025000,8050.000000722502,-7108.00041965042,-5481.836467981426,311.436841365702,1.9e+03
4050000,8100.000000732688,-7105.4784842194795,-5454.318978401341,316.22389646208734,1.9e+03
4075000,8150.000000742874,-7033.26388625685,-5423.716107984119,308.2545739486894,1.9e+03
4100000,8200.00000075306,-7095.412271957255,-5419.906207194083,320.886658422948,1.9e+03
4125000,8250.000000763246,-7069.683285058452,-5611.60798181547,279.2451317404215,1.9e+03
4150000,8300.000000773432,-7065.041476733166,-5525.468627888087,294.85323703344835,1.9e+03
4175000,8350.000000783619,-7134.776691533,-5589.04004843376,296.03370386852606,1.9e+03
4200000,8400.000000793805,-7130.205073365631,-5501.477282792657,311.9278582088724,1.9e+03
4225000,8450.000000803991,-7203.370919017167,-5662.232786750342,295.15301426329677,1.9e+03
4250000,8500.000000814178,-7076.716487372486,-5571.339589630577,288.30415630383493,1.9e+03
4275000,8550.000000824364,-7128.017461462918,-5625.559702634103,287.74509373104297,1.91e+03
4300000,8600.00000083455,-6921.714930223552,-5295.2707448248,311.49051068210173,1.9e+03
4325000,8650.000000844737,-7106.387339120759,-5478.797505002116,311.7099210424603,1.9e+03
4350000,8700.000000854923,-7182.687341964469,-5545.73190617102,313.5035860662712,1.9e+03
4375000,8750.00000086511,-7102.577437679092,-5481.283504248981,310.50415367689044,1.9e+03
4400000,8800.000000875296,-7149.434342949731,-5565.747725228525,303.30174114978735,1.9e+03
4425000,8850.000000885482,-7030.738424272915,-5377.715787249101,316.5807163861484,1.9e+03
4450000,8900.000000895669,-7258.811144637502,-5683.25579697472,301.744470703171,1.9e+03
4475000,8950.000000905855,-7146.461606366531,-5603.98555894214,295.4092467730999,1.9e+03
4500000,9000.000000916041,-7096.091545682957,-5595.888339344408,287.31331026570354,1.9e+03
4525000,9050.000000926228,-7097.2320010417425,-5560.161268708744,294.3740410320542,1.9e+03
4550000,9100.000000936414,-7115.613419560433,-5565.9988988220175,296.7763804983381,1.9e+03
4575000,9150.0000009466,-7099.709818497377,-5623.291927062071,282.7580356657766,1.9e+03
4600000,9200.000000956787,-7051.092590075493,-5519.109844056516,293.39960891226417,1.9e+03
4625000,9250.000000966973,-7088.024608286949,-5509.939237234072,302.2290113255257,1.9e+03
4650000,9300.00000097716,-7083.941516392441,-5463.999550504956,310.2452299068291,1.9e+03
4675000,9350.000000987346,-7064.157924986891,-5590.07616977485,282.31062758885616,1.9e+03
4700000,9400.000000997532,-6961.820215161677,-5398.201089595659,299.458490065216,1.9e+03
4725000,9450.000001007718,-7172.844251087566,-5630.712251987048,295.3433559241764,1.9e+03
4750000,9500.000001017905,-7134.380998649718,-5525.791697030088,308.071010082907,1.9e+03
4775000,9550.000001028091,-7058.692051416025,-5580.0220892802,283.18934382802075,1.9e+03
4800000,9600.000001038277,-7068.825036076225,-5501.448338894251,300.1781261351693,1.9e+03
4825000,9650.000001048464,-7110.402219312986,-5595.3729973191275,290.1527333638415,1.9e+03
4850000,9700.00000105865,-7154.669269439822,-5572.98175192097,302.9188809517393,1.9e+03
4875000,9750.000001068836,-7058.010389486968,-5422.503191015405,313.2262250679457,1.9e+03
4900000,9800.000001079023,-7078.994254092772,-5524.640087410283,297.6840997725842,1.9e+03
4925000,9850.000001089209,-7139.6763821567265,-5659.125239801634,283.5496204316972,1.9e+03
4950000,9900.000001099395,-6957.807071626696,-5367.120868119028,304.6422756549131,1.9e+03
4975000,9950.000001109582,-7127.61698479355,-5628.013740335544,287.1984078090207,1.9e+03
5000000,10000.000001119768,-7118.377498295102,-5529.184125089926,304.3563743756319,1.91e+03
5025000,10050.000001129954,-7094.733447670478,-5539.580101914253,297.83715556142664,1.91e+03
5050000,10100.00000114014,-7157.0445665154875,-5620.601152807929,294.25389931384876,1.91e+03
5075000,10150.000001150327,-7261.88810648166,-5683.258967569974,302.3331517132215,1.91e+03
5100000,10200.000001160513,-7116.264535640825,-5645.505481042181,281.67427638774996,1.91e+03
5125000,10250.0000011707,-6911.9216382575605,-5370.490889358321,295.2090551069256,1.91e+03
5150000,10300.000001180886,-7101.773705708315,-5534.976880510258,300.0670712203915,1.91e+03
5175000,10350.000001191072,-6942.45921794686,-5505.712917437037,275.16028086552797,1.91e+03
5200000,10400.000001201259,-7120.930569528891,-5559.259091845162,299.0854838231762,1.91e+03
5225000,10450.000001211445,-7112.149190658188,-5519.27129238823,305.0620208431548,1.91e+03
5250000,10500.000001221631,-7037.644405023699,-5477.919123928579,298.7127555274768,1.91e+03
5275000,10550.000001231818,-7073.645537138504,-5481.517425886498,304.91842443620686,1.91e+03
5300000,10600.000001242004,-7115.51866942069,-5656.132388276327,279.4962053276124,1.91e+03
5325000,10650.00000125219,-7065.915141116631,-5518.8318762294,296.2916038396424,1.91e+03
5350000,10700.000001262377,-7020.86181700397,-5476.825421074604,295.70807888613547,1.91e+03
5375000,10750.000001272563,-7173.7361013489635,-5667.963421938108,288.379954929626,1.91e+03
5400000,10800.00000128275,-7048.553700392049,-5574.452749122975,282.3143039459437,1.91e+03
5425000,10850.000001292936,-7012.616737521121,-5512.249862644609,287.34465545229557,1.91e+03
5450000,10900.000001303122,-7103.239099807182,-5516.257886034674,303.9327098702171,1.91e+03
5475000,10950.000001313309,-6983.439298086192,-5436.973366383696,296.1733744957152,1.91e+03
5500000,11000.000001323495,-7090.387095224964,-5374.319545638578,328.65484237603556,1.91e+03
5525000,11050.000001333681,-7083.030051481073,-5622.009181146113,279.80925573924384,1.91e+03
5550000,11100.000001343868,-7164.108523479705,-5488.722024810104,320.86375957164944,1.91e+03
5575000,11150.000001354054,-7035.3478578534805,-5413.971855617957,310.5198711877269,1.91e+03
5600000,11200.00000136424,-7039.170662562585,-5519.572877012559,291.0276875786677,1.91e+03
5625000,11250.000001374427,-7034.707175070482,-5469.495530470015,299.7634833578016,1.91e+03
5650000,11300.000001384613,-7024.92712446497,-5513.627396870351,289.43847453748015,1.91e+03
5675000,11350.0000013948,-7136.039221347497,-5581.642738913169,297.6922039271986,1.91e+03
5700000,11400.000001404986,-7014.3589758650605,-5453.8917215786205,298.8548554595568,1.91e+03
5725000,11450.000001415172,-6931.20761127299,-5346.314441615757,303.5328154664419,1.91e+03
5750000,11500.000001425358,-7079.806499603414,-5560.494384848988,290.97297697574174,1.91e+03
5775000,11550.000001435545,-7036.891232689097,-5508.673063519157,292.678631226257,1.91e+03
5800000,11600.000001445731,-7119.498530431416,-5624.73929146746,286.2707019838628,1.91e+03
5825000,11650.000001455917,-6956.118478761343,-5244.862002363041,327.7334436230142,1.91e+03
5850000,11700.000001466104,-7176.131340688631,-5646.232261014582,293.00055292270144,1.91e+03
5875000,11750.00000147629,-7107.14101551636,-5558.000513675241,296.68559817102727,1.91e+03
5900000,11800.000001486476,-7004.950938203978,-5420.658873455001,303.4176941013637,1.91e+03
5925000,11850.000001496663,-6973.148028832783,-5340.132636534947,312.7490036640123,1.91e+03
5950000,11900.000001506849,-7152.949000224367,-5607.877834452018,295.9062541384574,1.91e+03
5975000,11950.000001517035,-7198.282663838994,-5675.153072191797,291.7040858803827,1.91e+03
6000000,12000.000001527222,-7001.750743070057,-5476.346601966638,292.1396990898926,1.91e+03
6025000,12050.000001537408,-7115.903639105854,-5446.193922790191,319.77656343523506,1.91e+03
6050000,12100.000001547594,-7123.354274963745,-5487.595457822332,313.2744141350359,1.91e+03
6075000,12150.00000155778,-7182.093928453641,-5609.083371557502,301.2571018880607,1.91e+03
6100000,12200.000001567967,-7012.617147635745,-5408.690240222333,307.17808577272524,1.91e+03
6125000,12250.000001578153,-7200.97043294861,-5712.364696152931,285.0922062506015,1.91e+03
6150000,12300.00000158834,-7073.244902518452,-5567.768085155138,288.32329253622356,1.91e+03
6175000,12350.000001598526,-7082.9544031095365,-5494.318122940202,304.24968199984113,1.91e+03
6200000,12400.000001608712,-7041.459095745727,-5536.053708180835,288.3096125682367,1.91e+03
6225000,12450.000001618899,-7122.066338390439,-5590.278302075163,293.36231883764304,1.91e+03
6250000,12500.000001629085,-7139.204027690158,-5420.52552811886,329.15488175732315,1.91e+03
6275000,12550.000001639271,-7083.632826589971,-5561.611602371873,291.49181549347793,1.91e+03
6300000,12600.000001649458,-6905.214747760943,-5389.345758102396,290.3135625279016,1.91e+03
6325000,12650.000001659644,-7163.02231197869,-5683.727249183069,283.30906076973656,1.91e+03
6350000,12700.00000166983,-7054.09102002875,-5483.77468368278,300.74111483938333,1.91e+03
6375000,12750.000001680017,-6906.972351969118,-5283.470578090961,310.9269910265151,1.91e+03
6400000,12800.000001690203,-7181.637318800807,-5653.527474931854,292.65788516953586,1.91e+03
6425000,12850.00000170039,-7133.833071248624,-5601.208607145713,293.52250836093435,1.91e+03
6450000,12900.000001710576,-7014.1451135406605,-5429.439840162293,303.4968302734763,1.91e+03
6475000,12950.000001720762,-7104.840904948529,-5500.893502394303,307.18201092548225,1.91e+03
6500000,13000.000001730948,-7081.738733398614,-5468.369152885551,308.98651122772685,1.91e+03
6525000,13050.000001741135,-7073.2320696928,-5477.645651513567,305.5807464516368,1.91e+03
6550000,13100.000001751321,-7101.267007432209,-5586.056221904724,290.1875057331106,1.91e+03
6575000,13150.000001761508,-7097.479564521958,-5461.712446745799,313.27600384157444,1.91e+03
6600000,13200.000001771694,-7124.635290940536,-5602.641135870057,291.48663131151136,1.91e+03
6625000,13250.00000178188,-7033.296506268797,-5416.685044669013,309.60738417519025,1.91e+03
6650000,13300.000001792067,-6899.477681179364,-5337.454596839318,299.15282221567605,1.91e+03
6675000,13350.000001802253,-7076.511362753956,-5576.037669491894,287.3651129102052,1.91e+03
6700000,13400.00000181244,-7224.176526568167,-5737.206284891308,284.77898233898327,1.91e+03
6725000,13450.000001822626,-7030.009140818214,-5483.986640317796,296.0884502094547,1.91e+03
6750000,13500.000001832812,-7145.466379234667,-5591.272529653532,297.65339644060384,1.91e+03
6775000,13550.000001842998,-7070.349556137329,-5515.023556594286,297.8702215692922,1.91e+03
6800000,13600.000001853185,-7177.483874251767,-5505.829763031263,320.14894667919395,1.91e+03
6825000,13650.000001863371,-7193.65802276904,-5621.731177265678,301.04955353306735,1.91e+03
6850000,13700.000001873557,-7145.732009615564,-5532.297705975047,308.9989067591593,1.91e+03
6875000,13750.000001883744,-7050.893531237091,-5442.602396762297,308.0139062258871,1.91e+03
6900000,13800.00000189393,-7164.546475665089,-5564.576506591175,306.42026773311903,1.91e+03
6925000,13850.000001904116,-7182.2438573708205,-5675.828281024108,288.50308014761,1.91e+03
6950000,13900.000001914303,-7120.285235261644,-5663.029220839342,279.0882246080151,1.91e+03
6975000,13950.000001924489,-7139.45335884383,-5600.3670449642095,294.76005767554847,1.91e+03
7000000,14000.000001934675,-7178.477083940143,-5590.2872553428415,304.1641792636168,1.91e+03
7025000,14050.000001944862,-7054.447846475844,-5554.553912091009,287.25407965719774,1.91e+03
7050000,14100.000001955048,-7055.631061061462,-5571.827732046407,284.17246706402534,1.91e+03
7075000,14150.000001965234,-7076.994787291956,-5618.95860511911,279.2376394193049,1.91e+03
7100000,14200.00000197542,-7020.607002920176,-5434.498478744796,303.7655756207194,1.91e+03
7125000,14250.000001985607,-7181.404390409894,-5758.850760746694,272.44215359768475,1.91e+03
7150000,14300.000001995793,-7099.979969916261,-5593.66595774951,288.4836289555141,1.91e+03
7175000,14350.00000200598,-7170.011306866408,-5671.613300593826,286.9675850969707,1.91e+03
7200000,14400.000002016166,-7057.781105556409,-5633.993545848216,272.6784712674277,1.91e+03
7225000,14450.000002026352,-7066.467738271495,-5433.170297875196,312.8030204615244,1.91e+03
7250000,14500.000002036539,-7033.469923046685,-5512.409359522035,291.3078333484524,1.91e+03
7275000,14550.000002046725,-7072.259435720733,-5568.956427790747,287.9069726793284,1.91e+03
7300000,14600.000002056911,-7103.984265342912,-5531.277232358592,301.1989721230521,1.91e+03
7325000,14650.000002067098,-7043.751239822273,-5455.1138940987485,304.24988607079644,1.91e+03
7350000,14700.000002077284,-7107.718213929668,-5718.248988339898,266.1059522002054,1.91e+03
7375000,14750.00000208747,-7122.438368627957,-5584.8200531141665,294.47891211595413,1.91e+03
7400000,14800.000002097657,-7199.99059329613,-5602.272136707046,305.9890664782569,1.91e+03
7425000,14850.000002107843,-7033.848865710449,-5434.452768143084,306.31036200733666,1.91e+03
7450000,14900.00000211803,-7138.13112800593,-5611.847845727113,292.30806892154425,1.91e+03
7475000,14950.000002128216,-7205.360272756514,-5607.024412845098,306.10730925467476,1.91e+03
7500000,15000.000002138402,-7059.956891742062,-5457.184373583229,306.9570014578358,1.91e+03
7525000,15050.000002148588,-7079.190165962542,-5614.486690666738,280.51453447563824,1.91e+03
7550000,15100.000002158775,-7020.503442797319,-5406.8493067145,309.04100824676766,1.91e+03
7575000,15150.000002168961,-7207.093492284287,-5615.956275837138,304.7286519671804,1.91e+03
7600000,15200.000002179147,-7067.36644044446,-5438.729001418086,311.91055441840496,1.91e+03
7625000,15250.000002189334,-7035.89884447501,-5375.364911857145,318.01925164083445,1.91e+03
7650000,15300.00000219952,-7191.425528116521,-5518.000423559733,320.4881207029236,1.91e+03
7675000,15350.000002209707,-7101.208285215791,-5595.625434530162,288.34359964175695,1.91e+03
7700000,15400.000002219893,-7106.982302238852,-5566.226890183863,295.0797171189474,1.91e+03
7725000,15450.00000223008,-7067.838062314078,-5421.9324053812925,315.2176989626362,1.91e+03
7750000,15500.000002240266,-7120.740328576357,-5556.2661380627505,299.62224890771523,1.91e+03
7775000,15550.000002250452,-7276.913036987419,-5705.612544655465,300.92959671500944,1.91e+03
7800000,15600.000002260638,-7193.452561700098,-5547.55207725428,315.216708347267,1.91e+03
7825000,15650.000002270825,-7155.129109272318,-5658.175847457278,286.6908930389678,1.91e+03
7850000,15700.00000228101,-7095.085732826203,-5600.93065272592,286.15499573665926,1.91e+03
7875000,15750.000002291197,-7105.642414678016,-5532.486753141183,301.28489178644037,1.91e+03
7900000,15800.000002301384,-7304.045579984014,-5711.300735555025,305.0365388688925,1.91e+03
7925000,15850.00000231157,-7172.400967478539,-5668.51764095038,288.0181131279994,1.91e+03
7950000,15900.000002321756,-7094.861877283988,-5582.560174190798,289.63036913954693,1.91e+03
7975000,15950.000002331943,-7150.4230748081145,-5534.26814383314,309.5199511364542,1.91e+03
8000000,16000.000002342129,-7024.035058858035,-5345.159768057915,321.53191999925906,1.91e+03
8025000,16050.000002352315,-7100.482479137753,-5611.61657073228,285.14203334477867,1.91e+03
8050000,16100.000002362502,-7256.790588468284,-5770.790621135269,284.59315902356974,1.91e+03
8075000,16150.000002372688,-7120.368288533448,-5581.55557561267,294.7076586426411,1.91e+03
8100000,16200.000002382874,-7136.97117114637,-5505.153049345462,312.51970689387974,1.91e+03
8125000,16250.00000239306,-7148.041787178221,-5461.583561153914,322.98417540811727,1.91e+03
8150000,16300.000002403247,-7249.783280067367,-5703.275452336552,296.18139826644995,1.91e+03
8175000,16350.000002413433,-7036.540718606367,-5480.11472526684,298.0808882693792,1.91e+03
8200000,16400.000002423618,-7146.816460570889,-5589.326522162268,298.28465105194806,1.91e+03
8225000,16450.000002433804,-7227.866808558423,-5676.78181945617,297.05799910271793,1.91e+03
8250000,16500.00000244399,-7112.392060104166,-5555.509527583926,298.16832294670996,1.91e+03
8275000,16550.000002454177,-7157.840166950248,-5474.216511173264,322.4413091100731,1.91e+03
8300000,16600.000002464363,-7118.488190955265,-5521.78979270675,305.79370871788524,1.91e+03
8325000,16650.00000247455,-7114.316407453951,-5548.117982352771,299.95246787067794,1.91e+03
8350000,16700.000002484736,-7191.44568684254,-5419.894111077911,339.28093566845513,1.91e+03
8375000,16750.000002494922,-7126.065573319099,-5538.982589043064,303.9522005766309,1.91e+03
8400000,16800.00000250511,-7260.612079066839,-5702.200074560261,298.46124170431347,1.91e+03
8425000,16850.000002515295,-7092.331683869837,-5498.746695000802,305.1974401915607,1.91e+03
8450000,16900.00000252548,-7152.757121539549,-5591.0597404899845,299.0904447389733,1.91e+03
8475000,16950.000002535668,-6973.848585403035,-5344.032985049579,312.1361914717593,1.91e+03
8500000,17000.000002545854,-7083.186893895593,-5595.6005562831015,284.8969747295873,1.91e+03
8525000,17050.00000255604,-6986.6695379921275,-5389.9636299641425,305.7951469627775,1.91e+03
8550000,17100.000002566227,-7176.0558082342095,-5687.258831491379,285.12883181041826,1.91e+03
8575000,17150.000002576413,-7071.153632124846,-5512.568197152281,298.49445645887005,1.91e+03
8600000,17200.0000025866,-7220.5568698305,-5706.0925817165735,290.04453933889954,1.91e+03
8625000,17250.000002596786,-7174.665483434687,-5653.000062358173,291.42367340580654,1.91e+03
8650000,17300.000002606972,-7126.306714455461,-5561.04366332298,299.77332854465345,1.91e+03
8675000,17350.00000261716,-7215.75175265505,-5661.321093776354,297.69874927207104,1.91e+03
8700000,17400.000002627345,-7151.471954541123,-5683.889570772506,281.06589226489024,1.91e+03
8725000,17450.00000263753,-7139.751060097651,-5551.66469955466,304.1443634486227,1.91e+03
8750000,17500.000002647717,-7156.333146035571,-5529.238039973456,311.61517257438487,1.91e+03
8775000,17550.000002657904,-7236.314703873475,-5615.861640871846,310.3431133156307,1.91e+03
8800000,17600.00000266809,-7164.253963534952,-5564.301191012764,306.41697431381374,1.91e+03
8825000,17650.000002678276,-7027.293501637025,-5482.511036164252,295.85096333625444,1.91e+03
8850000,17700.000002688463,-7105.727176021918,-5575.989241965056,292.96969091646594,1.91e+03
8875000,17750.00000269865,-7021.384579888388,-5461.766100839292,298.6923011988521,1.91e+03
8900000,17800.000002708835,-6981.437073803379,-5318.049625238171,318.5657463485267,1.91e+03
8925000,17850.00000271902,-7087.574443271093,-5587.524292931264,287.2839975529573,1.91e+03
8950000,17900.000002729208,-7012.200957875609,-5467.683108473055,295.80028505563035,1.91e+03
8975000,17950.000002739394,-7118.638713792669,-5542.35590729427,301.8837909001017,1.91e+03
9000000,18000.00000274958,-7079.850530285622,-5526.997727518136,297.39656416773363,1.91e+03
9025000,18050.000002759767,-7111.432620206318,-5674.947132745997,275.1103309252155,1.91e+03
9050000,18100.000002769953,-7173.327631412688,-5609.929706152996,299.41612660940297,1.91e+03
9075000,18150.00000278014,-6986.59467529462,-5463.841674719568,291.63196256595614,1.91e+03
9100000,18200.000002790326,-7150.873507330728,-5718.076576213858,274.40391240227103,1.91e+03
9125000,18250.000002800512,-7047.388767304142,-5452.101220502453,305.5235077226013,1.91e+03
9150000,18300.0000028107,-7095.191511993307,-5613.909883102105,283.6895204825086,1.91e+03
9175000,18350.000002820885,-7064.601276733779,-5406.1293669398565,317.6243407375067,1.91e+03
9200000,18400.00000283107,-7138.6119924994955,-5567.6588194563155,300.8630794231151,1.91e+03
9225000,18450.000002841258,-7052.777483195049,-5426.919064344436,311.37832686241825,1.91e+03
9250000,18500.000002851444,-6994.901152087839,-5447.364586828125,296.37841823252785,1.91e+03
9275000,18550.00000286163,-7007.36784987648,-5468.630069884422,294.69330776823455,1.91e+03
9300000,18600.000002871817,-7118.352508202528,-5588.607812216612,292.97098593584195,1.91e+03
9325000,18650.000002882003,-7150.253029612423,-5531.572392541668,310.00366492674016,1.91e+03
9350000,18700.00000289219,-7144.531253047686,-5590.339905472325,297.6529172658104,1.91e+03
9375000,18750.000002902376,-7154.262138784338,-5506.119636318078,315.64609125780004,1.91e+03
9400000,18800.000002912562,-7153.537594606188,-5600.8328854224765,297.36820183814825,1.91e+03
9425000,18850.00000292275,-7219.977904423662,-5589.993768938737,312.16846869014796,1.91e+03
9450000,18900.000002932935,-7050.766535571017,-5506.1086731684045,295.82709982202795,1.91e+03
9475000,18950.00000294312,-7063.220194234609,-5565.438665074667,286.8495197047712,1.91e+03
9500000,19000.000002953308,-7109.455625455759,-5514.890429722766,305.3851657460982,1.91e+03
9525000,19050.000002963494,-7093.752728690384,-5598.43032295438,286.3785575789082,1.91e+03
9550000,19100.00000297368,-7213.332227337181,-5646.921091753157,299.9932053872331,1.91e+03
9575000,19150.000002983867,-7163.592685195945,-5458.0891915055945,326.6316538796387,1.91e+03
9600000,19200.000002994053,-7057.152473650673,-5415.22726173,314.45537901295955,1.91e+03
9625000,19250.00000300424,-7169.538657473296,-5637.8434711556965,293.34453655316446,1.91e+03
9650000,19300.000003014426,-7145.706800542165,-5556.174642840318,304.4212571160462,1.91e+03
9675000,19350.000003024612,-7072.728015133112,-5537.170294499645,294.0842746870508,1.91e+03
9700000,19400.0000030348,-7234.614765258577,-5789.1958884423075,276.8212202613438,1.91e+03
9725000,19450.000003044985,-7081.595770294067,-5494.08062136604,304.03496713533366,1.91e+03
9750000,19500.00000305517,-7182.904815443814,-5587.985694178573,305.4529482410484,1.91e+03
9775000,19550.000003065357,-7220.822884252755,-5654.908861894079,299.8980001205412,1.91e+03
9800000,19600.000003075544,-7088.049934872222,-5466.7591095211465,310.5035584292117,1.91e+03
9825000,19650.00000308573,-7075.5610133213395,-5573.393573651329,287.6894928909721,1.91e+03
9850000,19700.000003095916,-7099.662985981366,-5489.656901680202,308.34234700609073,1.91e+03
9875000,19750.000003106103,-6997.917189531552,-5340.079646765946,317.5028491355298,1.91e+03
9900000,19800.00000311629,-7008.8778085878275,-5432.870708496854,301.8309886395518,1.91e+03
9925000,19850.000003126475,-7094.7981338567515,-5615.107561268556,283.384807326781,1.91e+03
9950000,19900.00000313666,-7094.3048163317735,-5506.40977875006,304.1077219902507,1.91e+03
9975000,19950.000003146848,-7239.765367844268,-5626.9900694842,308.8726965312329,1.91e+03
10000000,20000.000003157034,-7138.033571516913,-5571.487624949683,300.0190238828086,1.91e+03
10025000,20050.00000316722,-7133.433688317284,-5509.330486493738,311.04217425845724,1.91e+03
10050000,20100.000003177407,-7100.858797168962,-5518.809605467977,302.9881474391507,1.91e+03
10075000,20150.000003187593,-7113.9313553992215,-5483.409752154429,312.2714025064445,1.91e+03
10100000,20200.00000319778,-7079.845487754348,-5479.372135398425,306.516673817625,1.91e+03
10125000,20250.000003207966,-7196.965640985389,-5683.403616855328,289.87174111340386,1.91e+03
10150000,20300.000003218152,-7123.879592221843,-5482.537402710393,314.34372074050344,1.91e+03
10175000,20350.00000322834,-7173.592419213647,-5664.763316498227,288.96530969589855,1.91e+03
10200000,20400.000003238525,-7227.76402867242,-5586.163009197901,314.3932908875148,1.91e+03
10225000,20450.00000324871,-7090.243767964636,-5475.351229208267,309.27818249761356,1.91e+03
10250000,20500.000003258898,-7037.164597653435,-5478.9585760451355,298.42179262960633,1.91e+03
10275000,20550.000003269084,-7120.188169959924,-5527.8609601184635,304.9565550538219,1.91e+03
10300000,20600.00000327927,-7132.302503099698,-5515.11976448765,309.7167930131255,1.91e+03
10325000,20650.000003289457,-7137.703570673689,-5600.1609263463,294.4644198531961,1.91e+03
10350000,20700.000003299643,-7150.611287363034,-5549.268171861084,306.6832476041469,1.91e+03
10375000,20750.00000330983,-7122.071289085232,-5500.162640096411,310.6218817028662,1.91e+03
10400000,20800.000003320016,-7101.354719980876,-5602.238406231052,287.10515265995366,1.91e+03
10425000,20850.000003330202,-7136.649050276115,-5586.632016439027,296.85346830238785,1.91e+03
10450000,20900.00000334039,-7129.78862862844,-5575.558113304925,297.66041852652654,1.91e+03
10475000,20950.000003350575,-7137.325079571327,-5567.183710597626,300.7076057422806,1.91e+03
10500000,21000.00000336076,-7078.719002173263,-5557.769642131283,291.28653607313396,1.91e+03
10525000,21050.000003370948,-7148.579174106614,-5558.10766133092,304.60115888844706,1.91e+03
10550000,21100.000003381134,-7054.1289478250155,-5438.468741406311,309.4252033387353,1.91e+03
10575000,21150.00000339132,-7164.036625584474,-5624.263059706094,294.89167760937875,1.91e+03
10600000,21200.000003401507,-6944.98839309585,-5403.276989752758,295.26280499691615,1.91e+03
10625000,21250.000003411693,-7136.547352614419,-5591.015508333376,295.99448156441,1.91e+03
10650000,21300.00000342188,-7086.856290328467,-5493.805047043525,305.0952192324552,1.91e+03
10675000,21350.000003432066,-7253.4527682136595,-5704.704990589037,296.6103850971007,1.91e+03
10700000,21400.000003442252,-7057.137841047785,-5517.621312408877,294.8424507980894,1.91e+03
10725000,21450.00000345244,-6986.470662093669,-5401.864624738784,303.47782496120664,1.91e+03
10750000,21500.000003462625,-7001.379353024644,-5552.7859526900775,277.4291931390878,1.91e+03
10775000,21550.00000347281,-7087.25829196437,-5499.932198107886,303.9987600147263,1.91e+03
10800000,21600.000003482997,-7108.443764544412,-5518.49755412928,304.500554943951,1.91e+03
10825000,21650.000003493184,-7080.400465036084,-5554.64502129659,292.2069792575721,1.91e+03
10850000,21700.00000350337,-7135.59425464892,-5551.060436329562,303.46399384147963,1.91e+03
10875000,21750.000003513556,-7118.624695599251,-5541.75350698611,301.9964756433241,1.91e+03
10900000,21800.000003523743,-7050.599209814478,-5528.993980866245,291.4121456343984,1.91e+03
10925000,21850.00000353393,-7035.856439041466,-5387.165028089417,315.7512161591589,1.91e+03
10950000,21900.000003544115,-7108.777249296287,-5469.63072935678,313.9232143115748,1.91e+03
10975000,21950.0000035543,-7140.362169448461,-5571.303865895442,300.5001811014481,1.91e+03
11000000,22000.000003564488,-7125.807475536086,-5644.51334099411,283.6919155179982,1.91e+03
11025000,22050.000003574674,-7034.5257614396,-5523.290477195818,289.42613258781927,1.91e+03
11050000,22100.00000358486,-7111.664196496589,-5605.199468541564,288.5124934799036,1.91e+03
11075000,22150.000003595047,-7077.284651093048,-5477.03872294443,306.4731183835615,1.91e+03
11100000,22200.000003605233,-7057.756158455279,-5408.004011786117,315.95436429863315,1.91e+03
11125000,22250.00000361542,-7121.147305163489,-5591.327777496899,292.9853174196012,1.91e+03
11150000,22300.000003625606,-7217.403230300233,-5754.8149556242215,280.10943915962963,1.91e+03
11175000,22350.000003635792,-7016.493633332578,-5476.453210394683,294.94278507589604,1.91e+03
11200000,22400.00000364598,-7146.8855751684205,-5613.416908053357,293.6841869661615,1.91e+03
11225000,22450.000003656165,-7074.399980055426,-5472.561559156162,306.7781066423715,1.91e+03
11250000,22500.00000366635,-7145.851884368674,-5674.223435615588,281.8407795063829,1.91e+03
11275000,22550.000003676538,-7104.055800472115,-5606.272461753604,286.8498662646641,1.91e+03
11300000,22600.000003686724,-7071.571328016621,-5455.419339605605,309.5193875876044,1.91e+03
11325000,22650.00000369691,-7221.206924771794,-5652.961311667392,300.3445376645944,1.91e+03
11350000,22700.000003707097,-7172.6456453166,-5606.76298585745,299.8919936152595,1.91e+03
11375000,22750.000003717283,-6928.802989584381,-5395.610726190912,293.6312511586085,1.91e+03
11400000,22800.00000372747,-7195.379948599424,-5614.398374395893,302.7836813268299,1.91e+03
11425000,22850.000003737656,-7062.323290836972,-5479.906591588627,303.0585311108649,1.91e+03
11450000,22900.000003747842,-7004.674682960819,-5387.821503934652,309.65367699314294,1.91e+03
11475000,22950.00000375803,-7100.538671299393,-5405.172689386098,324.690155518472,1.91e+03
11500000,23000.000003768215,-7083.169851833354,-5455.242128131352,311.77463239242206,1.91e+03
11525000,23050.0000037784,-7326.499420635015,-5701.151925850589,311.28047659511424,1.91e+03
11550000,23100.000003788587,-7196.02621102131,-5676.662837284764,290.9827939043896,1.91e+03
11575000,23150.000003798774,-7135.845342858537,-5578.517523049182,298.25360270382174,1.91e+03
11600000,23200.00000380896,-7037.544422792294,-5458.9331135530065,302.32973704101175,1.91e+03
11625000,23250.000003819147,-7022.386104390693,-5499.150478152696,291.72439322885145,1.91e+03
11650000,23300.000003829333,-6974.622102693564,-5445.304745967037,292.8891435182928,1.91e+03
11675000,23350.00000383952,-6993.701378244514,-5467.767418679632,292.24116794115196,1.91e+03
11700000,23400.000003849706,-7241.208985615115,-5763.7857213542375,282.9505809112114,1.91e+03
11725000,23450.000003859892,-7136.222126069755,-5575.9482265953175,298.81782486872913,1.91e+03
11750000,23500.00000387008,-7070.488639658877,-5477.4143298914105,305.0996368389648,1.91e+03
11775000,23550.000003880265,-7000.930907567283,-5482.105871144716,290.8796935543401,1.91e+03
11800000,23600.00000389045,-7091.8231740601,-5527.802052149569,299.5354789024408,1.91e+03
11825000,23650.000003900637,-7025.181007078,-5378.264042376182,315.41138084625715,1.91e+03
11850000,23700.000003910824,-7076.041558079861,-5464.5029999126555,308.635840672474,1.91e+03
11875000,23750.00000392101,-7127.358168817095,-5541.309394153124,303.7541326176402,1.91e+03
11900000,23800.000003931196,-6989.525762502742,-5424.62491972774,299.70395975397656,1.91e+03
11925000,23850.000003941383,-7180.673301733203,-5654.510603684191,292.2849750806001,1.91e+03
11950000,23900.00000395157,-7126.792371002081,-5567.21782816645,298.6838866994846,1.91e+03
11975000,23950.000003961755,-7029.914290628268,-5472.318099264284,298.3050002207819,1.91e+03
12000000,24000.00000397194,-7140.204467087943,-5615.40601173758,292.023700418542,1.91e+03
12025000,24050.000003982128,-7078.696577335519,-5433.744422173065,315.0350878678053,1.91e+03
12050000,24100.000003992314,-7162.911206357247,-5533.464673136729,312.06550911404474,1.91e+03
12075000,24150.0000040025,-7165.87952677652,-5405.003613067585,337.236372777548,1.91e+03
12100000,24200.000004012687,-7126.018010633734,-5590.875650577599,294.00472638191235,1.91e+03
12125000,24250.000004022873,-7101.851219754178,-5574.477225277954,292.51695804447115,1.91e+03
12150000,24300.00000403306,-7052.788060245388,-5385.286304179973,319.3537031415405,1.91e+03
12175000,24350.000004043246,-7159.779915832889,-5625.987384751685,293.7462121823419,1.91e+03
12200000,24400.000004053432,-7148.497689562224,-5623.888848490509,291.9873862006801,1.91e+03
12225000,24450.00000406362,-7281.955419416785,-5628.493990242628,316.6647522185617,1.91e+03
12250000,24500.000004073805,-7190.403612322665,-5626.7307819612515,299.46877540687973,1.91e+03
12275000,24550.00000408399,-7150.381645991583,-5667.436930206412,284.00802866776434,1.91e+03
12300000,24600.000004094178,-7157.308152489054,-5663.549471423017,286.0790788753738,1.91e+03
12325000,24650.000004104364,-7030.515649869085,-5434.287725336737,305.7036053504121,1.91e+03
12350000,24700.00000411455,-7068.190141435027,-5481.290559642107,303.91707601862953,1.91e+03
12375000,24750.000004124737,-7136.783252483574,-5567.452376230164,300.5523832061406,1.91e+03
12400000,24800.000004134923,-7103.593786455259,-5576.9746175246255,292.37239667754403,1.91e+03
12425000,24850.00000414511,-7052.885022064062,-5458.54039765949,305.3429227497825,1.91e+03
12450000,24900.000004155296,-7109.829232396917,-5640.686277667579,281.3647669818186,1.91e+03
12475000,24950.000004165482,-7120.590023096514,-5413.474963897834,326.94029488170565,1.91e+03
12500000,25000.00000417567,-7090.883717183395,-5546.656341260741,295.74465466055983,1.91e+03
12525000,25050.000004185855,-7053.382349920862,-5547.518074892081,288.3974969799833,1.91e+03
12550000,25100.00000419604,-7149.862276491907,-5522.833843091006,311.60240367553394,1.91e+03
12575000,25150.000004206227,-7065.094469952944,-5517.081039311223,296.46974570795,1.91e+03
12600000,25200.000004216414,-7077.126606218725,-5477.320998923406,306.3887897796727,1.91e+03
12625000,25250.0000042266,-6976.071254377246,-5492.155668130834,284.1939661493534,1.91e+03
12650000,25300.000004236786,-7122.00008866848,-5567.403898343363,297.7304512359275,1.91e+03
12675000,25350.000004246973,-7102.587136384217,-5532.759273387332,300.64756424949724,1.91e+03
12700000,25400.00000425716,-7076.030807833879,-5585.987347233246,285.3675537394643,1.91e+03
12725000,25450.000004267346,-7021.73777631309,-5477.578239261538,295.7316624135504,1.91e+03
12750000,25500.000004277532,-7092.694710987798,-5614.085998341565,283.177613554727,1.91e+03
12775000,25550.00000428772,-7178.488651771564,-5539.238288011078,313.9431020919968,1.91e+03
12800000,25600.000004297905,-6990.995248675292,-5421.911986289585,300.50496112378755,1.91e+03
12825000,25650.00000430809,-7146.96182606474,-5590.409615518272,298.10506091704815,1.91e+03
12850000,25700.000004318277,-7073.219168890113,-5484.605057132288,304.24543638853504,1.91e+03
12875000,25750.000004328464,-7092.404755789942,-5559.639117949861,293.54954542736476,1.91e+03
12900000,25800.00000433865,-7119.510303691242,-5557.243995931145,299.1994034559064,1.91e+03
12925000,25850.000004348836,-7119.6340983074015,-5498.439603679836,310.4851095291326,1.91e+03
12950000,25900.000004359023,-7212.874602934935,-5623.653825869107,304.36162266058744,1.91e+03
12975000,25950.00000436921,-7184.076334565874,-5734.37480329264,277.64141823422904,1.91e+03
13000000,26000.000004379395,-6988.776520365328,-5412.988554153013,301.7890209382413,1.91e+03
13025000,26050.00000438958,-6949.418223653022,-5320.397358882231,311.9839866837169,1.91e+03
13050000,26100.000004399768,-7050.176085066409,-5434.503127552739,309.4276453807789,1.91e+03
13075000,26150.000004409954,-7176.02681998147,-5615.799733271684,298.80885946303084,1.91e+03
13100000,26200.00000442014,-7066.55858096428,-5534.6991944166075,293.37598356744184,1.91e+03
13125000,26250.000004430327,-7026.825558563551,-5577.169030170302,277.63279945087646,1.91e+03
13150000,26300.000004440513,-7097.652114149481,-5500.076432487288,305.9617227579567,1.91e+03
13175000,26350.0000044507,-6889.129088377217,-5331.246578712616,298.3598348314483,1.91e+03
13200000,26400.000004460886,-7086.52542635621,-5556.595132893424,293.0065308708422,1.91e+03
13225000,26450.000004471072,-7104.267209896993,-5488.866656104432,309.375475638367,1.91e+03
13250000,26500.00000448126,-7037.916268747416,-5456.689867896048,302.83056961125317,1.91e+03
13275000,26550.000004491445,-7216.821654633946,-5673.012278328877,295.6646009362973,1.91e+03
13300000,26600.00000450163,-7061.001819698624,-5488.623865734693,301.13594813917615,1.91e+03
13325000,26650.000004511818,-7212.1466787212785,-5656.790643049614,297.87597397636944,1.91e+03
13350000,26700.000004522004,-7082.030163182702,-5509.384831216883,301.1871553746295,1.91e+03
13375000,26750.00000453219,-7237.487940012511,-5620.126224446934,309.75107001024327,1.91e+03
13400000,26800.000004542377,-7126.47725922208,-5590.635140136091,294.1387416155863,1.91e+03
13425000,26850.000004552563,-7085.9838334825145,-5547.822228133365,294.5829609543858,1.91e+03
13450000,26900.00000456275,-7190.310402315974,-5565.375343414461,311.2014884165185,1.91e+03
13475000,26950.000004572936,-7125.370080552848,-5563.457216847194,299.13171317178575,1.91e+03
13500000,27000.000004583122,-7048.797583029321,-5468.064666372882,302.7360593629015,1.91e+03
13525000,27050.00000459331,-7159.7450172328145,-5588.283706675245,300.960396020435,1.91e+03
13550000,27100.000004603495,-7118.616502181889,-5475.968009982587,314.5938989482754,1.91e+03
13575000,27150.00000461368,-7083.230733114122,-5468.360409793026,309.27392788049207,1.91e+03
13600000,27200.000004623867,-7224.854483859365,-5611.039904339162,309.0717357741524,1.91e+03
13625000,27250.000004634054,-7077.543421443707,-5491.101212799472,303.82948162287045,1.91e+03
13650000,27300.00000464424,-7157.461641134965,-5597.265585022491,298.802916599027,1.91e+03
13675000,27350.000004654426,-7092.548507322075,-5622.140231291924,281.60709658753484,1.91e+03
13700000,27400.000004664613,-7183.313676553225,-5663.591563547046,291.05149830832994,1.91e+03
13725000,27450.0000046748,-7122.659641178512,-5499.567411327644,310.8485566852988,1.91e+03
13750000,27500.000004684985,-7092.562138473559,-5523.479623096648,300.50481805945526,1.91e+03
13775000,27550.00000469517,-7024.5563716524075,-5512.051605037402,289.6692591061865,1.91e+03
13800000,27600.000004705358,-7002.753826443914,-5507.333593134581,286.3972931500693,1.91e+03
13825000,27650.000004715544,-7079.393314873097,-5498.505624931142,302.76570096399536,1.91e+03
13850000,27700.00000472573,-7137.118858455815,-5576.9421961578355,298.79920236816986,1.91e+03
13875000,27750.000004735917,-7124.2299438268765,-5621.129530885735,287.8681724443721,1.91e+03
13900000,27800.000004746104,-7112.274756922152,-5623.669772812039,285.0920620990755,1.91e+03
13925000,27850.00000475629,-7070.24277358538,-5532.4489095009585,294.5125325219947,1.91e+03
13950000,27900.000004766476,-7025.365536361569,-5458.30789753175,300.1170212722159,1.91e+03
13975000,27950.000004776663,-7111.586901905264,-5593.109666076801,290.8130840846483,1.91e+03
14000000,28000.00000478685,-7025.5133876403115,-5521.217252643639,288.09717266279654,1.91e+03
14025000,28050.000004797035,-7156.3882217361715,-5514.198658062129,314.50600667260863,1.91e+03
14050000,28100.00000480722,-7047.488478709056,-5536.674537926768,289.3454384630707,1.91e+03
14075000,28150.000004817408,-7097.8114625157195,-5575.26561181837,291.592289995712,1.91e+03
14100000,28200.000004827594,-7119.85017538932,-5516.580297139456,307.0522540033205,1.91e+03
14125000,28250.00000483778,-7190.5373431858025,-5781.254128611422,269.90065330515137,1.91e+03
14150000,28300.000004847967,-7127.027262660536,-5518.447455138057,308.0691918089096,1.91e+03
14175000,28350.000004858153,-7165.705987371559,-5567.906020731689,306.00467697849626,1.91e+03
14200000,28400.00000486834,-7165.182625814337,-5717.117636496702,277.327993836344,1.91e+03
14225000,28450.000004878526,-7182.022357883197,-5577.985694226345,307.1991058781963,1.91e+03
14250000,28500.000004888712,-7190.39374712091,-5660.078438204946,293.0802675912335,1.91e+03
14275000,28550.0000048989,-7114.319446171647,-5459.519337877216,316.9211310396469,1.91e+03
14300000,28600.000004909085,-7242.5534701956185,-5717.259952530774,292.1185129024511,1.91e+03
14325000,28650.00000491927,-7209.140000354734,-5684.265154127597,292.0383305137098,1.91e+03
14350000,28700.000004929458,-7068.204595576426,-5472.63692211239,305.5771565338507,1.91e+03
14375000,28750.000004939644,-6985.15135519718,-5398.5629078183,303.85748871868395,1.91e+03
14400000,28800.00000494983,-7075.073777943499,-5498.862483283932,301.87009522004234,1.91e+03
14425000,28850.000004960017,-7043.403740061968,-5559.787292026695,284.1366763173451,1.91e+03
14450000,28900.000004970203,-7121.444627704273,-5463.4354549029995,317.53571907840177,1.91e+03
14475000,28950.00000498039,-7136.364364248619,-5586.3482517190805,296.85329185700965,1.91e+03
14500000,29000.000004990576,-7096.6371718577575,-5572.30373633272,291.93464155985606,1.91e+03
14525000,29050.000005000762,-7109.968181799203,-5601.1126241506045,288.9703762458113,1.91e+03
14550000,29100.00000501095,-7078.195565609767,-5554.099299989175,291.889219666306,1.91e+03
14575000,29150.000005021135,-7032.0601396584125,-5461.893333983047,300.7124772843,1.91e+03
14600000,29200.00000503132,-7134.031542500655,-5494.96415647836,313.9080588795557,1.91e+03
14625000,29250.000005041507,-7080.084404116107,-5602.052706054032,283.0671058784699,1.91e+03
14650000,29300.000005051694,-7156.852555797718,-5600.02968229425,298.1568972748252,1.91e+03
14675000,29350.00000506188,-7110.577325563571,-5515.46716318427,305.48953572109474,1.91e+03
14700000,29400.000005072066,-7085.9192989523435,-5560.702938372815,292.1037360658873,1.91e+03
14725000,29450.000005082253,-7085.7089555670545,-5618.660781824276,280.96358235763756,1.91e+03
14750000,29500.00000509244,-7163.6789738921725,-5571.8688617703865,304.85752243147914,1.91e+03
14775000,29550.000005102625,-7199.899816817691,-5506.237867143703,324.36380563373234,1.91e+03
14800000,29600.00000511281,-7089.6016837862235,-5503.36189595467,303.79071474548164,1.91e+03
14825000,29650.000005122998,-7163.505805408826,-5688.205356567659,282.54402723718687,1.91e+03
14850000,29700.000005133184,-7264.565626617227,-5681.660690133368,303.15203648116267,1.91e+03
14875000,29750.00000514337,-7174.643975930872,-5606.034929766575,300.41414100570006,1.91e+03
14900000,29800.000005153557,-6982.234568068331,-5416.661582576038,299.8326860146991,1.91e+03
14925000,29850.000005163743,-7033.802322732234,-5458.866138662921,301.625890806205,1.91e+03
14950000,29900.00000517393,-7138.4229794588355,-5563.602326522567,301.6037647154639,1.91e+03
14975000,29950.000005184116,-7123.132381456193,-5568.000827691265,297.83298204071264,1.91e+03
15000000,30000.000005194303,-7087.251769640333,-5536.717335923908,296.95255879321945,1.91e+03
