#"Step","Time (ps)","Potential Energy (kJ/mole)","Total Energy (kJ/mole)","Temperature (K)","Speed (ns/day)"
25000,50.00000000001514,-7090.633267228172,-5593.610541248439,286.7045363153886,0
50000,99.99999999994834,-7001.4533973789075,-5504.2428644252395,286.7405044476316,1.85e+03
75000,149.99999999998812,-6918.584286822296,-5287.894540824414,312.3039746738694,1.85e+03
100000,200.00000000022686,-6953.555806707455,-5354.294519854881,306.28490652614596,1.85e+03
125000,250.0000000004656,-7096.796707563315,-5567.96702851691,292.79609229000965,1.84e+03
150000,300.00000000070435,-6924.436263799757,-5361.348989025588,299.3569867426848,1.85e+03
175000,350.0000000009431,-7110.264995459085,-5563.5339431315115,296.224500447693,1.85e+03
200000,400.00000000118183,-7016.628991434933,-5397.226287408967,310.1423200250979,1.84e+03
225000,450.0000000014206,-6992.586614329553,-5369.678580690617,310.81364844508687,1.84e+03
250000,500.0000000016593,-7103.517615748876,-5541.719468029172,299.11009765543963,1.85e+03
275000,550.000000000818,-7039.943760207118,-5430.604971414719,308.21491431476136,1.84e+03
300000,599.9999999996356,-7017.411728882771,-5317.397763655017,325.5807057380016,1.84e+03
325000,649.9999999984533,-7012.030903674538,-5360.8689068204085,316.224748278179,1.84e+03
350000,699.999999997271,-7034.53517285544,-5453.789061574943,302.73894510881604,1.84e+03
375000,749.9999999960886,-7115.2787942856785,-5565.953608716758,296.72131973787054,1.84e+03
400000,799.9999999949063,-7074.404441842087,-5436.819685866523,313.6244827758742,1.84e+03
425000,849.9999999937239,-6872.510270562962,-5297.652310185344,301.6112671216567,1.84e+03
450000,899.9999999925416,-7121.409202546038,-5400.493916199157,329.5836533725583,1.84e+03
475000,949.9999999913592,-6941.332241759004,-5371.145619053911,300.71662893204757,1.84e+03
500000,999.9999999901769,-7058.219559104744,-5517.851700635025,295.0058439017096,1.84e+03
525000,1049.9999999889947,-7073.522864859517,-5446.727397150503,311.558156169102,1.84e+03
550000,1099.9999999878123,-7018.5239977613155,-5484.751078552419,293.74280428982604,1.84e+03
575000,1149.99999998663,-7118.550691077606,-5612.218388857828,288.48747367022924,1.84e+03
600000,1199.9999999854476,-7051.85290678606,-5546.949045427299,288.2139036918953,1.84e+03
625000,1249.9999999842653,-7010.033198169735,-5391.156851704289,310.0415138731901,1.84e+03
650000,1299.999999983083,-7055.135473109542,-5508.878272838932,296.13374996547486,1.84e+03
675000,1349.9999999819006,-7102.332115952461,-5593.052123216609,289.0520050082952,1.84e+03
700000,1399.9999999807183,-7059.861348227529,-5464.225637423785,305.59054893095606,1.84e+03
725000,1449.999999979536,-7004.014556803111,-5503.7496524449325,287.32546693488587,1.84e+03
750000,1499.9999999783536,-7089.081011573253,-5596.645350993897,285.8260376554548,1.84e+03
775000,1549.9999999771712,-7094.059937722515,-5458.755092437079,313.18784228544627,1.84e+03
800000,1599.9999999759889,-7039.442919642545,-5405.409580789739,312.94432783782764,1.84e+03
825000,1649.9999999748065,-7153.668460849522,-5640.144472800284,289.8648000897142,1.84e+03
850000,1699.9999999736242,-7158.328071267723,-5618.193614950035,294.9611435410459,1.84e+03
875000,1749.9999999724419,-7097.478109254947,-5569.953557607767,292.546138872915,1.84e+03
900000,1799.9999999712595,-7089.1169936351935,-5504.865132552662,303.41035400193914,1.84e+03
925000,1849.9999999700772,-7164.270900807475,-5573.083497143392,304.73862476592353,1.84e+03
950000,1899.9999999688948,-7000.255686302067,-5583.250185283392,271.3799183376019,1.84e+03
975000,1949.9999999677125,-7127.6987855914085,-5558.329986210924,300.5600022803603,1.84e+03
1000000,1999.9999999665301,-7062.389247608329,-5457.151548943757,307.42948793272916,1.84e+03
1025000,2049.999999965348,-6971.979655502248,-5367.222809001216,307.3373968146776,1.84e+03
1050000,2099.9999999641655,-7060.163960543956,-5453.169698516834,307.76589878049293,1.84e+03
1075000,2149.999999962983,-6914.525809560695,-5347.451480385011,300.120573402802,1.84e+03
1100000,2199.9999999618008,-6944.799066906078,-5345.869433495392,306.221389423417,1.84e+03
1125000,2249.9999999606184,-7069.980791166019,-5374.670655206508,324.6798448720614,1.84e+03
1150000,2299.999999959436,-7126.545074659464,-5571.982727610308,297.72432251648024,1.84e+03
1175000,2349.9999999582537,-7199.709883270467,-5754.038148542266,276.86997476825456,1.84e+03
1200000,2399.9999999570714,-7059.272363317691,-5440.579336244551,310.00640518682434,1.84e+03
1225000,2449.999999955889,-7141.695897658569,-5527.6959328666,309.1076063764445,1.84e+03
1250000,2499.9999999547067,-7057.860429029673,-5534.027067962177,291.83921501315353,1.84e+03
1275000,2549.9999999535244,-7030.765164457305,-5487.265882091226,295.60556321166564,1.84e+03
1300000,2599.999999952342,-6924.371645085427,-5359.558727644851,299.68747576728816,1.84e+03
1325000,2649.9999999511597,-7007.080922351415,-5412.656703834584,305.35852818181115,1.84e+03
1350000,2699.9999999499773,-6942.334864780565,-5397.481384479107,295.864914445554,1.84e+03
1375000,2749.999999948795,-7055.618435809183,-5521.288004807108,293.849576990988,1.84e+03
1400000,2799.9999999476127,-7055.433197885909,-5524.257069869964,293.24547595808974,1.84e+03
1425000,2849.9999999464303,-7092.052324952143,-5477.611150968553,309.19210521170345,1.84e+03
1450000,2899.999999945248,-7148.4175961659275,-5674.515306979989,282.2765914383087,1.84e+03
1475000,2949.9999999440656,-7026.061236111875,-5436.529633358479,304.4215115891556,1.84e+03
1500000,2999.9999999428833,-7087.697229542681,-5486.390625419412,306.67661850856024,1.84e+03
1525000,3049.999999941701,-7041.421402064167,-5522.115477844346,290.9721362042727,1.84e+03
1550000,3099.9999999405186,-7085.969248240183,-5547.747831291988,294.59476495783184,1.84e+03
1575000,3149.9999999393362,-7020.428169106181,-5491.04014250485,292.903025053327,1.84e+03
1600000,3199.999999938154,-7187.4423432377025,-5625.833237618234,299.07389297614424,1.84e+03
1625000,3249.9999999369716,-7054.483732860661,-5563.365627215531,285.5737041604906,1.84e+03
1650000,3299.999999935789,-7008.2113578422795,-5464.986455321501,295.55301494706265,1.84e+03
1675000,3349.999999934607,-6937.133200027797,-5383.319707873385,297.5809044563273,1.84e+03
1700000,3399.9999999334245,-7057.402674910263,-5517.83487749774,294.8526190171126,1.84e+03
1725000,3449.999999932242,-7162.759240807566,-5663.9315285935745,287.0502209415255,1.84e+03
1750000,3499.99999993106,-7046.128960734544,-5491.592507959663,297.7193633359881,1.84e+03
1775000,3549.9999999298775,-6975.402584285897,-5365.766585431082,308.27183494238756,1.84e+03
1800000,3599.999999928695,-6975.623960819245,-5442.64362122804,293.5910122242552,1.84e+03
1825000,3649.999999927513,-7120.809008035778,-5540.4727776685795,302.66044615542506,1.84e+03
1850000,3699.9999999263305,-7038.566172600476,-5455.609298225725,303.1623426944648,1.84e+03
1875000,3749.999999925148,-7162.836814366568,-5649.328011716919,289.86189183530234,1.84e+03
1900000,3799.999999923966,-6975.702873392832,-5437.885883763456,294.51731045770765,1.84e+03
1925000,3849.9999999227834,-7045.71813376391,-5448.325825906076,305.9269662312055,1.84e+03
1950000,3899.999999921601,-7034.508081783045,-5463.9017358302945,300.79701285475767,1.84e+03
1975000,3949.9999999204188,-7200.500530546524,-5621.165246783774,302.4687483761433,1.84e+03
2000000,3999.9999999192364,-7090.015523667536,-5502.522053517596,304.0311755889855,1.84e+03
2025000,4049.999999918054,-7114.509537333307,-5711.97419085846,268.60864514521575,1.84e+03
2050000,4099.999999917781,-7148.087261917131,-5529.162033012953,310.05087566622603,1.84e+03
2075000,4149.999999927967,-7125.755739650057,-5515.648953088261,308.3619985510558,1.84e+03
2100000,4199.999999938153,-6927.685641010147,-5375.596234500017,297.2507136271344,1.84e+03
2125000,4249.99999994834,-7091.995420164816,-5595.546635429728,286.59461710336694,1.84e+03
2150000,4299.999999958526,-7069.273971772219,-5591.449923321691,283.0276730030584,1.84e+03
2175000,4349.9999999687125,-6989.541834426861,-5546.290769644461,276.4063765593968,1.84e+03
2200000,4399.999999978899,-7005.999248757207,-5536.030381572214,281.523276267241,1.84e+03
2225000,4449.999999989085,-6916.84354996301,-5372.002702430386,295.86249506202165,1.84e+03
2250000,4499.9999999992715,-7127.930216805916,-5639.544120668431,285.0504792918863,1.84e+03
2275000,4550.000000009458,-7114.638748118419,-5532.382983412337,303.02806863237254,1.84e+03
2300000,4600.000000019644,-6976.875241604999,-5414.156763198298,299.28635615726006,1.84e+03
2325000,4650.0000000298305,-7206.860261596892,-5591.579835664291,309.3528357982987,1.84e+03
2350000,4700.000000040017,-7013.474761951274,-5432.618163617691,302.7601052012944,1.84e+03
2375000,4750.000000050203,-7017.470985798573,-5376.879816143711,314.20026056797894,1.84e+03
2400000,4800.0000000603895,-7101.729976069428,-5586.704428574938,290.1523734825759,1.84e+03
2425000,4850.000000070576,-7004.79487847671,-5476.00441356018,292.7885821375401,1.84e+03
2450000,4900.000000080762,-7187.100830585862,-5577.778362480332,308.21178863411535,1.84e+03
2475000,4950.000000090949,-7046.941988529394,-5504.119664064177,295.47591461134465,1.84e+03
2500000,5000.000000101135,-7066.6101844628365,-5394.856392476761,320.1684165824408,1.84e+03
2525000,5050.000000111321,-7097.3893198187525,-5537.073082956939,298.8262872910418,1.84e+03
2550000,5100.000000121508,-7031.584208142043,-5427.083978210812,307.2882505102301,1.84e+03
2575000,5150.000000131694,-7065.963424148931,-5455.985898786896,308.3372428999239,1.84e+03
2600000,5200.00000014188,-7177.785659382709,-5457.1121011655205,329.53735844988614,1.84e+03
2625000,5250.000000152067,-7068.087963374613,-5522.298108140957,296.04424568488264,1.84e+03
2650000,5300.000000162253,-7122.406437777817,-5529.521540948578,305.06372269688256,1.84e+03
2675000,5350.000000172439,-7124.007026149697,-5534.740304152765,304.37078255669485,1.84e+03
2700000,5400.000000182626,-7113.306825524542,-5475.825859868203,313.604605218352,1.84e+03
2725000,5450.000000192812,-7042.335237262088,-5464.309644358718,302.21792098118226,1.84e+03
2750000,5500.000000202998,-7120.500651378068,-5570.137990438993,296.920013378105,1.84e+03
2775000,5550.000000213185,-7167.693202577027,-5586.8553915823095,302.7565071161186,1.84e+03
2800000,5600.000000223371,-7107.304505298975,-5490.9527050234165,309.5580216507824,1.84e+03
2825000,5650.000000233557,-7107.72419078876,-5607.630334781951,287.2927083551957,1.84e+03
2850000,5700.000000243744,-7024.780398394496,-5288.86393590373,332.45662595732864,1.84e+03
2875000,5750.00000025393,-7070.473339595418,-5503.379053414001,300.1243954984693,1.84e+03
2900000,5800.000000264116,-7073.50081268892,-5536.445985666405,294.3713437512544,1.84e+03
2925000,5850.000000274303,-7061.9233688355,-5586.324954447906,282.60142738170117,1.84e+03
2950000,5900.000000284489,-6982.920549940111,-5386.597964487303,305.72209675207415,1.84e+03
2975000,5950.000000294675,-6974.484242130399,-5538.22939174826,275.0664861417165,1.84e+03
3000000,6000.000000304862,-7094.424833307785,-5429.194479267842,318.9190706513,1.84e+03
3025000,6050.000000315048,-7064.544690256289,-5451.12762588155,308.9959713351456,1.84e+03
3050000,6100.000000325234,-7082.879564676608,-5432.902218579558,315.9978681245847,1.84e+03
3075000,6150.000000335421,-7042.887789999228,-5417.943908252236,311.2035469267191,1.84e+03
3100000,6200.000000345607,-7056.122294086087,-5433.025106217055,310.8498745990995,1.84e+03
3125000,6250.000000355793,-7150.255134595204,-5616.877782670837,293.6670466323607,1.84e+03
3150000,6300.00000036598,-7214.780042961429,-5548.886097235649,319.0461594010492,1.84e+03
3175000,6350.000000376166,-7057.500870188705,-5461.201394919717,305.7176707708105,1.84e+03
3200000,6400.000000386352,-7040.3892061957795,-5586.0666734100005,278.5267452386112,1.84e+03
3225000,6450.000000396539,-7093.717663352425,-5529.973092541861,299.48286977175707,1.84e+03
3250000,6500.000000406725,-7024.857173508186,-5451.005938206491,301.4184626698065,1.84e+03
3275000,6550.0000004169115,-6898.031249421777,-5346.782274291967,297.08975715999594,1.84e+03
3300000,6600.000000427098,-7023.506069604291,-5472.555849142717,297.0325407148864,1.84e+03
3325000,6650.000000437284,-7100.166928421333,-5603.326198661647,286.6696810383283,1.84e+03
3350000,6700.0000004474705,-6995.3091630374665,-5434.86642221412,298.85051488558946,1.84e+03
3375000,6750.000000457657,-7118.280555999343,-5622.021132518212,286.5583513008714,1.84e+03
3400000,6800.000000467843,-7068.19165285243,-5514.303024633247,297.59529425164345,1.84e+03
3425000,6850.0000004780295,-7029.22893570809,-5437.481220537879,304.84593365827953,1.84e+03
3450000,6900.000000488216,-7086.356608312485,-5449.087509484824,313.56402922720474,1.84e+03
3475000,6950.000000498402,-6983.734130137346,-5353.313366812206,312.2524600568051,1.84e+03
3500000,7000.0000005085885,-7128.267816856165,-5557.765612290932,300.7770680618689,1.84e+03
3525000,7050.000000518775,-7063.752783108771,-5669.203070744277,267.079264538589,1.84e+03
3550000,7100.000000528961,-7057.128641846138,-5529.704760083743,292.52685893004076,1.84e+03
3575000,7150.000000539148,-7066.051592009175,-5514.438830883765,297.159428176592,1.84e+03
3600000,7200.000000549334,-7076.970555871332,-5522.226443754265,297.75913352409515,1.84e+03
3625000,7250.00000055952,-7026.023020641147,-5461.130568293533,299.7027080134309,1.84e+03
3650000,7300.000000569707,-7116.747826412947,-5458.618454609483,317.55911546547543,1.84e+03
3675000,7350.000000579893,-6998.655503860186,-5402.909686821413,305.6116360904973,1.84e+03
3700000,7400.000000590079,-7084.488906835125,-5530.693619427361,297.57741794716736,1.84e+03
3725000,7450.000000600266,-7068.979395348815,-5531.455250610807,294.4612258323144,1.84e+03
3750000,7500.000000610452,-7125.850280087037,-5535.809548765102,304.5190181050122,1.84e+03
3775000,7550.000000620638,-7090.813330440904,-5542.862672385971,296.45807505446544,1.84e+03
3800000,7600.000000630825,-7115.018083313653,-5480.087722374666,313.1161223582581,1.84e+03
3825000,7650.000000641011,-7086.5500016420065,-5502.282246163937,303.41339804076597,1.84e+03
3850000,7700.000000651197,-7116.8245025655615,-5432.952255225617,322.4893006029663,1.84e+03
3875000,7750.000000661384,-7193.373546965693,-5459.615534046438,332.04324727387876,1.84e+03
3900000,7800.00000067157,-7115.699654365913,-5631.681154188563,284.21401264857343,1.84e+03
3925000,7850.000000681756,-7033.71337174508,-5430.254779331557,307.08875975010983,1.84e+03
3950000,7900.000000691943,-7182.774963065895,-5621.827509695848,298.947175660448,1.84e+03
3975000,7950.000000702129,-7021.515695756556,-5505.901005425292,290.26520405014816,1.84e+03
4000000,8000.000000712315,-7084.250051907736,-5439.596659213471,314.9782432617016,1.84e+03
4025000,8050.000000722502,-7030.373780202927,-5427.301530223842,307.014768803545,1.84e+03
4050000,8100.000000732688,-7097.225191724738,-5497.065099932391,306.4570424924367,1.84e+03
4075000,8150.000000742874,-7087.339811560995,-5540.660296728612,296.2146301675664,1.84e+03
4100000,8200.00000075306,-7043.7634770161885,-5534.418117771049,289.06452377264714,1.84e+03
4125000,8250.000000763246,-7140.640405445489,-5677.514269740714,280.21278035951667,1.84e+03
4150000,8300.000000773432,-7017.642735294485,-5504.917426999035,289.7118397474961,1.84e+03
4175000,8350.000000783619,-7008.491657611024,-5420.753654260672,304.07800772895285,1.84e+03
4200000,8400.000000793805,-7061.560378903065,-5538.969146052437,291.60132697826856,1.84e+03
4225000,8450.000000803991,-7055.969316165618,-5437.105819938977,310.0390528405721,1.84e+03
4250000,8500.000000814178,-7178.16829747909,-5625.577840797272,297.34667299678944,1.84e+03
4275000,8550.000000824364,-6968.654814120808,-5404.934293068053,299.4782638465819,1.84e+03
4300000,8600.00000083455,-7194.068579421675,-5542.73856563294,316.256926291574,1.84e+03
4325000,8650.000000844737,-7068.2677968687785,-5435.026550416769,312.79262908232556,1.84e+03
4350000,8700.000000854923,-7111.391896903138,-5589.609115028782,291.44649528582795,1.84e+03
4375000,8750.00000086511,-7034.01305575387,-5437.19940312035,305.81614421434847,1.84e+03
4400000,8800.000000875296,-6904.673663880985,-5391.262871644133,289.84312122516565,1.84e+03
4425000,8850.000000885482,-7033.725227571929,-5445.690797331548,304.13477836615334,1.84e+03
4450000,8900.000000895669,-7099.517292770352,-5449.769076716943,315.9539859431202,1.84e+03
4475000,8950.000000905855,-7096.5555471365005,-5584.270929199539,289.62744027733686,1.84e+03
4500000,9000.000000916041,-7109.44601343793,-5482.2794747167645,311.6292223864898,1.84e+03
4525000,9050.000000926228,-6959.264189507633,-5305.274618786063,316.7662752974374,1.84e+03
4550000,9100.000000936414,-7094.23305705187,-5507.553248274946,303.87534601965416,1.84e+03
4575000,9150.0000009466,-7073.4096850698725,-5522.599722172768,297.0056790785945,1.84e+03
4600000,9200.000000956787,-7003.94488425811,-5431.898289409296,301.07284426650483,1.84e+03
4625000,9250.000000966973,-7001.951528497231,-5377.653306179362,311.0798924998146,1.84e+03
4650000,9300.00000097716,-7031.331509388126,-5488.443312241384,295.48853031602613,1.84e+03
4675000,9350.000000987346,-6998.046653908949,-5422.939344309469,301.6590216091429,1.84e+03
4700000,9400.000000997532,-7060.858755843284,-5429.259299598385,312.478199186314,1.84e+03
4725000,9450.000001007718,-7041.055712045642,-5433.071254670496,307.95553751689295,1.84e+03
4750000,9500.000001017905,-7096.669615725356,-5382.37501681129,328.31568256117873,1.84e+03
4775000,9550.000001028091,-7050.3932921894175,-5496.0930862449495,297.67411817250826,1.84e+03
4800000,9600.000001038277,-7008.789390696041,-5527.962745015684,283.6027198821608,1.84e+03
4825000,9650.000001048464,-7133.449834303611,-5588.887973933936,295.8090644201194,1.84e+03
4850000,9700.00000105865,-7159.090578929512,-5628.824720234197,293.0711443738296,1.84e+03
4875000,9750.000001068836,-7162.405347241406,-5644.216092173804,290.75827564895286,1.84e+03
4900000,9800.000001079023,-7169.703295702745,-5543.69763265289,311.406895553846,1.84e+03
4925000,9850.000001089209,-7147.788619338151,-5640.350138192491,288.69932517423325,1.84e+03
4950000,9900.000001099395,-6964.435225396525,-5282.55820055093,322.1071825962312,1.84e+03
4975000,9950.000001109582,-7089.653421832343,-5503.738586448204,303.7288410013498,1.84e+03
5000000,10000.000001119768,-7084.05764211626,-5403.032834699428,321.9439689064767,1.84e+03
5025000,10050.000001129954,-6963.199580662998,-5409.5141065717935,297.55638688634315,1.84e+03
5050000,10100.00000114014,-7111.429435325947,-5501.825419050014,308.2657097511734,1.84e+03
5075000,10150.000001150327,-7041.824427937743,-5524.255074725848,290.6395542220718,1.84e+03
5100000,10200.000001160513,-7230.0374822104295,-5633.627624874168,305.7388107567746,1.84e+03
5125000,10250.0000011707,-7149.3942649181345,-5538.9661384228175,308.4235404468741,1.84e+03
5150000,10300.000001180886,-7076.176376406384,-5440.685342499332,313.22350047653515,1.84e+03
5175000,10350.000001191072,-7151.860356648881,-5690.403271863146,279.89312958767096,1.84e+03
5200000,10400.000001201259,-7166.142839432318,-5582.21687596544,303.34793923484136,1.84e+03
5225000,10450.000001211445,-7030.7681684413365,-5469.268726985472,299.0528904805702,1.84e+03
5250000,10500.000001221631,-7189.240506105052,-5608.675656594552,302.7042304910506,1.84e+03
5275000,10550.000001231818,-7099.467981730499,-5474.9332142133435,311.12519480585297,1.84e+03
5300000,10600.000001242004,-7023.908915499428,-5358.715335037156,318.91202790481935,1.84e+03
5325000,10650.00000125219,-7013.575557963804,-5503.947685978697,289.1186296206812,1.84e+03
5350000,10700.000001262377,-7148.356318519779,-5602.788031400083,296.0018117376402,1.84e+03
5375000,10750.000001272563,-7152.59717986467,-5678.730591313709,282.2697541780455,1.84e+03
5400000,10800.00000128275,-7149.2741053494865,-5651.319089697869,286.8830851600058,1.84e+03
5425000,10850.000001292936,-6999.110930127126,-5415.370418502426,303.3124221491633,1.84e+03
5450000,10900.000001303122,-7047.642526377933,-5476.292112974819,300.93951404037193,1.84e+03
5475000,10950.000001313309,-7012.630441379564,-5402.863278078605,308.29695509658427,1.84e+03
5500000,11000.000001323495,-7183.246031455633,-5654.202322144341,292.83708261486385,1.84e+03
5525000,11050.000001333681,-7071.368608647602,-5500.197216445434,300.90522852852445,1.84e+03
5550000,11100.000001343868,-7126.1967795995915,-5624.877621883481,287.5273738364306,1.84e+03
5575000,11150.000001354054,-7065.2513704860075,-5404.827066866277,317.998632749241,1.84e+03
5600000,11200.00000136424,-7194.995072003448,-5646.129462150085,296.63330341043326,1.84e+03
5625000,11250.000001374427,-7203.113037312862,-5541.997783569499,318.13096109093897,1.84e+03
5650000,11300.000001384613,-7005.381735836321,-5267.844395125971,332.7670508629131,1.84e+03
5675000,11350.0000013948,-7152.802841942677,-5797.7995246476185,259.5054778053867,1.84e+03
5700000,11400.000001404986,-7141.750342298346,-5479.610353970291,318.32721466067585,1.84e+03
5725000,11450.000001415172,-7095.483840814719,-5434.307051879166,318.14274609489246,1.84e+03
5750000,11500.000001425358,-7169.398405311357,-5666.894176162592,287.75433455633384,1.84e+03
5775000,11550.000001435545,-7218.866711795243,-5702.5703180350865,290.3957614973354,1.84e+03
5800000,11600.000001445731,-7157.921753594321,-5581.17237236344,301.9735054025464,1.84e+03
5825000,11650.000001455917,-7111.785834146111,-5566.806780586931,295.8889637949752,1.84e+03
5850000,11700.000001466104,-7012.744485209087,-5318.948511353533,324.38985786225334,1.84e+03
5875000,11750.00000147629,-7142.999802242005,-5528.282821643541,309.2449267262055,1.84e+03
5900000,11800.000001486476,-7068.960265174219,-5481.767277990811,303.9736281462545,1.84e+03
5925000,11850.000001496663,-7020.67232252798,-5371.785587291196,315.788998161847,1.84e+03
5950000,11900.000001506849,-7150.91943562887,-5503.325618255251,315.5413830722296,1.84e+03
5975000,11950.000001517035,-7175.988467482553,-5456.407655698274,329.3280794897737,1.84e+03
6000000,12000.000001527222,-7052.080188027667,-5453.994605823718,306.0597396998326,1.84e+03
6025000,12050.000001537408,-7180.625943561168,-5630.531944957277,296.8685601109651,1.84e+03
6050000,12100.000001547594,-7127.924929530362,-5557.072766095649,300.8440909558186,1.84e+03
6075000,12150.00000155778,-7111.763814515968,-5555.46373671197,298.0571266093384,1.84e+03
6100000,12200.000001567967,-7081.8414384911575,-5571.784214945307,289.20085752410773,1.84e+03
6125000,12250.000001578153,-7050.385819861206,-5434.231241255162,309.52025044909794,1.84e+03
6150000,12300.00000158834,-7077.534129983633,-5509.09202094137,300.38252580046674,1.84e+03
6175000,12350.000001598526,-7060.451813933239,-5509.931737148301,296.9501611082051,1.84e+03
6200000,12400.000001608712,-7136.441454996185,-5519.063673746257,309.7545139246939,1.84e+03
6225000,12450.000001618899,-7113.554671579742,-5577.651019209116,294.1508748237891,1.84e+03
6250000,12500.000001629085,-6993.093057006616,-5488.999581687196,288.0587014029696,1.84e+03
6275000,12550.000001639271,-7043.591417765589,-5475.439944132588,300.3268643273285,1.84e+03
6300000,12600.000001649458,-7063.348651868183,-5396.131254553526,319.29962220260853,1.84e+03
6325000,12650.000001659644,-7070.19283429208,-5513.996302929786,298.03729575838304,1.84e+03
6350000,12700.00000166983,-7217.608493180595,-5700.4499860601045,290.56087042115905,1.84e+03
6375000,12750.000001680017,-7172.48489557143,-5604.664256731951,300.2635040092601,1.84e+03
6400000,12800.000001690203,-7125.26628910318,-5465.13740225334,317.94205556670306,1.84e+03
6425000,12850.00000170039,-7124.047808065427,-5524.5624803753535,306.327814040719,1.84e+03
6450000,12900.000001710576,-6941.702589614495,-5424.760265192375,290.51946786980136,1.84e+03
6475000,12950.000001720762,-7107.713656573779,-5598.427986299795,289.05309235046406,1.84e+03
6500000,13000.000001730948,-7177.959915462355,-5742.502140358872,274.91383308294223,1.84e+03
6525000,13050.000001741135,-7104.763353278264,-5507.948494938131,305.8163751270458,1.84e+03
6550000,13100.000001751321,-7101.772371896028,-5545.929664681698,297.9695325998693,1.84e+03
6575000,13150.000001761508,-7093.102883513828,-5575.665746348905,290.61423266897685,1.84e+03
6600000,13200.000001771694,-7126.217203471109,-5554.623536942368,300.9861010249114,1.84e+03
6625000,13250.00000178188,-6971.477143668206,-5386.630648812745,303.52423617432464,1.84e+03
6650000,13300.000001792067,-7067.915655581988,-5466.266297002684,306.7422616385422,1.84e+03
6675000,13350.000001802253,-7040.006116234672,-5536.293978215134,287.9856690222015,1.84e+03
6700000,13400.00000181244,-7010.677117335666,-5511.1936951062635,287.1758002214276,1.84e+03
6725000,13450.000001822626,-7206.972985576181,-5643.6768072979185,299.3969952083119,1.84e+03
6750000,13500.000001832812,-7084.133020444556,-5477.915540222876,307.6171322564565,1.84e+03
6775000,13550.000001842998,-7064.988295651682,-5376.005012843308,323.46814817063347,1.84e+03
6800000,13600.000001853185,-7171.796535368025,-5695.074233219165,282.8166704196807,1.84e+03
6825000,13650.000001863371,-7061.763353666127,-5497.495114229724,299.58316094833606,1.84e+03
6850000,13700.000001873557,-7072.124846384315,-5514.142028797212,298.3793990243673,1.84e+03
6875000,13750.000001883744,-7130.085663051404,-5572.461137577831,298.3107801767758,1.84e+03
6900000,13800.00000189393,-7003.637065519769,-5346.911197746001,317.2903213015208,1.84e+03
6925000,13850.000001904116,-7019.225505230882,-5562.014523103033,279.0799309150321,1.84e+03
6950000,13900.000001914303,-7095.3470380810395,-5436.13006888239,317.7674082999615,1.84e+03
6975000,13950.000001924489,-7027.800308260034,-5446.547312009218,302.83602193861867,1.84e+03
7000000,14000.000001934675,-7115.885113699218,-5567.061798558848,296.62520327550084,1.84e+03
7025000,14050.000001944862,-7019.291088921076,-5351.177331139161,319.4712900121058,1.84e+03
7050000,14100.000001955048,-7062.224635749177,-5469.224058052585,305.08587749043346,1.84e+03
7075000,14150.000001965234,-6976.236320357354,-5467.296124725312,288.98692826002775,1.84e+03
7100000,14200.00000197542,-7055.989416795808,-5543.657787964078,289.63644363884396,1.84e+03
7125000,14250.000001985607,-7215.760920615556,-5656.950698880298,298.5378605617412,1.84e+03
7150000,14300.000001995793,-7134.582103815262,-5505.472710481268,312.0013110804236,1.84e+03
7175000,14350.00000200598,-7090.548757702142,-5560.20585029514,293.0859004725678,1.84e+03
7200000,14400.000002016166,-7022.18192574549,-5570.1786417463445,278.08257085405944,1.84e+03
7225000,14450.000002026352,-7029.687943726928,-5484.349538023587,295.9577856559115,1.84e+03
7250000,14500.000002036539,-7118.455896272918,-5563.863286655678,297.7301182972654,1.84e+03
7275000,14550.000002046725,-7119.868868174932,-5432.579760668848,323.14368566512115,1.84e+03
7300000,14600.000002056911,-7008.057165753469,-5371.168070477497,313.49125228120755,1.84e+03
7325000,14650.000002067098,-7096.03672060737,-5515.704386730033,302.65969991336783,1.84e+03
7350000,14700.000002077284,-7130.447206771398,-5576.932321280963,297.52371635647364,1.84e+03
7375000,14750.00000208747,-6963.682445316706,-5419.285775038614,295.7774277937749,1.84e+03
7400000,14800.000002097657,-6916.299191458329,-5437.904660728869,283.1369297661114,1.84e+03
7425000,14850.000002107843,-7072.643529721283,-5441.278854696568,312.43323471135994,1.84e+03
7450000,14900.00000211803,-7030.641243898481,-5559.015395715193,281.840615450244,1.84e+03
7475000,14950.000002128216,-7004.496229413438,-5462.059287592873,295.4021074803496,1.84e+03
7500000,15000.000002138402,-7133.114794327796,-5621.998627229859,289.4036626751693,1.84e+03
7525000,15050.000002148588,-7096.703649589813,-5602.805835146486,286.10606422974564,1.84e+03
7550000,15100.000002158775,-7081.581221988362,-5446.997971468665,313.04964498948766,1.84e+03
7575000,15150.000002168961,-7008.309144819283,-5479.3545521080405,292.82001531651775,1.84e+03
7600000,15200.000002179147,-7032.822708832525,-5433.728079106315,306.2529889384511,1.84e+03
7625000,15250.000002189334,-7157.986930331959,-5578.842417533997,302.43221259077893,1.84e+03
7650000,15300.00000219952,-7098.17200797125,-5371.498866447864,330.6863775796812,1.84e+03
7675000,15350.000002209707,-7155.842735550907,-5448.164247628662,327.04858821370976,1.84e+03
7700000,15400.000002219893,-7103.967370634421,-5545.344897005691,298.5019037035774,1.84e+03
7725000,15450.00000223008,-7068.04542987173,-5635.185913216697,274.4162237475844,1.84e+03
7750000,15500.000002240266,-7127.444022987986,-5641.658459586957,284.55243439287455,1.84e+03
7775000,15550.000002250452,-7151.373970896622,-5548.378665879378,307.000032574613,1.84e+03
7800000,15600.000002260638,-7065.910995733838,-5446.112194004026,310.2181792666086,1.84e+03
7825000,15650.000002270825,-7118.697926895994,-5575.2908734002485,295.5878998622421,1.84e+03
7850000,15700.00000228101,-7191.44627853407,-5662.581671695569,292.80278153811787,1.84e+03
7875000,15750.000002291197,-7170.150560949306,-5743.301318760653,273.26515708432845,1.84e+03
7900000,15800.000002301384,-7001.371149431676,-5430.414734674793,300.864056803006,1.84e+03
7925000,15850.00000231157,-7066.195393210182,-5532.253611228112,293.7751442952538,1.84e+03
7950000,15900.000002321756,-7134.962651185864,-5563.544564648918,300.952474561358,1.84e+03
7975000,15950.000002331943,-7147.604051141216,-5532.459340981307,309.32684399002136,1.84e+03
8000000,16000.000002342129,-7120.786114551131,-5678.173958628903,276.2840149777557,1.84e+03
8025000,16050.000002352315,-7157.052663126891,-5610.600665266116,296.171056915994,1.84e+03
8050000,16100.000002362502,-6986.6673928909,-5452.025307491011,293.9092639470143,1.84e+03
8075000,16150.000002372688,-7140.559335063804,-5583.065187886955,298.2858105831557,1.84e+03
8100000,16200.000002382874,-7070.148365449826,-5600.021427004725,281.55354951997606,1.84e+03
8125000,16250.00000239306,-7151.604722310206,-5550.297039011963,306.6768251883621,1.84e+03
8150000,16300.000002403247,-6932.172567599246,-5301.027249516628,312.3912242399887,1.84e+03
8175000,16350.000002413433,-7171.902276180181,-5661.15319179395,289.3333602830796,1.84e+03
8200000,16400.000002423618,-7071.750627617737,-5555.143834270006,290.4552081365106,1.84e+03
8225000,16450.000002433804,-6997.288301529762,-5413.81878070942,303.2605229417827,1.84e+03
8250000,16500.00000244399,-7023.389141210457,-5390.370291762657,312.75003638893276,1.84e+03
8275000,16550.000002454177,-7009.054620083741,-5441.52118245377,300.2085002420011,1.84e+03
8300000,16600.000002464363,-6969.02822124005,-5404.68707649853,299.5971235163958,1.84e+03
8325000,16650.00000247455,-7165.745596337154,-5521.1310111671555,314.9708109809104,1.84e+03
8350000,16700.000002484736,-7074.407201516078,-5474.40457668441,306.42688497300634,1.84e+03
8375000,16750.000002494922,-7043.559938401246,-5454.673418943337,304.29796750134216,1.84e+03
8400000,16800.00000250511,-7023.576620376169,-5320.146357614724,326.2349830467652,1.84e+03
8425000,16850.000002515295,-7080.328148414442,-5474.660479236055,307.5118343758747,1.84e+03
8450000,16900.00000252548,-7149.280752022563,-5550.660210091704,306.16219330844496,1.84e+03
8475000,16950.000002535668,-7004.270823603022,-5428.282877465377,301.8276780269482,1.84e+03
8500000,17000.000002545854,-7030.817703771027,-5463.862654422454,300.0977293491143,1.84e+03
8525000,17050.00000255604,-6905.810398725022,-5280.318082146389,311.3085812400774,1.84e+03
8550000,17100.000002566227,-7024.044654648709,-5516.484861061177,288.7225585071632,1.84e+03
8575000,17150.000002576413,-7087.384178950723,-5414.146419410485,320.4526208380877,1.84e+03
8600000,17200.0000025866,-6991.405473697112,-5393.693935833834,305.9881040410064,1.84e+03
8625000,17250.000002596786,-7160.27410378182,-5557.564093434197,306.94539394117885,1.84e+03
8650000,17300.000002606972,-7073.817782139398,-5548.447189115803,292.1336202800438,1.84e+03
8675000,17350.00000261716,-7096.855442009586,-5440.898526088398,317.14305434256494,1.84e+03
8700000,17400.000002627345,-7123.056225143084,-5556.7121108784895,299.9807252068719,1.84e+03
8725000,17450.00000263753,-7004.675394513661,-5397.876825664836,307.7284203100794,1.84e+03
8750000,17500.000002647717,-7153.021343793758,-5705.089950662172,277.3027366118329,1.84e+03
8775000,17550.000002657904,-6954.529598900553,-5403.022326305175,297.1392253836988,1.84e+03
8800000,17600.00000266809,-6931.655685618581,-5337.551683157553,305.29720152710723,1.84e+03
8825000,17650.000002678276,-7018.610340410567,-5514.227665052297,288.11408797900623,1.84e+03
8850000,17700.000002688463,-7035.877509089077,-5459.961706920197,301.8138612673535,1.84e+03
8875000,17750.00000269865,-6987.596579393808,-5463.512915701927,291.88715209294344,1.84e+03
8900000,17800.000002708835,-7060.161733383862,-5445.765942486443,309.18341360238367,1.84e+03
8925000,17850.00000271902,-7145.811313046008,-5546.738779990722,306.2487570616189,1.84e+03
8950000,17900.000002729208,-7059.279734645503,-5564.97850495825,286.18332490083986,1.84e+03
8975000,17950.000002739394,-7086.180073013553,-5535.272268129334,297.02441743243577,1.84e+03
9000000,18000.00000274958,-6953.074004502193,-5355.013077107918,306.0550178972488,1.84e+03
9025000,18050.000002759767,-6885.968646062253,-5350.487531998685,294.0699517707867,1.84e+03
9050000,18100.000002769953,-7142.3547179742245,-5479.901951032908,318.3871169224973,1.84e+03
9075000,18150.00000278014,-7105.506812194024,-5530.327037329294,301.6728999023122,1.84e+03
9100000,18200.000002790326,-7112.469006149313,-5467.6517025425,315.00963490416854,1.84e+03
9125000,18250.000002800512,-6983.201439435225,-5431.42481339648,297.19081100945147,1.84e+03
9150000,18300.0000028107,-6946.392035440104,-5311.405117251183,313.1269540041886,1.84e+03
9175000,18350.000002820885,-6957.68695650483,-5335.8364498744795,310.61111458546276,1.84e+03
9200000,18400.00000283107,-7065.919633766415,-5668.71463398534,267.5877958616902,1.84e+03
9225000,18450.000002841258,-7031.573434854492,-5469.111451568784,299.2372331122619,1.84e+03
9250000,18500.000002851444,-7113.5420541976355,-5587.684821071956,292.2268198837632,1.84e+03
9275000,18550.00000286163,-7101.883584186197,-5637.2457372945855,280.502297978283,1.84e+03
9300000,18600.000002871817,-7012.0798016501085,-5495.8352799358845,290.38582714522533,1.84e+03
9325000,18650.000002882003,-7038.513423185964,-5382.21912205249,317.207669173836,1.84e+03
9350000,18700.00000289219,-7049.21795166179,-5538.814416702268,289.2671818701275,1.84e+03
9375000,18750.000002902376,-7082.7491859035335,-5507.840867875859,301.62091144198564,1.84e+03
9400000,18800.000002912562,-7239.100717812293,-5682.459458185661,298.12246855409325,1.84e+03
9425000,18850.00000292275,-6906.7463941617825,-5433.652172849633,282.1218331163104,1.84e+03
9450000,18900.000002932935,-7043.38644325509,-5318.14984685184,330.41125550209534,1.84e+03
9475000,18950.00000294312,-7193.419890691394,-5673.578986926639,291.0745936083635,1.84e+03
9500000,19000.000002953308,-7092.7750420625625,-5428.858216782961,318.667508235022,1.84e+03
9525000,19050.000002963494,-7153.932745681581,-5464.936391588638,323.47065153715965,1.84e+03
9550000,19100.00000297368,-6962.596790182248,-5524.141002434228,275.48800193836644,1.84e+03
9575000,19150.000002983867,-6942.595854516639,-5277.909605579371,318.8148655524314,1.84e+03
9600000,19200.000002994053,-7055.4415059121475,-5453.025455971635,306.8890956761273,1.84e+03
9625000,19250.00000300424,-7145.943508886086,-5609.815993569781,294.1937482691453,1.84e+03
9650000,19300.000003014426,-7113.870444058422,-5468.603507652965,315.095746999069,1.84e+03
9675000,19350.000003024612,-7019.832495005503,-5440.900877481645,302.3914396353745,1.84e+03
9700000,19400.0000030348,-7029.120587732126,-5391.583571974979,313.6153397368624,1.84e+03
9725000,19450.000003044985,-7090.275368245076,-5525.570735825868,299.6667374001929,1.84e+03
9750000,19500.00000305517,-7070.902490797992,-5543.271337011402,292.5665549403663,1.84e+03
9775000,19550.000003065357,-6971.839376979993,-5328.37432905956,314.75065564298893,1.84e+03
9800000,19600.000003075544,-7145.802981333033,-5612.441325369583,293.6640405970357,1.84e+03
9825000,19650.00000308573,-7073.454348646153,-5477.606245855447,305.63122549857417,1.84e+03
9850000,19700.000003095916,-7105.603868325758,-5619.98431253782,284.5206411976813,1.84e+03
9875000,19750.000003106103,-7042.5972998831185,-5372.240448964043,319.90087933405874,1.84e+03
9900000,19800.00000311629,-7216.455168630571,-5636.554223504865,302.5770818542952,1.84e+03
9925000,19850.000003126475,-7012.446076520146,-5469.223668695786,295.5525371715637,1.84e+03
9950000,19900.00000313666,-7003.9853243417465,-5561.596270706425,276.2412872110973,1.84e+03
9975000,19950.000003146848,-7061.156397946786,-5468.875873814781,304.94797535990836,1.84e+03
10000000,20000.000003157034,-7047.081753576616,-5428.912326691889,309.906127117141,1.84e+03
10025000,20050.00000316722,-7183.857279128173,-5678.271513567768,288.34449959037505,1.84e+03
10050000,20100.000003177407,-7001.9580085850575,-5493.617504347393,288.8720774697402,1.84e+03
10075000,20150.000003187593,-7099.382890666351,-5456.301383232506,314.67720131563846,1.84e+03
10100000,20200.00000319778,-7060.491810129454,-5488.6620669367285,301.031313598714,1.84e+03
10125000,20250.000003207966,-7107.169673297407,-5512.272871922694,305.449035591477,1.84e+03
10150000,20300.000003218152,-6854.9445155370895,-5232.324071434547,310.75857030682613,1.84e+03
10175000,20350.00000322834,-7050.16829078894,-5471.453487628687,302.3499161097091,1.84e+03
10200000,20400.000003238525,-6997.616345921329,-5327.390052489945,319.8758754224136,1.84e+03
10225000,20450.00000324871,-6969.715561820381,-5448.26430169239,291.3830034049627,1.84e+03
10250000,20500.000003258898,-6987.658826907853,-5478.0611175074155,289.1128529883684,1.84e+03
10275000,20550.000003269084,-7005.585856693769,-5403.9490593581495,306.73985595325513,1.84e+03
10300000,20600.00000327927,-6994.350563338169,-5463.273326779983,293.2265366133154,1.84e+03
10325000,20650.000003289457,-7164.3690087720815,-5510.376085845301,316.76691730000954,1.84e+03
10350000,20700.000003299643,-7085.391150343206,-5531.670056326802,297.5632086893531,1.84e+03
10375000,20750.00000330983,-7123.9504615354,-5525.754480709428,306.08088285630424,1.84e+03
10400000,20800.000003320016,-7159.273271229475,-5607.958400886602,297.1023771798384,1.84e+03
10425000,20850.000003330202,-6977.321016234252,-5421.0894463492905,298.0440062132214,1.84e+03
10450000,20900.00000334039,-7103.063226047538,-5581.904696583666,291.32694065597104,1.84e+03
10475000,20950.000003350575,-6974.439360897811,-5293.924288424299,321.8463462598513,1.84e+03
10500000,21000.00000336076,-7121.70492894906,-5532.837230497896,304.29436296821234,1.84e+03
10525000,21050.000003370948,-7129.412900437246,-5486.527019716945,314.6397355743214,1.84e+03
10550000,21100.000003381134,-7020.161667624612,-5425.096077655876,305.4813613903744,1.84e+03
10575000,21150.00000339132,-7026.163944007189,-5528.717165053372,286.78574945210187,1.84e+03
10600000,21200.000003401507,-7134.621457824496,-5578.62760352018,297.9984797598542,1.84e+03
10625000,21250.000003411693,-7062.038958651795,-5474.773915647884,303.98742802400346,1.84e+03
10650000,21300.00000342188,-7032.709516226368,-5450.317355705895,303.05419067984815,1.84e+03
10675000,21350.000003432066,-7120.547745522352,-5498.468439285875,310.6549334826947,1.84e+03
10700000,21400.000003442252,-7031.296938237828,-5449.154394796793,303.00638489321943,1.84e+03
10725000,21450.00000345244,-7062.354691222519,-5489.157149000582,301.29326966633903,1.84e+03
10750000,21500.000003462625,-6882.715567188386,-5494.84362065339,265.80036227308335,1.84e+03
10775000,21550.00000347281,-7115.135383172832,-5542.861711725189,301.1163331794289,1.84e+03
10800000,21600.000003482997,-6990.840755416869,-5515.851112946019,282.4848375216522,1.84e+03
10825000,21650.000003493184,-7037.942497574168,-5576.322982884577,279.92423759255314,1.84e+03
10850000,21700.00000350337,-7004.040656859078,-5369.539194101703,313.03398128441086,1.84e+03
10875000,21750.000003513556,-7070.37436745197,-5486.345610910687,303.3676258035366,1.84e+03
10900000,21800.000003523743,-7007.810475682679,-5473.076003163342,293.9269576037525,1.84e+03
10925000,21850.00000353393,-7022.973932020325,-5496.763043101231,292.2945507996048,1.84e+03
10950000,21900.000003544115,-7040.1923623339735,-5458.882749877783,302.846864875488,1.84e+03
10975000,21950.0000035543,-6932.66265354148,-5336.687727448039,305.65551425222736,1.84e+03
11000000,22000.000003564488,-7090.7991116186195,-5476.31648097417,309.2000448458336,1.84e+03
11025000,22050.000003574674,-7072.397160996992,-5590.981007429375,283.7156203629205,1.84e+03
11050000,22100.00000358486,-7174.607505126126,-5508.382686347073,319.10952704649065,1.84e+03
11075000,22150.000003595047,-6958.28398719936,-5400.746321103496,298.2941451737273,1.84e+03
11100000,22200.000003605233,-7151.846908117412,-5531.9721737099835,310.23272162642,1.84e+03
11125000,22250.00000361542,-7045.422433108608,-5460.288068096973,303.57936805590043,1.84e+03
11150000,22300.000003625606,-6917.790956756649,-5377.200864338769,295.04840536718064,1.84e+03
11175000,22350.000003635792,-7052.7960046541375,-5504.943988903036,296.43918342677654,1.84e+03
11200000,22400.00000364598,-7022.038768629888,-5498.861457239429,291.7135706824494,1.84e+03
11225000,22450.000003656165,-7076.760408780292,-5477.534945553998,306.27804571102047,1.84e+03
11250000,22500.00000366635,-7016.756653882523,-5470.699535183919,296.0954310453067,1.84e+03
11275000,22550.000003676538,-7203.532133282312,-5593.713686853982,308.3067766610794,1.84e+03
11300000,22600.000003686724,-7041.323398723765,-5443.786663763021,305.95462640285984,1.84e+03
11325000,22650.00000369691,-7089.79076108377,-5478.318301588389,308.6235474363112,1.84e+03
11350000,22700.000003707097,-7152.868165524215,-5552.716064010858,306.45551222225924,1.84e+03
11375000,22750.000003717283,-7101.311163364556,-5653.970023124228,277.18969345052346,1.84e+03
11400000,22800.00000372747,-7078.1650428119265,-5471.807889436647,307.6438819684305,1.84e+03
11425000,22850.000003737656,-6984.844339038824,-5351.765384035511,312.7615475938893,1.84e+03
11450000,22900.000003747842,-7125.431258189911,-5554.5048832240445,300.85830368770263,1.84e+03
11475000,22950.00000375803,-6976.519634658742,-5482.227322922588,286.181616966157,1.84e+03
11500000,23000.000003768215,-7019.830736282558,-5425.269180895001,305.3848304570919,1.84e+03
11525000,23050.0000037784,-7012.790169024779,-5537.5106446232285,282.54035469122186,1.84e+03
11550000,23100.000003788587,-7069.722967150965,-5380.193781684244,323.57269753105294,1.84e+03
11575000,23150.000003798774,-7047.3225690066065,-5477.614598855342,300.624959075525,1.84e+03
11600000,23200.00000380896,-7051.963137764878,-5495.550381098117,298.07870646951056,1.84e+03
11625000,23250.000003819147,-6985.569404197604,-5294.868543613982,323.79709263559846,1.85e+03
11650000,23300.000003829333,-6972.4266858068995,-5316.2455599368695,317.1859942447484,1.85e+03
11675000,23350.00000383952,-7079.929694779479,-5485.042445529715,305.4472062020451,1.85e+03
11700000,23400.000003849706,-7030.211173369931,-5383.586867424278,315.3557056475763,1.85e+03
11725000,23450.000003859892,-6999.210183334018,-5431.5128276585265,300.2398932505502,1.85e+03
11750000,23500.00000387008,-7103.49276638783,-5589.867454499858,289.88420527555274,1.85e+03
11775000,23550.000003880265,-7040.0292701113785,-5524.599497090199,290.22978933617986,1.85e+03
11800000,23600.00000389045,-7037.327453236295,-5474.338195533386,299.3382148573425,1.85e+03
11825000,23650.000003900637,-7035.425417679939,-5460.686011025236,301.58856212889515,1.85e+03
11850000,23700.000003910824,-7171.066664949881,-5542.910205343407,311.8188085587541,1.85e+03
11875000,23750.00000392101,-7176.382055958258,-5587.837840189157,304.2324107007168,1.85e+03
11900000,23800.000003931196,-7131.186257081049,-5622.650725782221,288.9094283677388,1.85e+03
11925000,23850.000003941383,-7000.925101520112,-5450.313331297702,296.96772191340705,1.85e+03
11950000,23900.00000395157,-7172.385804408172,-5615.025629027313,298.26015277517314,1.85e+03
11975000,23950.000003961755,-6993.786616229634,-5397.390729639139,305.7361351285978,1.85e+03
12000000,24000.00000397194,-7055.064947702342,-5439.779065093791,309.3538808417176,1.85e+03
12025000,24050.000003982128,-7057.408881928801,-5515.237115609883,295.35132199932616,1.85e+03
12050000,24100.000003992314,-7164.800824064522,-5615.947396659369,296.6309702707256,1.85e+03
12075000,24150.0000040025,-7011.6076049941075,-5438.326290356217,301.30931346531077,1.85e+03
12100000,24200.000004012687,-6994.399435994993,-5397.104741290537,305.9082717027979,1.85e+03
12125000,24250.000004022873,-7145.972001193837,-5669.814771377301,282.7084497506072,1.85e+03
12150000,24300.00000403306,-7141.533194015716,-5532.058394227945,308.2409626630496,1.85e+03
