#"Step","Time (ps)","Potential Energy (kJ/mole)","Total Energy (kJ/mole)","Temperature (K)","Speed (ns/day)"
25000,50.00000000001514,-7127.559447533258,-5504.144714370706,310.9103213140237,0
50000,99.99999999994834,-7087.827476036168,-5391.727674211466,324.8306939648601,1.92e+03
75000,149.99999999998812,-7077.896764483763,-5496.733629185698,302.8184532289733,1.91e+03
100000,200.00000000022686,-7088.881911387535,-5394.899485062057,324.4251821240729,1.91e+03
125000,250.0000000004656,-6966.509058182063,-5276.749565031041,323.61642174797333,1.91e+03
150000,300.00000000070435,-7172.441825094818,-5646.442119868515,292.25375930446785,1.91e+03
175000,350.0000000009431,-7114.781386916483,-5604.734025059786,289.19862613274023,1.91e+03
200000,400.00000000118183,-7145.624848941601,-5599.516032916093,296.1049810361694,1.91e+03
225000,450.0000000014206,-7104.650549540388,-5632.473162814531,281.94591005497847,1.91e+03
250000,500.0000000016593,-7116.874652739174,-5464.374438212915,316.4806639822503,1.9e+03
275000,550.000000000818,-7135.015439503403,-5562.914542743387,301.08288717913194,1.9e+03
300000,599.9999999996356,-7048.040899093812,-5506.143891805161,295.29835117077545,1.9e+03
325000,649.9999999984533,-6973.457611926358,-5408.868382433836,299.6442807429376,1.9e+03
350000,699.999999997271,-7099.165212202781,-5515.247804250426,303.34594123215504,1.9e+03
375000,749.9999999960886,-7230.95773995825,-5587.323090951719,314.78276401370726,1.89e+03
400000,799.9999999949063,-7207.04154109753,-5555.996689853148,316.20193824670423,1.89e+03
425000,849.9999999937239,-7148.313296795301,-5632.563757188349,290.29068590052856,1.89e+03
450000,899.9999999925416,-7092.050731272024,-5594.344480182885,286.83510273004305,1.89e+03
475000,949.9999999913592,-7038.307211735575,-5543.0266591724885,286.3705420156798,1.89e+03
500000,999.9999999901769,-6985.0530715092955,-5457.053591982411,292.63674860328865,1.89e+03
525000,1049.9999999889947,-7079.460429868136,-5522.493196945931,298.18454445108114,1.89e+03
550000,1099.9999999878123,-7029.53880720767,-5471.5245599989175,298.3850647134646,1.89e+03
575000,1149.99999998663,-7135.7275106068,-5575.76727717466,298.75775272080296,1.89e+03
600000,1199.9999999854476,-7141.40031359987,-5640.980208792069,287.3548498497606,1.89e+03
625000,1249.9999999842653,-7113.986868144991,-5627.392865404955,284.7069264641972,1.89e+03
650000,1299.999999983083,-7071.651089332881,-5369.286998557193,326.0304071686209,1.88e+03
675000,1349.9999999819006,-7099.167659237773,-5474.605091346653,311.13015033059224,1.88e+03
700000,1399.9999999807183,-7084.658166784984,-5602.780584919293,283.8036551684897,1.88e+03
725000,1449.999999979536,-7157.492250282632,-5616.4186295927575,295.1406592472257,1.89e+03
750000,1499.9999999783536,-7097.16476757399,-5593.846556044098,287.9098844159507,1.89e+03
775000,1549.9999999771712,-7037.050535014428,-5575.127870043014,279.98196407707746,1.89e+03
800000,1599.9999999759889,-7117.313238759686,-5447.811249762921,319.73678027561186,1.89e+03
825000,1649.9999999748065,-7158.174042499807,-5607.404942712305,296.99750116196225,1.89e+03
850000,1699.9999999736242,-7204.9421986418065,-5713.024136144497,285.72657048738796,1.89e+03
875000,1749.9999999724419,-7151.849794428017,-5650.4217273043205,287.54789102470255,1.89e+03
900000,1799.9999999712595,-7135.74155484654,-5542.404201409185,305.1500139793553,1.89e+03
925000,1849.9999999700772,-7038.646108087633,-5529.4780342218555,289.030228183529,1.89e+03
950000,1899.9999999688948,-7111.661340404808,-5440.728707359103,320.0107718760669,1.89e+03
975000,1949.9999999677125,-7047.0778699280345,-5487.778479641511,298.6311905118095,1.89e+03
1000000,1999.9999999665301,-7024.309951390531,-5418.712597943242,307.49800335294736,1.89e+03
1025000,2049.999999965348,-7125.865118997175,-5436.08741927442,323.61990860253474,1.89e+03
1050000,2099.9999999641655,-7108.826337218164,-5552.465665859525,298.0683780477753,1.89e+03
1075000,2149.999999962983,-7100.976566104817,-5557.622146798214,295.57746927259626,1.89e+03
1100000,2199.9999999618008,-7109.040771124624,-5586.3322562574685,291.62344282946896,1.89e+03
1125000,2249.9999999606184,-7081.787468528538,-5396.4371474142545,322.77199360113707,1.89e+03
1150000,2299.999999959436,-7224.002841629864,-5652.155994307172,301.03423258054136,1.89e+03
1175000,2349.9999999582537,-7113.080091645214,-5551.083303339865,299.1477860974064,1.89e+03
1200000,2399.9999999570714,-7144.774790921138,-5586.891111405512,298.36005887694387,1.89e+03
1225000,2449.999999955889,-7120.220062190504,-5431.436691662737,323.4294783919482,1.89e+03
1250000,2499.9999999547067,-7066.303486729375,-5458.965085681338,307.8314422813457,1.89e+03
1275000,2549.9999999535244,-7109.87835090762,-5553.4964840430985,298.0724373318326,1.89e+03
1300000,2599.999999952342,-7230.338593453487,-5672.840599361571,298.2861938463004,1.89e+03
1325000,2649.9999999511597,-7291.951465886834,-5668.134077507982,310.98743633591016,1.89e+03
1350000,2699.9999999499773,-7054.081100947953,-5446.3000111300435,307.91622437976537,1.89e+03
1375000,2749.999999948795,-7131.917910216613,-5663.757184574623,281.1766541386163,1.9e+03
1400000,2799.9999999476127,-7129.719341017444,-5610.375823269352,290.97899115970336,1.9e+03
1425000,2849.9999999464303,-7191.590697671008,-5479.1359534606945,327.96293139520355,1.9e+03
1450000,2899.999999945248,-7155.183525203738,-5539.923262045289,309.34860770053285,1.9e+03
1475000,2949.9999999440656,-7064.843186147001,-5450.481258427005,309.1765618553699,1.9e+03
1500000,2999.9999999428833,-7297.077295099756,-5677.862206628608,310.1060210611454,1.9e+03
1525000,3049.999999941701,-7088.259574125984,-5540.918961677856,296.34089008253125,1.9e+03
1550000,3099.9999999405186,-7149.610486131884,-5632.572859361834,290.53737553908996,1.9e+03
1575000,3149.9999999393362,-7186.307446628755,-5613.92156185066,301.1374670190594,1.9e+03
1600000,3199.999999938154,-7227.572695862282,-5527.2945225911335,325.63092004538436,1.9e+03
1625000,3249.9999999369716,-7158.630040446475,-5597.584756466739,298.96555754572137,1.9e+03
1650000,3299.999999935789,-7100.212677325735,-5599.668519429084,287.3786080336224,1.9e+03
1675000,3349.999999934607,-7200.310548733645,-5645.227198800228,297.82375022308935,1.9e+03
1700000,3399.9999999334245,-7160.708155620306,-5620.361185959825,295.0014937583233,1.9e+03
1725000,3449.999999932242,-7047.222662251403,-5493.619997001708,297.5401750273141,1.9e+03
1750000,3499.99999993106,-7141.260190106311,-5648.511605342914,285.8856290072676,1.9e+03
1775000,3549.9999999298775,-7067.821018257799,-5472.144195749818,305.598060350744,1.9e+03
1800000,3599.999999928695,-7119.570095220476,-5676.695840196342,276.3338838075997,1.9e+03
1825000,3649.999999927513,-7254.973848124546,-5656.099246566425,306.21048704101645,1.9e+03
1850000,3699.9999999263305,-7104.698166561591,-5627.215239255729,282.96200735456415,1.9e+03
1875000,3749.999999925148,-7140.17504924415,-5522.829917304842,309.74789397613034,1.9e+03
1900000,3799.999999923966,-7136.141386844587,-5498.752560136099,313.586587474289,1.9e+03
1925000,3849.9999999227834,-7122.227626125597,-5465.5939350122135,317.2722919671359,1.9e+03
1950000,3899.999999921601,-7025.871783071641,-5422.589142004385,307.05469829039964,1.9e+03
1975000,3949.9999999204188,-7112.620097094919,-5675.548478732913,275.22258452452843,1.9e+03
2000000,3999.9999999192364,-7084.394034299608,-5501.120803201901,303.2225708889086,1.9e+03
2025000,4049.999999918054,-7120.663583371069,-5415.669821172029,326.53403200981717,1.9e+03
2050000,4099.999999917781,-7158.095193257422,-5617.978527074615,294.9573868971616,1.9e+03
2075000,4149.999999927967,-7101.376980820727,-5539.684473896542,299.08951126470026,1.9e+03
2100000,4199.999999938153,-7194.020538044024,-5644.66825362115,296.72615797943416,1.9e+03
2125000,4249.99999994834,-7168.723813891726,-5640.378224022672,292.7030343622485,1.9e+03
2150000,4299.999999958526,-7262.517251979816,-5701.333034530142,298.99216556454587,1.9e+03
2175000,4349.9999999687125,-7191.093569085502,-5600.618953279635,304.60175316918657,1.9e+03
2200000,4399.999999978899,-7166.555818347522,-5585.74216295006,302.75152214477794,1.9e+03
2225000,4449.999999989085,-7158.182127569602,-5547.620765539807,308.44869172103074,1.9e+03
2250000,4499.9999999992715,-7114.453683951736,-5472.820465857081,314.3994574468838,1.9e+03
2275000,4550.000000009458,-7139.389602625591,-5540.655033162553,306.183668617611,1.9e+03
2300000,4600.000000019644,-7094.163662373838,-5503.136586594894,304.7075582381154,1.9e+03
2325000,4650.0000000298305,-7194.330046335156,-5638.38753632362,297.9882933496801,1.9e+03
2350000,4700.000000040017,-7073.4790399964495,-5477.1665206411235,305.7198066346905,1.9e+03
2375000,4750.000000050203,-7067.793686468204,-5530.035302473363,294.50573750786407,1.9e+03
2400000,4800.0000000603895,-7046.0173583578635,-5394.333571225141,316.32430485967456,1.9e+03
2425000,4850.000000070576,-7177.084799676871,-5638.720532527852,294.6217739847397,1.9e+03
2450000,4900.000000080762,-7032.160090756835,-5588.01855637126,276.5765884137681,1.9e+03
2475000,4950.000000090949,-7250.293380928021,-5797.834447299307,278.16950562608366,1.9e+03
2500000,5000.000000101135,-7174.363468859284,-5622.992997133849,297.11267366756556,1.9e+03
2525000,5050.000000111321,-7142.026915175548,-5547.204389543012,305.43444860655063,1.9e+03
2550000,5100.000000121508,-7158.183778418066,-5576.3678742248885,302.9434690876923,1.9e+03
2575000,5150.000000131694,-7242.713513460605,-5757.846043131479,284.37626743069865,1.9e+03
2600000,5200.00000014188,-7154.473490147442,-5616.513665712433,294.54431662797356,1.9e+03
2625000,5250.000000152067,-6938.093883542673,-5401.871217456737,294.21162255451804,1.9e+03
2650000,5300.000000162253,-6987.735489137243,-5498.368379648995,285.2380215026445,1.9e+03
2675000,5350.000000172439,-7202.524141690574,-5558.497777213306,314.85778389641655,1.9e+03
2700000,5400.000000182626,-7249.9381243177795,-5738.156839274641,289.5307006199418,1.9e+03
2725000,5450.000000192812,-7137.79226592548,-5576.50952223764,299.01103494138476,1.9e+03
2750000,5500.000000202998,-7053.394961666456,-5402.3036308194,316.2108398464661,1.9e+03
2775000,5550.000000213185,-7141.696478358186,-5574.088354879511,300.2224480344339,1.9e+03
2800000,5600.000000223371,-7228.876027361157,-5831.175088915816,267.6824590758726,1.9e+03
2825000,5650.000000233557,-7120.416424264456,-5474.912935799521,315.1406771609932,1.9e+03
2850000,5700.000000243744,-7039.981361476424,-5503.627008435022,294.2368427479785,1.9e+03
2875000,5750.00000025393,-7250.057117312667,-5749.556584110902,287.37025319512856,1.9e+03
2900000,5800.000000264116,-7110.918151004351,-5538.338521373829,301.17457230897094,1.9e+03
2925000,5850.000000274303,-7170.5798223940565,-5528.892329578447,314.4098519385601,1.9e+03
2950000,5900.000000284489,-7154.089083164824,-5556.143209666421,306.0326205146373,1.9e+03
2975000,5950.000000294675,-7107.5876400684665,-5585.935610149015,291.4211087814626,1.9e+03
3000000,6000.000000304862,-7241.570617011797,-5741.387853862712,287.3093950624748,1.9e+03
3025000,6050.000000315048,-7224.798898880532,-5584.083034927259,314.22376921082815,1.9e+03
3050000,6100.000000325234,-7019.523362414856,-5401.9601728943,309.7896555489841,1.9e+03
3075000,6150.000000335421,-7055.018562797276,-5347.726554253941,326.97418355875106,1.9e+03
3100000,6200.000000345607,-7223.141288814875,-5726.007624780845,286.72544299759926,1.9e+03
3125000,6250.000000355793,-7090.322402611939,-5535.491543140444,297.77539419364,1.9e+03
3150000,6300.00000036598,-6925.519753421562,-5276.52310414518,315.80967426204387,1.9e+03
3175000,6350.000000376166,-7205.297356528079,-5532.646818174797,320.33977867898386,1.9e+03
3200000,6400.000000386352,-6989.613764412985,-5409.544694692443,302.60892187922167,1.9e+03
3225000,6450.000000396539,-7125.822796194624,-5581.660252152629,295.7322383011198,1.9e+03
3250000,6500.000000406725,-7221.229317126466,-5487.324009260248,332.07106316362245,1.9e+03
3275000,6550.0000004169115,-7130.382832054052,-5648.712280186918,283.7640055570514,1.9e+03
3300000,6600.000000427098,-7194.83029572724,-5602.696019204622,304.9196051857886,1.9e+03
3325000,6650.000000437284,-7291.825073857591,-5672.423941776708,310.14165143784425,1.9e+03
3350000,6700.0000004474705,-7160.270364529712,-5538.752572687517,310.54702620318216,1.9e+03
3375000,6750.000000457657,-7213.8262916044005,-5637.58221868625,301.8763727896,1.9e+03
3400000,6800.000000467843,-7146.533520030908,-5511.4012230865355,313.1544253288531,1.9e+03
3425000,6850.0000004780295,-7172.055070370778,-5608.869097731965,299.37553423573854,1.9e+03
3450000,6900.000000488216,-7117.673970817874,-5555.684528336049,299.14637925274394,1.9e+03
3475000,6950.000000498402,-7048.0230888316,-5457.487478198826,304.613434670435,1.9e+03
3500000,7000.0000005085885,-7176.8068485721715,-5622.615688681212,297.6528813211955,1.9e+03
3525000,7050.000000518775,-7127.753551848823,-5535.342981936086,304.9725198630698,1.9e+03
3550000,7100.000000528961,-7090.887390072231,-5632.04231735503,279.39255511269863,1.9e+03
3575000,7150.000000539148,-7210.541052608648,-5613.106338950209,305.934725092821,1.9e+03
3600000,7200.000000549334,-7238.405533551551,-5680.878523014209,298.2917509674638,1.9e+03
3625000,7250.00000055952,-7141.858144349666,-5650.940759365188,285.53492447069823,1.9e+03
3650000,7300.000000569707,-7203.358043589757,-5663.39803082702,294.92738521972575,1.9e+03
3675000,7350.000000579893,-7190.407968928656,-5688.3075706787085,287.6766533688048,1.9e+03
3700000,7400.000000590079,-7010.100210222707,-5541.122840129337,281.3330548312991,1.9e+03
3725000,7450.000000600266,-7133.942463504191,-5611.476575111179,291.57697591408726,1.9e+03
3750000,7500.000000610452,-7038.492993093766,-5467.723541615702,300.8278937557217,1.9e+03
3775000,7550.000000620638,-7087.136496973535,-5588.053258829521,287.09881814356663,1.9e+03
3800000,7600.000000630825,-7112.5452454238475,-5567.019832508737,295.99324985324733,1.9e+03
3825000,7650.000000641011,-7072.849831737907,-5483.775404410872,304.33359430567424,1.9e+03
3850000,7700.000000651197,-7030.024326748734,-5569.904976294866,279.6366000215301,1.9e+03
3875000,7750.000000661384,-7110.753889371863,-5525.407229963908,303.6196661283395,1.9e+03
3900000,7800.00000067157,-7164.743848415586,-5623.364103743841,295.1992869679314,1.9e+03
3925000,7850.000000681756,-7061.350014302479,-5384.364538821706,321.1699896334937,1.9e+03
3950000,7900.000000691943,-7009.99425777206,-5474.543123256291,294.0638617122117,1.9e+03
3975000,7950.000000702129,-7169.8624658837525,-5584.136716471795,303.69226802885424,1.9e+03
4000000,8000.000000712315,-7133.595676112773,-5434.657279740444,325.3743309818554,1.9e+03
4025000,8050.000000722502,-6973.050636623001,-5462.234828233597,289.3457961402043,1.9e+03
4050000,8100.000000732688,-7068.013456514202,-5530.718073652706,294.41706526152035,1.9e+03
4075000,8150.000000742874,-7108.7098328088905,-5619.730152086671,285.16382259359705,1.9e+03
4100000,8200.00000075306,-7092.5698099041865,-5670.5423912333845,272.3413756354158,1.9e+03
4125000,8250.000000763246,-7089.102497342716,-5508.084182405227,302.7907177748594,1.9e+03
4150000,8300.000000773432,-7247.656075098937,-5720.6633133403975,292.4439457794415,1.9e+03
4175000,8350.000000783619,-7141.878636789065,-5651.37576650176,285.45553816536625,1.9e+03
4200000,8400.000000793805,-7108.177363993453,-5439.908161436973,319.5006816247672,1.9e+03
4225000,8450.000000803991,-7144.73602109863,-5538.4628740102435,307.62742882495,1.9e+03
4250000,8500.000000814178,-7199.751148555567,-5598.328394319701,306.6984997167741,1.9e+03
4275000,8550.000000824364,-7220.049540019047,-5702.809252851805,290.57618830080855,1.9e+03
4300000,8600.00000083455,-7099.167122315587,-5562.971940487345,294.20635887222164,1.9e+03
4325000,8650.000000844737,-7022.893489550394,-5449.262755297984,301.3758759370891,1.9e+03
4350000,8700.000000854923,-7195.4163614632325,-5679.4700016915685,290.32838016275366,1.9e+03
4375000,8750.00000086511,-7031.401182502836,-5432.427178770898,306.2295241737771,1.9e+03
4400000,8800.000000875296,-7026.388248665555,-5582.597740203561,276.5093612410309,1.9e+03
4425000,8850.000000885482,-7136.855511611756,-5546.535305412506,304.57218121851577,1.9e+03
4450000,8900.000000895669,-7104.516506180462,-5490.529137176549,309.1048277701792,1.9e+03
4475000,8950.000000905855,-7081.799782749662,-5445.744314855621,313.3312275782882,1.9e+03
4500000,9000.000000916041,-7049.58143631167,-5432.973094477174,309.60678668940415,1.9e+03
4525000,9050.000000926228,-7152.565283338969,-5480.729322650974,320.183773809448,1.9e+03
4550000,9100.000000936414,-7098.074610107934,-5523.895043031116,301.4809863480633,1.9e+03
4575000,9150.0000009466,-7073.476994789781,-5535.424233556076,294.5621155362589,1.9e+03
4600000,9200.000000956787,-7185.506404173015,-5624.21868593285,299.01198764905087,1.9e+03
4625000,9250.000000966973,-7110.905212183634,-5591.685136875109,290.95534992510966,1.9e+03
4650000,9300.00000097716,-7142.904710516245,-5530.23580789135,308.8523200177434,1.9e+03
4675000,9350.000000987346,-7097.8242798063575,-5571.2459270721465,292.3645797121775,1.9e+03
4700000,9400.000000997532,-7130.9009628494805,-5556.897489136356,301.4472616052919,1.9e+03
4725000,9450.000001007718,-7152.9337786432925,-5620.4039858963215,293.5043772567297,1.9e+03
4750000,9500.000001017905,-7166.42096993668,-5630.835525421212,294.08958426129874,1.9e+03
4775000,9550.000001028091,-7088.976309967899,-5521.790880463421,300.1414952645407,1.9e+03
4800000,9600.000001038277,-7225.623035310103,-5549.688952159513,320.9686309045585,1.9e+03
4825000,9650.000001048464,-7193.765734667399,-5553.284292672339,314.17887359366864,1.9e+03
4850000,9700.00000105865,-7151.401412942472,-5565.19329041746,303.7846503243388,1.9e+03
4875000,9750.000001068836,-7077.9396672578205,-5555.2175371534395,291.62605036880825,1.9e+03
4900000,9800.000001079023,-7017.964508586957,-5496.732105706457,291.340743379543,1.9e+03
4925000,9850.000001089209,-7057.952041643017,-5436.889341769229,310.45986869054263,1.9e+03
4950000,9900.000001099395,-6890.9510875700635,-5433.576289733517,279.11097356349467,1.9e+03
4975000,9950.000001109582,-7120.946044242724,-5517.552709838326,307.07589786455344,1.9e+03
5000000,10000.000001119768,-7139.32931904253,-5610.702545030759,292.7568856981853,1.9e+03
5025000,10050.000001129954,-7186.999219438463,-5600.905493086618,303.7627415968709,1.9e+03
5050000,10100.00000114014,-7050.208082990393,-5390.923001982009,317.7800762488379,1.9e+03
5075000,10150.000001150327,-7153.923101048573,-5737.95886416324,271.18017772424906,1.9e+03
5100000,10200.000001160513,-7043.838800679558,-5373.826295992103,319.834552332367,1.9e+03
5125000,10250.0000011707,-7151.720100896382,-5593.740336276205,298.37846073699774,1.9e+03
5150000,10300.000001180886,-7114.323800320553,-5527.953388568341,303.8157313504893,1.9e+03
5175000,10350.000001191072,-7163.868217231316,-5620.5863760245775,295.5635693862098,1.9e+03
5200000,10400.000001201259,-7122.578945815281,-5562.799636192571,298.72310286912057,1.9e+03
5225000,10450.000001211445,-7017.86067746041,-5371.899057414127,315.2284168089411,1.9e+03
5250000,10500.000001221631,-7209.082987565169,-5668.329654268424,295.07931900293914,1.9e+03
5275000,10550.000001231818,-7207.811291254016,-5763.437581692575,276.6210537355712,1.9e+03
5300000,10600.000001242004,-7091.846000045976,-5454.291561758643,313.6183047848076,1.9e+03
5325000,10650.00000125219,-7176.703523539429,-5584.728393825987,304.88912598379153,1.9e+03
5350000,10700.000001262377,-7175.028900229028,-5605.926926739186,300.5085446045089,1.9e+03
5375000,10750.000001272563,-7093.885707539787,-5414.95919090308,321.54173057999844,1.9e+03
5400000,10800.00000128275,-7111.636763442143,-5568.310575422293,295.5720625220869,1.9e+03
5425000,10850.000001292936,-7189.470759856637,-5652.340577545537,294.38542666963417,1.9e+03
5450000,10900.000001303122,-7193.262359261807,-5634.122646141019,298.6006097379066,1.9e+03
5475000,10950.000001313309,-7151.770349734793,-5528.3367400529605,310.9139364744352,1.9e+03
5500000,11000.000001323495,-7176.209954511853,-5674.261317800434,287.64758856623575,1.9e+03
5525000,11050.000001333681,-7109.132313473728,-5630.334432970894,283.213842275507,1.9e+03
5550000,11100.000001343868,-7109.210521539,-5625.923006601576,284.0736802800086,1.9e+03
5575000,11150.000001354054,-7092.172676815724,-5497.928097725195,305.3237624452099,1.9e+03
5600000,11200.00000136424,-7173.585251437675,-5613.221838086599,298.8349682317769,1.9e+03
5625000,11250.000001374427,-7114.10264154902,-5546.423947752759,300.2359633978635,1.9e+03
5650000,11300.000001384613,-7205.592356248972,-5681.422682786025,291.90327846187284,1.9e+03
5675000,11350.0000013948,-7023.976685250355,-5480.42706008968,295.6148543680819,1.9e+03
5700000,11400.000001404986,-7090.197328583099,-5522.051394914534,300.3254474316481,1.9e+03
5725000,11450.000001415172,-7129.928699996299,-5614.489639097731,290.2312241788792,1.9e+03
5750000,11500.000001425358,-7040.259662214378,-5406.4411871116,312.9028070808632,1.9e+03
5775000,11550.000001435545,-7197.973116582471,-5628.017178138391,300.6720927803936,1.9e+03
5800000,11600.000001445731,-7104.616914838039,-5547.745784605816,298.166139223131,1.9e+03
5825000,11650.000001455917,-7052.328410013058,-5431.393083896373,310.4354745447097,1.9e+03
5850000,11700.000001466104,-7087.967466781883,-5397.711487376654,323.7115069394959,1.9e+03
5875000,11750.00000147629,-7080.24285213102,-5542.678649152266,294.4685486855186,1.9e+03
5900000,11800.000001486476,-7077.003005288818,-5401.333437999777,320.91797181552425,1.9e+03
5925000,11850.000001496663,-7086.104814492513,-5601.270748839118,284.36986989207037,1.9e+03
5950000,11900.000001506849,-6921.837342087794,-5303.813089853407,309.8779565564685,1.9e+03
5975000,11950.000001517035,-7039.651509597097,-5457.288544350287,303.0482401757505,1.9e+03
6000000,12000.000001527222,-7003.247678644405,-5374.068238740915,312.01435640037187,1.9e+03
6025000,12050.000001537408,-7111.622880201166,-5656.946732513101,278.59413817470653,1.9e+03
6050000,12100.000001547594,-7049.796884867131,-5453.240623944179,305.76648710860763,1.9e+03
6075000,12150.00000155778,-7141.08154770214,-5516.078923061172,311.21442835437574,1.9e+03
6100000,12200.000001567967,-7136.653070107888,-5488.99281874478,315.55373232919584,1.9e+03
6125000,12250.000001578153,-7055.63338677088,-5513.20139958032,295.4008085218154,1.9e+03
6150000,12300.00000158834,-7018.651222596399,-5545.181393315867,282.19343382185417,1.9e+03
6175000,12350.000001598526,-6972.337252438037,-5440.9361591952,293.2882129468163,1.9e+03
6200000,12400.000001608712,-7099.079500384764,-5503.822337490469,305.5176887102333,1.9e+03
6225000,12450.000001618899,-7242.22740413373,-5722.078914737767,291.1331563206911,1.9e+03
6250000,12500.000001629085,-7093.7069579958315,-5394.563134898439,325.41367354034736,1.9e+03
6275000,12550.000001639271,-7061.693410688977,-5510.899496578438,297.00225350835336,1.9e+03
6300000,12600.000001649458,-7060.8115876302745,-5488.460822719578,301.1307409933345,1.9e+03
6325000,12650.000001659644,-7030.630631602539,-5505.159734099986,292.15248402591703,1.9e+03
6350000,12700.00000166983,-7051.616921835817,-5471.60790020025,302.59742169444917,1.9e+03
6375000,12750.000001680017,-7060.025239726105,-5333.637110217929,330.63140126396667,1.9e+03
6400000,12800.000001690203,-7040.153500565233,-5472.836800548163,300.16663570241826,1.9e+03
6425000,12850.00000170039,-7042.567371176814,-5489.138028163278,297.5069810005296,1.9e+03
6450000,12900.000001710576,-7157.894879424592,-5545.853719418821,308.7320970978527,1.9e+03
6475000,12950.000001720762,-7087.359870790162,-5606.401193221367,283.6276700524445,1.9e+03
6500000,13000.000001730948,-7037.762748066646,-5535.767155033387,287.65658146547014,1.9e+03
6525000,13050.000001741135,-7100.8213695546865,-5491.511414389071,308.2090269562056,1.9e+03
6550000,13100.000001751321,-7046.448289933354,-5369.397446787668,321.1825086043313,1.9e+03
6575000,13150.000001761508,-7145.073158943271,-5632.378991617746,289.7055324222786,1.9e+03
6600000,13200.000001771694,-7084.830143551471,-5477.264281520107,307.87500475861526,1.9e+03
6625000,13250.00000178188,-7035.832505385448,-5517.406946312641,290.8031871455745,1.9e+03
6650000,13300.000001792067,-7062.6328418386165,-5485.260486849543,302.0924571542652,1.9e+03
6675000,13350.000001802253,-7125.688656022166,-5537.393029791646,304.18444123085555,1.9e+03
6700000,13400.00000181244,-7052.294440226762,-5415.867521271151,313.40236649710295,1.9e+03
6725000,13450.000001822626,-6939.4796432393905,-5400.500534995205,294.7395260529884,1.9e+03
6750000,13500.000001832812,-7084.261307553828,-5589.122989591997,286.3433017765253,1.9e+03
6775000,13550.000001842998,-7136.469402936756,-5686.338077264017,277.72373085103555,1.9e+03
6800000,13600.000001853185,-7064.077042669606,-5522.162895124266,295.3016338086658,1.9e+03
6825000,13650.000001863371,-7136.962513641351,-5554.267986868777,303.111739599776,1.9e+03
6850000,13700.000001873557,-7284.411309934558,-5725.877552294203,298.4845594093767,1.9e+03
6875000,13750.000001883744,-7201.4967254479225,-5720.760862352977,283.5849974573013,1.9e+03
6900000,13800.00000189393,-7104.716530282505,-5575.294390476416,292.90921118200777,1.9e+03
6925000,13850.000001904116,-7115.243802231484,-5622.305490294308,285.9219648463831,1.9e+03
6950000,13900.000001914303,-7189.122434942283,-5533.38190731223,317.1012366354847,1.9e+03
6975000,13950.000001924489,-7077.8994661072065,-5472.126299320993,307.5316744664219,1.9e+03
7000000,14000.000001934675,-7060.696760242483,-5566.210783683096,286.21836778960403,1.9e+03
7025000,14050.000001944862,-7136.29210401618,-5497.659114890842,313.8248648096413,1.9e+03
7050000,14100.000001955048,-7176.945392775286,-5653.749249881986,291.7168315262655,1.9e+03
7075000,14150.000001965234,-7145.516847042062,-5549.721370313714,305.62078456349514,1.9e+03
7100000,14200.00000197542,-7100.153878941559,-5514.112372111734,303.752740709212,1.9e+03
7125000,14250.000001985607,-7271.78374081567,-5694.1928556684625,302.1343092332776,1.9e+03
7150000,14300.000001995793,-7086.199294785614,-5579.680661611426,288.5228172059781,1.9e+03
7175000,14350.00000200598,-7088.847067062565,-5531.608778399951,298.23645603326844,1.9e+03
7200000,14400.000002016166,-7131.370275374974,-5515.978955219306,309.37370724674474,1.9e+03
7225000,14450.000002026352,-7243.334965858719,-5775.7286884560335,281.070468284372,1.9e+03
7250000,14500.000002036539,-7089.899919224126,-5445.131817764979,314.9998385905472,1.9e+03
7275000,14550.000002046725,-7120.999312526593,-5637.361763018367,284.1407175925669,1.9e+03
7300000,14600.000002056911,-7163.546424031374,-5570.9663625863595,305.0049802477663,1.9e+03
7325000,14650.000002067098,-7094.951227926696,-5467.734556314087,311.6384543541992,1.9e+03
7350000,14700.000002077284,-7119.374679146269,-5513.5530148076605,307.540962536371,1.9e+03
7375000,14750.00000208747,-6984.69903437446,-5399.6846756732275,303.5560251391396,1.9e+03
7400000,14800.000002097657,-7061.613525930408,-5597.309209902106,280.4380889847975,1.9e+03
7425000,14850.000002107843,-7205.413278644713,-5491.030559093314,328.3321700256887,1.9e+03
7450000,14900.00000211803,-7092.2959136314,-5485.664187517802,307.6961025394777,1.9e+03
7475000,14950.000002128216,-7242.980051180423,-5700.152920212486,295.4764849809974,1.9e+03
7500000,15000.000002138402,-7164.540916458129,-5586.225832675989,302.2730050487599,1.9e+03
7525000,15050.000002148588,-7040.427116571352,-5506.727870654148,293.72834655643555,1.9e+03
7550000,15100.000002158775,-7080.431875106797,-5537.0597947578335,295.5808516494115,1.9e+03
7575000,15150.000002168961,-7117.138270759366,-5510.321593730279,307.7315236474588,1.9e+03
7600000,15200.000002179147,-7181.955022152197,-5686.891854556654,286.3289092592884,1.9e+03
7625000,15250.000002189334,-7058.735154291461,-5483.7757827086425,301.63033159211585,1.9e+03
7650000,15300.00000219952,-7091.431737151338,-5535.066535269129,298.06924571671425,1.9e+03
7675000,15350.000002209707,-7080.019520516811,-5504.145438644866,301.80551348747025,1.9e+03
7700000,15400.000002219893,-7103.452533696885,-5615.969161278822,284.87725522043803,1.9e+03
7725000,15450.00000223008,-7102.567464450437,-5477.520624164272,311.22289636946437,1.9e+03
7750000,15500.000002240266,-7055.095609108572,-5458.840455591575,305.7088201437692,1.9e+03
7775000,15550.000002250452,-7086.387524423602,-5651.586914574558,274.7876494632356,1.9e+03
7800000,15600.000002260638,-7173.068639873398,-5552.723360001022,310.3224710936132,1.9e+03
7825000,15650.000002270825,-6991.564119974469,-5438.6323120262405,297.41169494462537,1.9e+03
7850000,15700.00000228101,-7198.430201287481,-5670.152658388063,292.6900022609856,1.9e+03
7875000,15750.000002291197,-7117.607706050324,-5507.952129428144,308.2752190856219,1.9e+03
7900000,15800.000002301384,-7112.656123058681,-5519.518612515718,305.1117408152411,1.9e+03
7925000,15850.00000231157,-7016.790441296184,-5467.104240466211,296.79010840153046,1.9e+03
7950000,15900.000002321756,-7123.729880577862,-5561.534402620695,299.18583839681355,1.9e+03
7975000,15950.000002331943,-7209.109649100714,-5646.5734154575375,299.2510986520413,1.9e+03
8000000,16000.000002342129,-7141.617532214584,-5557.0190623341405,303.47637566678907,1.9e+03
8025000,16050.000002352315,-7143.744931485419,-5645.252913518545,286.98558986524273,1.9e+03
8050000,16100.000002362502,-7211.874660379642,-5742.126870727534,281.4806027053333,1.9e+03
8075000,16150.000002372688,-7080.114057417932,-5662.52386277619,271.4915750758694,1.9e+03
8100000,16200.000002382874,-7179.793267638895,-5604.790236415923,301.6386931231968,1.9e+03
8125000,16250.00000239306,-7130.962470335476,-5640.7217599273845,285.4053302852619,1.9e+03
8150000,16300.000002403247,-7144.859186914852,-5686.291278176778,279.3394737034648,1.9e+03
8175000,16350.000002413433,-7135.86523257205,-5517.787894867788,309.8881232872237,1.9e+03
8200000,16400.000002423618,-7090.270171261735,-5513.730048115873,301.9330712225654,1.9e+03
8225000,16450.000002433804,-7044.724041324051,-5397.507887858075,315.4686803599907,1.9e+03
8250000,16500.00000244399,-7183.8513278529235,-5652.856474266277,293.2104114464008,1.9e+03
8275000,16550.000002454177,-6982.037165599933,-5517.130556084234,280.55343798210976,1.9e+03
8300000,16600.000002464363,-7027.197152470679,-5531.240029477608,286.5001162553862,1.9e+03
8325000,16650.00000247455,-7087.636581885872,-5496.699487863375,304.6903252684757,1.9e+03
8350000,16700.000002484736,-7170.276604469527,-5521.322683362364,315.80149112279446,1.9e+03
8375000,16750.000002494922,-7024.249695956644,-5487.025349922344,294.40346055391404,1.9e+03
8400000,16800.00000250511,-7037.856022040621,-5425.701618504823,308.75378507541507,1.9e+03
8425000,16850.000002515295,-7114.052760819121,-5656.059539505051,279.2294117162215,1.9e+03
8450000,16900.00000252548,-7163.19205533508,-5609.576407227511,297.5426614557239,1.9e+03
8475000,16950.000002535668,-7096.042652500295,-5493.530127574603,306.9072085256883,1.9e+03
8500000,17000.000002545854,-6974.008300577341,-5318.268224414154,317.10115017223836,1.9e+03
8525000,17050.00000255604,-7069.06612166414,-5496.922687261405,301.09103382945835,1.9e+03
8550000,17100.000002566227,-7162.586916151142,-5614.049695061606,296.57006009656857,1.9e+03
8575000,17150.000002576413,-7102.533818717954,-5568.2897944910455,293.83268046190983,1.9e+03
8600000,17200.0000025866,-7139.42487475388,-5540.838152304117,306.15535351028603,1.9e+03
8625000,17250.000002596786,-7068.766609709118,-5457.872867253442,308.5123479777457,1.9e+03
8650000,17300.000002606972,-7055.1748453544515,-5367.514349453266,323.21442964081,1.9e+03
8675000,17350.00000261716,-7019.104415902921,-5484.694308471272,293.86448809645685,1.9e+03
8700000,17400.000002627345,-7214.358648630339,-5686.734608498276,292.56484585379803,1.9e+03
8725000,17450.00000263753,-7061.621616195638,-5499.162216094822,299.23638377921515,1.9e+03
8750000,17500.000002647717,-7166.786622370068,-5555.0776763426575,308.66847271854454,1.9e+03
8775000,17550.000002657904,-7045.915944687591,-5497.717022243415,296.50527040458144,1.9e+03
8800000,17600.00000266809,-7056.489073056305,-5536.5117382831395,291.10037742711506,1.9e+03
8825000,17650.000002678276,-7135.156834366747,-5572.52438273316,299.2695259618986,1.9e+03
8850000,17700.000002688463,-7081.115532863317,-5491.882790111404,304.36391428405824,1.9e+03
8875000,17750.00000269865,-7092.012510771216,-5547.80121348389,295.7415753404243,1.9e+03
8900000,17800.000002708835,-7095.7226274982495,-5613.7525213147055,283.8213750799856,1.9e+03
8925000,17850.00000271902,-7069.753089964515,-5437.1139834832275,312.6769388109966,1.9e+03
8950000,17900.000002729208,-7027.7456816601125,-5440.456180309346,303.9917519548153,1.9e+03
8975000,17950.000002739394,-7128.169285536258,-5482.545677835685,315.16368194799276,1.9e+03
9000000,18000.00000274958,-7086.714309937183,-5518.477011693145,300.34294523361876,1.9e+03
9025000,18050.000002759767,-7219.729449391496,-5666.9029736389975,297.3915221162347,1.9e+03
9050000,18100.000002769953,-7127.538299986682,-5655.212364078426,281.97435963910965,1.9e+03
9075000,18150.00000278014,-7068.329144577232,-5536.988168265649,293.27669957686186,1.9e+03
9100000,18200.000002790326,-7138.375348755684,-5602.262638996256,294.1905641298859,1.9e+03
9125000,18250.000002800512,-7058.2416085775185,-5452.5599424356915,307.51415060504144,1.9e+03
9150000,18300.0000028107,-6990.386587166896,-5482.35914266296,288.8117791118616,1.9e+03
9175000,18350.000002820885,-7037.7732189446615,-5505.334520119385,293.48693128935895,1.9e+03
9200000,18400.00000283107,-7074.446956140406,-5568.039227356667,288.50157721168364,1.9e+03
9225000,18450.000002841258,-7145.111298154198,-5619.687494195845,292.1434648463693,1.9e+03
9250000,18500.000002851444,-7207.18702985856,-5666.53702054113,295.05953078064937,1.9e+03
9275000,18550.00000286163,-7112.207021161396,-5625.379909391075,284.7515706343079,1.9e+03
9300000,18600.000002871817,-7060.353002736963,-5416.577327233942,314.809772881153,1.9e+03
9325000,18650.000002882003,-7195.54046927048,-5523.3587812654,320.2499862128753,1.9e+03
9350000,18700.00000289219,-7190.398780402624,-5587.737460305901,306.9357052206427,1.9e+03
9375000,18750.000002902376,-7089.025147169709,-5514.637648544084,301.52080862103537,1.9e+03
9400000,18800.000002912562,-7081.034007776984,-5472.469957090414,308.06617411859605,1.9e+03
9425000,18850.00000292275,-7124.271295305235,-5661.2911602548065,280.1844867937501,1.9e+03
9450000,18900.000002932935,-7119.731302067335,-5538.533294135967,302.8251319053484,1.9e+03
9475000,18950.00000294312,-7093.856846726691,-5424.865173552221,319.6390464969044,1.9e+03
9500000,19000.000002953308,-7111.140547876796,-5616.369209841866,286.27301915270886,1.9e+03
9525000,19050.000002963494,-7099.002263223181,-5617.065850305336,283.8149222716856,1.9e+03
9550000,19100.00000297368,-7095.883658987976,-5604.175111517554,285.686444952613,1.9e+03
9575000,19150.000002983867,-7127.2005026692195,-5605.193112337763,291.48916607922007,1.9e+03
9600000,19200.000002994053,-7186.665534732858,-5668.12210064154,290.8257621284987,1.9e+03
9625000,19250.00000300424,-7097.269571065759,-5602.901123342292,286.1958591062758,1.9e+03
9650000,19300.000003014426,-7270.678786914087,-5761.686466003132,288.996568634592,1.9e+03
9675000,19350.000003024612,-7254.6947432439665,-5741.310304781282,289.83773057020966,1.9e+03
9700000,19400.0000030348,-7076.616364395614,-5464.720517667442,308.704267242113,1.9e+03
9725000,19450.000003044985,-7169.613240910773,-5553.224461369523,309.5647369397332,1.9e+03
9750000,19500.00000305517,-7099.429410498313,-5567.654270007072,293.35984907762884,1.9e+03
9775000,19550.000003065357,-7152.582774166222,-5620.39055254006,293.4397268975252,1.9e+03
9800000,19600.000003075544,-7219.510871533029,-5721.260194524452,286.93936914705046,1.9e+03
9825000,19650.00000308573,-7084.812764748489,-5450.443391107391,313.008313109644,1.9e+03
9850000,19700.000003095916,-7143.656209633793,-5583.938493507074,298.71130671300693,1.9e+03
9875000,19750.000003106103,-7048.049088926053,-5458.808364083183,304.36544298428106,1.9e+03
9900000,19800.00000311629,-7256.841474251067,-5656.071986952539,306.5733884748697,1.9e+03
9925000,19850.000003126475,-7137.946545366248,-5681.586483091574,278.9166352018021,1.9e+03
9950000,19900.00000313666,-7101.870951521146,-5560.066771892203,295.28057316438117,1.9e+03
9975000,19950.000003146848,-7154.106955601521,-5575.289297565618,302.36925619120035,1.9e+03
10000000,20000.000003157034,-7027.265825413745,-5451.245732098574,301.83347705328083,1.9e+03
10025000,20050.00000316722,-7094.724349937393,-5506.396762032309,304.19056241129414,1.9e+03
10050000,20100.000003177407,-7047.186191215236,-5436.707599335686,308.4328398912535,1.9e+03
10075000,20150.000003187593,-7138.470489117262,-5543.187389502726,305.5226560139415,1.9e+03
10100000,20200.00000319778,-7189.062417759336,-5628.102234477378,298.9492593781925,1.9e+03
10125000,20250.000003207966,-7142.141978458179,-5486.242004044978,317.13177328737567,1.9e+03
10150000,20300.000003218152,-7079.113008878406,-5462.552566092445,309.597613242677,1.9e+03
10175000,20350.00000322834,-7257.242995079896,-5659.1584350390995,306.05918124282147,1.9e+03
10200000,20400.000003238525,-7243.343181119222,-5838.559613531418,269.0388977341207,1.9e+03
10225000,20450.00000324871,-7127.897213067741,-5523.151828868884,307.33483738717865,1.9e+03
10250000,20500.000003258898,-7239.02348996583,-5646.729333894333,304.95022471935454,1.9e+03
10275000,20550.000003269084,-7146.2940036196815,-5532.269546539264,309.1119307399549,1.9e+03
10300000,20600.00000327927,-7219.8241545173805,-5596.34598841852,310.9224697528709,1.9e+03
10325000,20650.000003289457,-7275.027620164476,-5651.674235548353,310.8985720697346,1.9e+03
10350000,20700.000003299643,-7197.222277219729,-5606.390536920116,304.67014831728494,1.9e+03
10375000,20750.00000330983,-7165.0998415199165,-5587.82211967674,302.07433336790496,1.9e+03
10400000,20800.000003320016,-7182.391589912938,-5654.293400850373,292.6556530845825,1.9e+03
10425000,20850.000003330202,-7106.150315080306,-5507.099426108097,306.2442489475942,1.9e+03
10450000,20900.00000334039,-7121.072957004674,-5499.5798620495325,310.54229634769155,1.9e+03
10475000,20950.000003350575,-7183.881406409986,-5619.546575510954,299.5955592752631,1.9e+03
10500000,21000.00000336076,-7147.392990552506,-5683.415244934512,280.37554544054683,1.9e+03
10525000,21050.000003370948,-7065.764034626571,-5409.504912381662,317.20055593759713,1.9e+03
10550000,21100.000003381134,-7224.991163266816,-5615.890407984456,308.16896177656116,1.9e+03
10575000,21150.00000339132,-7136.395891303047,-5635.561099558112,287.4342691418464,1.9e+03
10600000,21200.000003401507,-7168.674029030772,-5547.575761067125,310.4666805581575,1.9e+03
10625000,21250.000003411693,-7075.566134583749,-5441.183072520924,313.0109346650054,1.9e+03
10650000,21300.00000342188,-7139.499352098546,-5543.002799067268,305.7550520763846,1.9e+03
10675000,21350.000003432066,-7166.820610481289,-5605.791130026399,298.9625309137172,1.9e+03
10700000,21400.000003442252,-7179.628233772976,-5577.58171913548,306.817959977256,1.9e+03
10725000,21450.00000345244,-7236.177468261032,-5642.30515087382,305.2524682753179,1.9e+03
10750000,21500.000003462625,-7055.467419554432,-5551.396958031901,288.05395252260433,1.9e+03
10775000,21550.00000347281,-7103.136260104005,-5589.300425159183,289.92418033713267,1.9e+03
10800000,21600.000003482997,-7092.919283950061,-5604.793529825431,285.00028176363446,1.9e+03
10825000,21650.000003493184,-7101.445273832722,-5553.709551218866,296.4165601045358,1.9e+03
10850000,21700.00000350337,-7152.032540297664,-5475.676671894778,321.0494096394301,1.9e+03
10875000,21750.000003513556,-7072.015026380072,-5449.600462860979,310.71877256257767,1.9e+03
10900000,21800.000003523743,-7044.631642636815,-5462.888447708015,302.9295440811685,1.9e+03
10925000,21850.00000353393,-7115.036252548174,-5597.033758096581,290.72216339075004,1.9e+03
10950000,21900.000003544115,-7250.431104999399,-5607.0420219513035,314.735734139282,1.9e+03
10975000,21950.0000035543,-7142.257279978883,-5511.455927496938,312.32497903463144,1.9e+03
11000000,22000.000003564488,-7059.974530197152,-5410.434383983496,315.91376276385984,1.9e+03
11025000,22050.000003574674,-7029.024569528322,-5489.206913172754,294.9001216527581,1.9e+03
11050000,22100.00000358486,-7198.040962934251,-5657.5290603967915,295.03308108639743,1.9e+03
11075000,22150.000003595047,-7175.642444557267,-5659.776253943798,290.3130264652511,1.9e+03
11100000,22200.000003605233,-7059.676089371225,-5447.105880175512,308.83341862110603,1.9e+03
11125000,22250.00000361542,-7172.769674276289,-5635.251947063811,294.4596478204896,1.9e+03
11150000,22300.000003625606,-7153.545868187954,-5611.903786860598,295.2495287035902,1.9e+03
11175000,22350.000003635792,-7177.365673391249,-5614.11655759241,299.38762717771544,1.9e+03
11200000,22400.00000364598,-7162.649747997428,-5625.995957917725,294.2941898102476,1.9e+03
11225000,22450.000003656165,-7159.00929703171,-5645.0228002859385,289.9530345220715,1.9e+03
11250000,22500.00000366635,-7237.533800417315,-5760.852589025559,282.808465719537,1.9e+03
11275000,22550.000003676538,-7156.12620540424,-5577.846039974528,302.2663176164289,1.9e+03
11300000,22600.000003686724,-7279.39208694355,-5707.227402430202,301.09510357120905,1.9e+03
11325000,22650.00000369691,-7215.539358418542,-5734.954135112478,283.55614748803146,1.9e+03
11350000,22700.000003707097,-7022.2767842285075,-5430.341246105619,304.88154355036363,1.9e+03
11375000,22750.000003717283,-7183.106985782528,-5658.391866932546,292.00774012350365,1.9e+03
11400000,22800.00000372747,-6993.950913396809,-5443.607745079111,296.915928359012,1.9e+03
11425000,22850.000003737656,-7178.945081137696,-5733.91294961082,276.74715224918685,1.9e+03
11450000,22900.000003747842,-7194.295986212148,-5717.886794989906,282.75636943349235,1.9e+03
11475000,22950.00000375803,-7186.238379913513,-5590.6134426535855,305.58812348198586,1.9e+03
11500000,23000.000003768215,-7027.174743303804,-5487.7690987753585,294.82121468774227,1.9e+03
11525000,23050.0000037784,-7196.581233203408,-5591.167774000582,307.4627846146511,1.9e+03
11550000,23100.000003788587,-7053.169241522428,-5513.489537713631,294.8737014966721,1.9e+03
11575000,23150.000003798774,-7148.722425268323,-5623.650847589341,292.0760077859782,1.9e+03
11600000,23200.00000380896,-7091.413408175922,-5497.033704666147,305.349640968884,1.9e+03
11625000,23250.000003819147,-7204.268030336507,-5598.133149608974,307.6009485683638,1.9e+03
11650000,23300.000003829333,-7117.676331449829,-5529.5320508925815,304.15545607324594,1.9e+03
11675000,23350.00000383952,-7134.866669081377,-5551.597998354269,303.22169750377816,1.9e+03
11700000,23400.000003849706,-7156.502991977657,-5554.719898186714,306.76751060140055,1.9e+03
11725000,23450.000003859892,-7160.085158932281,-5573.307712663307,303.8936850796304,1.9e+03
11750000,23500.00000387008,-7051.720528202115,-5427.373711186999,311.0888305293046,1.9e+03
11775000,23550.000003880265,-7108.309300847774,-5619.337155829893,285.1623793836707,1.9e+03
11800000,23600.00000389045,-7188.094039459593,-5675.604875584776,289.666270927709,1.9e+03
11825000,23650.000003900637,-7077.495727155559,-5559.5205334307675,290.716934857604,1.9e+03
11850000,23700.000003910824,-6957.861418812261,-5483.81097392556,282.30463115238626,1.9e+03
11875000,23750.00000392101,-7082.457786225463,-5457.858562298401,311.1371705575744,1.9e+03
11900000,23800.000003931196,-7170.173206486184,-5563.462458834319,307.71123644910136,1.9e+03
11925000,23850.000003941383,-7059.013651297028,-5500.326366316625,298.51396239165217,1.9e+03
11950000,23900.00000395157,-7177.164300047289,-5627.2346105289,296.83674044496667,1.9e+03
11975000,23950.000003961755,-7105.709921594762,-5511.811052329342,305.2575533917804,1.9e+03
12000000,24000.00000397194,-7111.55812501759,-5535.207738107394,301.89673364795107,1.9e+03
12025000,24050.000003982128,-7117.344328035653,-5498.2316583837855,310.08640619172184,1.9e+03
12050000,24100.000003992314,-7063.641207465553,-5559.689813028787,288.0311492394153,1.9e+03
12075000,24150.0000040025,-7149.340348925887,-5511.3265102771875,313.70628742476174,1.9e+03
12100000,24200.000004012687,-7214.2888482579265,-5786.477132725704,273.4491625484103,1.9e+03
12125000,24250.000004022873,-7061.453403019998,-5398.788002479565,318.42746240986287,1.9e+03
12150000,24300.00000403306,-7122.84460166209,-5540.320644423202,303.0790727602797,1.9e+03
12175000,24350.000004043246,-6994.132167573111,-5476.594331598359,290.63317373617497,1.9e+03
12200000,24400.000004053432,-7217.851554290114,-5647.137298634981,300.81732285803804,1.9e+03
12225000,24450.00000406362,-7194.055912298236,-5556.3275637969655,313.65161141889837,1.9e+03
12250000,24500.000004073805,-7118.665801949726,-5658.540028708091,279.63783008983467,1.9e+03
12275000,24550.00000408399,-7107.578269266328,-5570.481512832064,294.37902507064945,1.9e+03
12300000,24600.000004094178,-7182.819884201955,-5611.557134437284,300.9223683996063,1.9e+03
12325000,24650.000004104364,-7056.593648050747,-5513.461986436747,295.5348075519852,1.9e+03
12350000,24700.00000411455,-7079.0507090607825,-5437.519206710926,314.37997722765704,1.9e+03
12375000,24750.000004124737,-7047.726725326782,-5442.409663678494,307.44432291534326,1.9e+03
12400000,24800.000004134923,-6970.359857130383,-5249.70160473351,329.5340366180918,1.9e+03
12425000,24850.00000414511,-7045.982061224479,-5465.4313396817815,302.7011660357694,1.9e+03
12450000,24900.000004155296,-7146.083374451859,-5517.020438934301,311.9920439158757,1.9e+03
12475000,24950.000004165482,-7174.902099388608,-5640.876570333256,293.7908350833961,1.9e+03
12500000,25000.00000417567,-7105.372165425069,-5542.531194354231,299.30946082506796,1.9e+03
12525000,25050.000004185855,-7229.2628448420655,-5692.982645684679,294.22264107330165,1.9e+03
12550000,25100.00000419604,-7130.911928683455,-5535.037630342304,305.6358801841411,1.9e+03
12575000,25150.000004206227,-7175.287709679964,-5593.801100549512,302.8804037281956,1.9e+03
12600000,25200.000004216414,-7110.822248086943,-5553.15218077912,298.31914866539506,1.9e+03
12625000,25250.0000042266,-7087.422145917713,-5486.845549397441,306.53644675405087,1.9e+03
12650000,25300.000004236786,-7193.945892092301,-5660.395002104289,293.6999339834365,1.9e+03
12675000,25350.000004246973,-7117.351226329534,-5519.504264903699,306.0136772442361,1.9e+03
12700000,25400.00000425716,-7309.546349437649,-5730.95579512152,302.32576213571093,1.9e+03
12725000,25450.000004267346,-7130.140047661872,-5532.353525421664,306.0021021573286,1.9e+03
12750000,25500.000004277532,-7191.709407286537,-5734.962158131688,278.990787785775,1.9e+03
12775000,25550.00000428772,-7003.311972100231,-5325.210891342534,321.38364618595864,1.9e+03
12800000,25600.000004297905,-6996.931253645064,-5422.727646330168,301.4855904445969,1.9e+03
12825000,25650.00000430809,-7194.760046041474,-5619.0336984131645,301.777219977365,1.9e+03
12850000,25700.000004318277,-7025.154470687454,-5564.213864088439,279.79388392856447,1.9e+03
12875000,25750.000004328464,-7142.509966603094,-5533.28117853304,308.19348213746923,1.9e+03
12900000,25800.00000433865,-7009.522514917662,-5425.8074523435735,303.3071888016836,1.9e+03
12925000,25850.000004348836,-7199.384093241993,-5558.975352978991,314.16495002970646,1.9e+03
12950000,25900.000004359023,-7123.958112025035,-5513.625601641016,308.40486290928703,1.9e+03
12975000,25950.00000436921,-7088.1354498420715,-5606.779136200705,283.7038238266859,1.9e+03
13000000,26000.000004379395,-7085.963065318448,-5565.914092547213,291.11409726871983,1.9e+03
13025000,26050.00000438958,-7037.829927191266,-5419.476964422287,309.940909969322,1.9e+03
13050000,26100.000004399768,-7075.817009743579,-5518.968804074544,298.16174879648213,1.9e+03
13075000,26150.000004409954,-7021.586227853045,-5430.638835788461,304.69229751100187,1.9e+03
13100000,26200.00000442014,-7276.128568772976,-5642.69810872444,312.82849588808847,1.9e+03
13125000,26250.000004430327,-7201.0141245398845,-5522.916317045516,321.3830193028016,1.9e+03
13150000,26300.000004440513,-7169.304137549816,-5641.693990685694,292.5621850670555,1.9e+03
13175000,26350.0000044507,-7194.934079929297,-5702.804766389249,285.7670284974294,1.9e+03
13200000,26400.000004460886,-7153.364146271926,-5588.196950804675,299.75497062596054,1.9e+03
13225000,26450.000004471072,-7150.537471823458,-5649.669580931652,287.4406081667293,1.9e+03
13250000,26500.00000448126,-7302.524235000556,-5700.440273882422,306.8251315872515,1.9e+03
13275000,26550.000004491445,-7301.635458520255,-5727.6808620300935,301.43790082225485,1.9e+03
13300000,26600.00000450163,-7246.802374759363,-5749.1148927415525,286.83150814766174,1.9e+03
13325000,26650.000004511818,-7137.478660758843,-5641.1674970537515,286.56792080913584,1.9e+03
13350000,26700.000004522004,-7266.281475502777,-5661.019204868341,307.43382954518097,1.9e+03
13375000,26750.00000453219,-7222.714197702535,-5735.97577334144,284.7345855532094,1.9e+03
13400000,26800.000004542377,-7197.041068090243,-5646.21912406837,297.00762169219536,1.9e+03
13425000,26850.000004552563,-7088.241932352742,-5526.749331194751,299.05122605961355,1.9e+03
13450000,26900.00000456275,-7109.803622161173,-5417.635680906878,324.0776787258486,1.9e+03
13475000,26950.000004572936,-7207.811255230575,-5658.706750409187,296.6787041563662,1.9e+03
13500000,27000.000004583122,-7221.4337334591355,-5570.75155955102,316.13247963896316,1.9e+03
13525000,27050.00000459331,-7125.348371473268,-5593.881427197975,293.3008244903987,1.9e+03
13550000,27100.000004603495,-7205.124556067369,-5659.308229177617,296.0489646102239,1.9e+03
13575000,27150.00000461368,-7093.160281639199,-5403.915265159495,323.5178910990143,1.9e+03
13600000,27200.000004623867,-7141.599575345732,-5505.431358091367,313.35282091431645,1.9e+03
13625000,27250.000004634054,-7174.054760783333,-5742.819442182914,274.10483821048274,1.9e+03
13650000,27300.00000464424,-7064.815587121519,-5436.26478762171,311.89396154013883,1.9e+03
13675000,27350.000004654426,-7170.285320747911,-5643.680113566799,292.3697227754653,1.9e+03
13700000,27400.000004664613,-7242.774797008395,-5641.933545600634,306.58713246881337,1.9e+03
13725000,27450.0000046748,-7200.359644881382,-5560.540843736806,314.05196709495885,1.9e+03
13750000,27500.000004684985,-7168.130715375708,-5682.241215542943,284.5720027008533,1.9e+03
13775000,27550.00000469517,-7196.130892197837,-5613.695714557139,303.06207002349555,1.9e+03
13800000,27600.000004705358,-7173.624273559409,-5623.997518275613,296.7787236127361,1.9e+03
13825000,27650.000004715544,-7173.2592109227335,-5616.661156433824,298.1138407775385,1.9e+03
13850000,27700.00000472573,-7109.903954465871,-5414.995585259994,324.60251524331954,1.9e+03
13875000,27750.000004735917,-7143.118796868207,-5477.941601708472,318.90851192617487,1.9e+03
13900000,27800.000004746104,-7239.412111434361,-5671.635757149275,300.25466696962496,1.9e+03
13925000,27850.00000475629,-7141.757663417886,-5611.012884621622,293.1625180573351,1.9e+03
13950000,27900.000004766476,-7265.311939959096,-5705.931541261703,298.64670493984664,1.9e+03
13975000,27950.000004776663,-7189.008614393097,-5574.576982966508,309.1899112487016,1.9e+03
14000000,28000.00000478685,-7269.833502975797,-5684.585107698862,303.60084694928133,1.9e+03
14025000,28050.000004797035,-7139.42439890169,-5659.755863378029,283.3805868705568,1.9e+03
14050000,28100.00000480722,-7140.550617029022,-5505.126390915631,313.21033451206193,1.9e+03
14075000,28150.000004817408,-7208.674221323006,-5535.5906803747275,320.4227057173987,1.9e+03
14100000,28200.000004827594,-7211.219148200581,-5669.049809660422,295.3505070340803,1.9e+03
14125000,28250.00000483778,-7103.278531034887,-5595.096315675784,288.84142024750423,1.9e+03
14150000,28300.000004847967,-7231.004277132585,-5716.695900200495,290.01467981215586,1.9e+03
14175000,28350.000004858153,-7136.316989445901,-5572.352839460196,299.52456785236103,1.9e+03
14200000,28400.00000486834,-7123.412714718683,-5571.85582576305,297.14837559865896,1.9e+03
14225000,28450.000004878526,-7166.590887337073,-5424.861916141146,333.5694219194,1.9e+03
14250000,28500.000004888712,-7176.921676625075,-5558.038231778288,310.0425059139032,1.9e+03
14275000,28550.0000048989,-7114.020227613382,-5494.485030060643,310.16732715587256,1.9e+03
14300000,28600.000004909085,-7151.615205978664,-5567.301104383378,303.4219145157944,1.9e+03
14325000,28650.00000491927,-7075.9709095082435,-5542.670412725681,293.6519796127075,1.9e+03
14350000,28700.000004929458,-7168.649491836024,-5575.381463153732,305.1367371614041,1.9e+03
14375000,28750.000004939644,-7069.679262114463,-5451.0537666331575,309.99310441565,1.9e+03
14400000,28800.00000494983,-7080.98229368468,-5503.345088024704,302.1431803647353,1.9e+03
14425000,28850.000004960017,-7143.161352635312,-5465.592259488875,321.2817619072384,1.9e+03
14450000,28900.000004970203,-7143.474496182723,-5592.040432988204,297.1248524680174,1.9e+03
14475000,28950.00000498039,-7126.295938785352,-5691.212377949043,274.84183917863584,1.9e+03
14500000,29000.000004990576,-7111.287755784147,-5462.680792722731,315.7350430148141,1.9e+03
14525000,29050.000005000762,-7165.78222290703,-5558.789530158648,307.7652335200654,1.9e+03
14550000,29100.00000501095,-7220.887552299467,-5611.3323515961365,308.25599546485245,1.9e+03
14575000,29150.000005021135,-7097.181984911407,-5636.20971054314,279.79994882135634,1.9e+03
14600000,29200.00000503132,-7126.43780424197,-5678.243843681912,277.3526939265939,1.9e+03
14625000,29250.000005041507,-7104.359506862948,-5594.323098471612,289.19652836599903,1.9e+03
14650000,29300.000005051694,-7109.370461646,-5489.219718219554,310.28521420067284,1.9e+03
14675000,29350.00000506188,-7093.67010491252,-5613.839710263577,283.41158552519573,1.9e+03
14700000,29400.000005072066,-7222.207859989422,-5643.764263087312,302.2976174011099,1.9e+03
14725000,29450.000005082253,-7057.04993710443,-5594.550024208309,280.09251644184445,1.9e+03
14750000,29500.00000509244,-7151.571420859917,-5580.343051385297,300.91578401497054,1.9e+03
14775000,29550.000005102625,-7188.2912259618715,-5627.912733414429,298.8378561430984,1.9e+03
14800000,29600.00000511281,-7118.214338631948,-5595.286227651725,291.6654990561856,1.9e+03
14825000,29650.000005122998,-7117.834091631905,-5565.432099842434,297.3102265343717,1.9e+03
14850000,29700.000005133184,-7160.752749616457,-5602.19418998364,298.4893093942623,1.9e+03
14875000,29750.00000514337,-7091.921542031456,-5460.654639141239,312.4141395085799,1.9e+03
14900000,29800.000005153557,-7179.749744377801,-5646.85394210569,293.57447403282805,1.9e+03
14925000,29850.000005163743,-7043.895297940283,-5411.538018443827,312.62296436034086,1.9e+03
14950000,29900.00000517393,-7066.135591138144,-5416.851007515574,315.8648183717171,1.9e+03
14975000,29950.000005184116,-7205.147542806366,-5566.7702316750565,313.77589831595833,1.9e+03
15000000,30000.000005194303,-7142.603076175249,-5599.4910560058415,295.53104589593704,1.9e+03
